2025-09-19 09:26:11,581 [INFO] Activator:176 - 


2025-09-19 09:26:11,588 [INFO] Activator:177 - !SESSION log4j initialized
2025-09-19 09:26:16,858 [INFO] LogOutputStream:77 - [STDOUT_REDIRECT] 
2025-09-19 09:26:18,202 [ERROR] LogOutputStream:75 - [STDERR_REDIRECT] 
2025-09-19 09:26:21,505 [INFO] LogOutputStream:77 - [STDOUT_REDIRECT] 
2025-09-19 09:26:23,309 [INFO] ApplicationProperties:184 - Using Application install path: /Applications/STM32CubeIDE.app/Contents/Eclipse/plugins/com.st.stm32cube.common.mx_6.15.0.202507011659
2025-09-19 09:26:23,325 [INFO] DbMcusXml:78 - Set database path to: /Applications/STM32CubeIDE.app/Contents/Eclipse/plugins/com.st.stm32cube.common.mx_6.15.0.202507011659//db//mcu/
2025-09-19 09:26:23,326 [INFO] ApiDb:274 - Set plugin database path to: /Applications/STM32CubeIDE.app/Contents/Eclipse/plugins/com.st.stm32cube.common.mx_6.15.0.202507011659//db//plugins/boardmanager/
2025-09-19 09:26:23,327 [WARN] ApiDb:259 - Overriding images path with different value:  => /Applications/STM32CubeIDE.app/Contents/Eclipse/plugins/com.st.stm32cube.common.mx_6.15.0.202507011659//db//plugins/mcufinder/images/
2025-09-19 09:26:23,337 [INFO] ApiDb:250 - Set database path to: /Users/dylan/.stmcufinder/plugins/mcufinder//mcu/
2025-09-19 09:26:23,338 [INFO] DbMcusAds:125 - Set database path to: /Users/dylan/.stmcufinder/plugins/mcufinder//mcu/
2025-09-19 09:26:23,340 [INFO] CrossReferenceDbSqlite:203 - Set database path to: /Users/dylan/.stmcufinder/plugins/mcufinder//mcu/cs/
2025-09-19 09:26:23,588 [INFO] RulesReader:64 - Compatibility file has been processed (317 Rules)
2025-09-19 09:26:23,686 [INFO] DbMcusXml:78 - Set database path to: /Applications/STM32CubeIDE.app/Contents/Eclipse/plugins/com.st.stm32cube.common.mx_6.15.0.202507011659//db//mcu/
2025-09-19 09:26:23,687 [INFO] ApiDb:274 - Set plugin database path to: /Applications/STM32CubeIDE.app/Contents/Eclipse/plugins/com.st.stm32cube.common.mx_6.15.0.202507011659//db//plugins/boardmanager/
2025-09-19 09:26:23,687 [INFO] ApiDb:261 - Set plugin images path to: /Applications/STM32CubeIDE.app/Contents/Eclipse/plugins/com.st.stm32cube.common.mx_6.15.0.202507011659//db//plugins/mcufinder/images/
2025-09-19 09:26:23,689 [WARN] DbFile:41 - Overriding database path with different value: /Users/dylan/.stmcufinder/plugins/mcufinder/ => /Users/dylan/.stmcufinder/plugins/mcufinder
2025-09-19 09:26:23,689 [INFO] ApiDb:250 - Set database path to: /Users/dylan/.stmcufinder/plugins/mcufinder//mcu/
2025-09-19 09:26:23,689 [WARN] DbFile:41 - Overriding database path with different value: /Users/dylan/.stmcufinder/plugins/mcufinder/ => /Users/dylan/.stmcufinder/plugins/mcufinder
2025-09-19 09:26:23,689 [INFO] DbMcusAds:125 - Set database path to: /Users/dylan/.stmcufinder/plugins/mcufinder//mcu/
2025-09-19 09:26:23,689 [WARN] DbFile:41 - Overriding database path with different value: /Users/dylan/.stmcufinder/plugins/mcufinder/ => /Users/dylan/.stmcufinder/plugins/mcufinder
2025-09-19 09:26:23,689 [WARN] DbFile:41 - Overriding database path with different value: /Users/dylan/.stmcufinder/plugins/mcufinder/ => /Users/dylan/.stmcufinder/plugins/mcufinder
2025-09-19 09:26:23,690 [INFO] CrossReferenceDbSqlite:203 - Set database path to: /Users/dylan/.stmcufinder/plugins/mcufinder//mcu/cs/
2025-09-19 09:26:23,794 [INFO] MainPanel:274 - HeapMemory: 268435456
2025-09-19 09:26:24,819 [INFO] DbMcusXml:78 - Set database path to: /Applications/STM32CubeIDE.app/Contents/Eclipse/plugins/com.st.stm32cube.common.mx_6.15.0.202507011659//db//mcu/
2025-09-19 09:26:24,820 [INFO] ApiDb:274 - Set plugin database path to: /Applications/STM32CubeIDE.app/Contents/Eclipse/plugins/com.st.stm32cube.common.mx_6.15.0.202507011659//db//plugins/boardmanager/
2025-09-19 09:26:24,820 [INFO] ApiDb:261 - Set plugin images path to: /Applications/STM32CubeIDE.app/Contents/Eclipse/plugins/com.st.stm32cube.common.mx_6.15.0.202507011659//db//plugins/mcufinder/images/
2025-09-19 09:26:24,820 [WARN] DbFile:41 - Overriding database path with different value: /Users/dylan/.stmcufinder/plugins/mcufinder/ => /Users/dylan/.stmcufinder/plugins/mcufinder
2025-09-19 09:26:24,820 [INFO] ApiDb:250 - Set database path to: /Users/dylan/.stmcufinder/plugins/mcufinder//mcu/
2025-09-19 09:26:24,820 [WARN] DbFile:41 - Overriding database path with different value: /Users/dylan/.stmcufinder/plugins/mcufinder/ => /Users/dylan/.stmcufinder/plugins/mcufinder
2025-09-19 09:26:24,821 [INFO] DbMcusAds:125 - Set database path to: /Users/dylan/.stmcufinder/plugins/mcufinder//mcu/
2025-09-19 09:26:24,821 [WARN] DbFile:41 - Overriding database path with different value: /Users/dylan/.stmcufinder/plugins/mcufinder/ => /Users/dylan/.stmcufinder/plugins/mcufinder
2025-09-19 09:26:24,821 [WARN] DbFile:41 - Overriding database path with different value: /Users/dylan/.stmcufinder/plugins/mcufinder/ => /Users/dylan/.stmcufinder/plugins/mcufinder
2025-09-19 09:26:24,821 [INFO] CrossReferenceDbSqlite:203 - Set database path to: /Users/dylan/.stmcufinder/plugins/mcufinder//mcu/cs/
2025-09-19 09:26:24,838 [INFO] ApplicationProperties:184 - Using Application install path: /Applications/STM32CubeIDE.app/Contents/Eclipse/plugins/com.st.stm32cube.common.mx_6.15.0.202507011659
2025-09-19 09:26:24,840 [INFO] PluginManage:196 - Search for loadable plugins [exclusion list=, ]
2025-09-19 09:26:24,841 [INFO] PluginManage:310 - Check plugin analytics
2025-09-19 09:26:25,154 [INFO] AnalyticsPlugin:253 - Accepted Software Licenses: 
2025-09-19 09:26:25,155 [INFO] AnalyticsPlugin:255 - Accepted CMSIS Pack Licenses: 
2025-09-19 09:26:25,155 [INFO] AnalyticsPlugin:257 - Accepted Firmware Licenses: FW.F4.1.28.0
2025-09-19 09:26:25,161 [INFO] PluginManage:359 - Loaded plugin analytics (category:tool,tabindex:-1)
2025-09-19 09:26:25,162 [INFO] PluginManage:310 - Check plugin cadmodel
2025-09-19 09:26:25,179 [INFO] CADModel:105 - Init CAD model plugin
2025-09-19 09:26:25,179 [INFO] PluginManage:359 - Loaded plugin cadmodel (category:power,tabindex:5)
2025-09-19 09:26:25,180 [INFO] PluginManage:310 - Check plugin clock
2025-09-19 09:26:25,192 [INFO] PluginManage:359 - Loaded plugin clock (category:base,tabindex:2)
2025-09-19 09:26:25,192 [INFO] PluginManage:310 - Check plugin ddr
2025-09-19 09:26:25,195 [INFO] PluginManage:359 - Loaded plugin ddr (category:tool,tabindex:6)
2025-09-19 09:26:25,195 [INFO] PluginManage:310 - Check plugin filemanager
2025-09-19 09:26:25,376 [INFO] PluginManage:359 - Loaded plugin filemanager (category:base,tabindex:10)
2025-09-19 09:26:25,376 [INFO] PluginManage:310 - Check plugin ipmanager
2025-09-19 09:26:25,383 [INFO] PluginManage:359 - Loaded plugin ipmanager (category:base,tabindex:5)
2025-09-19 09:26:25,383 [INFO] PluginManage:310 - Check plugin lpbam
2025-09-19 09:26:25,396 [INFO] PluginManage:359 - Loaded plugin lpbam (category:base,tabindex:0)
2025-09-19 09:26:25,397 [INFO] PluginManage:310 - Check plugin memorymap
2025-09-19 09:26:25,407 [INFO] PluginManage:359 - Loaded plugin memorymap (category:base,tabindex:4)
2025-09-19 09:26:25,407 [INFO] PluginManage:310 - Check plugin pinoutandconfiguration
2025-09-19 09:26:25,415 [INFO] PluginManage:359 - Loaded plugin pinoutandconfiguration (category:base,tabindex:1)
2025-09-19 09:26:25,415 [INFO] PluginManage:310 - Check plugin pinoutconfig
2025-09-19 09:26:25,515 [WARN] SupportedApi:132 - Cannot load RTOS API schema: s4s-elt-must-match.1: The content of 'definitions' must match (annotation?, (simpleType | complexType)?, (unique | key | keyref)*)). A problem was found starting at: attribute.
2025-09-19 09:26:25,677 [INFO] PluginManage:359 - Loaded plugin pinoutconfig (category:base,tabindex:0)
2025-09-19 09:26:25,678 [INFO] PluginManage:310 - Check plugin power
2025-09-19 09:26:25,691 [INFO] PluginManage:359 - Loaded plugin power (category:power,tabindex:4)
2025-09-19 09:26:25,691 [INFO] PluginManage:310 - Check plugin projectmanager
2025-09-19 09:26:25,720 [INFO] PluginManage:359 - Loaded plugin projectmanager (category:projectmanager,tabindex:4)
2025-09-19 09:26:25,720 [INFO] PluginManage:310 - Check plugin rif
2025-09-19 09:26:25,729 [INFO] PluginManage:359 - Loaded plugin rif (category:base,tabindex:3)
2025-09-19 09:26:25,729 [INFO] PluginManage:310 - Check plugin thirdparty
2025-09-19 09:26:25,906 [INFO] PluginManage:359 - Loaded plugin thirdparty (category:base,tabindex:-1)
2025-09-19 09:26:25,906 [WARN] IntegrityCheckThread:84 - waiting for thirdparty lock release [integrity check]
2025-09-19 09:26:25,907 [INFO] PluginManage:310 - Check plugin tools
2025-09-19 09:26:25,908 [INFO] IntegrityCheckThread:86 - entering critical section [integrity check]
2025-09-19 09:26:25,908 [INFO] ThirdPartyUpdaterWithRetryManager:70 - Updater plugin not ready yet. [1/15]
2025-09-19 09:26:25,910 [INFO] PluginManage:359 - Loaded plugin tools (category:base,tabindex:7)
2025-09-19 09:26:25,910 [INFO] PluginManage:310 - Check plugin tutovideos
2025-09-19 09:26:26,113 [INFO] PluginManage:359 - Loaded plugin tutovideos (category:base,tabindex:-1)
2025-09-19 09:26:26,113 [INFO] PluginManage:310 - Check plugin updater
2025-09-19 09:26:26,144 [INFO] PluginManage:359 - Loaded plugin updater (category:base,tabindex:12)
2025-09-19 09:26:26,145 [INFO] PluginManage:310 - Check plugin userauth
2025-09-19 09:26:26,150 [INFO] UserAuth:118 - Init User Auth plugin
2025-09-19 09:26:26,151 [INFO] PluginManage:359 - Loaded plugin userauth (category:base,tabindex:14)
2025-09-19 09:26:26,151 [INFO] PluginManage:283 - PluginManage : Loaded plugins [18]
2025-09-19 09:26:26,405 [INFO] PinOutPanel:1589 - setPackage(No Configuration,No Configuration)
2025-09-19 09:26:26,480 [INFO] CADModel:165 - CPN selected for project level
2025-09-19 09:26:26,481 [INFO] CADModel:114 - Register for checkConnection events
2025-09-19 09:26:26,493 [INFO] IPUIPlugin:80 - create IPUIPlugin
2025-09-19 09:26:26,494 [INFO] PluginManager:220 - loadIPPluginJar : add mdma
2025-09-19 09:26:26,499 [INFO] IPUIPlugin:80 - create IPUIPlugin
2025-09-19 09:26:26,500 [INFO] PluginManager:220 - loadIPPluginJar : add freertos
2025-09-19 09:26:26,504 [INFO] IPUIPlugin:80 - create IPUIPlugin
2025-09-19 09:26:26,504 [INFO] PluginManager:220 - loadIPPluginJar : add gic
2025-09-19 09:26:26,512 [INFO] IPUIPlugin:80 - create IPUIPlugin
2025-09-19 09:26:26,513 [INFO] PluginManager:220 - loadIPPluginJar : add adc
2025-09-19 09:26:26,515 [INFO] IPUIPlugin:80 - create IPUIPlugin
2025-09-19 09:26:26,515 [INFO] PluginManager:220 - loadIPPluginJar : add gtzc
2025-09-19 09:26:26,517 [INFO] IPUIPlugin:80 - create IPUIPlugin
2025-09-19 09:26:26,517 [INFO] PluginManager:220 - loadIPPluginJar : add quadspi
2025-09-19 09:26:26,520 [INFO] IPUIPlugin:80 - create IPUIPlugin
2025-09-19 09:26:26,520 [INFO] PluginManager:220 - loadIPPluginJar : add aes
2025-09-19 09:26:26,522 [INFO] IPUIPlugin:80 - create IPUIPlugin
2025-09-19 09:26:26,522 [INFO] PluginManager:220 - loadIPPluginJar : add pdm2pcm
2025-09-19 09:26:26,524 [INFO] IPUIPlugin:80 - create IPUIPlugin
2025-09-19 09:26:26,524 [INFO] PluginManager:220 - loadIPPluginJar : add hash
2025-09-19 09:26:26,525 [INFO] IPUIPlugin:80 - create IPUIPlugin
2025-09-19 09:26:26,525 [INFO] PluginManager:220 - loadIPPluginJar : add tim
2025-09-19 09:26:26,527 [INFO] IPUIPlugin:80 - create IPUIPlugin
2025-09-19 09:26:26,527 [INFO] PluginManager:220 - loadIPPluginJar : add tsc
2025-09-19 09:26:26,530 [INFO] IPUIPlugin:80 - create IPUIPlugin
2025-09-19 09:26:26,530 [INFO] PluginManager:220 - loadIPPluginJar : add extmemmanager
2025-09-19 09:26:26,532 [INFO] IPUIPlugin:80 - create IPUIPlugin
2025-09-19 09:26:26,532 [INFO] PluginManager:220 - loadIPPluginJar : add ts
2025-09-19 09:26:26,533 [INFO] IPUIPlugin:80 - create IPUIPlugin
2025-09-19 09:26:26,534 [INFO] PluginManager:220 - loadIPPluginJar : add radio
2025-09-19 09:26:26,536 [INFO] IPUIPlugin:80 - create IPUIPlugin
2025-09-19 09:26:26,536 [INFO] PluginManager:220 - loadIPPluginJar : add can
2025-09-19 09:26:26,539 [INFO] IPUIPlugin:80 - create IPUIPlugin
2025-09-19 09:26:26,539 [INFO] PluginManager:220 - loadIPPluginJar : add dma3
2025-09-19 09:26:26,541 [INFO] IPUIPlugin:80 - create IPUIPlugin
2025-09-19 09:26:26,541 [INFO] PluginManager:220 - loadIPPluginJar : add dfsdm
2025-09-19 09:26:26,543 [INFO] IPUIPlugin:80 - create IPUIPlugin
2025-09-19 09:26:26,543 [INFO] PluginManager:220 - loadIPPluginJar : add spi
2025-09-19 09:26:26,545 [INFO] IPUIPlugin:80 - create IPUIPlugin
2025-09-19 09:26:26,546 [INFO] PluginManager:220 - loadIPPluginJar : add gfxmmu
2025-09-19 09:26:26,549 [INFO] IPUIPlugin:80 - create IPUIPlugin
2025-09-19 09:26:26,549 [INFO] PluginManager:220 - loadIPPluginJar : add genericplugin
2025-09-19 09:26:26,551 [INFO] IPUIPlugin:80 - create IPUIPlugin
2025-09-19 09:26:26,551 [INFO] PluginManager:220 - loadIPPluginJar : add cryp
2025-09-19 09:26:26,554 [INFO] IPUIPlugin:80 - create IPUIPlugin
2025-09-19 09:26:26,555 [INFO] PluginManager:220 - loadIPPluginJar : add gpio
2025-09-19 09:26:26,557 [INFO] IPUIPlugin:80 - create IPUIPlugin
2025-09-19 09:26:26,557 [INFO] PluginManager:220 - loadIPPluginJar : add ddr_ctrl_phy
2025-09-19 09:26:26,559 [INFO] IPUIPlugin:80 - create IPUIPlugin
2025-09-19 09:26:26,559 [INFO] PluginManager:220 - loadIPPluginJar : add comp
2025-09-19 09:26:26,562 [INFO] IPUIPlugin:80 - create IPUIPlugin
2025-09-19 09:26:26,563 [INFO] PluginManager:220 - loadIPPluginJar : add tracer_emb
2025-09-19 09:26:26,565 [INFO] IPUIPlugin:80 - create IPUIPlugin
2025-09-19 09:26:26,565 [INFO] PluginManager:220 - loadIPPluginJar : add openamp
2025-09-19 09:26:26,569 [INFO] IPUIPlugin:80 - create IPUIPlugin
2025-09-19 09:26:26,570 [INFO] PluginManager:220 - loadIPPluginJar : add stm32_wpan
2025-09-19 09:26:26,574 [INFO] IPUIPlugin:80 - create IPUIPlugin
2025-09-19 09:26:26,577 [INFO] PluginManager:220 - loadIPPluginJar : add plateformsettings
2025-09-19 09:26:26,580 [INFO] IPUIPlugin:80 - create IPUIPlugin
2025-09-19 09:26:26,580 [INFO] PluginManager:220 - loadIPPluginJar : add ipddr
2025-09-19 09:26:26,582 [INFO] IPUIPlugin:80 - create IPUIPlugin
2025-09-19 09:26:26,582 [INFO] PluginManager:220 - loadIPPluginJar : add usart
2025-09-19 09:26:26,583 [INFO] IPUIPlugin:80 - create IPUIPlugin
2025-09-19 09:26:26,583 [INFO] PluginManager:220 - loadIPPluginJar : add ltdc
2025-09-19 09:26:26,585 [INFO] IPUIPlugin:80 - create IPUIPlugin
2025-09-19 09:26:26,585 [INFO] PluginManager:220 - loadIPPluginJar : add nvic
2025-09-19 09:26:26,586 [INFO] IPUIPlugin:80 - create IPUIPlugin
2025-09-19 09:26:26,586 [INFO] PluginManager:220 - loadIPPluginJar : add fatfs
2025-09-19 09:26:26,592 [INFO] IPUIPlugin:80 - create IPUIPlugin
2025-09-19 09:26:26,592 [INFO] PluginManager:220 - loadIPPluginJar : add linkedlist
2025-09-19 09:26:26,597 [INFO] IPUIPlugin:80 - create IPUIPlugin
2025-09-19 09:26:26,597 [INFO] PluginManager:220 - loadIPPluginJar : add dma
2025-09-19 09:26:26,600 [INFO] IPUIPlugin:80 - create IPUIPlugin
2025-09-19 09:26:26,600 [INFO] PluginManager:220 - loadIPPluginJar : add fmc
2025-09-19 09:26:26,602 [INFO] IPUIPlugin:80 - create IPUIPlugin
2025-09-19 09:26:26,602 [INFO] PluginManager:220 - loadIPPluginJar : add i2s
2025-09-19 09:26:26,603 [INFO] IPUIPlugin:80 - create IPUIPlugin
2025-09-19 09:26:26,604 [INFO] PluginManager:220 - loadIPPluginJar : add ucpd
2025-09-19 09:26:26,605 [INFO] IPUIPlugin:80 - create IPUIPlugin
2025-09-19 09:26:26,606 [INFO] PluginManager:220 - loadIPPluginJar : add lorawan
2025-09-19 09:26:26,608 [INFO] IPUIPlugin:80 - create IPUIPlugin
2025-09-19 09:26:26,608 [INFO] PluginManager:220 - loadIPPluginJar : add opamp
2025-09-19 09:26:26,610 [INFO] IPUIPlugin:80 - create IPUIPlugin
2025-09-19 09:26:26,610 [INFO] PluginManager:220 - loadIPPluginJar : add i3c
2025-09-19 09:26:26,612 [INFO] IPUIPlugin:80 - create IPUIPlugin
2025-09-19 09:26:26,612 [INFO] PluginManager:220 - loadIPPluginJar : add touchsensing
2025-09-19 09:26:26,614 [INFO] IPUIPlugin:80 - create IPUIPlugin
2025-09-19 09:26:26,614 [INFO] PluginManager:220 - loadIPPluginJar : add i2c
2025-09-19 09:26:26,617 [INFO] IPUIPlugin:80 - create IPUIPlugin
2025-09-19 09:26:26,617 [INFO] PluginManager:220 - loadIPPluginJar : add resmgrutility
2025-09-19 09:26:26,619 [INFO] IPUIPlugin:80 - create IPUIPlugin
2025-09-19 09:26:26,620 [INFO] PluginManager:220 - loadIPPluginJar : add sai
2025-09-19 09:26:26,622 [INFO] IPUIPlugin:80 - create IPUIPlugin
2025-09-19 09:26:26,623 [INFO] PluginManager:220 - loadIPPluginJar : add usbx
2025-09-19 09:26:26,742 [FATAL] Updater:351 - Updater called before beeing initialized
2025-09-19 09:26:26,801 [INFO] RulesReader:64 - Compatibility file has been processed (317 Rules)
2025-09-19 09:26:26,817 [INFO] RulesReader:64 - Compatibility file has been processed (317 Rules)
2025-09-19 09:26:26,829 [INFO] CADModel:165 - CPN selected for project level
2025-09-19 09:26:26,829 [INFO] CADModel:114 - Register for checkConnection events
2025-09-19 09:26:26,829 [FATAL] Updater:351 - Updater called before beeing initialized
2025-09-19 09:26:26,829 [ERROR] CADModel:125 - Updater not yet initialized, retry later 
2025-09-19 09:26:27,306 [FATAL] Updater:351 - Updater called before beeing initialized
2025-09-19 09:26:27,316 [INFO] CADModel:165 - CPN selected for project level
2025-09-19 09:26:27,318 [INFO] CADModel:114 - Register for checkConnection events
2025-09-19 09:26:27,318 [FATAL] Updater:351 - Updater called before beeing initialized
2025-09-19 09:26:27,318 [ERROR] CADModel:125 - Updater not yet initialized, retry later 
2025-09-19 09:26:27,324 [FATAL] Updater:351 - Updater called before beeing initialized
2025-09-19 09:26:27,615 [FATAL] Updater:351 - Updater called before beeing initialized
2025-09-19 09:26:27,628 [INFO] DbMcusAds:53 - JSON generation date=Tue Jul 08 16:14:23 SGT 2025 (1751962463582)
2025-09-19 09:26:27,630 [FATAL] Updater:351 - Updater called before beeing initialized
2025-09-19 09:26:27,706 [WARN] DetailPanel:346 - Failed to get advertising image, set to default
2025-09-19 09:26:27,786 [FATAL] Updater:351 - Updater called before beeing initialized
2025-09-19 09:26:27,790 [FATAL] Updater:351 - Updater called before beeing initialized
2025-09-19 09:26:27,790 [FATAL] Updater:351 - Updater called before beeing initialized
2025-09-19 09:26:27,791 [WARN] DetailPanel:346 - Failed to get advertising image, set to default
2025-09-19 09:26:27,794 [FATAL] Updater:351 - Updater called before beeing initialized
2025-09-19 09:26:27,877 [ERROR] Updater:1198 - MainUpdater not yet initialized. External WinMGr cannot be set.
2025-09-19 09:26:27,891 [INFO] Updater:1134 - Updater Version found : 6.15.0
2025-09-19 09:26:27,907 [INFO] ApplicationProperties:184 - Using Application install path: /Applications/STM32CubeIDE.app/Contents/Eclipse/plugins/com.st.stm32cube.common.mx_6.15.0.202507011659
2025-09-19 09:26:28,287 [INFO] MainUpdater:2872 - connection check result : 10
2025-09-19 09:26:28,288 [INFO] MainUpdater:289 - Updater Check For Update Now.
2025-09-19 09:26:28,289 [INFO] MicroXplorer:498 - Change Database Version : DB.6.0.150
2025-09-19 09:26:28,303 [INFO] McuFinderGlobals:63 - Set McuFinder mode to 2 (CubeIDE integrated)
2025-09-19 09:26:28,306 [INFO] UserAuth:487 - Internet connection configuration mode: 1
2025-09-19 09:26:28,324 [INFO] JxBrowserEngine:152 - Initiate JxBrowser Engine with user profile folder
2025-09-19 09:26:28,601 [INFO] CheckServerUpdateThread:120 - End of CheckServer Thread
2025-09-19 09:26:29,144 [WARN] PackLoader:240 - Cannot read IP mode file for STMicroelectronics.FP-SNS-MOTENVWB1.1.4.0
2025-09-19 09:26:29,169 [WARN] PackLoader:240 - Cannot read IP mode file for STMicroelectronics.FP-ATR-ASTRA1.2.0.2
2025-09-19 09:26:29,187 [WARN] PackLoader:240 - Cannot read IP mode file for STMicroelectronics.X-CUBE-SMBUS.2.1.0
2025-09-19 09:26:29,194 [WARN] PackLoader:240 - Cannot read IP mode file for STMicroelectronics.X-CUBE-ST60.1.0.0
2025-09-19 09:26:29,255 [WARN] PackLoader:240 - Cannot read IP mode file for STMicroelectronics.X-CUBE-AZRTOS-F7.1.1.0
2025-09-19 09:26:29,299 [WARN] PackLoader:240 - Cannot read IP mode file for WES.I-CUBE-Cesium.1.4.0
2025-09-19 09:26:29,382 [WARN] PackLoader:240 - Cannot read IP mode file for Infineon.AIROC-Wi-Fi-Bluetooth-STM32.1.7.1
2025-09-19 09:26:29,467 [WARN] PackLoader:240 - Cannot read IP mode file for STMicroelectronics.X-CUBE-AZRTOS-H7.3.4.0
2025-09-19 09:26:29,501 [WARN] PackLoader:240 - Cannot read IP mode file for STMicroelectronics.X-CUBE-DISPLAY.3.0.0
2025-09-19 09:26:29,531 [WARN] PackLoader:240 - Cannot read IP mode file for STMicroelectronics.X-CUBE-NFC10.1.0.0
2025-09-19 09:26:29,558 [WARN] PackLoader:240 - Cannot read IP mode file for emotas.I-CUBE-CANOPEN.1.3.0
2025-09-19 09:26:29,586 [WARN] PackLoader:240 - Cannot read IP mode file for STMicroelectronics.FP-SNS-STBOX1.2.1.0
2025-09-19 09:26:29,617 [WARN] PackLoader:240 - Cannot read IP mode file for STMicroelectronics.FP-SNS-SMARTAG2.1.2.0
2025-09-19 09:26:29,664 [WARN] PackLoader:240 - Cannot read IP mode file for STMicroelectronics.FP-SNS-FLIGHT1.5.1.0
2025-09-19 09:26:29,684 [INFO] LogOutputStream:77 - [STDOUT_REDIRECT] 1 : Invalid condition id : UX_CORESTACK_Condition cause : null
2025-09-19 09:26:29,686 [INFO] LogOutputStream:77 - [STDOUT_REDIRECT] 1 : Invalid condition id : UX_CORESTACK_Condition cause : null
2025-09-19 09:26:29,687 [INFO] LogOutputStream:77 - [STDOUT_REDIRECT] 1 : Invalid condition id : UX_CORESTACK_Condition cause : null
2025-09-19 09:26:29,687 [INFO] LogOutputStream:77 - [STDOUT_REDIRECT] 1 : Invalid condition id : UX_CORESTACK_Condition cause : null
2025-09-19 09:26:29,687 [INFO] LogOutputStream:77 - [STDOUT_REDIRECT] 1 : Invalid condition id : UX_CORESTACK_Condition cause : null
2025-09-19 09:26:29,697 [WARN] PackLoader:240 - Cannot read IP mode file for STMicroelectronics.X-CUBE-AZRTOS-WL.2.0.0
2025-09-19 09:26:29,718 [WARN] PackLoader:240 - Cannot read IP mode file for STMicroelectronics.FP-SNS-MOTENV1.5.0.0
2025-09-19 09:26:29,727 [WARN] PackLoader:240 - Cannot read IP mode file for STMicroelectronics.X-CUBE-BLE2.3.3.0
2025-09-19 09:26:29,738 [WARN] PackLoader:240 - Cannot read IP mode file for STMicroelectronics.X-CUBE-NFC9.1.0.0
2025-09-19 09:26:29,754 [WARN] PackLoader:240 - Cannot read IP mode file for wolfSSL.I-CUBE-wolfSSL.5.8.2
2025-09-19 09:26:29,774 [WARN] PackLoader:240 - Cannot read IP mode file for STMicroelectronics.X-CUBE-BLE1.7.1.0
2025-09-19 09:26:29,788 [WARN] PackLoader:240 - Cannot read IP mode file for wolfSSL.I-CUBE-wolfMQTT.1.19.2
2025-09-19 09:26:29,795 [WARN] PackLoader:240 - Cannot read IP mode file for STMicroelectronics.X-CUBE-EEPRMA1.5.2.0
2025-09-19 09:26:29,817 [WARN] PackLoader:240 - Cannot read IP mode file for STMicroelectronics.X-CUBE-AZRTOS-G0.1.1.0
2025-09-19 09:26:29,830 [WARN] PackLoader:240 - Cannot read IP mode file for STMicroelectronics.X-CUBE-SAFEA1.1.2.2
2025-09-19 09:26:29,836 [WARN] PackLoader:240 - Cannot read IP mode file for STMicroelectronics.X-CUBE-NFC4.3.0.0
2025-09-19 09:26:29,856 [WARN] PackLoader:240 - Cannot read IP mode file for EmbeddedOffice.I-CUBE-FS-RTOS.1.0.1
2025-09-19 09:26:29,864 [WARN] PackLoader:240 - Cannot read IP mode file for STMicroelectronics.X-CUBE-WB05N.2.0.0
2025-09-19 09:26:29,869 [WARN] PackLoader:240 - Cannot read IP mode file for wolfSSL.I-CUBE-wolfTPM.3.8.0
2025-09-19 09:26:29,876 [WARN] PackLoader:240 - Cannot read IP mode file for STMicroelectronics.X-CUBE-TCPP.4.2.0
2025-09-19 09:26:29,882 [WARN] PackLoader:240 - Cannot read IP mode file for RealThread.X-CUBE-RT-Thread_Nano.4.1.1
2025-09-19 09:26:29,887 [WARN] PackLoader:240 - Cannot read IP mode file for STMicroelectronics.FP-ATR-SIGFOX1.3.2.0
2025-09-19 09:26:29,892 [WARN] PackLoader:240 - Cannot read IP mode file for ITTIA_DB.I-CUBE-ITTIADB.8.9.0
2025-09-19 09:26:29,899 [WARN] PackLoader:240 - Cannot read IP mode file for STMicroelectronics.X-CUBE-ST67W61.1.0.0
2025-09-19 09:26:29,904 [WARN] PackLoader:240 - Cannot read IP mode file for STMicroelectronics.X-CUBE-AI.10.2.0
2025-09-19 09:26:29,972 [WARN] PackLoader:240 - Cannot read IP mode file for SEGGER.I-CUBE-embOS.1.3.1
2025-09-19 09:26:30,049 [WARN] PackLoader:240 - Cannot read IP mode file for STMicroelectronics.X-CUBE-ALGOBUILD.1.4.0
2025-09-19 09:26:30,126 [WARN] PackLoader:240 - Cannot read IP mode file for STMicroelectronics.X-CUBE-MEMS1.11.3.0
2025-09-19 09:26:30,516 [WARN] PackLoader:240 - Cannot read IP mode file for STMicroelectronics.X-CUBE-PM33A1.1.0.0
2025-09-19 09:26:30,577 [WARN] PackLoader:240 - Cannot read IP mode file for STMicroelectronics.X-CUBE-AZRTOS-F4.1.1.0
2025-09-19 09:26:30,592 [WARN] PackLoader:240 - Cannot read IP mode file for Avnet-IotConnect.X-CUBE-IoTC-DA16k-PMOD.1.0.0
2025-09-19 09:26:30,603 [WARN] PackLoader:240 - Cannot read IP mode file for STMicroelectronics.X-CUBE-ISPU.2.1.0
2025-09-19 09:26:30,611 [WARN] PackLoader:240 - Cannot read IP mode file for STMicroelectronics.X-CUBE-NFC12.1.0.0
2025-09-19 09:26:30,645 [WARN] PackLoader:240 - Cannot read IP mode file for STMicroelectronics.X-CUBE-AZRTOS-L5.2.0.0
2025-09-19 09:26:30,666 [WARN] PackLoader:240 - Cannot read IP mode file for STMicroelectronics.X-CUBE-NFC6.3.1.0
2025-09-19 09:26:30,676 [WARN] PackLoader:240 - Cannot read IP mode file for STMicroelectronics.X-CUBE-FREERTOS.1.3.1
2025-09-19 09:26:30,686 [WARN] PackLoader:240 - Cannot read IP mode file for STMicroelectronics.FP-SNS-STAIOTCFT.1.0.0
2025-09-19 09:26:30,694 [WARN] PackLoader:240 - Cannot read IP mode file for STMicroelectronics.X-CUBE-DPower.1.3.0
2025-09-19 09:26:30,719 [WARN] ConditionMgr:438 - getConditionDescription Invalid condition id : LAN8742 Phy interface Condition cause : null
2025-09-19 09:26:30,721 [WARN] PackLoader:240 - Cannot read IP mode file for STMicroelectronics.X-CUBE-AZRTOS-L4.2.0.0
2025-09-19 09:26:30,725 [WARN] ConditionMgr:1044 - genDependencies : Invalid condition id : LAN8742 Phy interface Condition cause : null
2025-09-19 09:26:30,726 [WARN] ConditionMgr:1044 - genDependencies : Invalid condition id : LAN8742 Phy interface Condition cause : null
2025-09-19 09:26:30,727 [WARN] ConditionMgr:1044 - genDependencies : Invalid condition id : LAN8742 Phy interface Condition cause : null
2025-09-19 09:26:30,738 [WARN] PackLoader:240 - Cannot read IP mode file for STMicroelectronics.X-CUBE-SFXS2LP1.4.0.0
2025-09-19 09:26:30,762 [WARN] PackLoader:240 - Cannot read IP mode file for STMicroelectronics.X-CUBE-BLEMGR.4.1.0
2025-09-19 09:26:30,786 [WARN] ConditionMgr:438 - getConditionDescription Invalid condition id : UX DEVICE CLASS RTOS Condition cause : null
2025-09-19 09:26:30,786 [WARN] ConditionMgr:438 - getConditionDescription Invalid condition id : UX DEVICE CLASS RTOS Condition cause : null
2025-09-19 09:26:30,790 [WARN] PackLoader:240 - Cannot read IP mode file for STMicroelectronics.X-CUBE-AZRTOS-WB.2.0.0
2025-09-19 09:26:30,791 [WARN] ConditionMgr:1044 - genDependencies : Invalid condition id : UX DEVICE CLASS RTOS Condition cause : null
2025-09-19 09:26:30,791 [WARN] ConditionMgr:1044 - genDependencies : Invalid condition id : UX DEVICE CLASS RTOS Condition cause : null
2025-09-19 09:26:30,792 [WARN] ConditionMgr:1044 - genDependencies : Invalid condition id : UX DEVICE CLASS RTOS Condition cause : null
2025-09-19 09:26:30,792 [WARN] ConditionMgr:1044 - genDependencies : Invalid condition id : UX DEVICE CLASS RTOS Condition cause : null
2025-09-19 09:26:30,792 [WARN] ConditionMgr:1044 - genDependencies : Invalid condition id : UX DEVICE CLASS RTOS Condition cause : null
2025-09-19 09:26:30,799 [WARN] PackLoader:240 - Cannot read IP mode file for STMicroelectronics.X-CUBE-GNSS1.7.0.1
2025-09-19 09:26:30,821 [WARN] PackLoader:240 - Cannot read IP mode file for STMicroelectronics.X-CUBE-TOUCHGFX.4.25.0
2025-09-19 09:26:30,824 [WARN] ConditionMgr:438 - getConditionDescription Invalid condition id : Cortex-A Device cause : null
2025-09-19 09:26:30,885 [WARN] ConditionMgr:1044 - genDependencies : Invalid condition id : Cortex-A Device cause : null
2025-09-19 09:26:30,885 [WARN] ConditionMgr:1044 - genDependencies : Invalid condition id : Cortex-A Device cause : null
2025-09-19 09:26:30,885 [WARN] ConditionMgr:1044 - genDependencies : Invalid condition id : Cortex-A Device cause : null
2025-09-19 09:26:30,903 [WARN] PackLoader:240 - Cannot read IP mode file for STMicroelectronics.X-CUBE-SUBG2.5.0.0
2025-09-19 09:26:30,933 [WARN] PackLoader:240 - Cannot read IP mode file for STMicroelectronics.X-CUBE-AZRTOS-H7RS.1.1.0
2025-09-19 09:26:30,942 [WARN] PackLoader:240 - Cannot read IP mode file for Cesanta.I-CUBE-Mongoose.7.13.0
2025-09-19 09:26:30,962 [WARN] PackLoader:240 - Cannot read IP mode file for STMicroelectronics.X-CUBE-AZRTOS-G4.2.0.0
2025-09-19 09:26:30,972 [WARN] PackLoader:240 - Cannot read IP mode file for wolfSSL.I-CUBE-wolfSSH.1.4.20
2025-09-19 09:26:30,976 [WARN] PackLoader:240 - Cannot read IP mode file for STMicroelectronics.X-CUBE-NFC7.2.0.0
2025-09-19 09:26:30,988 [WARN] PackLoader:240 - Cannot read IP mode file for STMicroelectronics.X-CUBE-IPS.3.1.0
2025-09-19 09:26:30,997 [WARN] PackLoader:240 - Cannot read IP mode file for STMicroelectronics.X-CUBE-ALS.1.0.2
2025-09-19 09:26:31,004 [WARN] PackLoader:240 - Cannot read IP mode file for STMicroelectronics.X-CUBE-STSE01.1.0.0
2025-09-19 09:26:31,013 [WARN] PackLoader:240 - Cannot read IP mode file for portGmbH.I-Cube-SoM-uGOAL.1.1.0
2025-09-19 09:26:31,026 [WARN] PackLoader:240 - Cannot read IP mode file for STMicroelectronics.X-CUBE-TOF1.3.4.3
2025-09-19 09:26:31,037 [INFO] ThirdParty:978 - Integrity check success = true
2025-09-19 09:26:31,037 [INFO] IntegrityCheckThread:100 - exiting critical section [integrity check]
2025-09-19 09:26:31,037 [INFO] IntegrityCheckThread:103 - End integrity checks thread
2025-09-19 09:26:33,439 [INFO] WebApp:169 - Instantiating new browser for Auth
2025-09-19 09:26:35,099 [INFO] WebApp:463 - Apply proxy settings
2025-09-19 09:26:35,117 [INFO] WebApp:508 - Chromium authenticates against Manually configured proxy
2025-09-19 09:26:35,136 [INFO] WebApp:516 - Username used for proxy authentication: 
2025-09-19 09:26:35,188 [INFO] WebApp:900 - Register for checkConnection events
2025-09-19 09:26:35,188 [INFO] WebApp:463 - Apply proxy settings
2025-09-19 09:26:35,193 [INFO] WebApp:508 - Chromium authenticates against Manually configured proxy
2025-09-19 09:26:35,194 [INFO] WebApp:516 - Username used for proxy authentication: 
2025-09-19 09:26:35,403 [INFO] WebApp:225 - Starting web application
2025-09-19 09:26:35,404 [INFO] WebApp:593 - Web application path used /Applications/STM32CubeIDE.app/Contents/Eclipse/plugins/com.st.stm32cube.common.mx_6.15.0.202507011659/db/plugins/mcufinder/reactClient1/index.html
2025-09-19 09:26:35,805 [INFO] WebApp:191 - Connection restablished
2025-09-19 09:26:36,363 [INFO] UserAuth:487 - Internet connection configuration mode: 1
2025-09-19 11:59:32,011 [INFO] WebApp:194 - Connection lost
2025-09-19 11:59:41,143 [INFO] WebApp:191 - Connection restablished
2025-09-19 12:01:00,217 [INFO] WebApp:194 - Connection lost
2025-09-19 12:01:07,118 [INFO] WebApp:191 - Connection restablished
2025-09-19 12:01:32,349 [INFO] WebApp:194 - Connection lost
2025-09-19 12:01:45,479 [INFO] WebApp:191 - Connection restablished
2025-09-19 12:02:25,271 [INFO] WebApp:194 - Connection lost
2025-09-19 12:02:30,751 [INFO] WebApp:191 - Connection restablished
2025-09-19 12:03:20,674 [INFO] WebApp:194 - Connection lost
2025-09-19 12:03:26,671 [INFO] WebApp:191 - Connection restablished
2025-09-19 12:04:06,089 [INFO] WebApp:194 - Connection lost
2025-09-19 12:04:09,900 [INFO] WebApp:191 - Connection restablished
2025-09-19 12:04:43,052 [INFO] WebApp:194 - Connection lost
2025-09-19 12:04:51,162 [INFO] WebApp:191 - Connection restablished
2025-09-19 12:05:25,859 [INFO] WebApp:194 - Connection lost
2025-09-19 12:05:35,374 [INFO] WebApp:191 - Connection restablished
2025-09-19 12:06:34,894 [INFO] WebApp:194 - Connection lost
2025-09-19 12:06:40,103 [INFO] WebApp:191 - Connection restablished
2025-09-19 12:33:21,385 [INFO] WebApp:194 - Connection lost
2025-09-19 12:33:26,420 [INFO] WebApp:191 - Connection restablished
2025-09-19 12:33:48,157 [INFO] WebApp:194 - Connection lost
2025-09-19 12:33:55,329 [INFO] WebApp:191 - Connection restablished
2025-09-19 12:34:39,643 [INFO] WebApp:194 - Connection lost
2025-09-19 12:34:44,940 [INFO] WebApp:191 - Connection restablished
2025-09-19 12:35:13,187 [INFO] WebApp:194 - Connection lost
2025-09-19 12:35:19,606 [INFO] WebApp:191 - Connection restablished
2025-09-19 12:36:04,464 [INFO] WebApp:194 - Connection lost
2025-09-19 12:36:10,616 [INFO] WebApp:191 - Connection restablished
2025-09-19 12:37:12,466 [INFO] WebApp:194 - Connection lost
2025-09-19 12:44:39,702 [INFO] WebApp:191 - Connection restablished
2025-09-19 12:45:22,598 [ERROR] LogOutputStream:75 - [STDERR_REDIRECT] 
