2025-10-03 15:58:50,765 [INFO] Activator:176 - 


2025-10-03 15:58:50,772 [INFO] Activator:177 - !SESSION log4j initialized
2025-10-03 15:58:53,006 [INFO] LogOutputStream:77 - [STDOUT_REDIRECT] 
2025-10-03 15:58:54,196 [ERROR] LogOutputStream:75 - [STDERR_REDIRECT] 
2025-10-03 15:58:56,261 [INFO] LogOutputStream:77 - [STDOUT_REDIRECT] 
2025-10-03 15:58:58,667 [INFO] ApplicationProperties:184 - Using Application install path: /Applications/STM32CubeIDE.app/Contents/Eclipse/plugins/com.st.stm32cube.common.mx_6.15.0.202507011659
2025-10-03 15:58:58,685 [INFO] DbMcusXml:78 - Set database path to: /Applications/STM32CubeIDE.app/Contents/Eclipse/plugins/com.st.stm32cube.common.mx_6.15.0.202507011659//db//mcu/
2025-10-03 15:58:58,686 [INFO] ApiDb:274 - Set plugin database path to: /Applications/STM32CubeIDE.app/Contents/Eclipse/plugins/com.st.stm32cube.common.mx_6.15.0.202507011659//db//plugins/boardmanager/
2025-10-03 15:58:58,687 [WARN] ApiDb:259 - Overriding images path with different value:  => /Applications/STM32CubeIDE.app/Contents/Eclipse/plugins/com.st.stm32cube.common.mx_6.15.0.202507011659//db//plugins/mcufinder/images/
2025-10-03 15:58:58,694 [INFO] ApiDb:250 - Set database path to: /Users/dylan/.stmcufinder/plugins/mcufinder//mcu/
2025-10-03 15:58:58,695 [INFO] DbMcusAds:125 - Set database path to: /Users/dylan/.stmcufinder/plugins/mcufinder//mcu/
2025-10-03 15:58:58,697 [INFO] CrossReferenceDbSqlite:203 - Set database path to: /Users/dylan/.stmcufinder/plugins/mcufinder//mcu/cs/
2025-10-03 15:58:58,866 [INFO] RulesReader:64 - Compatibility file has been processed (317 Rules)
2025-10-03 15:58:58,934 [INFO] DbMcusXml:78 - Set database path to: /Applications/STM32CubeIDE.app/Contents/Eclipse/plugins/com.st.stm32cube.common.mx_6.15.0.202507011659//db//mcu/
2025-10-03 15:58:58,934 [INFO] ApiDb:274 - Set plugin database path to: /Applications/STM32CubeIDE.app/Contents/Eclipse/plugins/com.st.stm32cube.common.mx_6.15.0.202507011659//db//plugins/boardmanager/
2025-10-03 15:58:58,934 [INFO] ApiDb:261 - Set plugin images path to: /Applications/STM32CubeIDE.app/Contents/Eclipse/plugins/com.st.stm32cube.common.mx_6.15.0.202507011659//db//plugins/mcufinder/images/
2025-10-03 15:58:58,935 [WARN] DbFile:41 - Overriding database path with different value: /Users/dylan/.stmcufinder/plugins/mcufinder/ => /Users/dylan/.stmcufinder/plugins/mcufinder
2025-10-03 15:58:58,935 [INFO] ApiDb:250 - Set database path to: /Users/dylan/.stmcufinder/plugins/mcufinder//mcu/
2025-10-03 15:58:58,935 [WARN] DbFile:41 - Overriding database path with different value: /Users/dylan/.stmcufinder/plugins/mcufinder/ => /Users/dylan/.stmcufinder/plugins/mcufinder
2025-10-03 15:58:58,935 [INFO] DbMcusAds:125 - Set database path to: /Users/dylan/.stmcufinder/plugins/mcufinder//mcu/
2025-10-03 15:58:58,935 [WARN] DbFile:41 - Overriding database path with different value: /Users/dylan/.stmcufinder/plugins/mcufinder/ => /Users/dylan/.stmcufinder/plugins/mcufinder
2025-10-03 15:58:58,935 [WARN] DbFile:41 - Overriding database path with different value: /Users/dylan/.stmcufinder/plugins/mcufinder/ => /Users/dylan/.stmcufinder/plugins/mcufinder
2025-10-03 15:58:58,936 [INFO] CrossReferenceDbSqlite:203 - Set database path to: /Users/dylan/.stmcufinder/plugins/mcufinder//mcu/cs/
2025-10-03 15:58:59,024 [INFO] MainPanel:274 - HeapMemory: 268435456
2025-10-03 15:59:00,160 [INFO] DbMcusXml:78 - Set database path to: /Applications/STM32CubeIDE.app/Contents/Eclipse/plugins/com.st.stm32cube.common.mx_6.15.0.202507011659//db//mcu/
2025-10-03 15:59:00,161 [INFO] ApiDb:274 - Set plugin database path to: /Applications/STM32CubeIDE.app/Contents/Eclipse/plugins/com.st.stm32cube.common.mx_6.15.0.202507011659//db//plugins/boardmanager/
2025-10-03 15:59:00,161 [INFO] ApiDb:261 - Set plugin images path to: /Applications/STM32CubeIDE.app/Contents/Eclipse/plugins/com.st.stm32cube.common.mx_6.15.0.202507011659//db//plugins/mcufinder/images/
2025-10-03 15:59:00,161 [WARN] DbFile:41 - Overriding database path with different value: /Users/dylan/.stmcufinder/plugins/mcufinder/ => /Users/dylan/.stmcufinder/plugins/mcufinder
2025-10-03 15:59:00,161 [INFO] ApiDb:250 - Set database path to: /Users/dylan/.stmcufinder/plugins/mcufinder//mcu/
2025-10-03 15:59:00,161 [WARN] DbFile:41 - Overriding database path with different value: /Users/dylan/.stmcufinder/plugins/mcufinder/ => /Users/dylan/.stmcufinder/plugins/mcufinder
2025-10-03 15:59:00,161 [INFO] DbMcusAds:125 - Set database path to: /Users/dylan/.stmcufinder/plugins/mcufinder//mcu/
2025-10-03 15:59:00,162 [WARN] DbFile:41 - Overriding database path with different value: /Users/dylan/.stmcufinder/plugins/mcufinder/ => /Users/dylan/.stmcufinder/plugins/mcufinder
2025-10-03 15:59:00,162 [WARN] DbFile:41 - Overriding database path with different value: /Users/dylan/.stmcufinder/plugins/mcufinder/ => /Users/dylan/.stmcufinder/plugins/mcufinder
2025-10-03 15:59:00,162 [INFO] CrossReferenceDbSqlite:203 - Set database path to: /Users/dylan/.stmcufinder/plugins/mcufinder//mcu/cs/
2025-10-03 15:59:00,182 [INFO] ApplicationProperties:184 - Using Application install path: /Applications/STM32CubeIDE.app/Contents/Eclipse/plugins/com.st.stm32cube.common.mx_6.15.0.202507011659
2025-10-03 15:59:00,184 [INFO] PluginManage:196 - Search for loadable plugins [exclusion list=, ]
2025-10-03 15:59:00,185 [INFO] PluginManage:310 - Check plugin analytics
2025-10-03 15:59:00,460 [INFO] AnalyticsPlugin:253 - Accepted Software Licenses: 
2025-10-03 15:59:00,460 [INFO] AnalyticsPlugin:255 - Accepted CMSIS Pack Licenses: 
2025-10-03 15:59:00,461 [INFO] AnalyticsPlugin:257 - Accepted Firmware Licenses: FW.F4.1.28.0
2025-10-03 15:59:00,469 [INFO] PluginManage:359 - Loaded plugin analytics (category:tool,tabindex:-1)
2025-10-03 15:59:00,472 [INFO] PluginManage:310 - Check plugin cadmodel
2025-10-03 15:59:00,486 [INFO] CADModel:105 - Init CAD model plugin
2025-10-03 15:59:00,486 [INFO] PluginManage:359 - Loaded plugin cadmodel (category:power,tabindex:5)
2025-10-03 15:59:00,486 [INFO] PluginManage:310 - Check plugin clock
2025-10-03 15:59:00,499 [INFO] PluginManage:359 - Loaded plugin clock (category:base,tabindex:2)
2025-10-03 15:59:00,500 [INFO] PluginManage:310 - Check plugin ddr
2025-10-03 15:59:00,503 [INFO] PluginManage:359 - Loaded plugin ddr (category:tool,tabindex:6)
2025-10-03 15:59:00,503 [INFO] PluginManage:310 - Check plugin filemanager
2025-10-03 15:59:01,008 [INFO] PluginManage:359 - Loaded plugin filemanager (category:base,tabindex:10)
2025-10-03 15:59:01,020 [INFO] PluginManage:310 - Check plugin ipmanager
2025-10-03 15:59:01,106 [INFO] PluginManage:359 - Loaded plugin ipmanager (category:base,tabindex:5)
2025-10-03 15:59:01,108 [INFO] PluginManage:310 - Check plugin lpbam
2025-10-03 15:59:01,137 [INFO] PluginManage:359 - Loaded plugin lpbam (category:base,tabindex:0)
2025-10-03 15:59:01,137 [INFO] PluginManage:310 - Check plugin memorymap
2025-10-03 15:59:01,151 [INFO] PluginManage:359 - Loaded plugin memorymap (category:base,tabindex:4)
2025-10-03 15:59:01,151 [INFO] PluginManage:310 - Check plugin pinoutandconfiguration
2025-10-03 15:59:01,159 [INFO] PluginManage:359 - Loaded plugin pinoutandconfiguration (category:base,tabindex:1)
2025-10-03 15:59:01,159 [INFO] PluginManage:310 - Check plugin pinoutconfig
2025-10-03 15:59:01,273 [WARN] SupportedApi:132 - Cannot load RTOS API schema: s4s-elt-must-match.1: The content of 'definitions' must match (annotation?, (simpleType | complexType)?, (unique | key | keyref)*)). A problem was found starting at: attribute.
2025-10-03 15:59:01,512 [INFO] PluginManage:359 - Loaded plugin pinoutconfig (category:base,tabindex:0)
2025-10-03 15:59:01,513 [INFO] PluginManage:310 - Check plugin power
2025-10-03 15:59:01,525 [INFO] PluginManage:359 - Loaded plugin power (category:power,tabindex:4)
2025-10-03 15:59:01,525 [INFO] PluginManage:310 - Check plugin projectmanager
2025-10-03 15:59:01,559 [INFO] PluginManage:359 - Loaded plugin projectmanager (category:projectmanager,tabindex:4)
2025-10-03 15:59:01,559 [INFO] PluginManage:310 - Check plugin rif
2025-10-03 15:59:01,567 [INFO] PluginManage:359 - Loaded plugin rif (category:base,tabindex:3)
2025-10-03 15:59:01,567 [INFO] PluginManage:310 - Check plugin thirdparty
2025-10-03 15:59:01,785 [INFO] PluginManage:359 - Loaded plugin thirdparty (category:base,tabindex:-1)
2025-10-03 15:59:01,786 [INFO] PluginManage:310 - Check plugin tools
2025-10-03 15:59:01,785 [WARN] IntegrityCheckThread:84 - waiting for thirdparty lock release [integrity check]
2025-10-03 15:59:01,790 [INFO] IntegrityCheckThread:86 - entering critical section [integrity check]
2025-10-03 15:59:01,790 [INFO] PluginManage:359 - Loaded plugin tools (category:base,tabindex:7)
2025-10-03 15:59:01,790 [INFO] PluginManage:310 - Check plugin tutovideos
2025-10-03 15:59:01,791 [INFO] ThirdPartyUpdaterWithRetryManager:70 - Updater plugin not ready yet. [1/15]
2025-10-03 15:59:02,003 [INFO] PluginManage:359 - Loaded plugin tutovideos (category:base,tabindex:-1)
2025-10-03 15:59:02,004 [INFO] PluginManage:310 - Check plugin updater
2025-10-03 15:59:02,045 [INFO] PluginManage:359 - Loaded plugin updater (category:base,tabindex:12)
2025-10-03 15:59:02,045 [INFO] PluginManage:310 - Check plugin userauth
2025-10-03 15:59:02,050 [INFO] UserAuth:118 - Init User Auth plugin
2025-10-03 15:59:02,051 [INFO] PluginManage:359 - Loaded plugin userauth (category:base,tabindex:14)
2025-10-03 15:59:02,054 [INFO] PluginManage:283 - PluginManage : Loaded plugins [18]
2025-10-03 15:59:02,474 [INFO] PinOutPanel:1589 - setPackage(No Configuration,No Configuration)
2025-10-03 15:59:02,586 [INFO] CADModel:165 - CPN selected for project level
2025-10-03 15:59:02,586 [INFO] CADModel:114 - Register for checkConnection events
2025-10-03 15:59:02,600 [INFO] IPUIPlugin:80 - create IPUIPlugin
2025-10-03 15:59:02,601 [INFO] PluginManager:220 - loadIPPluginJar : add mdma
2025-10-03 15:59:02,609 [INFO] IPUIPlugin:80 - create IPUIPlugin
2025-10-03 15:59:02,609 [INFO] PluginManager:220 - loadIPPluginJar : add freertos
2025-10-03 15:59:02,614 [INFO] IPUIPlugin:80 - create IPUIPlugin
2025-10-03 15:59:02,615 [INFO] PluginManager:220 - loadIPPluginJar : add gic
2025-10-03 15:59:02,623 [INFO] IPUIPlugin:80 - create IPUIPlugin
2025-10-03 15:59:02,624 [INFO] PluginManager:220 - loadIPPluginJar : add adc
2025-10-03 15:59:02,626 [INFO] IPUIPlugin:80 - create IPUIPlugin
2025-10-03 15:59:02,626 [INFO] PluginManager:220 - loadIPPluginJar : add gtzc
2025-10-03 15:59:02,627 [INFO] IPUIPlugin:80 - create IPUIPlugin
2025-10-03 15:59:02,627 [INFO] PluginManager:220 - loadIPPluginJar : add quadspi
2025-10-03 15:59:02,629 [INFO] IPUIPlugin:80 - create IPUIPlugin
2025-10-03 15:59:02,629 [INFO] PluginManager:220 - loadIPPluginJar : add aes
2025-10-03 15:59:02,631 [INFO] IPUIPlugin:80 - create IPUIPlugin
2025-10-03 15:59:02,631 [INFO] PluginManager:220 - loadIPPluginJar : add pdm2pcm
2025-10-03 15:59:02,633 [INFO] IPUIPlugin:80 - create IPUIPlugin
2025-10-03 15:59:02,633 [INFO] PluginManager:220 - loadIPPluginJar : add hash
2025-10-03 15:59:02,634 [INFO] IPUIPlugin:80 - create IPUIPlugin
2025-10-03 15:59:02,635 [INFO] PluginManager:220 - loadIPPluginJar : add tim
2025-10-03 15:59:02,636 [INFO] IPUIPlugin:80 - create IPUIPlugin
2025-10-03 15:59:02,636 [INFO] PluginManager:220 - loadIPPluginJar : add tsc
2025-10-03 15:59:02,638 [INFO] IPUIPlugin:80 - create IPUIPlugin
2025-10-03 15:59:02,638 [INFO] PluginManager:220 - loadIPPluginJar : add extmemmanager
2025-10-03 15:59:02,640 [INFO] IPUIPlugin:80 - create IPUIPlugin
2025-10-03 15:59:02,640 [INFO] PluginManager:220 - loadIPPluginJar : add ts
2025-10-03 15:59:02,642 [INFO] IPUIPlugin:80 - create IPUIPlugin
2025-10-03 15:59:02,642 [INFO] PluginManager:220 - loadIPPluginJar : add radio
2025-10-03 15:59:02,644 [INFO] IPUIPlugin:80 - create IPUIPlugin
2025-10-03 15:59:02,644 [INFO] PluginManager:220 - loadIPPluginJar : add can
2025-10-03 15:59:02,645 [INFO] IPUIPlugin:80 - create IPUIPlugin
2025-10-03 15:59:02,645 [INFO] PluginManager:220 - loadIPPluginJar : add dma3
2025-10-03 15:59:02,647 [INFO] IPUIPlugin:80 - create IPUIPlugin
2025-10-03 15:59:02,647 [INFO] PluginManager:220 - loadIPPluginJar : add dfsdm
2025-10-03 15:59:02,648 [INFO] IPUIPlugin:80 - create IPUIPlugin
2025-10-03 15:59:02,648 [INFO] PluginManager:220 - loadIPPluginJar : add spi
2025-10-03 15:59:02,649 [INFO] IPUIPlugin:80 - create IPUIPlugin
2025-10-03 15:59:02,649 [INFO] PluginManager:220 - loadIPPluginJar : add gfxmmu
2025-10-03 15:59:02,652 [INFO] IPUIPlugin:80 - create IPUIPlugin
2025-10-03 15:59:02,652 [INFO] PluginManager:220 - loadIPPluginJar : add genericplugin
2025-10-03 15:59:02,654 [INFO] IPUIPlugin:80 - create IPUIPlugin
2025-10-03 15:59:02,654 [INFO] PluginManager:220 - loadIPPluginJar : add cryp
2025-10-03 15:59:02,657 [INFO] IPUIPlugin:80 - create IPUIPlugin
2025-10-03 15:59:02,657 [INFO] PluginManager:220 - loadIPPluginJar : add gpio
2025-10-03 15:59:02,662 [INFO] IPUIPlugin:80 - create IPUIPlugin
2025-10-03 15:59:02,663 [INFO] PluginManager:220 - loadIPPluginJar : add ddr_ctrl_phy
2025-10-03 15:59:02,665 [INFO] IPUIPlugin:80 - create IPUIPlugin
2025-10-03 15:59:02,665 [INFO] PluginManager:220 - loadIPPluginJar : add comp
2025-10-03 15:59:02,668 [INFO] IPUIPlugin:80 - create IPUIPlugin
2025-10-03 15:59:02,669 [INFO] PluginManager:220 - loadIPPluginJar : add tracer_emb
2025-10-03 15:59:02,672 [INFO] IPUIPlugin:80 - create IPUIPlugin
2025-10-03 15:59:02,672 [INFO] PluginManager:220 - loadIPPluginJar : add openamp
2025-10-03 15:59:02,677 [INFO] IPUIPlugin:80 - create IPUIPlugin
2025-10-03 15:59:02,677 [INFO] PluginManager:220 - loadIPPluginJar : add stm32_wpan
2025-10-03 15:59:02,681 [INFO] IPUIPlugin:80 - create IPUIPlugin
2025-10-03 15:59:02,684 [INFO] PluginManager:220 - loadIPPluginJar : add plateformsettings
2025-10-03 15:59:02,687 [INFO] IPUIPlugin:80 - create IPUIPlugin
2025-10-03 15:59:02,687 [INFO] PluginManager:220 - loadIPPluginJar : add ipddr
2025-10-03 15:59:02,691 [INFO] IPUIPlugin:80 - create IPUIPlugin
2025-10-03 15:59:02,692 [INFO] PluginManager:220 - loadIPPluginJar : add usart
2025-10-03 15:59:02,693 [INFO] IPUIPlugin:80 - create IPUIPlugin
2025-10-03 15:59:02,693 [INFO] PluginManager:220 - loadIPPluginJar : add ltdc
2025-10-03 15:59:02,696 [INFO] IPUIPlugin:80 - create IPUIPlugin
2025-10-03 15:59:02,696 [INFO] PluginManager:220 - loadIPPluginJar : add nvic
2025-10-03 15:59:02,697 [INFO] IPUIPlugin:80 - create IPUIPlugin
2025-10-03 15:59:02,697 [INFO] PluginManager:220 - loadIPPluginJar : add fatfs
2025-10-03 15:59:02,703 [INFO] IPUIPlugin:80 - create IPUIPlugin
2025-10-03 15:59:02,703 [INFO] PluginManager:220 - loadIPPluginJar : add linkedlist
2025-10-03 15:59:02,709 [INFO] IPUIPlugin:80 - create IPUIPlugin
2025-10-03 15:59:02,710 [INFO] PluginManager:220 - loadIPPluginJar : add dma
2025-10-03 15:59:02,713 [INFO] IPUIPlugin:80 - create IPUIPlugin
2025-10-03 15:59:02,713 [INFO] PluginManager:220 - loadIPPluginJar : add fmc
2025-10-03 15:59:02,716 [INFO] IPUIPlugin:80 - create IPUIPlugin
2025-10-03 15:59:02,716 [INFO] PluginManager:220 - loadIPPluginJar : add i2s
2025-10-03 15:59:02,717 [INFO] IPUIPlugin:80 - create IPUIPlugin
2025-10-03 15:59:02,718 [INFO] PluginManager:220 - loadIPPluginJar : add ucpd
2025-10-03 15:59:02,720 [INFO] IPUIPlugin:80 - create IPUIPlugin
2025-10-03 15:59:02,721 [INFO] PluginManager:220 - loadIPPluginJar : add lorawan
2025-10-03 15:59:02,723 [INFO] IPUIPlugin:80 - create IPUIPlugin
2025-10-03 15:59:02,723 [INFO] PluginManager:220 - loadIPPluginJar : add opamp
2025-10-03 15:59:02,725 [INFO] IPUIPlugin:80 - create IPUIPlugin
2025-10-03 15:59:02,726 [INFO] PluginManager:220 - loadIPPluginJar : add i3c
2025-10-03 15:59:02,729 [INFO] IPUIPlugin:80 - create IPUIPlugin
2025-10-03 15:59:02,729 [INFO] PluginManager:220 - loadIPPluginJar : add touchsensing
2025-10-03 15:59:02,733 [INFO] IPUIPlugin:80 - create IPUIPlugin
2025-10-03 15:59:02,734 [INFO] PluginManager:220 - loadIPPluginJar : add i2c
2025-10-03 15:59:02,737 [INFO] IPUIPlugin:80 - create IPUIPlugin
2025-10-03 15:59:02,738 [INFO] PluginManager:220 - loadIPPluginJar : add resmgrutility
2025-10-03 15:59:02,741 [INFO] IPUIPlugin:80 - create IPUIPlugin
2025-10-03 15:59:02,741 [INFO] PluginManager:220 - loadIPPluginJar : add sai
2025-10-03 15:59:02,744 [INFO] IPUIPlugin:80 - create IPUIPlugin
2025-10-03 15:59:02,744 [INFO] PluginManager:220 - loadIPPluginJar : add usbx
2025-10-03 15:59:02,875 [FATAL] Updater:351 - Updater called before beeing initialized
2025-10-03 15:59:02,940 [INFO] RulesReader:64 - Compatibility file has been processed (317 Rules)
2025-10-03 15:59:02,959 [INFO] RulesReader:64 - Compatibility file has been processed (317 Rules)
2025-10-03 15:59:02,969 [INFO] CADModel:165 - CPN selected for project level
2025-10-03 15:59:02,969 [INFO] CADModel:114 - Register for checkConnection events
2025-10-03 15:59:02,969 [FATAL] Updater:351 - Updater called before beeing initialized
2025-10-03 15:59:02,969 [ERROR] CADModel:125 - Updater not yet initialized, retry later 
2025-10-03 15:59:03,223 [FATAL] Updater:351 - Updater called before beeing initialized
2025-10-03 15:59:03,224 [INFO] CADModel:165 - CPN selected for project level
2025-10-03 15:59:03,224 [INFO] CADModel:114 - Register for checkConnection events
2025-10-03 15:59:03,225 [FATAL] Updater:351 - Updater called before beeing initialized
2025-10-03 15:59:03,225 [ERROR] CADModel:125 - Updater not yet initialized, retry later 
2025-10-03 15:59:03,227 [FATAL] Updater:351 - Updater called before beeing initialized
2025-10-03 15:59:03,424 [FATAL] Updater:351 - Updater called before beeing initialized
2025-10-03 15:59:03,431 [INFO] DbMcusAds:53 - JSON generation date=Tue Jul 08 16:14:23 SGT 2025 (1751962463582)
2025-10-03 15:59:03,432 [FATAL] Updater:351 - Updater called before beeing initialized
2025-10-03 15:59:03,442 [WARN] DetailPanel:346 - Failed to get advertising image, set to default
2025-10-03 15:59:03,535 [FATAL] Updater:351 - Updater called before beeing initialized
2025-10-03 15:59:03,539 [FATAL] Updater:351 - Updater called before beeing initialized
2025-10-03 15:59:03,540 [FATAL] Updater:351 - Updater called before beeing initialized
2025-10-03 15:59:03,540 [WARN] DetailPanel:346 - Failed to get advertising image, set to default
2025-10-03 15:59:03,544 [FATAL] Updater:351 - Updater called before beeing initialized
2025-10-03 15:59:03,620 [ERROR] Updater:1198 - MainUpdater not yet initialized. External WinMGr cannot be set.
2025-10-03 15:59:03,632 [INFO] Updater:1134 - Updater Version found : 6.15.0
2025-10-03 15:59:03,649 [INFO] ApplicationProperties:184 - Using Application install path: /Applications/STM32CubeIDE.app/Contents/Eclipse/plugins/com.st.stm32cube.common.mx_6.15.0.202507011659
2025-10-03 15:59:04,021 [INFO] MainUpdater:2872 - connection check result : 10
2025-10-03 15:59:04,022 [INFO] MainUpdater:289 - Updater Check For Update Now.
2025-10-03 15:59:04,022 [INFO] MicroXplorer:498 - Change Database Version : DB.6.0.150
2025-10-03 15:59:04,033 [INFO] McuFinderGlobals:63 - Set McuFinder mode to 2 (CubeIDE integrated)
2025-10-03 15:59:04,034 [INFO] UserAuth:487 - Internet connection configuration mode: 1
2025-10-03 15:59:04,056 [INFO] JxBrowserEngine:152 - Initiate JxBrowser Engine with user profile folder
2025-10-03 15:59:04,324 [INFO] CheckServerUpdateThread:120 - End of CheckServer Thread
2025-10-03 15:59:04,946 [WARN] PackLoader:240 - Cannot read IP mode file for STMicroelectronics.FP-SNS-MOTENVWB1.1.4.0
2025-10-03 15:59:04,981 [WARN] PackLoader:240 - Cannot read IP mode file for STMicroelectronics.FP-ATR-ASTRA1.2.0.2
2025-10-03 15:59:04,994 [WARN] PackLoader:240 - Cannot read IP mode file for STMicroelectronics.X-CUBE-SMBUS.2.1.0
2025-10-03 15:59:05,002 [WARN] PackLoader:240 - Cannot read IP mode file for STMicroelectronics.X-CUBE-ST60.1.0.0
2025-10-03 15:59:05,077 [WARN] PackLoader:240 - Cannot read IP mode file for STMicroelectronics.X-CUBE-AZRTOS-F7.1.1.0
2025-10-03 15:59:05,120 [WARN] PackLoader:240 - Cannot read IP mode file for WES.I-CUBE-Cesium.1.4.0
2025-10-03 15:59:05,166 [WARN] PackLoader:240 - Cannot read IP mode file for Infineon.AIROC-Wi-Fi-Bluetooth-STM32.1.7.1
2025-10-03 15:59:05,228 [WARN] PackLoader:240 - Cannot read IP mode file for STMicroelectronics.X-CUBE-AZRTOS-H7.3.4.0
2025-10-03 15:59:05,294 [WARN] PackLoader:240 - Cannot read IP mode file for STMicroelectronics.X-CUBE-DISPLAY.3.0.0
2025-10-03 15:59:05,351 [WARN] PackLoader:240 - Cannot read IP mode file for STMicroelectronics.X-CUBE-NFC10.1.0.0
2025-10-03 15:59:05,393 [WARN] PackLoader:240 - Cannot read IP mode file for emotas.I-CUBE-CANOPEN.1.3.0
2025-10-03 15:59:05,429 [WARN] PackLoader:240 - Cannot read IP mode file for STMicroelectronics.FP-SNS-STBOX1.2.1.0
2025-10-03 15:59:05,441 [WARN] PackLoader:240 - Cannot read IP mode file for STMicroelectronics.FP-SNS-SMARTAG2.1.2.0
2025-10-03 15:59:05,466 [WARN] PackLoader:240 - Cannot read IP mode file for STMicroelectronics.FP-SNS-FLIGHT1.5.1.0
2025-10-03 15:59:05,484 [INFO] LogOutputStream:77 - [STDOUT_REDIRECT] 1 : Invalid condition id : UX_CORESTACK_Condition cause : null
2025-10-03 15:59:05,486 [INFO] LogOutputStream:77 - [STDOUT_REDIRECT] 1 : Invalid condition id : UX_CORESTACK_Condition cause : null
2025-10-03 15:59:05,486 [INFO] LogOutputStream:77 - [STDOUT_REDIRECT] 1 : Invalid condition id : UX_CORESTACK_Condition cause : null
2025-10-03 15:59:05,487 [INFO] LogOutputStream:77 - [STDOUT_REDIRECT] 1 : Invalid condition id : UX_CORESTACK_Condition cause : null
2025-10-03 15:59:05,487 [INFO] LogOutputStream:77 - [STDOUT_REDIRECT] 1 : Invalid condition id : UX_CORESTACK_Condition cause : null
2025-10-03 15:59:05,492 [WARN] PackLoader:240 - Cannot read IP mode file for STMicroelectronics.X-CUBE-AZRTOS-WL.2.0.0
2025-10-03 15:59:05,497 [WARN] PackLoader:240 - Cannot read IP mode file for STMicroelectronics.FP-SNS-MOTENV1.5.0.0
2025-10-03 15:59:05,514 [WARN] PackLoader:240 - Cannot read IP mode file for STMicroelectronics.X-CUBE-BLE2.3.3.0
2025-10-03 15:59:05,524 [WARN] PackLoader:240 - Cannot read IP mode file for STMicroelectronics.X-CUBE-NFC9.1.0.0
2025-10-03 15:59:05,531 [WARN] PackLoader:240 - Cannot read IP mode file for wolfSSL.I-CUBE-wolfSSL.5.8.2
2025-10-03 15:59:05,540 [WARN] PackLoader:240 - Cannot read IP mode file for STMicroelectronics.X-CUBE-BLE1.7.1.0
2025-10-03 15:59:05,549 [WARN] PackLoader:240 - Cannot read IP mode file for wolfSSL.I-CUBE-wolfMQTT.1.19.2
2025-10-03 15:59:05,561 [WARN] PackLoader:240 - Cannot read IP mode file for STMicroelectronics.X-CUBE-EEPRMA1.5.2.0
2025-10-03 15:59:05,576 [WARN] PackLoader:240 - Cannot read IP mode file for STMicroelectronics.X-CUBE-AZRTOS-G0.1.1.0
2025-10-03 15:59:05,592 [WARN] PackLoader:240 - Cannot read IP mode file for STMicroelectronics.X-CUBE-SAFEA1.1.2.2
2025-10-03 15:59:05,601 [WARN] PackLoader:240 - Cannot read IP mode file for STMicroelectronics.X-CUBE-NFC4.3.0.0
2025-10-03 15:59:05,616 [WARN] PackLoader:240 - Cannot read IP mode file for EmbeddedOffice.I-CUBE-FS-RTOS.1.0.1
2025-10-03 15:59:05,624 [WARN] PackLoader:240 - Cannot read IP mode file for STMicroelectronics.X-CUBE-WB05N.2.0.0
2025-10-03 15:59:05,632 [WARN] PackLoader:240 - Cannot read IP mode file for wolfSSL.I-CUBE-wolfTPM.3.8.0
2025-10-03 15:59:05,638 [WARN] PackLoader:240 - Cannot read IP mode file for STMicroelectronics.X-CUBE-TCPP.4.2.0
2025-10-03 15:59:05,654 [WARN] PackLoader:240 - Cannot read IP mode file for RealThread.X-CUBE-RT-Thread_Nano.4.1.1
2025-10-03 15:59:05,660 [WARN] PackLoader:240 - Cannot read IP mode file for STMicroelectronics.FP-ATR-SIGFOX1.3.2.0
2025-10-03 15:59:05,667 [WARN] PackLoader:240 - Cannot read IP mode file for ITTIA_DB.I-CUBE-ITTIADB.8.9.0
2025-10-03 15:59:05,677 [WARN] PackLoader:240 - Cannot read IP mode file for STMicroelectronics.X-CUBE-ST67W61.1.0.0
2025-10-03 15:59:05,688 [WARN] PackLoader:240 - Cannot read IP mode file for STMicroelectronics.X-CUBE-AI.10.2.0
2025-10-03 15:59:05,756 [WARN] PackLoader:240 - Cannot read IP mode file for SEGGER.I-CUBE-embOS.1.3.1
2025-10-03 15:59:05,863 [WARN] PackLoader:240 - Cannot read IP mode file for STMicroelectronics.X-CUBE-ALGOBUILD.1.4.0
2025-10-03 15:59:05,961 [WARN] PackLoader:240 - Cannot read IP mode file for STMicroelectronics.X-CUBE-MEMS1.11.3.0
2025-10-03 15:59:06,471 [WARN] PackLoader:240 - Cannot read IP mode file for STMicroelectronics.X-CUBE-PM33A1.1.0.0
2025-10-03 15:59:06,557 [WARN] PackLoader:240 - Cannot read IP mode file for STMicroelectronics.X-CUBE-AZRTOS-F4.1.1.0
2025-10-03 15:59:06,583 [WARN] PackLoader:240 - Cannot read IP mode file for Avnet-IotConnect.X-CUBE-IoTC-DA16k-PMOD.1.0.0
2025-10-03 15:59:06,596 [WARN] PackLoader:240 - Cannot read IP mode file for STMicroelectronics.X-CUBE-ISPU.2.1.0
2025-10-03 15:59:06,614 [WARN] PackLoader:240 - Cannot read IP mode file for STMicroelectronics.X-CUBE-NFC12.1.0.0
2025-10-03 15:59:06,645 [WARN] PackLoader:240 - Cannot read IP mode file for STMicroelectronics.X-CUBE-AZRTOS-L5.2.0.0
2025-10-03 15:59:06,663 [WARN] PackLoader:240 - Cannot read IP mode file for STMicroelectronics.X-CUBE-NFC6.3.1.0
2025-10-03 15:59:06,674 [WARN] PackLoader:240 - Cannot read IP mode file for STMicroelectronics.X-CUBE-FREERTOS.1.3.1
2025-10-03 15:59:06,701 [WARN] PackLoader:240 - Cannot read IP mode file for STMicroelectronics.X-CUBE-TOUCHGFX.4.26.0
2025-10-03 15:59:06,718 [WARN] PackLoader:240 - Cannot read IP mode file for STMicroelectronics.FP-SNS-STAIOTCFT.1.0.0
2025-10-03 15:59:06,731 [WARN] PackLoader:240 - Cannot read IP mode file for STMicroelectronics.X-CUBE-DPower.1.3.0
2025-10-03 15:59:06,756 [WARN] ConditionMgr:438 - getConditionDescription Invalid condition id : LAN8742 Phy interface Condition cause : null
2025-10-03 15:59:06,758 [WARN] PackLoader:240 - Cannot read IP mode file for STMicroelectronics.X-CUBE-AZRTOS-L4.2.0.0
2025-10-03 15:59:06,761 [WARN] ConditionMgr:1044 - genDependencies : Invalid condition id : LAN8742 Phy interface Condition cause : null
2025-10-03 15:59:06,761 [WARN] ConditionMgr:1044 - genDependencies : Invalid condition id : LAN8742 Phy interface Condition cause : null
2025-10-03 15:59:06,763 [WARN] ConditionMgr:1044 - genDependencies : Invalid condition id : LAN8742 Phy interface Condition cause : null
2025-10-03 15:59:06,776 [WARN] PackLoader:240 - Cannot read IP mode file for STMicroelectronics.X-CUBE-SFXS2LP1.4.0.0
2025-10-03 15:59:06,802 [WARN] PackLoader:240 - Cannot read IP mode file for STMicroelectronics.X-CUBE-BLEMGR.4.1.0
2025-10-03 15:59:06,822 [WARN] ConditionMgr:438 - getConditionDescription Invalid condition id : UX DEVICE CLASS RTOS Condition cause : null
2025-10-03 15:59:06,823 [WARN] ConditionMgr:438 - getConditionDescription Invalid condition id : UX DEVICE CLASS RTOS Condition cause : null
2025-10-03 15:59:06,827 [WARN] PackLoader:240 - Cannot read IP mode file for STMicroelectronics.X-CUBE-AZRTOS-WB.2.0.0
2025-10-03 15:59:06,828 [WARN] ConditionMgr:1044 - genDependencies : Invalid condition id : UX DEVICE CLASS RTOS Condition cause : null
2025-10-03 15:59:06,828 [WARN] ConditionMgr:1044 - genDependencies : Invalid condition id : UX DEVICE CLASS RTOS Condition cause : null
2025-10-03 15:59:06,829 [WARN] ConditionMgr:1044 - genDependencies : Invalid condition id : UX DEVICE CLASS RTOS Condition cause : null
2025-10-03 15:59:06,829 [WARN] ConditionMgr:1044 - genDependencies : Invalid condition id : UX DEVICE CLASS RTOS Condition cause : null
2025-10-03 15:59:06,829 [WARN] ConditionMgr:1044 - genDependencies : Invalid condition id : UX DEVICE CLASS RTOS Condition cause : null
2025-10-03 15:59:06,838 [WARN] PackLoader:240 - Cannot read IP mode file for STMicroelectronics.X-CUBE-GNSS1.7.0.1
2025-10-03 15:59:06,844 [WARN] PackLoader:240 - Cannot read IP mode file for STMicroelectronics.X-CUBE-TOUCHGFX.4.25.0
2025-10-03 15:59:06,847 [WARN] ConditionMgr:438 - getConditionDescription Invalid condition id : Cortex-A Device cause : null
2025-10-03 15:59:06,924 [WARN] ConditionMgr:1044 - genDependencies : Invalid condition id : Cortex-A Device cause : null
2025-10-03 15:59:06,924 [WARN] ConditionMgr:1044 - genDependencies : Invalid condition id : Cortex-A Device cause : null
2025-10-03 15:59:06,924 [WARN] ConditionMgr:1044 - genDependencies : Invalid condition id : Cortex-A Device cause : null
2025-10-03 15:59:06,947 [WARN] PackLoader:240 - Cannot read IP mode file for STMicroelectronics.X-CUBE-SUBG2.5.0.0
2025-10-03 15:59:06,995 [WARN] PackLoader:240 - Cannot read IP mode file for STMicroelectronics.X-CUBE-AZRTOS-H7RS.1.1.0
2025-10-03 15:59:07,009 [WARN] PackLoader:240 - Cannot read IP mode file for Cesanta.I-CUBE-Mongoose.7.13.0
2025-10-03 15:59:07,026 [WARN] PackLoader:240 - Cannot read IP mode file for STMicroelectronics.X-CUBE-AZRTOS-G4.2.0.0
2025-10-03 15:59:07,032 [WARN] PackLoader:240 - Cannot read IP mode file for wolfSSL.I-CUBE-wolfSSH.1.4.20
2025-10-03 15:59:07,037 [WARN] PackLoader:240 - Cannot read IP mode file for STMicroelectronics.X-CUBE-NFC7.2.0.0
2025-10-03 15:59:07,071 [WARN] PackLoader:240 - Cannot read IP mode file for STMicroelectronics.X-CUBE-IPS.3.1.0
2025-10-03 15:59:07,086 [WARN] PackLoader:240 - Cannot read IP mode file for STMicroelectronics.X-CUBE-ALS.1.0.2
2025-10-03 15:59:07,093 [WARN] PackLoader:240 - Cannot read IP mode file for STMicroelectronics.X-CUBE-STSE01.1.0.0
2025-10-03 15:59:07,100 [WARN] PackLoader:240 - Cannot read IP mode file for portGmbH.I-Cube-SoM-uGOAL.1.1.0
2025-10-03 15:59:07,118 [WARN] PackLoader:240 - Cannot read IP mode file for STMicroelectronics.X-CUBE-TOF1.3.4.3
2025-10-03 15:59:07,128 [INFO] ThirdParty:978 - Integrity check success = true
2025-10-03 15:59:07,129 [INFO] IntegrityCheckThread:100 - exiting critical section [integrity check]
2025-10-03 15:59:07,129 [INFO] IntegrityCheckThread:103 - End integrity checks thread
2025-10-03 15:59:09,040 [INFO] WebApp:169 - Instantiating new browser for Auth
2025-10-03 15:59:10,833 [INFO] WebApp:463 - Apply proxy settings
2025-10-03 15:59:10,856 [INFO] WebApp:508 - Chromium authenticates against Manually configured proxy
2025-10-03 15:59:10,876 [INFO] WebApp:516 - Username used for proxy authentication: 
2025-10-03 15:59:10,938 [INFO] WebApp:900 - Register for checkConnection events
2025-10-03 15:59:10,939 [INFO] WebApp:463 - Apply proxy settings
2025-10-03 15:59:10,943 [INFO] WebApp:508 - Chromium authenticates against Manually configured proxy
2025-10-03 15:59:10,944 [INFO] WebApp:516 - Username used for proxy authentication: 
2025-10-03 15:59:11,167 [INFO] WebApp:225 - Starting web application
2025-10-03 15:59:11,168 [INFO] WebApp:593 - Web application path used /Applications/STM32CubeIDE.app/Contents/Eclipse/plugins/com.st.stm32cube.common.mx_6.15.0.202507011659/db/plugins/mcufinder/reactClient1/index.html
2025-10-03 15:59:11,423 [ERROR] LogOutputStream:75 - [STDERR_REDIRECT] 
2025-10-03 15:59:32,283 [INFO] Activator:176 - 


2025-10-03 15:59:32,285 [INFO] Activator:177 - !SESSION log4j initialized
2025-10-03 15:59:34,524 [INFO] LogOutputStream:77 - [STDOUT_REDIRECT] 
2025-10-03 15:59:35,814 [ERROR] LogOutputStream:75 - [STDERR_REDIRECT] 
2025-10-03 15:59:38,011 [INFO] LogOutputStream:77 - [STDOUT_REDIRECT] 
2025-10-03 15:59:40,368 [INFO] ApplicationProperties:184 - Using Application install path: /Applications/STM32CubeIDE.app/Contents/Eclipse/plugins/com.st.stm32cube.common.mx_6.15.0.202507011659
2025-10-03 15:59:40,384 [INFO] DbMcusXml:78 - Set database path to: /Applications/STM32CubeIDE.app/Contents/Eclipse/plugins/com.st.stm32cube.common.mx_6.15.0.202507011659//db//mcu/
2025-10-03 15:59:40,385 [INFO] ApiDb:274 - Set plugin database path to: /Applications/STM32CubeIDE.app/Contents/Eclipse/plugins/com.st.stm32cube.common.mx_6.15.0.202507011659//db//plugins/boardmanager/
2025-10-03 15:59:40,386 [WARN] ApiDb:259 - Overriding images path with different value:  => /Applications/STM32CubeIDE.app/Contents/Eclipse/plugins/com.st.stm32cube.common.mx_6.15.0.202507011659//db//plugins/mcufinder/images/
2025-10-03 15:59:40,392 [INFO] ApiDb:250 - Set database path to: /Users/dylan/.stmcufinder/plugins/mcufinder//mcu/
2025-10-03 15:59:40,393 [INFO] DbMcusAds:125 - Set database path to: /Users/dylan/.stmcufinder/plugins/mcufinder//mcu/
2025-10-03 15:59:40,395 [INFO] CrossReferenceDbSqlite:203 - Set database path to: /Users/dylan/.stmcufinder/plugins/mcufinder//mcu/cs/
2025-10-03 15:59:40,560 [INFO] RulesReader:64 - Compatibility file has been processed (317 Rules)
2025-10-03 15:59:40,631 [INFO] DbMcusXml:78 - Set database path to: /Applications/STM32CubeIDE.app/Contents/Eclipse/plugins/com.st.stm32cube.common.mx_6.15.0.202507011659//db//mcu/
2025-10-03 15:59:40,631 [INFO] ApiDb:274 - Set plugin database path to: /Applications/STM32CubeIDE.app/Contents/Eclipse/plugins/com.st.stm32cube.common.mx_6.15.0.202507011659//db//plugins/boardmanager/
2025-10-03 15:59:40,631 [INFO] ApiDb:261 - Set plugin images path to: /Applications/STM32CubeIDE.app/Contents/Eclipse/plugins/com.st.stm32cube.common.mx_6.15.0.202507011659//db//plugins/mcufinder/images/
2025-10-03 15:59:40,632 [WARN] DbFile:41 - Overriding database path with different value: /Users/dylan/.stmcufinder/plugins/mcufinder/ => /Users/dylan/.stmcufinder/plugins/mcufinder
2025-10-03 15:59:40,633 [INFO] ApiDb:250 - Set database path to: /Users/dylan/.stmcufinder/plugins/mcufinder//mcu/
2025-10-03 15:59:40,633 [WARN] DbFile:41 - Overriding database path with different value: /Users/dylan/.stmcufinder/plugins/mcufinder/ => /Users/dylan/.stmcufinder/plugins/mcufinder
2025-10-03 15:59:40,633 [INFO] DbMcusAds:125 - Set database path to: /Users/dylan/.stmcufinder/plugins/mcufinder//mcu/
2025-10-03 15:59:40,633 [WARN] DbFile:41 - Overriding database path with different value: /Users/dylan/.stmcufinder/plugins/mcufinder/ => /Users/dylan/.stmcufinder/plugins/mcufinder
2025-10-03 15:59:40,633 [WARN] DbFile:41 - Overriding database path with different value: /Users/dylan/.stmcufinder/plugins/mcufinder/ => /Users/dylan/.stmcufinder/plugins/mcufinder
2025-10-03 15:59:40,633 [INFO] CrossReferenceDbSqlite:203 - Set database path to: /Users/dylan/.stmcufinder/plugins/mcufinder//mcu/cs/
2025-10-03 15:59:40,725 [INFO] MainPanel:274 - HeapMemory: 268435456
2025-10-03 15:59:41,334 [INFO] DbMcusXml:78 - Set database path to: /Applications/STM32CubeIDE.app/Contents/Eclipse/plugins/com.st.stm32cube.common.mx_6.15.0.202507011659//db//mcu/
2025-10-03 15:59:41,334 [INFO] ApiDb:274 - Set plugin database path to: /Applications/STM32CubeIDE.app/Contents/Eclipse/plugins/com.st.stm32cube.common.mx_6.15.0.202507011659//db//plugins/boardmanager/
2025-10-03 15:59:41,334 [INFO] ApiDb:261 - Set plugin images path to: /Applications/STM32CubeIDE.app/Contents/Eclipse/plugins/com.st.stm32cube.common.mx_6.15.0.202507011659//db//plugins/mcufinder/images/
2025-10-03 15:59:41,334 [WARN] DbFile:41 - Overriding database path with different value: /Users/dylan/.stmcufinder/plugins/mcufinder/ => /Users/dylan/.stmcufinder/plugins/mcufinder
2025-10-03 15:59:41,334 [INFO] ApiDb:250 - Set database path to: /Users/dylan/.stmcufinder/plugins/mcufinder//mcu/
2025-10-03 15:59:41,334 [WARN] DbFile:41 - Overriding database path with different value: /Users/dylan/.stmcufinder/plugins/mcufinder/ => /Users/dylan/.stmcufinder/plugins/mcufinder
2025-10-03 15:59:41,334 [INFO] DbMcusAds:125 - Set database path to: /Users/dylan/.stmcufinder/plugins/mcufinder//mcu/
2025-10-03 15:59:41,334 [WARN] DbFile:41 - Overriding database path with different value: /Users/dylan/.stmcufinder/plugins/mcufinder/ => /Users/dylan/.stmcufinder/plugins/mcufinder
2025-10-03 15:59:41,334 [WARN] DbFile:41 - Overriding database path with different value: /Users/dylan/.stmcufinder/plugins/mcufinder/ => /Users/dylan/.stmcufinder/plugins/mcufinder
2025-10-03 15:59:41,335 [INFO] CrossReferenceDbSqlite:203 - Set database path to: /Users/dylan/.stmcufinder/plugins/mcufinder//mcu/cs/
2025-10-03 15:59:41,353 [INFO] ApplicationProperties:184 - Using Application install path: /Applications/STM32CubeIDE.app/Contents/Eclipse/plugins/com.st.stm32cube.common.mx_6.15.0.202507011659
2025-10-03 15:59:41,355 [INFO] PluginManage:196 - Search for loadable plugins [exclusion list=, ]
2025-10-03 15:59:41,356 [INFO] PluginManage:310 - Check plugin analytics
2025-10-03 15:59:41,606 [INFO] AnalyticsPlugin:253 - Accepted Software Licenses: 
2025-10-03 15:59:41,606 [INFO] AnalyticsPlugin:255 - Accepted CMSIS Pack Licenses: 
2025-10-03 15:59:41,606 [INFO] AnalyticsPlugin:257 - Accepted Firmware Licenses: FW.F4.1.28.0
2025-10-03 15:59:41,616 [INFO] PluginManage:359 - Loaded plugin analytics (category:tool,tabindex:-1)
2025-10-03 15:59:41,617 [INFO] PluginManage:310 - Check plugin cadmodel
2025-10-03 15:59:41,631 [INFO] CADModel:105 - Init CAD model plugin
2025-10-03 15:59:41,631 [INFO] PluginManage:359 - Loaded plugin cadmodel (category:power,tabindex:5)
2025-10-03 15:59:41,632 [INFO] PluginManage:310 - Check plugin clock
2025-10-03 15:59:41,645 [INFO] PluginManage:359 - Loaded plugin clock (category:base,tabindex:2)
2025-10-03 15:59:41,645 [INFO] PluginManage:310 - Check plugin ddr
2025-10-03 15:59:41,648 [INFO] PluginManage:359 - Loaded plugin ddr (category:tool,tabindex:6)
2025-10-03 15:59:41,648 [INFO] PluginManage:310 - Check plugin filemanager
2025-10-03 15:59:42,183 [INFO] PluginManage:359 - Loaded plugin filemanager (category:base,tabindex:10)
2025-10-03 15:59:42,189 [INFO] PluginManage:310 - Check plugin ipmanager
2025-10-03 15:59:42,273 [INFO] PluginManage:359 - Loaded plugin ipmanager (category:base,tabindex:5)
2025-10-03 15:59:42,277 [INFO] PluginManage:310 - Check plugin lpbam
2025-10-03 15:59:42,325 [INFO] PluginManage:359 - Loaded plugin lpbam (category:base,tabindex:0)
2025-10-03 15:59:42,326 [INFO] PluginManage:310 - Check plugin memorymap
2025-10-03 15:59:42,347 [INFO] PluginManage:359 - Loaded plugin memorymap (category:base,tabindex:4)
2025-10-03 15:59:42,347 [INFO] PluginManage:310 - Check plugin pinoutandconfiguration
2025-10-03 15:59:42,356 [INFO] PluginManage:359 - Loaded plugin pinoutandconfiguration (category:base,tabindex:1)
2025-10-03 15:59:42,357 [INFO] PluginManage:310 - Check plugin pinoutconfig
2025-10-03 15:59:42,485 [WARN] SupportedApi:132 - Cannot load RTOS API schema: s4s-elt-must-match.1: The content of 'definitions' must match (annotation?, (simpleType | complexType)?, (unique | key | keyref)*)). A problem was found starting at: attribute.
2025-10-03 15:59:42,727 [INFO] PluginManage:359 - Loaded plugin pinoutconfig (category:base,tabindex:0)
2025-10-03 15:59:42,728 [INFO] PluginManage:310 - Check plugin power
2025-10-03 15:59:42,743 [INFO] PluginManage:359 - Loaded plugin power (category:power,tabindex:4)
2025-10-03 15:59:42,743 [INFO] PluginManage:310 - Check plugin projectmanager
2025-10-03 15:59:42,779 [INFO] PluginManage:359 - Loaded plugin projectmanager (category:projectmanager,tabindex:4)
2025-10-03 15:59:42,780 [INFO] PluginManage:310 - Check plugin rif
2025-10-03 15:59:42,789 [INFO] PluginManage:359 - Loaded plugin rif (category:base,tabindex:3)
2025-10-03 15:59:42,790 [INFO] PluginManage:310 - Check plugin thirdparty
2025-10-03 15:59:43,033 [INFO] PluginManage:359 - Loaded plugin thirdparty (category:base,tabindex:-1)
2025-10-03 15:59:43,033 [INFO] PluginManage:310 - Check plugin tools
2025-10-03 15:59:43,033 [WARN] IntegrityCheckThread:84 - waiting for thirdparty lock release [integrity check]
2025-10-03 15:59:43,039 [INFO] PluginManage:359 - Loaded plugin tools (category:base,tabindex:7)
2025-10-03 15:59:43,039 [INFO] IntegrityCheckThread:86 - entering critical section [integrity check]
2025-10-03 15:59:43,039 [INFO] PluginManage:310 - Check plugin tutovideos
2025-10-03 15:59:43,040 [INFO] ThirdPartyUpdaterWithRetryManager:70 - Updater plugin not ready yet. [1/15]
2025-10-03 15:59:43,256 [INFO] PluginManage:359 - Loaded plugin tutovideos (category:base,tabindex:-1)
2025-10-03 15:59:43,257 [INFO] PluginManage:310 - Check plugin updater
2025-10-03 15:59:43,287 [INFO] PluginManage:359 - Loaded plugin updater (category:base,tabindex:12)
2025-10-03 15:59:43,288 [INFO] PluginManage:310 - Check plugin userauth
2025-10-03 15:59:43,292 [INFO] UserAuth:118 - Init User Auth plugin
2025-10-03 15:59:43,294 [INFO] PluginManage:359 - Loaded plugin userauth (category:base,tabindex:14)
2025-10-03 15:59:43,295 [INFO] PluginManage:283 - PluginManage : Loaded plugins [18]
2025-10-03 15:59:43,568 [INFO] PinOutPanel:1589 - setPackage(No Configuration,No Configuration)
2025-10-03 15:59:43,650 [INFO] CADModel:165 - CPN selected for project level
2025-10-03 15:59:43,651 [INFO] CADModel:114 - Register for checkConnection events
2025-10-03 15:59:43,665 [INFO] IPUIPlugin:80 - create IPUIPlugin
2025-10-03 15:59:43,666 [INFO] PluginManager:220 - loadIPPluginJar : add mdma
2025-10-03 15:59:43,672 [INFO] IPUIPlugin:80 - create IPUIPlugin
2025-10-03 15:59:43,672 [INFO] PluginManager:220 - loadIPPluginJar : add freertos
2025-10-03 15:59:43,677 [INFO] IPUIPlugin:80 - create IPUIPlugin
2025-10-03 15:59:43,677 [INFO] PluginManager:220 - loadIPPluginJar : add gic
2025-10-03 15:59:43,684 [INFO] IPUIPlugin:80 - create IPUIPlugin
2025-10-03 15:59:43,685 [INFO] PluginManager:220 - loadIPPluginJar : add adc
2025-10-03 15:59:43,687 [INFO] IPUIPlugin:80 - create IPUIPlugin
2025-10-03 15:59:43,688 [INFO] PluginManager:220 - loadIPPluginJar : add gtzc
2025-10-03 15:59:43,689 [INFO] IPUIPlugin:80 - create IPUIPlugin
2025-10-03 15:59:43,689 [INFO] PluginManager:220 - loadIPPluginJar : add quadspi
2025-10-03 15:59:43,691 [INFO] IPUIPlugin:80 - create IPUIPlugin
2025-10-03 15:59:43,691 [INFO] PluginManager:220 - loadIPPluginJar : add aes
2025-10-03 15:59:43,693 [INFO] IPUIPlugin:80 - create IPUIPlugin
2025-10-03 15:59:43,693 [INFO] PluginManager:220 - loadIPPluginJar : add pdm2pcm
2025-10-03 15:59:43,695 [INFO] IPUIPlugin:80 - create IPUIPlugin
2025-10-03 15:59:43,695 [INFO] PluginManager:220 - loadIPPluginJar : add hash
2025-10-03 15:59:43,696 [INFO] IPUIPlugin:80 - create IPUIPlugin
2025-10-03 15:59:43,696 [INFO] PluginManager:220 - loadIPPluginJar : add tim
2025-10-03 15:59:43,697 [INFO] IPUIPlugin:80 - create IPUIPlugin
2025-10-03 15:59:43,697 [INFO] PluginManager:220 - loadIPPluginJar : add tsc
2025-10-03 15:59:43,699 [INFO] IPUIPlugin:80 - create IPUIPlugin
2025-10-03 15:59:43,699 [INFO] PluginManager:220 - loadIPPluginJar : add extmemmanager
2025-10-03 15:59:43,701 [INFO] IPUIPlugin:80 - create IPUIPlugin
2025-10-03 15:59:43,701 [INFO] PluginManager:220 - loadIPPluginJar : add ts
2025-10-03 15:59:43,702 [INFO] IPUIPlugin:80 - create IPUIPlugin
2025-10-03 15:59:43,703 [INFO] PluginManager:220 - loadIPPluginJar : add radio
2025-10-03 15:59:43,705 [INFO] IPUIPlugin:80 - create IPUIPlugin
2025-10-03 15:59:43,705 [INFO] PluginManager:220 - loadIPPluginJar : add can
2025-10-03 15:59:43,707 [INFO] IPUIPlugin:80 - create IPUIPlugin
2025-10-03 15:59:43,707 [INFO] PluginManager:220 - loadIPPluginJar : add dma3
2025-10-03 15:59:43,708 [INFO] IPUIPlugin:80 - create IPUIPlugin
2025-10-03 15:59:43,709 [INFO] PluginManager:220 - loadIPPluginJar : add dfsdm
2025-10-03 15:59:43,710 [INFO] IPUIPlugin:80 - create IPUIPlugin
2025-10-03 15:59:43,710 [INFO] PluginManager:220 - loadIPPluginJar : add spi
2025-10-03 15:59:43,712 [INFO] IPUIPlugin:80 - create IPUIPlugin
2025-10-03 15:59:43,712 [INFO] PluginManager:220 - loadIPPluginJar : add gfxmmu
2025-10-03 15:59:43,714 [INFO] IPUIPlugin:80 - create IPUIPlugin
2025-10-03 15:59:43,714 [INFO] PluginManager:220 - loadIPPluginJar : add genericplugin
2025-10-03 15:59:43,716 [INFO] IPUIPlugin:80 - create IPUIPlugin
2025-10-03 15:59:43,716 [INFO] PluginManager:220 - loadIPPluginJar : add cryp
2025-10-03 15:59:43,719 [INFO] IPUIPlugin:80 - create IPUIPlugin
2025-10-03 15:59:43,719 [INFO] PluginManager:220 - loadIPPluginJar : add gpio
2025-10-03 15:59:43,721 [INFO] IPUIPlugin:80 - create IPUIPlugin
2025-10-03 15:59:43,722 [INFO] PluginManager:220 - loadIPPluginJar : add ddr_ctrl_phy
2025-10-03 15:59:43,727 [INFO] IPUIPlugin:80 - create IPUIPlugin
2025-10-03 15:59:43,727 [INFO] PluginManager:220 - loadIPPluginJar : add comp
2025-10-03 15:59:43,730 [INFO] IPUIPlugin:80 - create IPUIPlugin
2025-10-03 15:59:43,731 [INFO] PluginManager:220 - loadIPPluginJar : add tracer_emb
2025-10-03 15:59:43,734 [INFO] IPUIPlugin:80 - create IPUIPlugin
2025-10-03 15:59:43,734 [INFO] PluginManager:220 - loadIPPluginJar : add openamp
2025-10-03 15:59:43,739 [INFO] IPUIPlugin:80 - create IPUIPlugin
2025-10-03 15:59:43,739 [INFO] PluginManager:220 - loadIPPluginJar : add stm32_wpan
2025-10-03 15:59:43,744 [INFO] IPUIPlugin:80 - create IPUIPlugin
2025-10-03 15:59:43,749 [INFO] PluginManager:220 - loadIPPluginJar : add plateformsettings
2025-10-03 15:59:43,752 [INFO] IPUIPlugin:80 - create IPUIPlugin
2025-10-03 15:59:43,752 [INFO] PluginManager:220 - loadIPPluginJar : add ipddr
2025-10-03 15:59:43,754 [INFO] IPUIPlugin:80 - create IPUIPlugin
2025-10-03 15:59:43,754 [INFO] PluginManager:220 - loadIPPluginJar : add usart
2025-10-03 15:59:43,755 [INFO] IPUIPlugin:80 - create IPUIPlugin
2025-10-03 15:59:43,755 [INFO] PluginManager:220 - loadIPPluginJar : add ltdc
2025-10-03 15:59:43,757 [INFO] IPUIPlugin:80 - create IPUIPlugin
2025-10-03 15:59:43,758 [INFO] PluginManager:220 - loadIPPluginJar : add nvic
2025-10-03 15:59:43,759 [INFO] IPUIPlugin:80 - create IPUIPlugin
2025-10-03 15:59:43,759 [INFO] PluginManager:220 - loadIPPluginJar : add fatfs
2025-10-03 15:59:43,765 [INFO] IPUIPlugin:80 - create IPUIPlugin
2025-10-03 15:59:43,765 [INFO] PluginManager:220 - loadIPPluginJar : add linkedlist
2025-10-03 15:59:43,769 [INFO] IPUIPlugin:80 - create IPUIPlugin
2025-10-03 15:59:43,769 [INFO] PluginManager:220 - loadIPPluginJar : add dma
2025-10-03 15:59:43,773 [INFO] IPUIPlugin:80 - create IPUIPlugin
2025-10-03 15:59:43,773 [INFO] PluginManager:220 - loadIPPluginJar : add fmc
2025-10-03 15:59:43,776 [INFO] IPUIPlugin:80 - create IPUIPlugin
2025-10-03 15:59:43,776 [INFO] PluginManager:220 - loadIPPluginJar : add i2s
2025-10-03 15:59:43,777 [INFO] IPUIPlugin:80 - create IPUIPlugin
2025-10-03 15:59:43,777 [INFO] PluginManager:220 - loadIPPluginJar : add ucpd
2025-10-03 15:59:43,779 [INFO] IPUIPlugin:80 - create IPUIPlugin
2025-10-03 15:59:43,780 [INFO] PluginManager:220 - loadIPPluginJar : add lorawan
2025-10-03 15:59:43,783 [INFO] IPUIPlugin:80 - create IPUIPlugin
2025-10-03 15:59:43,783 [INFO] PluginManager:220 - loadIPPluginJar : add opamp
2025-10-03 15:59:43,785 [INFO] IPUIPlugin:80 - create IPUIPlugin
2025-10-03 15:59:43,785 [INFO] PluginManager:220 - loadIPPluginJar : add i3c
2025-10-03 15:59:43,787 [INFO] IPUIPlugin:80 - create IPUIPlugin
2025-10-03 15:59:43,787 [INFO] PluginManager:220 - loadIPPluginJar : add touchsensing
2025-10-03 15:59:43,790 [INFO] IPUIPlugin:80 - create IPUIPlugin
2025-10-03 15:59:43,790 [INFO] PluginManager:220 - loadIPPluginJar : add i2c
2025-10-03 15:59:43,793 [INFO] IPUIPlugin:80 - create IPUIPlugin
2025-10-03 15:59:43,793 [INFO] PluginManager:220 - loadIPPluginJar : add resmgrutility
2025-10-03 15:59:43,795 [INFO] IPUIPlugin:80 - create IPUIPlugin
2025-10-03 15:59:43,795 [INFO] PluginManager:220 - loadIPPluginJar : add sai
2025-10-03 15:59:43,798 [INFO] IPUIPlugin:80 - create IPUIPlugin
2025-10-03 15:59:43,798 [INFO] PluginManager:220 - loadIPPluginJar : add usbx
2025-10-03 15:59:43,934 [FATAL] Updater:351 - Updater called before beeing initialized
2025-10-03 15:59:44,000 [INFO] RulesReader:64 - Compatibility file has been processed (317 Rules)
2025-10-03 15:59:44,015 [INFO] RulesReader:64 - Compatibility file has been processed (317 Rules)
2025-10-03 15:59:44,026 [INFO] CADModel:165 - CPN selected for project level
2025-10-03 15:59:44,027 [INFO] CADModel:114 - Register for checkConnection events
2025-10-03 15:59:44,027 [FATAL] Updater:351 - Updater called before beeing initialized
2025-10-03 15:59:44,027 [ERROR] CADModel:125 - Updater not yet initialized, retry later 
2025-10-03 15:59:44,287 [FATAL] Updater:351 - Updater called before beeing initialized
2025-10-03 15:59:44,288 [INFO] CADModel:165 - CPN selected for project level
2025-10-03 15:59:44,288 [INFO] CADModel:114 - Register for checkConnection events
2025-10-03 15:59:44,288 [FATAL] Updater:351 - Updater called before beeing initialized
2025-10-03 15:59:44,288 [ERROR] CADModel:125 - Updater not yet initialized, retry later 
2025-10-03 15:59:44,291 [FATAL] Updater:351 - Updater called before beeing initialized
2025-10-03 15:59:44,498 [FATAL] Updater:351 - Updater called before beeing initialized
2025-10-03 15:59:44,506 [INFO] DbMcusAds:53 - JSON generation date=Tue Jul 08 16:14:23 SGT 2025 (1751962463582)
2025-10-03 15:59:44,507 [FATAL] Updater:351 - Updater called before beeing initialized
2025-10-03 15:59:44,565 [WARN] DetailPanel:346 - Failed to get advertising image, set to default
2025-10-03 15:59:44,646 [FATAL] Updater:351 - Updater called before beeing initialized
2025-10-03 15:59:44,649 [FATAL] Updater:351 - Updater called before beeing initialized
2025-10-03 15:59:44,650 [FATAL] Updater:351 - Updater called before beeing initialized
2025-10-03 15:59:44,651 [WARN] DetailPanel:346 - Failed to get advertising image, set to default
2025-10-03 15:59:44,657 [FATAL] Updater:351 - Updater called before beeing initialized
2025-10-03 15:59:44,730 [ERROR] Updater:1198 - MainUpdater not yet initialized. External WinMGr cannot be set.
2025-10-03 15:59:44,739 [INFO] Updater:1134 - Updater Version found : 6.15.0
2025-10-03 15:59:44,753 [INFO] ApplicationProperties:184 - Using Application install path: /Applications/STM32CubeIDE.app/Contents/Eclipse/plugins/com.st.stm32cube.common.mx_6.15.0.202507011659
2025-10-03 15:59:45,085 [INFO] MainUpdater:2872 - connection check result : 10
2025-10-03 15:59:45,086 [INFO] MainUpdater:289 - Updater Check For Update Now.
2025-10-03 15:59:45,087 [INFO] MicroXplorer:498 - Change Database Version : DB.6.0.150
2025-10-03 15:59:45,102 [INFO] McuFinderGlobals:63 - Set McuFinder mode to 2 (CubeIDE integrated)
2025-10-03 15:59:45,109 [INFO] UserAuth:487 - Internet connection configuration mode: 1
2025-10-03 15:59:45,133 [INFO] JxBrowserEngine:152 - Initiate JxBrowser Engine with user profile folder
2025-10-03 15:59:45,392 [INFO] CheckServerUpdateThread:120 - End of CheckServer Thread
2025-10-03 15:59:46,273 [WARN] PackLoader:240 - Cannot read IP mode file for STMicroelectronics.FP-SNS-MOTENVWB1.1.4.0
2025-10-03 15:59:46,301 [WARN] PackLoader:240 - Cannot read IP mode file for STMicroelectronics.FP-ATR-ASTRA1.2.0.2
2025-10-03 15:59:46,324 [WARN] PackLoader:240 - Cannot read IP mode file for STMicroelectronics.X-CUBE-SMBUS.2.1.0
2025-10-03 15:59:46,334 [WARN] PackLoader:240 - Cannot read IP mode file for STMicroelectronics.X-CUBE-ST60.1.0.0
2025-10-03 15:59:46,381 [WARN] PackLoader:240 - Cannot read IP mode file for STMicroelectronics.X-CUBE-AZRTOS-F7.1.1.0
2025-10-03 15:59:46,416 [WARN] PackLoader:240 - Cannot read IP mode file for WES.I-CUBE-Cesium.1.4.0
2025-10-03 15:59:46,457 [WARN] PackLoader:240 - Cannot read IP mode file for Infineon.AIROC-Wi-Fi-Bluetooth-STM32.1.7.1
2025-10-03 15:59:46,519 [WARN] PackLoader:240 - Cannot read IP mode file for STMicroelectronics.X-CUBE-AZRTOS-H7.3.4.0
2025-10-03 15:59:46,539 [WARN] PackLoader:240 - Cannot read IP mode file for STMicroelectronics.X-CUBE-DISPLAY.3.0.0
2025-10-03 15:59:46,571 [WARN] PackLoader:240 - Cannot read IP mode file for STMicroelectronics.X-CUBE-NFC10.1.0.0
2025-10-03 15:59:46,588 [WARN] PackLoader:240 - Cannot read IP mode file for emotas.I-CUBE-CANOPEN.1.3.0
2025-10-03 15:59:46,608 [WARN] PackLoader:240 - Cannot read IP mode file for STMicroelectronics.FP-SNS-STBOX1.2.1.0
2025-10-03 15:59:46,627 [WARN] PackLoader:240 - Cannot read IP mode file for STMicroelectronics.FP-SNS-SMARTAG2.1.2.0
2025-10-03 15:59:46,637 [WARN] PackLoader:240 - Cannot read IP mode file for STMicroelectronics.FP-SNS-FLIGHT1.5.1.0
2025-10-03 15:59:46,651 [INFO] LogOutputStream:77 - [STDOUT_REDIRECT] 1 : Invalid condition id : UX_CORESTACK_Condition cause : null
2025-10-03 15:59:46,652 [INFO] LogOutputStream:77 - [STDOUT_REDIRECT] 1 : Invalid condition id : UX_CORESTACK_Condition cause : null
2025-10-03 15:59:46,653 [INFO] LogOutputStream:77 - [STDOUT_REDIRECT] 1 : Invalid condition id : UX_CORESTACK_Condition cause : null
2025-10-03 15:59:46,653 [INFO] LogOutputStream:77 - [STDOUT_REDIRECT] 1 : Invalid condition id : UX_CORESTACK_Condition cause : null
2025-10-03 15:59:46,653 [INFO] LogOutputStream:77 - [STDOUT_REDIRECT] 1 : Invalid condition id : UX_CORESTACK_Condition cause : null
2025-10-03 15:59:46,662 [WARN] PackLoader:240 - Cannot read IP mode file for STMicroelectronics.X-CUBE-AZRTOS-WL.2.0.0
2025-10-03 15:59:46,669 [WARN] PackLoader:240 - Cannot read IP mode file for STMicroelectronics.FP-SNS-MOTENV1.5.0.0
2025-10-03 15:59:46,679 [WARN] PackLoader:240 - Cannot read IP mode file for STMicroelectronics.X-CUBE-BLE2.3.3.0
2025-10-03 15:59:46,696 [WARN] PackLoader:240 - Cannot read IP mode file for STMicroelectronics.X-CUBE-NFC9.1.0.0
2025-10-03 15:59:46,714 [WARN] PackLoader:240 - Cannot read IP mode file for wolfSSL.I-CUBE-wolfSSL.5.8.2
2025-10-03 15:59:46,729 [WARN] PackLoader:240 - Cannot read IP mode file for STMicroelectronics.X-CUBE-BLE1.7.1.0
2025-10-03 15:59:46,743 [WARN] PackLoader:240 - Cannot read IP mode file for wolfSSL.I-CUBE-wolfMQTT.1.19.2
2025-10-03 15:59:46,754 [WARN] PackLoader:240 - Cannot read IP mode file for STMicroelectronics.X-CUBE-EEPRMA1.5.2.0
2025-10-03 15:59:46,790 [WARN] PackLoader:240 - Cannot read IP mode file for STMicroelectronics.X-CUBE-AZRTOS-G0.1.1.0
2025-10-03 15:59:46,811 [WARN] PackLoader:240 - Cannot read IP mode file for STMicroelectronics.X-CUBE-SAFEA1.1.2.2
2025-10-03 15:59:46,819 [WARN] PackLoader:240 - Cannot read IP mode file for STMicroelectronics.X-CUBE-NFC4.3.0.0
2025-10-03 15:59:46,839 [WARN] PackLoader:240 - Cannot read IP mode file for EmbeddedOffice.I-CUBE-FS-RTOS.1.0.1
2025-10-03 15:59:46,851 [WARN] PackLoader:240 - Cannot read IP mode file for STMicroelectronics.X-CUBE-WB05N.2.0.0
2025-10-03 15:59:46,862 [WARN] PackLoader:240 - Cannot read IP mode file for wolfSSL.I-CUBE-wolfTPM.3.8.0
2025-10-03 15:59:46,872 [WARN] PackLoader:240 - Cannot read IP mode file for STMicroelectronics.X-CUBE-TCPP.4.2.0
2025-10-03 15:59:46,881 [WARN] PackLoader:240 - Cannot read IP mode file for RealThread.X-CUBE-RT-Thread_Nano.4.1.1
2025-10-03 15:59:46,892 [WARN] PackLoader:240 - Cannot read IP mode file for STMicroelectronics.FP-ATR-SIGFOX1.3.2.0
2025-10-03 15:59:46,899 [WARN] PackLoader:240 - Cannot read IP mode file for ITTIA_DB.I-CUBE-ITTIADB.8.9.0
2025-10-03 15:59:46,908 [WARN] PackLoader:240 - Cannot read IP mode file for STMicroelectronics.X-CUBE-ST67W61.1.0.0
2025-10-03 15:59:46,914 [WARN] PackLoader:240 - Cannot read IP mode file for STMicroelectronics.X-CUBE-AI.10.2.0
2025-10-03 15:59:47,007 [WARN] PackLoader:240 - Cannot read IP mode file for SEGGER.I-CUBE-embOS.1.3.1
2025-10-03 15:59:47,080 [WARN] PackLoader:240 - Cannot read IP mode file for STMicroelectronics.X-CUBE-ALGOBUILD.1.4.0
2025-10-03 15:59:47,184 [WARN] PackLoader:240 - Cannot read IP mode file for STMicroelectronics.X-CUBE-MEMS1.11.3.0
2025-10-03 15:59:47,560 [WARN] PackLoader:240 - Cannot read IP mode file for STMicroelectronics.X-CUBE-PM33A1.1.0.0
2025-10-03 15:59:47,642 [WARN] PackLoader:240 - Cannot read IP mode file for STMicroelectronics.X-CUBE-AZRTOS-F4.1.1.0
2025-10-03 15:59:47,662 [WARN] PackLoader:240 - Cannot read IP mode file for Avnet-IotConnect.X-CUBE-IoTC-DA16k-PMOD.1.0.0
2025-10-03 15:59:47,715 [WARN] PackLoader:240 - Cannot read IP mode file for STMicroelectronics.X-CUBE-ISPU.2.1.0
2025-10-03 15:59:47,733 [WARN] PackLoader:240 - Cannot read IP mode file for STMicroelectronics.X-CUBE-NFC12.1.0.0
2025-10-03 15:59:47,765 [WARN] PackLoader:240 - Cannot read IP mode file for STMicroelectronics.X-CUBE-AZRTOS-L5.2.0.0
2025-10-03 15:59:47,790 [WARN] PackLoader:240 - Cannot read IP mode file for STMicroelectronics.X-CUBE-NFC6.3.1.0
2025-10-03 15:59:47,806 [WARN] PackLoader:240 - Cannot read IP mode file for STMicroelectronics.X-CUBE-FREERTOS.1.3.1
2025-10-03 15:59:47,838 [WARN] PackLoader:240 - Cannot read IP mode file for STMicroelectronics.X-CUBE-TOUCHGFX.4.26.0
2025-10-03 15:59:47,855 [WARN] PackLoader:240 - Cannot read IP mode file for STMicroelectronics.FP-SNS-STAIOTCFT.1.0.0
2025-10-03 15:59:47,870 [WARN] PackLoader:240 - Cannot read IP mode file for STMicroelectronics.X-CUBE-DPower.1.3.0
2025-10-03 15:59:47,894 [WARN] ConditionMgr:438 - getConditionDescription Invalid condition id : LAN8742 Phy interface Condition cause : null
2025-10-03 15:59:47,897 [WARN] PackLoader:240 - Cannot read IP mode file for STMicroelectronics.X-CUBE-AZRTOS-L4.2.0.0
2025-10-03 15:59:47,901 [WARN] ConditionMgr:1044 - genDependencies : Invalid condition id : LAN8742 Phy interface Condition cause : null
2025-10-03 15:59:47,902 [WARN] ConditionMgr:1044 - genDependencies : Invalid condition id : LAN8742 Phy interface Condition cause : null
2025-10-03 15:59:47,903 [WARN] ConditionMgr:1044 - genDependencies : Invalid condition id : LAN8742 Phy interface Condition cause : null
2025-10-03 15:59:47,915 [WARN] PackLoader:240 - Cannot read IP mode file for STMicroelectronics.X-CUBE-SFXS2LP1.4.0.0
2025-10-03 15:59:47,941 [WARN] PackLoader:240 - Cannot read IP mode file for STMicroelectronics.X-CUBE-BLEMGR.4.1.0
2025-10-03 15:59:47,963 [WARN] ConditionMgr:438 - getConditionDescription Invalid condition id : UX DEVICE CLASS RTOS Condition cause : null
2025-10-03 15:59:47,963 [WARN] ConditionMgr:438 - getConditionDescription Invalid condition id : UX DEVICE CLASS RTOS Condition cause : null
2025-10-03 15:59:47,967 [WARN] PackLoader:240 - Cannot read IP mode file for STMicroelectronics.X-CUBE-AZRTOS-WB.2.0.0
2025-10-03 15:59:47,968 [WARN] ConditionMgr:1044 - genDependencies : Invalid condition id : UX DEVICE CLASS RTOS Condition cause : null
2025-10-03 15:59:47,968 [WARN] ConditionMgr:1044 - genDependencies : Invalid condition id : UX DEVICE CLASS RTOS Condition cause : null
2025-10-03 15:59:47,969 [WARN] ConditionMgr:1044 - genDependencies : Invalid condition id : UX DEVICE CLASS RTOS Condition cause : null
2025-10-03 15:59:47,969 [WARN] ConditionMgr:1044 - genDependencies : Invalid condition id : UX DEVICE CLASS RTOS Condition cause : null
2025-10-03 15:59:47,970 [WARN] ConditionMgr:1044 - genDependencies : Invalid condition id : UX DEVICE CLASS RTOS Condition cause : null
2025-10-03 15:59:47,978 [WARN] PackLoader:240 - Cannot read IP mode file for STMicroelectronics.X-CUBE-GNSS1.7.0.1
2025-10-03 15:59:47,982 [WARN] PackLoader:240 - Cannot read IP mode file for STMicroelectronics.X-CUBE-TOUCHGFX.4.25.0
2025-10-03 15:59:47,986 [WARN] ConditionMgr:438 - getConditionDescription Invalid condition id : Cortex-A Device cause : null
2025-10-03 15:59:48,061 [WARN] ConditionMgr:1044 - genDependencies : Invalid condition id : Cortex-A Device cause : null
2025-10-03 15:59:48,061 [WARN] ConditionMgr:1044 - genDependencies : Invalid condition id : Cortex-A Device cause : null
2025-10-03 15:59:48,062 [WARN] ConditionMgr:1044 - genDependencies : Invalid condition id : Cortex-A Device cause : null
2025-10-03 15:59:48,089 [WARN] PackLoader:240 - Cannot read IP mode file for STMicroelectronics.X-CUBE-SUBG2.5.0.0
2025-10-03 15:59:48,131 [WARN] PackLoader:240 - Cannot read IP mode file for STMicroelectronics.X-CUBE-AZRTOS-H7RS.1.1.0
2025-10-03 15:59:48,147 [WARN] PackLoader:240 - Cannot read IP mode file for Cesanta.I-CUBE-Mongoose.7.13.0
2025-10-03 15:59:48,173 [WARN] PackLoader:240 - Cannot read IP mode file for STMicroelectronics.X-CUBE-AZRTOS-G4.2.0.0
2025-10-03 15:59:48,185 [WARN] PackLoader:240 - Cannot read IP mode file for wolfSSL.I-CUBE-wolfSSH.1.4.20
2025-10-03 15:59:48,190 [WARN] PackLoader:240 - Cannot read IP mode file for STMicroelectronics.X-CUBE-NFC7.2.0.0
2025-10-03 15:59:48,209 [WARN] PackLoader:240 - Cannot read IP mode file for STMicroelectronics.X-CUBE-IPS.3.1.0
2025-10-03 15:59:48,219 [WARN] PackLoader:240 - Cannot read IP mode file for STMicroelectronics.X-CUBE-ALS.1.0.2
2025-10-03 15:59:48,226 [WARN] PackLoader:240 - Cannot read IP mode file for STMicroelectronics.X-CUBE-STSE01.1.0.0
2025-10-03 15:59:48,232 [WARN] PackLoader:240 - Cannot read IP mode file for portGmbH.I-Cube-SoM-uGOAL.1.1.0
2025-10-03 15:59:48,251 [WARN] PackLoader:240 - Cannot read IP mode file for STMicroelectronics.X-CUBE-TOF1.3.4.3
2025-10-03 15:59:48,261 [INFO] ThirdParty:978 - Integrity check success = true
2025-10-03 15:59:48,261 [INFO] IntegrityCheckThread:100 - exiting critical section [integrity check]
2025-10-03 15:59:48,261 [INFO] IntegrityCheckThread:103 - End integrity checks thread
2025-10-03 15:59:49,541 [INFO] WebApp:169 - Instantiating new browser for Auth
2025-10-03 15:59:50,950 [INFO] WebApp:463 - Apply proxy settings
2025-10-03 15:59:50,965 [INFO] WebApp:508 - Chromium authenticates against Manually configured proxy
2025-10-03 15:59:50,980 [INFO] WebApp:516 - Username used for proxy authentication: 
2025-10-03 15:59:51,027 [INFO] WebApp:900 - Register for checkConnection events
2025-10-03 15:59:51,028 [INFO] WebApp:463 - Apply proxy settings
2025-10-03 15:59:51,033 [INFO] WebApp:508 - Chromium authenticates against Manually configured proxy
2025-10-03 15:59:51,033 [INFO] WebApp:516 - Username used for proxy authentication: 
2025-10-03 15:59:51,257 [INFO] WebApp:225 - Starting web application
2025-10-03 15:59:51,258 [INFO] WebApp:593 - Web application path used /Applications/STM32CubeIDE.app/Contents/Eclipse/plugins/com.st.stm32cube.common.mx_6.15.0.202507011659/db/plugins/mcufinder/reactClient1/index.html
2025-10-03 15:59:51,699 [INFO] WebApp:191 - Connection restablished
2025-10-03 15:59:52,234 [INFO] UserAuth:487 - Internet connection configuration mode: 1
