2025-10-11 16:51:27,649 [INFO] Activator:176 - 


2025-10-11 16:51:27,656 [INFO] Activator:177 - !SESSION log4j initialized
2025-10-11 16:51:33,519 [INFO] LogOutputStream:77 - [STDOUT_REDIRECT] 
2025-10-11 16:51:35,381 [ERROR] LogOutputStream:75 - [STDERR_REDIRECT] 
2025-10-11 16:51:42,541 [INFO] LogOutputStream:77 - [STDOUT_REDIRECT] 
2025-10-11 16:51:44,762 [INFO] ApplicationProperties:184 - Using Application install path: /Applications/STM32CubeIDE.app/Contents/Eclipse/plugins/com.st.stm32cube.common.mx_6.15.0.202507011659
2025-10-11 16:51:44,786 [INFO] DbMcusXml:78 - Set database path to: /Applications/STM32CubeIDE.app/Contents/Eclipse/plugins/com.st.stm32cube.common.mx_6.15.0.202507011659//db//mcu/
2025-10-11 16:51:44,786 [INFO] ApiDb:274 - Set plugin database path to: /Applications/STM32CubeIDE.app/Contents/Eclipse/plugins/com.st.stm32cube.common.mx_6.15.0.202507011659//db//plugins/boardmanager/
2025-10-11 16:51:44,788 [WARN] ApiDb:259 - Overriding images path with different value:  => /Applications/STM32CubeIDE.app/Contents/Eclipse/plugins/com.st.stm32cube.common.mx_6.15.0.202507011659//db//plugins/mcufinder/images/
2025-10-11 16:51:44,799 [INFO] ApiDb:250 - Set database path to: /Users/dylan/.stmcufinder/plugins/mcufinder//mcu/
2025-10-11 16:51:44,800 [INFO] DbMcusAds:125 - Set database path to: /Users/dylan/.stmcufinder/plugins/mcufinder//mcu/
2025-10-11 16:51:44,803 [INFO] CrossReferenceDbSqlite:203 - Set database path to: /Users/dylan/.stmcufinder/plugins/mcufinder//mcu/cs/
2025-10-11 16:51:45,068 [INFO] RulesReader:64 - Compatibility file has been processed (317 Rules)
2025-10-11 16:51:45,166 [INFO] DbMcusXml:78 - Set database path to: /Applications/STM32CubeIDE.app/Contents/Eclipse/plugins/com.st.stm32cube.common.mx_6.15.0.202507011659//db//mcu/
2025-10-11 16:51:45,166 [INFO] ApiDb:274 - Set plugin database path to: /Applications/STM32CubeIDE.app/Contents/Eclipse/plugins/com.st.stm32cube.common.mx_6.15.0.202507011659//db//plugins/boardmanager/
2025-10-11 16:51:45,166 [INFO] ApiDb:261 - Set plugin images path to: /Applications/STM32CubeIDE.app/Contents/Eclipse/plugins/com.st.stm32cube.common.mx_6.15.0.202507011659//db//plugins/mcufinder/images/
2025-10-11 16:51:45,167 [WARN] DbFile:41 - Overriding database path with different value: /Users/dylan/.stmcufinder/plugins/mcufinder/ => /Users/dylan/.stmcufinder/plugins/mcufinder
2025-10-11 16:51:45,167 [INFO] ApiDb:250 - Set database path to: /Users/dylan/.stmcufinder/plugins/mcufinder//mcu/
2025-10-11 16:51:45,167 [WARN] DbFile:41 - Overriding database path with different value: /Users/dylan/.stmcufinder/plugins/mcufinder/ => /Users/dylan/.stmcufinder/plugins/mcufinder
2025-10-11 16:51:45,167 [INFO] DbMcusAds:125 - Set database path to: /Users/dylan/.stmcufinder/plugins/mcufinder//mcu/
2025-10-11 16:51:45,167 [WARN] DbFile:41 - Overriding database path with different value: /Users/dylan/.stmcufinder/plugins/mcufinder/ => /Users/dylan/.stmcufinder/plugins/mcufinder
2025-10-11 16:51:45,168 [WARN] DbFile:41 - Overriding database path with different value: /Users/dylan/.stmcufinder/plugins/mcufinder/ => /Users/dylan/.stmcufinder/plugins/mcufinder
2025-10-11 16:51:45,168 [INFO] CrossReferenceDbSqlite:203 - Set database path to: /Users/dylan/.stmcufinder/plugins/mcufinder//mcu/cs/
2025-10-11 16:51:45,300 [INFO] MainPanel:274 - HeapMemory: 268435456
2025-10-11 16:51:46,893 [INFO] DbMcusXml:78 - Set database path to: /Applications/STM32CubeIDE.app/Contents/Eclipse/plugins/com.st.stm32cube.common.mx_6.15.0.202507011659//db//mcu/
2025-10-11 16:51:46,894 [INFO] ApiDb:274 - Set plugin database path to: /Applications/STM32CubeIDE.app/Contents/Eclipse/plugins/com.st.stm32cube.common.mx_6.15.0.202507011659//db//plugins/boardmanager/
2025-10-11 16:51:46,894 [INFO] ApiDb:261 - Set plugin images path to: /Applications/STM32CubeIDE.app/Contents/Eclipse/plugins/com.st.stm32cube.common.mx_6.15.0.202507011659//db//plugins/mcufinder/images/
2025-10-11 16:51:46,894 [WARN] DbFile:41 - Overriding database path with different value: /Users/dylan/.stmcufinder/plugins/mcufinder/ => /Users/dylan/.stmcufinder/plugins/mcufinder
2025-10-11 16:51:46,895 [INFO] ApiDb:250 - Set database path to: /Users/dylan/.stmcufinder/plugins/mcufinder//mcu/
2025-10-11 16:51:46,895 [WARN] DbFile:41 - Overriding database path with different value: /Users/dylan/.stmcufinder/plugins/mcufinder/ => /Users/dylan/.stmcufinder/plugins/mcufinder
2025-10-11 16:51:46,895 [INFO] DbMcusAds:125 - Set database path to: /Users/dylan/.stmcufinder/plugins/mcufinder//mcu/
2025-10-11 16:51:46,895 [WARN] DbFile:41 - Overriding database path with different value: /Users/dylan/.stmcufinder/plugins/mcufinder/ => /Users/dylan/.stmcufinder/plugins/mcufinder
2025-10-11 16:51:46,895 [WARN] DbFile:41 - Overriding database path with different value: /Users/dylan/.stmcufinder/plugins/mcufinder/ => /Users/dylan/.stmcufinder/plugins/mcufinder
2025-10-11 16:51:46,895 [INFO] CrossReferenceDbSqlite:203 - Set database path to: /Users/dylan/.stmcufinder/plugins/mcufinder//mcu/cs/
2025-10-11 16:51:46,923 [INFO] ApplicationProperties:184 - Using Application install path: /Applications/STM32CubeIDE.app/Contents/Eclipse/plugins/com.st.stm32cube.common.mx_6.15.0.202507011659
2025-10-11 16:51:46,924 [INFO] PluginManage:196 - Search for loadable plugins [exclusion list=, ]
2025-10-11 16:51:46,927 [INFO] PluginManage:310 - Check plugin analytics
2025-10-11 16:51:47,272 [INFO] AnalyticsPlugin:253 - Accepted Software Licenses: 
2025-10-11 16:51:47,272 [INFO] AnalyticsPlugin:255 - Accepted CMSIS Pack Licenses: 
2025-10-11 16:51:47,272 [INFO] AnalyticsPlugin:257 - Accepted Firmware Licenses: FW.F4.1.28.0
2025-10-11 16:51:47,298 [INFO] PluginManage:359 - Loaded plugin analytics (category:tool,tabindex:-1)
2025-10-11 16:51:47,300 [INFO] PluginManage:310 - Check plugin cadmodel
2025-10-11 16:51:47,318 [INFO] CADModel:105 - Init CAD model plugin
2025-10-11 16:51:47,319 [INFO] PluginManage:359 - Loaded plugin cadmodel (category:power,tabindex:5)
2025-10-11 16:51:47,320 [INFO] PluginManage:310 - Check plugin clock
2025-10-11 16:51:47,334 [INFO] PluginManage:359 - Loaded plugin clock (category:base,tabindex:2)
2025-10-11 16:51:47,335 [INFO] PluginManage:310 - Check plugin ddr
2025-10-11 16:51:47,338 [INFO] PluginManage:359 - Loaded plugin ddr (category:tool,tabindex:6)
2025-10-11 16:51:47,339 [INFO] PluginManage:310 - Check plugin filemanager
2025-10-11 16:51:47,604 [INFO] PluginManage:359 - Loaded plugin filemanager (category:base,tabindex:10)
2025-10-11 16:51:47,605 [INFO] PluginManage:310 - Check plugin ipmanager
2025-10-11 16:51:47,617 [INFO] PluginManage:359 - Loaded plugin ipmanager (category:base,tabindex:5)
2025-10-11 16:51:47,617 [INFO] PluginManage:310 - Check plugin lpbam
2025-10-11 16:51:47,628 [INFO] PluginManage:359 - Loaded plugin lpbam (category:base,tabindex:0)
2025-10-11 16:51:47,628 [INFO] PluginManage:310 - Check plugin memorymap
2025-10-11 16:51:47,644 [INFO] PluginManage:359 - Loaded plugin memorymap (category:base,tabindex:4)
2025-10-11 16:51:47,645 [INFO] PluginManage:310 - Check plugin pinoutandconfiguration
2025-10-11 16:51:47,654 [INFO] PluginManage:359 - Loaded plugin pinoutandconfiguration (category:base,tabindex:1)
2025-10-11 16:51:47,654 [INFO] PluginManage:310 - Check plugin pinoutconfig
2025-10-11 16:51:47,793 [WARN] SupportedApi:132 - Cannot load RTOS API schema: s4s-elt-must-match.1: The content of 'definitions' must match (annotation?, (simpleType | complexType)?, (unique | key | keyref)*)). A problem was found starting at: attribute.
2025-10-11 16:51:48,895 [INFO] PluginManage:359 - Loaded plugin pinoutconfig (category:base,tabindex:0)
2025-10-11 16:51:48,898 [INFO] PluginManage:310 - Check plugin power
2025-10-11 16:51:48,955 [INFO] PluginManage:359 - Loaded plugin power (category:power,tabindex:4)
2025-10-11 16:51:48,956 [INFO] PluginManage:310 - Check plugin projectmanager
2025-10-11 16:51:49,120 [INFO] PluginManage:359 - Loaded plugin projectmanager (category:projectmanager,tabindex:4)
2025-10-11 16:51:49,122 [INFO] PluginManage:310 - Check plugin rif
2025-10-11 16:51:49,136 [INFO] PluginManage:359 - Loaded plugin rif (category:base,tabindex:3)
2025-10-11 16:51:49,136 [INFO] PluginManage:310 - Check plugin thirdparty
2025-10-11 16:51:49,705 [INFO] PluginManage:359 - Loaded plugin thirdparty (category:base,tabindex:-1)
2025-10-11 16:51:49,708 [INFO] PluginManage:310 - Check plugin tools
2025-10-11 16:51:49,706 [WARN] IntegrityCheckThread:84 - waiting for thirdparty lock release [integrity check]
2025-10-11 16:51:49,721 [INFO] IntegrityCheckThread:86 - entering critical section [integrity check]
2025-10-11 16:51:49,726 [INFO] ThirdPartyUpdaterWithRetryManager:70 - Updater plugin not ready yet. [1/15]
2025-10-11 16:51:49,729 [INFO] PluginManage:359 - Loaded plugin tools (category:base,tabindex:7)
2025-10-11 16:51:49,729 [INFO] PluginManage:310 - Check plugin tutovideos
2025-10-11 16:51:50,360 [INFO] PluginManage:359 - Loaded plugin tutovideos (category:base,tabindex:-1)
2025-10-11 16:51:50,361 [INFO] PluginManage:310 - Check plugin updater
2025-10-11 16:51:50,433 [INFO] PluginManage:359 - Loaded plugin updater (category:base,tabindex:12)
2025-10-11 16:51:50,433 [INFO] PluginManage:310 - Check plugin userauth
2025-10-11 16:51:50,440 [INFO] UserAuth:118 - Init User Auth plugin
2025-10-11 16:51:50,444 [INFO] PluginManage:359 - Loaded plugin userauth (category:base,tabindex:14)
2025-10-11 16:51:50,449 [INFO] PluginManage:283 - PluginManage : Loaded plugins [18]
2025-10-11 16:51:51,083 [INFO] PinOutPanel:1589 - setPackage(No Configuration,No Configuration)
2025-10-11 16:51:51,315 [INFO] CADModel:165 - CPN selected for project level
2025-10-11 16:51:51,317 [INFO] CADModel:114 - Register for checkConnection events
2025-10-11 16:51:51,337 [INFO] IPUIPlugin:80 - create IPUIPlugin
2025-10-11 16:51:51,337 [INFO] PluginManager:220 - loadIPPluginJar : add mdma
2025-10-11 16:51:51,348 [INFO] IPUIPlugin:80 - create IPUIPlugin
2025-10-11 16:51:51,348 [INFO] PluginManager:220 - loadIPPluginJar : add freertos
2025-10-11 16:51:51,356 [INFO] IPUIPlugin:80 - create IPUIPlugin
2025-10-11 16:51:51,356 [INFO] PluginManager:220 - loadIPPluginJar : add gic
2025-10-11 16:51:51,370 [INFO] IPUIPlugin:80 - create IPUIPlugin
2025-10-11 16:51:51,371 [INFO] PluginManager:220 - loadIPPluginJar : add adc
2025-10-11 16:51:51,374 [INFO] IPUIPlugin:80 - create IPUIPlugin
2025-10-11 16:51:51,374 [INFO] PluginManager:220 - loadIPPluginJar : add gtzc
2025-10-11 16:51:51,376 [INFO] IPUIPlugin:80 - create IPUIPlugin
2025-10-11 16:51:51,376 [INFO] PluginManager:220 - loadIPPluginJar : add quadspi
2025-10-11 16:51:51,380 [INFO] IPUIPlugin:80 - create IPUIPlugin
2025-10-11 16:51:51,380 [INFO] PluginManager:220 - loadIPPluginJar : add aes
2025-10-11 16:51:51,383 [INFO] IPUIPlugin:80 - create IPUIPlugin
2025-10-11 16:51:51,384 [INFO] PluginManager:220 - loadIPPluginJar : add pdm2pcm
2025-10-11 16:51:51,386 [INFO] IPUIPlugin:80 - create IPUIPlugin
2025-10-11 16:51:51,386 [INFO] PluginManager:220 - loadIPPluginJar : add hash
2025-10-11 16:51:51,389 [INFO] IPUIPlugin:80 - create IPUIPlugin
2025-10-11 16:51:51,390 [INFO] PluginManager:220 - loadIPPluginJar : add tim
2025-10-11 16:51:51,391 [INFO] IPUIPlugin:80 - create IPUIPlugin
2025-10-11 16:51:51,391 [INFO] PluginManager:220 - loadIPPluginJar : add tsc
2025-10-11 16:51:51,397 [INFO] IPUIPlugin:80 - create IPUIPlugin
2025-10-11 16:51:51,397 [INFO] PluginManager:220 - loadIPPluginJar : add extmemmanager
2025-10-11 16:51:51,400 [INFO] IPUIPlugin:80 - create IPUIPlugin
2025-10-11 16:51:51,400 [INFO] PluginManager:220 - loadIPPluginJar : add ts
2025-10-11 16:51:51,404 [INFO] IPUIPlugin:80 - create IPUIPlugin
2025-10-11 16:51:51,404 [INFO] PluginManager:220 - loadIPPluginJar : add radio
2025-10-11 16:51:51,407 [INFO] IPUIPlugin:80 - create IPUIPlugin
2025-10-11 16:51:51,407 [INFO] PluginManager:220 - loadIPPluginJar : add can
2025-10-11 16:51:51,411 [INFO] IPUIPlugin:80 - create IPUIPlugin
2025-10-11 16:51:51,412 [INFO] PluginManager:220 - loadIPPluginJar : add dma3
2025-10-11 16:51:51,451 [INFO] IPUIPlugin:80 - create IPUIPlugin
2025-10-11 16:51:51,453 [INFO] PluginManager:220 - loadIPPluginJar : add dfsdm
2025-10-11 16:51:51,459 [INFO] IPUIPlugin:80 - create IPUIPlugin
2025-10-11 16:51:51,459 [INFO] PluginManager:220 - loadIPPluginJar : add spi
2025-10-11 16:51:51,462 [INFO] IPUIPlugin:80 - create IPUIPlugin
2025-10-11 16:51:51,462 [INFO] PluginManager:220 - loadIPPluginJar : add gfxmmu
2025-10-11 16:51:51,467 [INFO] IPUIPlugin:80 - create IPUIPlugin
2025-10-11 16:51:51,468 [INFO] PluginManager:220 - loadIPPluginJar : add genericplugin
2025-10-11 16:51:51,470 [INFO] IPUIPlugin:80 - create IPUIPlugin
2025-10-11 16:51:51,471 [INFO] PluginManager:220 - loadIPPluginJar : add cryp
2025-10-11 16:51:51,476 [INFO] IPUIPlugin:80 - create IPUIPlugin
2025-10-11 16:51:51,476 [INFO] PluginManager:220 - loadIPPluginJar : add gpio
2025-10-11 16:51:51,480 [INFO] IPUIPlugin:80 - create IPUIPlugin
2025-10-11 16:51:51,480 [INFO] PluginManager:220 - loadIPPluginJar : add ddr_ctrl_phy
2025-10-11 16:51:51,482 [INFO] IPUIPlugin:80 - create IPUIPlugin
2025-10-11 16:51:51,483 [INFO] PluginManager:220 - loadIPPluginJar : add comp
2025-10-11 16:51:51,486 [INFO] IPUIPlugin:80 - create IPUIPlugin
2025-10-11 16:51:51,488 [INFO] PluginManager:220 - loadIPPluginJar : add tracer_emb
2025-10-11 16:51:51,492 [INFO] IPUIPlugin:80 - create IPUIPlugin
2025-10-11 16:51:51,492 [INFO] PluginManager:220 - loadIPPluginJar : add openamp
2025-10-11 16:51:51,497 [INFO] IPUIPlugin:80 - create IPUIPlugin
2025-10-11 16:51:51,497 [INFO] PluginManager:220 - loadIPPluginJar : add stm32_wpan
2025-10-11 16:51:51,503 [INFO] IPUIPlugin:80 - create IPUIPlugin
2025-10-11 16:51:51,509 [INFO] PluginManager:220 - loadIPPluginJar : add plateformsettings
2025-10-11 16:51:51,513 [INFO] IPUIPlugin:80 - create IPUIPlugin
2025-10-11 16:51:51,513 [INFO] PluginManager:220 - loadIPPluginJar : add ipddr
2025-10-11 16:51:51,517 [INFO] IPUIPlugin:80 - create IPUIPlugin
2025-10-11 16:51:51,518 [INFO] PluginManager:220 - loadIPPluginJar : add usart
2025-10-11 16:51:51,520 [INFO] IPUIPlugin:80 - create IPUIPlugin
2025-10-11 16:51:51,520 [INFO] PluginManager:220 - loadIPPluginJar : add ltdc
2025-10-11 16:51:51,523 [INFO] IPUIPlugin:80 - create IPUIPlugin
2025-10-11 16:51:51,523 [INFO] PluginManager:220 - loadIPPluginJar : add nvic
2025-10-11 16:51:51,525 [INFO] IPUIPlugin:80 - create IPUIPlugin
2025-10-11 16:51:51,526 [INFO] PluginManager:220 - loadIPPluginJar : add fatfs
2025-10-11 16:51:51,534 [INFO] IPUIPlugin:80 - create IPUIPlugin
2025-10-11 16:51:51,534 [INFO] PluginManager:220 - loadIPPluginJar : add linkedlist
2025-10-11 16:51:51,540 [INFO] IPUIPlugin:80 - create IPUIPlugin
2025-10-11 16:51:51,541 [INFO] PluginManager:220 - loadIPPluginJar : add dma
2025-10-11 16:51:51,545 [INFO] IPUIPlugin:80 - create IPUIPlugin
2025-10-11 16:51:51,546 [INFO] PluginManager:220 - loadIPPluginJar : add fmc
2025-10-11 16:51:51,550 [INFO] IPUIPlugin:80 - create IPUIPlugin
2025-10-11 16:51:51,550 [INFO] PluginManager:220 - loadIPPluginJar : add i2s
2025-10-11 16:51:51,558 [INFO] IPUIPlugin:80 - create IPUIPlugin
2025-10-11 16:51:51,559 [INFO] PluginManager:220 - loadIPPluginJar : add ucpd
2025-10-11 16:51:51,563 [INFO] IPUIPlugin:80 - create IPUIPlugin
2025-10-11 16:51:51,563 [INFO] PluginManager:220 - loadIPPluginJar : add lorawan
2025-10-11 16:51:51,565 [INFO] IPUIPlugin:80 - create IPUIPlugin
2025-10-11 16:51:51,565 [INFO] PluginManager:220 - loadIPPluginJar : add opamp
2025-10-11 16:51:51,568 [INFO] IPUIPlugin:80 - create IPUIPlugin
2025-10-11 16:51:51,569 [INFO] PluginManager:220 - loadIPPluginJar : add i3c
2025-10-11 16:51:51,573 [INFO] IPUIPlugin:80 - create IPUIPlugin
2025-10-11 16:51:51,579 [INFO] PluginManager:220 - loadIPPluginJar : add touchsensing
2025-10-11 16:51:51,585 [INFO] IPUIPlugin:80 - create IPUIPlugin
2025-10-11 16:51:51,585 [INFO] PluginManager:220 - loadIPPluginJar : add i2c
2025-10-11 16:51:51,590 [INFO] IPUIPlugin:80 - create IPUIPlugin
2025-10-11 16:51:51,592 [INFO] PluginManager:220 - loadIPPluginJar : add resmgrutility
2025-10-11 16:51:51,597 [INFO] IPUIPlugin:80 - create IPUIPlugin
2025-10-11 16:51:51,598 [INFO] PluginManager:220 - loadIPPluginJar : add sai
2025-10-11 16:51:51,601 [INFO] IPUIPlugin:80 - create IPUIPlugin
2025-10-11 16:51:51,602 [INFO] PluginManager:220 - loadIPPluginJar : add usbx
2025-10-11 16:51:52,003 [FATAL] Updater:351 - Updater called before beeing initialized
2025-10-11 16:51:52,313 [INFO] RulesReader:64 - Compatibility file has been processed (317 Rules)
2025-10-11 16:51:52,372 [INFO] RulesReader:64 - Compatibility file has been processed (317 Rules)
2025-10-11 16:51:52,415 [INFO] CADModel:165 - CPN selected for project level
2025-10-11 16:51:52,417 [INFO] CADModel:114 - Register for checkConnection events
2025-10-11 16:51:52,418 [FATAL] Updater:351 - Updater called before beeing initialized
2025-10-11 16:51:52,418 [ERROR] CADModel:125 - Updater not yet initialized, retry later 
2025-10-11 16:51:52,767 [INFO] ThirdPartyUpdaterWithRetryManager:70 - Updater plugin not ready yet. [2/15]
2025-10-11 16:51:53,154 [FATAL] Updater:351 - Updater called before beeing initialized
2025-10-11 16:51:53,157 [INFO] CADModel:165 - CPN selected for project level
2025-10-11 16:51:53,157 [INFO] CADModel:114 - Register for checkConnection events
2025-10-11 16:51:53,158 [FATAL] Updater:351 - Updater called before beeing initialized
2025-10-11 16:51:53,158 [ERROR] CADModel:125 - Updater not yet initialized, retry later 
2025-10-11 16:51:53,163 [FATAL] Updater:351 - Updater called before beeing initialized
2025-10-11 16:51:53,461 [FATAL] Updater:351 - Updater called before beeing initialized
2025-10-11 16:51:53,495 [INFO] DbMcusAds:53 - JSON generation date=Tue Jul 08 16:14:23 SGT 2025 (1751962463582)
2025-10-11 16:51:53,497 [FATAL] Updater:351 - Updater called before beeing initialized
2025-10-11 16:51:53,834 [WARN] DetailPanel:346 - Failed to get advertising image, set to default
2025-10-11 16:51:54,222 [FATAL] Updater:351 - Updater called before beeing initialized
2025-10-11 16:51:54,243 [FATAL] Updater:351 - Updater called before beeing initialized
2025-10-11 16:51:54,243 [FATAL] Updater:351 - Updater called before beeing initialized
2025-10-11 16:51:54,244 [WARN] DetailPanel:346 - Failed to get advertising image, set to default
2025-10-11 16:51:54,248 [FATAL] Updater:351 - Updater called before beeing initialized
2025-10-11 16:51:54,722 [ERROR] Updater:1198 - MainUpdater not yet initialized. External WinMGr cannot be set.
2025-10-11 16:51:54,747 [INFO] Updater:1134 - Updater Version found : 6.15.0
2025-10-11 16:51:54,779 [INFO] ApplicationProperties:184 - Using Application install path: /Applications/STM32CubeIDE.app/Contents/Eclipse/plugins/com.st.stm32cube.common.mx_6.15.0.202507011659
2025-10-11 16:51:55,539 [INFO] MainUpdater:2872 - connection check result : 10
2025-10-11 16:51:55,541 [INFO] MainUpdater:289 - Updater Check For Update Now.
2025-10-11 16:51:55,542 [INFO] MicroXplorer:498 - Change Database Version : DB.6.0.150
2025-10-11 16:51:55,560 [INFO] McuFinderGlobals:63 - Set McuFinder mode to 2 (CubeIDE integrated)
2025-10-11 16:51:55,562 [INFO] UserAuth:487 - Internet connection configuration mode: 1
2025-10-11 16:51:55,596 [INFO] JxBrowserEngine:152 - Initiate JxBrowser Engine with user profile folder
2025-10-11 16:51:55,776 [WARN] MainUpdater:1193 - Updater busy. Cannot search thirdparties
2025-10-11 16:51:55,777 [INFO] ThirdPartyUpdaterWithRetryManager:96 - Updater plugin is busy. [1/15]
2025-10-11 16:51:55,960 [INFO] CheckServerUpdateThread:120 - End of CheckServer Thread
2025-10-11 16:51:59,004 [WARN] PackLoader:240 - Cannot read IP mode file for STMicroelectronics.FP-SNS-MOTENVWB1.1.4.0
2025-10-11 16:51:59,031 [WARN] PackLoader:240 - Cannot read IP mode file for STMicroelectronics.FP-ATR-ASTRA1.2.0.2
2025-10-11 16:51:59,051 [WARN] PackLoader:240 - Cannot read IP mode file for STMicroelectronics.X-CUBE-SMBUS.2.1.0
2025-10-11 16:51:59,058 [WARN] PackLoader:240 - Cannot read IP mode file for STMicroelectronics.X-CUBE-ST60.1.0.0
2025-10-11 16:51:59,118 [WARN] PackLoader:240 - Cannot read IP mode file for STMicroelectronics.X-CUBE-AZRTOS-F7.1.1.0
2025-10-11 16:51:59,159 [WARN] PackLoader:240 - Cannot read IP mode file for WES.I-CUBE-Cesium.1.4.0
2025-10-11 16:51:59,554 [WARN] PackLoader:240 - Cannot read IP mode file for Infineon.AIROC-Wi-Fi-Bluetooth-STM32.1.7.1
2025-10-11 16:51:59,893 [WARN] PackLoader:240 - Cannot read IP mode file for STMicroelectronics.X-CUBE-AZRTOS-H7.3.4.0
2025-10-11 16:51:59,955 [WARN] PackLoader:240 - Cannot read IP mode file for STMicroelectronics.X-CUBE-DISPLAY.3.0.0
2025-10-11 16:52:00,016 [WARN] PackLoader:240 - Cannot read IP mode file for STMicroelectronics.X-CUBE-NFC10.1.0.0
2025-10-11 16:52:00,040 [WARN] PackLoader:240 - Cannot read IP mode file for emotas.I-CUBE-CANOPEN.1.3.0
2025-10-11 16:52:00,057 [WARN] PackLoader:240 - Cannot read IP mode file for STMicroelectronics.FP-SNS-STBOX1.2.1.0
2025-10-11 16:52:00,074 [WARN] PackLoader:240 - Cannot read IP mode file for STMicroelectronics.FP-SNS-SMARTAG2.1.2.0
2025-10-11 16:52:00,083 [WARN] PackLoader:240 - Cannot read IP mode file for STMicroelectronics.FP-SNS-FLIGHT1.5.1.0
2025-10-11 16:52:00,102 [INFO] LogOutputStream:77 - [STDOUT_REDIRECT] 1 : Invalid condition id : UX_CORESTACK_Condition cause : null
2025-10-11 16:52:00,117 [INFO] LogOutputStream:77 - [STDOUT_REDIRECT] 1 : Invalid condition id : UX_CORESTACK_Condition cause : null
2025-10-11 16:52:00,117 [INFO] LogOutputStream:77 - [STDOUT_REDIRECT] 1 : Invalid condition id : UX_CORESTACK_Condition cause : null
2025-10-11 16:52:00,117 [INFO] LogOutputStream:77 - [STDOUT_REDIRECT] 1 : Invalid condition id : UX_CORESTACK_Condition cause : null
2025-10-11 16:52:00,117 [INFO] LogOutputStream:77 - [STDOUT_REDIRECT] 1 : Invalid condition id : UX_CORESTACK_Condition cause : null
2025-10-11 16:52:00,126 [WARN] PackLoader:240 - Cannot read IP mode file for STMicroelectronics.X-CUBE-AZRTOS-WL.2.0.0
2025-10-11 16:52:00,136 [WARN] PackLoader:240 - Cannot read IP mode file for STMicroelectronics.FP-SNS-MOTENV1.5.0.0
2025-10-11 16:52:00,161 [WARN] PackLoader:240 - Cannot read IP mode file for STMicroelectronics.X-CUBE-BLE2.3.3.0
2025-10-11 16:52:00,184 [WARN] PackLoader:240 - Cannot read IP mode file for STMicroelectronics.X-CUBE-NFC9.1.0.0
2025-10-11 16:52:00,208 [WARN] PackLoader:240 - Cannot read IP mode file for wolfSSL.I-CUBE-wolfSSL.5.8.2
2025-10-11 16:52:00,251 [WARN] PackLoader:240 - Cannot read IP mode file for STMicroelectronics.X-CUBE-BLE1.7.1.0
2025-10-11 16:52:00,267 [WARN] PackLoader:240 - Cannot read IP mode file for wolfSSL.I-CUBE-wolfMQTT.1.19.2
2025-10-11 16:52:00,279 [WARN] PackLoader:240 - Cannot read IP mode file for STMicroelectronics.X-CUBE-EEPRMA1.5.2.0
2025-10-11 16:52:00,314 [WARN] PackLoader:240 - Cannot read IP mode file for STMicroelectronics.X-CUBE-AZRTOS-G0.1.1.0
2025-10-11 16:52:00,336 [WARN] PackLoader:240 - Cannot read IP mode file for STMicroelectronics.X-CUBE-SAFEA1.1.2.2
2025-10-11 16:52:00,347 [WARN] PackLoader:240 - Cannot read IP mode file for STMicroelectronics.X-CUBE-NFC4.3.0.0
2025-10-11 16:52:00,424 [WARN] PackLoader:240 - Cannot read IP mode file for EmbeddedOffice.I-CUBE-FS-RTOS.1.0.1
2025-10-11 16:52:00,488 [WARN] PackLoader:240 - Cannot read IP mode file for STMicroelectronics.X-CUBE-WB05N.2.0.0
2025-10-11 16:52:00,520 [WARN] PackLoader:240 - Cannot read IP mode file for wolfSSL.I-CUBE-wolfTPM.3.8.0
2025-10-11 16:52:00,538 [WARN] PackLoader:240 - Cannot read IP mode file for STMicroelectronics.X-CUBE-TCPP.4.2.0
2025-10-11 16:52:00,618 [WARN] PackLoader:240 - Cannot read IP mode file for RealThread.X-CUBE-RT-Thread_Nano.4.1.1
2025-10-11 16:52:00,682 [WARN] PackLoader:240 - Cannot read IP mode file for STMicroelectronics.FP-ATR-SIGFOX1.3.2.0
2025-10-11 16:52:00,698 [WARN] PackLoader:240 - Cannot read IP mode file for ITTIA_DB.I-CUBE-ITTIADB.8.9.0
2025-10-11 16:52:00,742 [WARN] PackLoader:240 - Cannot read IP mode file for STMicroelectronics.X-CUBE-ST67W61.1.0.0
2025-10-11 16:52:00,763 [WARN] PackLoader:240 - Cannot read IP mode file for STMicroelectronics.X-CUBE-AI.10.2.0
2025-10-11 16:52:00,905 [WARN] PackLoader:240 - Cannot read IP mode file for SEGGER.I-CUBE-embOS.1.3.1
2025-10-11 16:52:00,958 [WARN] PackLoader:240 - Cannot read IP mode file for STMicroelectronics.X-CUBE-ALGOBUILD.1.4.0
2025-10-11 16:52:01,057 [WARN] PackLoader:240 - Cannot read IP mode file for STMicroelectronics.X-CUBE-MEMS1.11.3.0
2025-10-11 16:52:01,202 [WARN] PackLoader:240 - Cannot read IP mode file for STMicroelectronics.X-CUBE-PM33A1.1.0.0
2025-10-11 16:52:01,238 [WARN] PackLoader:240 - Cannot read IP mode file for STMicroelectronics.X-CUBE-AZRTOS-F4.1.1.0
2025-10-11 16:52:01,249 [WARN] PackLoader:240 - Cannot read IP mode file for Avnet-IotConnect.X-CUBE-IoTC-DA16k-PMOD.1.0.0
2025-10-11 16:52:01,259 [WARN] PackLoader:240 - Cannot read IP mode file for STMicroelectronics.X-CUBE-ISPU.2.1.0
2025-10-11 16:52:01,259 [INFO] WebApp:169 - Instantiating new browser for Auth
2025-10-11 16:52:01,271 [WARN] PackLoader:240 - Cannot read IP mode file for STMicroelectronics.X-CUBE-NFC12.1.0.0
2025-10-11 16:52:01,318 [WARN] PackLoader:240 - Cannot read IP mode file for STMicroelectronics.X-CUBE-AZRTOS-L5.2.0.0
2025-10-11 16:52:01,353 [WARN] PackLoader:240 - Cannot read IP mode file for STMicroelectronics.X-CUBE-NFC6.3.1.0
2025-10-11 16:52:01,567 [WARN] PackLoader:240 - Cannot read IP mode file for STMicroelectronics.X-CUBE-FREERTOS.1.3.1
2025-10-11 16:52:01,738 [WARN] PackLoader:240 - Cannot read IP mode file for STMicroelectronics.X-CUBE-TOUCHGFX.4.26.0
2025-10-11 16:52:01,768 [WARN] PackLoader:240 - Cannot read IP mode file for STMicroelectronics.FP-SNS-STAIOTCFT.1.0.0
2025-10-11 16:52:01,782 [WARN] PackLoader:240 - Cannot read IP mode file for STMicroelectronics.X-CUBE-DPower.1.3.0
2025-10-11 16:52:01,827 [WARN] ConditionMgr:438 - getConditionDescription Invalid condition id : LAN8742 Phy interface Condition cause : null
2025-10-11 16:52:01,837 [WARN] PackLoader:240 - Cannot read IP mode file for STMicroelectronics.X-CUBE-AZRTOS-L4.2.0.0
2025-10-11 16:52:01,846 [WARN] ConditionMgr:1044 - genDependencies : Invalid condition id : LAN8742 Phy interface Condition cause : null
2025-10-11 16:52:01,848 [WARN] ConditionMgr:1044 - genDependencies : Invalid condition id : LAN8742 Phy interface Condition cause : null
2025-10-11 16:52:01,854 [WARN] ConditionMgr:1044 - genDependencies : Invalid condition id : LAN8742 Phy interface Condition cause : null
2025-10-11 16:52:01,872 [WARN] PackLoader:240 - Cannot read IP mode file for STMicroelectronics.X-CUBE-SFXS2LP1.4.0.0
2025-10-11 16:52:01,904 [WARN] PackLoader:240 - Cannot read IP mode file for STMicroelectronics.X-CUBE-BLEMGR.4.1.0
2025-10-11 16:52:01,942 [WARN] ConditionMgr:438 - getConditionDescription Invalid condition id : UX DEVICE CLASS RTOS Condition cause : null
2025-10-11 16:52:01,943 [WARN] ConditionMgr:438 - getConditionDescription Invalid condition id : UX DEVICE CLASS RTOS Condition cause : null
2025-10-11 16:52:01,948 [WARN] PackLoader:240 - Cannot read IP mode file for STMicroelectronics.X-CUBE-AZRTOS-WB.2.0.0
2025-10-11 16:52:01,950 [WARN] ConditionMgr:1044 - genDependencies : Invalid condition id : UX DEVICE CLASS RTOS Condition cause : null
2025-10-11 16:52:01,950 [WARN] ConditionMgr:1044 - genDependencies : Invalid condition id : UX DEVICE CLASS RTOS Condition cause : null
2025-10-11 16:52:01,951 [WARN] ConditionMgr:1044 - genDependencies : Invalid condition id : UX DEVICE CLASS RTOS Condition cause : null
2025-10-11 16:52:01,952 [WARN] ConditionMgr:1044 - genDependencies : Invalid condition id : UX DEVICE CLASS RTOS Condition cause : null
2025-10-11 16:52:01,952 [WARN] ConditionMgr:1044 - genDependencies : Invalid condition id : UX DEVICE CLASS RTOS Condition cause : null
2025-10-11 16:52:01,963 [WARN] PackLoader:240 - Cannot read IP mode file for STMicroelectronics.X-CUBE-GNSS1.7.0.1
2025-10-11 16:52:01,973 [WARN] PackLoader:240 - Cannot read IP mode file for STMicroelectronics.X-CUBE-TOUCHGFX.4.25.0
2025-10-11 16:52:01,983 [WARN] ConditionMgr:438 - getConditionDescription Invalid condition id : Cortex-A Device cause : null
2025-10-11 16:52:02,114 [WARN] ConditionMgr:1044 - genDependencies : Invalid condition id : Cortex-A Device cause : null
2025-10-11 16:52:02,115 [WARN] ConditionMgr:1044 - genDependencies : Invalid condition id : Cortex-A Device cause : null
2025-10-11 16:52:02,115 [WARN] ConditionMgr:1044 - genDependencies : Invalid condition id : Cortex-A Device cause : null
2025-10-11 16:52:02,134 [WARN] PackLoader:240 - Cannot read IP mode file for STMicroelectronics.X-CUBE-SUBG2.5.0.0
2025-10-11 16:52:02,173 [WARN] PackLoader:240 - Cannot read IP mode file for STMicroelectronics.X-CUBE-AZRTOS-H7RS.1.1.0
2025-10-11 16:52:02,185 [WARN] PackLoader:240 - Cannot read IP mode file for Cesanta.I-CUBE-Mongoose.7.13.0
2025-10-11 16:52:02,205 [WARN] PackLoader:240 - Cannot read IP mode file for STMicroelectronics.X-CUBE-AZRTOS-G4.2.0.0
2025-10-11 16:52:02,212 [WARN] PackLoader:240 - Cannot read IP mode file for wolfSSL.I-CUBE-wolfSSH.1.4.20
2025-10-11 16:52:02,221 [WARN] PackLoader:240 - Cannot read IP mode file for STMicroelectronics.X-CUBE-NFC7.2.0.0
2025-10-11 16:52:02,238 [WARN] PackLoader:240 - Cannot read IP mode file for STMicroelectronics.X-CUBE-IPS.3.1.0
2025-10-11 16:52:02,249 [WARN] PackLoader:240 - Cannot read IP mode file for STMicroelectronics.X-CUBE-ALS.1.0.2
2025-10-11 16:52:02,257 [WARN] PackLoader:240 - Cannot read IP mode file for STMicroelectronics.X-CUBE-STSE01.1.0.0
2025-10-11 16:52:02,264 [WARN] PackLoader:240 - Cannot read IP mode file for portGmbH.I-Cube-SoM-uGOAL.1.1.0
2025-10-11 16:52:02,278 [WARN] PackLoader:240 - Cannot read IP mode file for STMicroelectronics.X-CUBE-TOF1.3.4.3
2025-10-11 16:52:02,290 [INFO] ThirdParty:978 - Integrity check success = true
2025-10-11 16:52:02,291 [INFO] IntegrityCheckThread:100 - exiting critical section [integrity check]
2025-10-11 16:52:02,291 [INFO] IntegrityCheckThread:103 - End integrity checks thread
2025-10-11 16:52:03,447 [INFO] WebApp:463 - Apply proxy settings
2025-10-11 16:52:03,503 [INFO] WebApp:508 - Chromium authenticates against Manually configured proxy
2025-10-11 16:52:03,529 [INFO] WebApp:516 - Username used for proxy authentication: 
2025-10-11 16:52:03,586 [INFO] WebApp:900 - Register for checkConnection events
2025-10-11 16:52:03,587 [INFO] WebApp:463 - Apply proxy settings
2025-10-11 16:52:03,593 [INFO] WebApp:508 - Chromium authenticates against Manually configured proxy
2025-10-11 16:52:03,593 [INFO] WebApp:516 - Username used for proxy authentication: 
2025-10-11 16:52:03,834 [INFO] WebApp:225 - Starting web application
2025-10-11 16:52:03,834 [INFO] WebApp:593 - Web application path used /Applications/STM32CubeIDE.app/Contents/Eclipse/plugins/com.st.stm32cube.common.mx_6.15.0.202507011659/db/plugins/mcufinder/reactClient1/index.html
2025-10-11 16:52:04,432 [INFO] WebApp:191 - Connection restablished
2025-10-11 16:52:04,717 [INFO] UserAuth:487 - Internet connection configuration mode: 1
2025-10-11 20:52:41,859 [INFO] WebApp:194 - Connection lost
2025-10-11 20:55:18,907 [INFO] WebApp:191 - Connection restablished
2025-10-11 23:36:17,392 [ERROR] ConfigurationRetriever:142 - IOException on connection: Read timed out
2025-10-11 23:36:19,426 [ERROR] ConfigurationRetriever:142 - IOException on connection: Read timed out
2025-10-11 23:36:21,566 [ERROR] ConfigurationRetriever:142 - IOException on connection: Read timed out
