2025-10-03 15:58:12,284 [ERROR] LogOutputStream:75 - [STDERR_REDIRECT] 
2025-10-03 16:00:05,108 [INFO] Activator:176 - 


2025-10-03 16:00:05,110 [INFO] Activator:177 - !SESSION log4j initialized
2025-10-03 16:00:10,429 [INFO] LogOutputStream:77 - [STDOUT_REDIRECT] 
2025-10-03 16:00:11,834 [ERROR] LogOutputStream:75 - [STDERR_REDIRECT] 
2025-10-03 16:00:14,387 [INFO] LogOutputStream:77 - [STDOUT_REDIRECT] 
2025-10-03 16:00:16,702 [INFO] ApplicationProperties:184 - Using Application install path: /Applications/STM32CubeIDE.app/Contents/Eclipse/plugins/com.st.stm32cube.common.mx_6.15.0.202507011659
2025-10-03 16:00:16,727 [INFO] DbMcusXml:78 - Set database path to: /Applications/STM32CubeIDE.app/Contents/Eclipse/plugins/com.st.stm32cube.common.mx_6.15.0.202507011659//db//mcu/
2025-10-03 16:00:16,727 [INFO] ApiDb:274 - Set plugin database path to: /Applications/STM32CubeIDE.app/Contents/Eclipse/plugins/com.st.stm32cube.common.mx_6.15.0.202507011659//db//plugins/boardmanager/
2025-10-03 16:00:16,729 [WARN] ApiDb:259 - Overriding images path with different value:  => /Applications/STM32CubeIDE.app/Contents/Eclipse/plugins/com.st.stm32cube.common.mx_6.15.0.202507011659//db//plugins/mcufinder/images/
2025-10-03 16:00:16,735 [INFO] ApiDb:250 - Set database path to: /Users/dylan/.stmcufinder/plugins/mcufinder//mcu/
2025-10-03 16:00:16,737 [INFO] DbMcusAds:125 - Set database path to: /Users/dylan/.stmcufinder/plugins/mcufinder//mcu/
2025-10-03 16:00:16,739 [INFO] CrossReferenceDbSqlite:203 - Set database path to: /Users/dylan/.stmcufinder/plugins/mcufinder//mcu/cs/
2025-10-03 16:00:16,917 [INFO] RulesReader:64 - Compatibility file has been processed (317 Rules)
2025-10-03 16:00:16,991 [INFO] DbMcusXml:78 - Set database path to: /Applications/STM32CubeIDE.app/Contents/Eclipse/plugins/com.st.stm32cube.common.mx_6.15.0.202507011659//db//mcu/
2025-10-03 16:00:16,991 [INFO] ApiDb:274 - Set plugin database path to: /Applications/STM32CubeIDE.app/Contents/Eclipse/plugins/com.st.stm32cube.common.mx_6.15.0.202507011659//db//plugins/boardmanager/
2025-10-03 16:00:16,991 [INFO] ApiDb:261 - Set plugin images path to: /Applications/STM32CubeIDE.app/Contents/Eclipse/plugins/com.st.stm32cube.common.mx_6.15.0.202507011659//db//plugins/mcufinder/images/
2025-10-03 16:00:16,992 [WARN] DbFile:41 - Overriding database path with different value: /Users/dylan/.stmcufinder/plugins/mcufinder/ => /Users/dylan/.stmcufinder/plugins/mcufinder
2025-10-03 16:00:16,992 [INFO] ApiDb:250 - Set database path to: /Users/dylan/.stmcufinder/plugins/mcufinder//mcu/
2025-10-03 16:00:16,992 [WARN] DbFile:41 - Overriding database path with different value: /Users/dylan/.stmcufinder/plugins/mcufinder/ => /Users/dylan/.stmcufinder/plugins/mcufinder
2025-10-03 16:00:16,992 [INFO] DbMcusAds:125 - Set database path to: /Users/dylan/.stmcufinder/plugins/mcufinder//mcu/
2025-10-03 16:00:16,993 [WARN] DbFile:41 - Overriding database path with different value: /Users/dylan/.stmcufinder/plugins/mcufinder/ => /Users/dylan/.stmcufinder/plugins/mcufinder
2025-10-03 16:00:16,993 [WARN] DbFile:41 - Overriding database path with different value: /Users/dylan/.stmcufinder/plugins/mcufinder/ => /Users/dylan/.stmcufinder/plugins/mcufinder
2025-10-03 16:00:16,993 [INFO] CrossReferenceDbSqlite:203 - Set database path to: /Users/dylan/.stmcufinder/plugins/mcufinder//mcu/cs/
2025-10-03 16:00:17,086 [INFO] MainPanel:274 - HeapMemory: 268435456
2025-10-03 16:00:17,714 [INFO] DbMcusXml:78 - Set database path to: /Applications/STM32CubeIDE.app/Contents/Eclipse/plugins/com.st.stm32cube.common.mx_6.15.0.202507011659//db//mcu/
2025-10-03 16:00:17,715 [INFO] ApiDb:274 - Set plugin database path to: /Applications/STM32CubeIDE.app/Contents/Eclipse/plugins/com.st.stm32cube.common.mx_6.15.0.202507011659//db//plugins/boardmanager/
2025-10-03 16:00:17,715 [INFO] ApiDb:261 - Set plugin images path to: /Applications/STM32CubeIDE.app/Contents/Eclipse/plugins/com.st.stm32cube.common.mx_6.15.0.202507011659//db//plugins/mcufinder/images/
2025-10-03 16:00:17,715 [WARN] DbFile:41 - Overriding database path with different value: /Users/dylan/.stmcufinder/plugins/mcufinder/ => /Users/dylan/.stmcufinder/plugins/mcufinder
2025-10-03 16:00:17,715 [INFO] ApiDb:250 - Set database path to: /Users/dylan/.stmcufinder/plugins/mcufinder//mcu/
2025-10-03 16:00:17,715 [WARN] DbFile:41 - Overriding database path with different value: /Users/dylan/.stmcufinder/plugins/mcufinder/ => /Users/dylan/.stmcufinder/plugins/mcufinder
2025-10-03 16:00:17,715 [INFO] DbMcusAds:125 - Set database path to: /Users/dylan/.stmcufinder/plugins/mcufinder//mcu/
2025-10-03 16:00:17,716 [WARN] DbFile:41 - Overriding database path with different value: /Users/dylan/.stmcufinder/plugins/mcufinder/ => /Users/dylan/.stmcufinder/plugins/mcufinder
2025-10-03 16:00:17,716 [WARN] DbFile:41 - Overriding database path with different value: /Users/dylan/.stmcufinder/plugins/mcufinder/ => /Users/dylan/.stmcufinder/plugins/mcufinder
2025-10-03 16:00:17,716 [INFO] CrossReferenceDbSqlite:203 - Set database path to: /Users/dylan/.stmcufinder/plugins/mcufinder//mcu/cs/
2025-10-03 16:00:17,736 [INFO] ApplicationProperties:184 - Using Application install path: /Applications/STM32CubeIDE.app/Contents/Eclipse/plugins/com.st.stm32cube.common.mx_6.15.0.202507011659
2025-10-03 16:00:17,737 [INFO] PluginManage:196 - Search for loadable plugins [exclusion list=, ]
2025-10-03 16:00:17,740 [INFO] PluginManage:310 - Check plugin analytics
2025-10-03 16:00:18,015 [INFO] AnalyticsPlugin:253 - Accepted Software Licenses: 
2025-10-03 16:00:18,015 [INFO] AnalyticsPlugin:255 - Accepted CMSIS Pack Licenses: 
2025-10-03 16:00:18,015 [INFO] AnalyticsPlugin:257 - Accepted Firmware Licenses: FW.F4.1.28.0
2025-10-03 16:00:18,020 [INFO] PluginManage:359 - Loaded plugin analytics (category:tool,tabindex:-1)
2025-10-03 16:00:18,023 [INFO] PluginManage:310 - Check plugin cadmodel
2025-10-03 16:00:18,040 [INFO] CADModel:105 - Init CAD model plugin
2025-10-03 16:00:18,040 [INFO] PluginManage:359 - Loaded plugin cadmodel (category:power,tabindex:5)
2025-10-03 16:00:18,041 [INFO] PluginManage:310 - Check plugin clock
2025-10-03 16:00:18,052 [INFO] PluginManage:359 - Loaded plugin clock (category:base,tabindex:2)
2025-10-03 16:00:18,052 [INFO] PluginManage:310 - Check plugin ddr
2025-10-03 16:00:18,055 [INFO] PluginManage:359 - Loaded plugin ddr (category:tool,tabindex:6)
2025-10-03 16:00:18,055 [INFO] PluginManage:310 - Check plugin filemanager
2025-10-03 16:00:18,243 [INFO] PluginManage:359 - Loaded plugin filemanager (category:base,tabindex:10)
2025-10-03 16:00:18,244 [INFO] PluginManage:310 - Check plugin ipmanager
2025-10-03 16:00:18,253 [INFO] PluginManage:359 - Loaded plugin ipmanager (category:base,tabindex:5)
2025-10-03 16:00:18,253 [INFO] PluginManage:310 - Check plugin lpbam
2025-10-03 16:00:18,262 [INFO] PluginManage:359 - Loaded plugin lpbam (category:base,tabindex:0)
2025-10-03 16:00:18,262 [INFO] PluginManage:310 - Check plugin memorymap
2025-10-03 16:00:18,274 [INFO] PluginManage:359 - Loaded plugin memorymap (category:base,tabindex:4)
2025-10-03 16:00:18,274 [INFO] PluginManage:310 - Check plugin pinoutandconfiguration
2025-10-03 16:00:18,282 [INFO] PluginManage:359 - Loaded plugin pinoutandconfiguration (category:base,tabindex:1)
2025-10-03 16:00:18,282 [INFO] PluginManage:310 - Check plugin pinoutconfig
2025-10-03 16:00:18,381 [WARN] SupportedApi:132 - Cannot load RTOS API schema: s4s-elt-must-match.1: The content of 'definitions' must match (annotation?, (simpleType | complexType)?, (unique | key | keyref)*)). A problem was found starting at: attribute.
2025-10-03 16:00:18,545 [INFO] PluginManage:359 - Loaded plugin pinoutconfig (category:base,tabindex:0)
2025-10-03 16:00:18,545 [INFO] PluginManage:310 - Check plugin power
2025-10-03 16:00:18,557 [INFO] PluginManage:359 - Loaded plugin power (category:power,tabindex:4)
2025-10-03 16:00:18,558 [INFO] PluginManage:310 - Check plugin projectmanager
2025-10-03 16:00:18,590 [INFO] PluginManage:359 - Loaded plugin projectmanager (category:projectmanager,tabindex:4)
2025-10-03 16:00:18,591 [INFO] PluginManage:310 - Check plugin rif
2025-10-03 16:00:18,600 [INFO] PluginManage:359 - Loaded plugin rif (category:base,tabindex:3)
2025-10-03 16:00:18,601 [INFO] PluginManage:310 - Check plugin thirdparty
2025-10-03 16:00:18,812 [INFO] PluginManage:359 - Loaded plugin thirdparty (category:base,tabindex:-1)
2025-10-03 16:00:18,812 [WARN] IntegrityCheckThread:84 - waiting for thirdparty lock release [integrity check]
2025-10-03 16:00:18,812 [INFO] PluginManage:310 - Check plugin tools
2025-10-03 16:00:18,813 [INFO] IntegrityCheckThread:86 - entering critical section [integrity check]
2025-10-03 16:00:18,813 [INFO] ThirdPartyUpdaterWithRetryManager:70 - Updater plugin not ready yet. [1/15]
2025-10-03 16:00:18,818 [INFO] PluginManage:359 - Loaded plugin tools (category:base,tabindex:7)
2025-10-03 16:00:18,818 [INFO] PluginManage:310 - Check plugin tutovideos
2025-10-03 16:00:19,070 [INFO] PluginManage:359 - Loaded plugin tutovideos (category:base,tabindex:-1)
2025-10-03 16:00:19,071 [INFO] PluginManage:310 - Check plugin updater
2025-10-03 16:00:19,108 [INFO] PluginManage:359 - Loaded plugin updater (category:base,tabindex:12)
2025-10-03 16:00:19,108 [INFO] PluginManage:310 - Check plugin userauth
2025-10-03 16:00:19,113 [INFO] UserAuth:118 - Init User Auth plugin
2025-10-03 16:00:19,115 [INFO] PluginManage:359 - Loaded plugin userauth (category:base,tabindex:14)
2025-10-03 16:00:19,116 [INFO] PluginManage:283 - PluginManage : Loaded plugins [18]
2025-10-03 16:00:19,396 [INFO] PinOutPanel:1589 - setPackage(No Configuration,No Configuration)
2025-10-03 16:00:19,477 [INFO] CADModel:165 - CPN selected for project level
2025-10-03 16:00:19,477 [INFO] CADModel:114 - Register for checkConnection events
2025-10-03 16:00:19,491 [INFO] IPUIPlugin:80 - create IPUIPlugin
2025-10-03 16:00:19,492 [INFO] PluginManager:220 - loadIPPluginJar : add mdma
2025-10-03 16:00:19,499 [INFO] IPUIPlugin:80 - create IPUIPlugin
2025-10-03 16:00:19,500 [INFO] PluginManager:220 - loadIPPluginJar : add freertos
2025-10-03 16:00:19,504 [INFO] IPUIPlugin:80 - create IPUIPlugin
2025-10-03 16:00:19,504 [INFO] PluginManager:220 - loadIPPluginJar : add gic
2025-10-03 16:00:19,513 [INFO] IPUIPlugin:80 - create IPUIPlugin
2025-10-03 16:00:19,513 [INFO] PluginManager:220 - loadIPPluginJar : add adc
2025-10-03 16:00:19,515 [INFO] IPUIPlugin:80 - create IPUIPlugin
2025-10-03 16:00:19,516 [INFO] PluginManager:220 - loadIPPluginJar : add gtzc
2025-10-03 16:00:19,517 [INFO] IPUIPlugin:80 - create IPUIPlugin
2025-10-03 16:00:19,517 [INFO] PluginManager:220 - loadIPPluginJar : add quadspi
2025-10-03 16:00:19,519 [INFO] IPUIPlugin:80 - create IPUIPlugin
2025-10-03 16:00:19,519 [INFO] PluginManager:220 - loadIPPluginJar : add aes
2025-10-03 16:00:19,521 [INFO] IPUIPlugin:80 - create IPUIPlugin
2025-10-03 16:00:19,521 [INFO] PluginManager:220 - loadIPPluginJar : add pdm2pcm
2025-10-03 16:00:19,523 [INFO] IPUIPlugin:80 - create IPUIPlugin
2025-10-03 16:00:19,523 [INFO] PluginManager:220 - loadIPPluginJar : add hash
2025-10-03 16:00:19,524 [INFO] IPUIPlugin:80 - create IPUIPlugin
2025-10-03 16:00:19,524 [INFO] PluginManager:220 - loadIPPluginJar : add tim
2025-10-03 16:00:19,526 [INFO] IPUIPlugin:80 - create IPUIPlugin
2025-10-03 16:00:19,526 [INFO] PluginManager:220 - loadIPPluginJar : add tsc
2025-10-03 16:00:19,527 [INFO] IPUIPlugin:80 - create IPUIPlugin
2025-10-03 16:00:19,528 [INFO] PluginManager:220 - loadIPPluginJar : add extmemmanager
2025-10-03 16:00:19,531 [INFO] IPUIPlugin:80 - create IPUIPlugin
2025-10-03 16:00:19,531 [INFO] PluginManager:220 - loadIPPluginJar : add ts
2025-10-03 16:00:19,533 [INFO] IPUIPlugin:80 - create IPUIPlugin
2025-10-03 16:00:19,533 [INFO] PluginManager:220 - loadIPPluginJar : add radio
2025-10-03 16:00:19,534 [INFO] IPUIPlugin:80 - create IPUIPlugin
2025-10-03 16:00:19,534 [INFO] PluginManager:220 - loadIPPluginJar : add can
2025-10-03 16:00:19,536 [INFO] IPUIPlugin:80 - create IPUIPlugin
2025-10-03 16:00:19,536 [INFO] PluginManager:220 - loadIPPluginJar : add dma3
2025-10-03 16:00:19,538 [INFO] IPUIPlugin:80 - create IPUIPlugin
2025-10-03 16:00:19,538 [INFO] PluginManager:220 - loadIPPluginJar : add dfsdm
2025-10-03 16:00:19,539 [INFO] IPUIPlugin:80 - create IPUIPlugin
2025-10-03 16:00:19,539 [INFO] PluginManager:220 - loadIPPluginJar : add spi
2025-10-03 16:00:19,542 [INFO] IPUIPlugin:80 - create IPUIPlugin
2025-10-03 16:00:19,542 [INFO] PluginManager:220 - loadIPPluginJar : add gfxmmu
2025-10-03 16:00:19,543 [INFO] IPUIPlugin:80 - create IPUIPlugin
2025-10-03 16:00:19,543 [INFO] PluginManager:220 - loadIPPluginJar : add genericplugin
2025-10-03 16:00:19,545 [INFO] IPUIPlugin:80 - create IPUIPlugin
2025-10-03 16:00:19,545 [INFO] PluginManager:220 - loadIPPluginJar : add cryp
2025-10-03 16:00:19,549 [INFO] IPUIPlugin:80 - create IPUIPlugin
2025-10-03 16:00:19,549 [INFO] PluginManager:220 - loadIPPluginJar : add gpio
2025-10-03 16:00:19,551 [INFO] IPUIPlugin:80 - create IPUIPlugin
2025-10-03 16:00:19,552 [INFO] PluginManager:220 - loadIPPluginJar : add ddr_ctrl_phy
2025-10-03 16:00:19,553 [INFO] IPUIPlugin:80 - create IPUIPlugin
2025-10-03 16:00:19,554 [INFO] PluginManager:220 - loadIPPluginJar : add comp
2025-10-03 16:00:19,556 [INFO] IPUIPlugin:80 - create IPUIPlugin
2025-10-03 16:00:19,557 [INFO] PluginManager:220 - loadIPPluginJar : add tracer_emb
2025-10-03 16:00:19,559 [INFO] IPUIPlugin:80 - create IPUIPlugin
2025-10-03 16:00:19,559 [INFO] PluginManager:220 - loadIPPluginJar : add openamp
2025-10-03 16:00:19,563 [INFO] IPUIPlugin:80 - create IPUIPlugin
2025-10-03 16:00:19,563 [INFO] PluginManager:220 - loadIPPluginJar : add stm32_wpan
2025-10-03 16:00:19,568 [INFO] IPUIPlugin:80 - create IPUIPlugin
2025-10-03 16:00:19,570 [INFO] PluginManager:220 - loadIPPluginJar : add plateformsettings
2025-10-03 16:00:19,573 [INFO] IPUIPlugin:80 - create IPUIPlugin
2025-10-03 16:00:19,573 [INFO] PluginManager:220 - loadIPPluginJar : add ipddr
2025-10-03 16:00:19,575 [INFO] IPUIPlugin:80 - create IPUIPlugin
2025-10-03 16:00:19,575 [INFO] PluginManager:220 - loadIPPluginJar : add usart
2025-10-03 16:00:19,576 [INFO] IPUIPlugin:80 - create IPUIPlugin
2025-10-03 16:00:19,576 [INFO] PluginManager:220 - loadIPPluginJar : add ltdc
2025-10-03 16:00:19,577 [INFO] IPUIPlugin:80 - create IPUIPlugin
2025-10-03 16:00:19,578 [INFO] PluginManager:220 - loadIPPluginJar : add nvic
2025-10-03 16:00:19,578 [INFO] IPUIPlugin:80 - create IPUIPlugin
2025-10-03 16:00:19,578 [INFO] PluginManager:220 - loadIPPluginJar : add fatfs
2025-10-03 16:00:19,584 [INFO] IPUIPlugin:80 - create IPUIPlugin
2025-10-03 16:00:19,584 [INFO] PluginManager:220 - loadIPPluginJar : add linkedlist
2025-10-03 16:00:19,591 [INFO] IPUIPlugin:80 - create IPUIPlugin
2025-10-03 16:00:19,591 [INFO] PluginManager:220 - loadIPPluginJar : add dma
2025-10-03 16:00:19,594 [INFO] IPUIPlugin:80 - create IPUIPlugin
2025-10-03 16:00:19,594 [INFO] PluginManager:220 - loadIPPluginJar : add fmc
2025-10-03 16:00:19,596 [INFO] IPUIPlugin:80 - create IPUIPlugin
2025-10-03 16:00:19,596 [INFO] PluginManager:220 - loadIPPluginJar : add i2s
2025-10-03 16:00:19,597 [INFO] IPUIPlugin:80 - create IPUIPlugin
2025-10-03 16:00:19,598 [INFO] PluginManager:220 - loadIPPluginJar : add ucpd
2025-10-03 16:00:19,599 [INFO] IPUIPlugin:80 - create IPUIPlugin
2025-10-03 16:00:19,599 [INFO] PluginManager:220 - loadIPPluginJar : add lorawan
2025-10-03 16:00:19,602 [INFO] IPUIPlugin:80 - create IPUIPlugin
2025-10-03 16:00:19,602 [INFO] PluginManager:220 - loadIPPluginJar : add opamp
2025-10-03 16:00:19,604 [INFO] IPUIPlugin:80 - create IPUIPlugin
2025-10-03 16:00:19,604 [INFO] PluginManager:220 - loadIPPluginJar : add i3c
2025-10-03 16:00:19,607 [INFO] IPUIPlugin:80 - create IPUIPlugin
2025-10-03 16:00:19,607 [INFO] PluginManager:220 - loadIPPluginJar : add touchsensing
2025-10-03 16:00:19,609 [INFO] IPUIPlugin:80 - create IPUIPlugin
2025-10-03 16:00:19,609 [INFO] PluginManager:220 - loadIPPluginJar : add i2c
2025-10-03 16:00:19,612 [INFO] IPUIPlugin:80 - create IPUIPlugin
2025-10-03 16:00:19,612 [INFO] PluginManager:220 - loadIPPluginJar : add resmgrutility
2025-10-03 16:00:19,616 [INFO] IPUIPlugin:80 - create IPUIPlugin
2025-10-03 16:00:19,618 [INFO] PluginManager:220 - loadIPPluginJar : add sai
2025-10-03 16:00:19,621 [INFO] IPUIPlugin:80 - create IPUIPlugin
2025-10-03 16:00:19,622 [INFO] PluginManager:220 - loadIPPluginJar : add usbx
2025-10-03 16:00:19,742 [FATAL] Updater:351 - Updater called before beeing initialized
2025-10-03 16:00:19,802 [INFO] RulesReader:64 - Compatibility file has been processed (317 Rules)
2025-10-03 16:00:19,816 [INFO] RulesReader:64 - Compatibility file has been processed (317 Rules)
2025-10-03 16:00:19,835 [INFO] CADModel:165 - CPN selected for project level
2025-10-03 16:00:19,835 [INFO] CADModel:114 - Register for checkConnection events
2025-10-03 16:00:19,835 [FATAL] Updater:351 - Updater called before beeing initialized
2025-10-03 16:00:19,835 [ERROR] CADModel:125 - Updater not yet initialized, retry later 
2025-10-03 16:00:20,157 [FATAL] Updater:351 - Updater called before beeing initialized
2025-10-03 16:00:20,159 [INFO] CADModel:165 - CPN selected for project level
2025-10-03 16:00:20,159 [INFO] CADModel:114 - Register for checkConnection events
2025-10-03 16:00:20,159 [FATAL] Updater:351 - Updater called before beeing initialized
2025-10-03 16:00:20,159 [ERROR] CADModel:125 - Updater not yet initialized, retry later 
2025-10-03 16:00:20,163 [FATAL] Updater:351 - Updater called before beeing initialized
2025-10-03 16:00:20,385 [FATAL] Updater:351 - Updater called before beeing initialized
2025-10-03 16:00:20,390 [INFO] DbMcusAds:53 - JSON generation date=Tue Jul 08 16:14:23 SGT 2025 (1751962463582)
2025-10-03 16:00:20,391 [FATAL] Updater:351 - Updater called before beeing initialized
2025-10-03 16:00:20,447 [WARN] DetailPanel:346 - Failed to get advertising image, set to default
2025-10-03 16:00:20,521 [FATAL] Updater:351 - Updater called before beeing initialized
2025-10-03 16:00:20,527 [FATAL] Updater:351 - Updater called before beeing initialized
2025-10-03 16:00:20,528 [FATAL] Updater:351 - Updater called before beeing initialized
2025-10-03 16:00:20,528 [WARN] DetailPanel:346 - Failed to get advertising image, set to default
2025-10-03 16:00:20,535 [FATAL] Updater:351 - Updater called before beeing initialized
2025-10-03 16:00:20,598 [ERROR] Updater:1198 - MainUpdater not yet initialized. External WinMGr cannot be set.
2025-10-03 16:00:20,602 [INFO] Updater:1134 - Updater Version found : 6.15.0
2025-10-03 16:00:20,619 [INFO] ApplicationProperties:184 - Using Application install path: /Applications/STM32CubeIDE.app/Contents/Eclipse/plugins/com.st.stm32cube.common.mx_6.15.0.202507011659
2025-10-03 16:00:20,925 [INFO] MainUpdater:2872 - connection check result : 10
2025-10-03 16:00:20,926 [INFO] MainUpdater:289 - Updater Check For Update Now.
2025-10-03 16:00:20,926 [INFO] MicroXplorer:498 - Change Database Version : DB.6.0.150
2025-10-03 16:00:20,938 [INFO] McuFinderGlobals:63 - Set McuFinder mode to 2 (CubeIDE integrated)
2025-10-03 16:00:20,941 [INFO] UserAuth:487 - Internet connection configuration mode: 1
2025-10-03 16:00:20,963 [INFO] JxBrowserEngine:152 - Initiate JxBrowser Engine with user profile folder
2025-10-03 16:00:21,223 [INFO] CheckServerUpdateThread:120 - End of CheckServer Thread
2025-10-03 16:00:22,007 [WARN] PackLoader:240 - Cannot read IP mode file for STMicroelectronics.FP-SNS-MOTENVWB1.1.4.0
2025-10-03 16:00:22,025 [WARN] PackLoader:240 - Cannot read IP mode file for STMicroelectronics.FP-ATR-ASTRA1.2.0.2
2025-10-03 16:00:22,042 [WARN] PackLoader:240 - Cannot read IP mode file for STMicroelectronics.X-CUBE-SMBUS.2.1.0
2025-10-03 16:00:22,052 [WARN] PackLoader:240 - Cannot read IP mode file for STMicroelectronics.X-CUBE-ST60.1.0.0
2025-10-03 16:00:22,127 [WARN] PackLoader:240 - Cannot read IP mode file for STMicroelectronics.X-CUBE-AZRTOS-F7.1.1.0
2025-10-03 16:00:22,169 [WARN] PackLoader:240 - Cannot read IP mode file for WES.I-CUBE-Cesium.1.4.0
2025-10-03 16:00:22,235 [WARN] PackLoader:240 - Cannot read IP mode file for Infineon.AIROC-Wi-Fi-Bluetooth-STM32.1.7.1
2025-10-03 16:00:22,304 [WARN] PackLoader:240 - Cannot read IP mode file for STMicroelectronics.X-CUBE-AZRTOS-H7.3.4.0
2025-10-03 16:00:22,338 [WARN] PackLoader:240 - Cannot read IP mode file for STMicroelectronics.X-CUBE-DISPLAY.3.0.0
2025-10-03 16:00:22,371 [WARN] PackLoader:240 - Cannot read IP mode file for STMicroelectronics.X-CUBE-NFC10.1.0.0
2025-10-03 16:00:22,386 [WARN] PackLoader:240 - Cannot read IP mode file for emotas.I-CUBE-CANOPEN.1.3.0
2025-10-03 16:00:22,401 [WARN] PackLoader:240 - Cannot read IP mode file for STMicroelectronics.FP-SNS-STBOX1.2.1.0
2025-10-03 16:00:22,415 [WARN] PackLoader:240 - Cannot read IP mode file for STMicroelectronics.FP-SNS-SMARTAG2.1.2.0
2025-10-03 16:00:22,428 [WARN] PackLoader:240 - Cannot read IP mode file for STMicroelectronics.FP-SNS-FLIGHT1.5.1.0
2025-10-03 16:00:22,445 [INFO] LogOutputStream:77 - [STDOUT_REDIRECT] 1 : Invalid condition id : UX_CORESTACK_Condition cause : null
2025-10-03 16:00:22,446 [INFO] LogOutputStream:77 - [STDOUT_REDIRECT] 1 : Invalid condition id : UX_CORESTACK_Condition cause : null
2025-10-03 16:00:22,447 [INFO] LogOutputStream:77 - [STDOUT_REDIRECT] 1 : Invalid condition id : UX_CORESTACK_Condition cause : null
2025-10-03 16:00:22,448 [INFO] LogOutputStream:77 - [STDOUT_REDIRECT] 1 : Invalid condition id : UX_CORESTACK_Condition cause : null
2025-10-03 16:00:22,448 [INFO] LogOutputStream:77 - [STDOUT_REDIRECT] 1 : Invalid condition id : UX_CORESTACK_Condition cause : null
2025-10-03 16:00:22,455 [WARN] PackLoader:240 - Cannot read IP mode file for STMicroelectronics.X-CUBE-AZRTOS-WL.2.0.0
2025-10-03 16:00:22,463 [WARN] PackLoader:240 - Cannot read IP mode file for STMicroelectronics.FP-SNS-MOTENV1.5.0.0
2025-10-03 16:00:22,471 [WARN] PackLoader:240 - Cannot read IP mode file for STMicroelectronics.X-CUBE-BLE2.3.3.0
2025-10-03 16:00:22,481 [WARN] PackLoader:240 - Cannot read IP mode file for STMicroelectronics.X-CUBE-NFC9.1.0.0
2025-10-03 16:00:22,497 [WARN] PackLoader:240 - Cannot read IP mode file for wolfSSL.I-CUBE-wolfSSL.5.8.2
2025-10-03 16:00:22,518 [WARN] PackLoader:240 - Cannot read IP mode file for STMicroelectronics.X-CUBE-BLE1.7.1.0
2025-10-03 16:00:22,525 [WARN] PackLoader:240 - Cannot read IP mode file for wolfSSL.I-CUBE-wolfMQTT.1.19.2
2025-10-03 16:00:22,532 [WARN] PackLoader:240 - Cannot read IP mode file for STMicroelectronics.X-CUBE-EEPRMA1.5.2.0
2025-10-03 16:00:22,558 [WARN] PackLoader:240 - Cannot read IP mode file for STMicroelectronics.X-CUBE-AZRTOS-G0.1.1.0
2025-10-03 16:00:22,570 [WARN] PackLoader:240 - Cannot read IP mode file for STMicroelectronics.X-CUBE-SAFEA1.1.2.2
2025-10-03 16:00:22,576 [WARN] PackLoader:240 - Cannot read IP mode file for STMicroelectronics.X-CUBE-NFC4.3.0.0
2025-10-03 16:00:22,592 [WARN] PackLoader:240 - Cannot read IP mode file for EmbeddedOffice.I-CUBE-FS-RTOS.1.0.1
2025-10-03 16:00:22,602 [WARN] PackLoader:240 - Cannot read IP mode file for STMicroelectronics.X-CUBE-WB05N.2.0.0
2025-10-03 16:00:22,612 [WARN] PackLoader:240 - Cannot read IP mode file for wolfSSL.I-CUBE-wolfTPM.3.8.0
2025-10-03 16:00:22,623 [WARN] PackLoader:240 - Cannot read IP mode file for STMicroelectronics.X-CUBE-TCPP.4.2.0
2025-10-03 16:00:22,632 [WARN] PackLoader:240 - Cannot read IP mode file for RealThread.X-CUBE-RT-Thread_Nano.4.1.1
2025-10-03 16:00:22,636 [WARN] PackLoader:240 - Cannot read IP mode file for STMicroelectronics.FP-ATR-SIGFOX1.3.2.0
2025-10-03 16:00:22,641 [WARN] PackLoader:240 - Cannot read IP mode file for ITTIA_DB.I-CUBE-ITTIADB.8.9.0
2025-10-03 16:00:22,649 [WARN] PackLoader:240 - Cannot read IP mode file for STMicroelectronics.X-CUBE-ST67W61.1.0.0
2025-10-03 16:00:22,654 [WARN] PackLoader:240 - Cannot read IP mode file for STMicroelectronics.X-CUBE-AI.10.2.0
2025-10-03 16:00:22,889 [WARN] PackLoader:240 - Cannot read IP mode file for SEGGER.I-CUBE-embOS.1.3.1
2025-10-03 16:00:23,132 [WARN] PackLoader:240 - Cannot read IP mode file for STMicroelectronics.X-CUBE-ALGOBUILD.1.4.0
2025-10-03 16:00:23,244 [WARN] PackLoader:240 - Cannot read IP mode file for STMicroelectronics.X-CUBE-MEMS1.11.3.0
2025-10-03 16:00:23,349 [WARN] PackLoader:240 - Cannot read IP mode file for STMicroelectronics.X-CUBE-PM33A1.1.0.0
2025-10-03 16:00:23,372 [WARN] PackLoader:240 - Cannot read IP mode file for STMicroelectronics.X-CUBE-AZRTOS-F4.1.1.0
2025-10-03 16:00:23,381 [WARN] PackLoader:240 - Cannot read IP mode file for Avnet-IotConnect.X-CUBE-IoTC-DA16k-PMOD.1.0.0
2025-10-03 16:00:23,391 [WARN] PackLoader:240 - Cannot read IP mode file for STMicroelectronics.X-CUBE-ISPU.2.1.0
2025-10-03 16:00:23,402 [WARN] PackLoader:240 - Cannot read IP mode file for STMicroelectronics.X-CUBE-NFC12.1.0.0
2025-10-03 16:00:23,428 [WARN] PackLoader:240 - Cannot read IP mode file for STMicroelectronics.X-CUBE-AZRTOS-L5.2.0.0
2025-10-03 16:00:23,445 [WARN] PackLoader:240 - Cannot read IP mode file for STMicroelectronics.X-CUBE-NFC6.3.1.0
2025-10-03 16:00:23,454 [WARN] PackLoader:240 - Cannot read IP mode file for STMicroelectronics.X-CUBE-FREERTOS.1.3.1
2025-10-03 16:00:23,482 [WARN] PackLoader:240 - Cannot read IP mode file for STMicroelectronics.X-CUBE-TOUCHGFX.4.26.0
2025-10-03 16:00:23,497 [WARN] PackLoader:240 - Cannot read IP mode file for STMicroelectronics.FP-SNS-STAIOTCFT.1.0.0
2025-10-03 16:00:23,515 [WARN] PackLoader:240 - Cannot read IP mode file for STMicroelectronics.X-CUBE-DPower.1.3.0
2025-10-03 16:00:23,547 [WARN] ConditionMgr:438 - getConditionDescription Invalid condition id : LAN8742 Phy interface Condition cause : null
2025-10-03 16:00:23,549 [WARN] PackLoader:240 - Cannot read IP mode file for STMicroelectronics.X-CUBE-AZRTOS-L4.2.0.0
2025-10-03 16:00:23,553 [WARN] ConditionMgr:1044 - genDependencies : Invalid condition id : LAN8742 Phy interface Condition cause : null
2025-10-03 16:00:23,554 [WARN] ConditionMgr:1044 - genDependencies : Invalid condition id : LAN8742 Phy interface Condition cause : null
2025-10-03 16:00:23,559 [WARN] ConditionMgr:1044 - genDependencies : Invalid condition id : LAN8742 Phy interface Condition cause : null
2025-10-03 16:00:23,586 [WARN] PackLoader:240 - Cannot read IP mode file for STMicroelectronics.X-CUBE-SFXS2LP1.4.0.0
2025-10-03 16:00:23,609 [WARN] PackLoader:240 - Cannot read IP mode file for STMicroelectronics.X-CUBE-BLEMGR.4.1.0
2025-10-03 16:00:23,627 [WARN] ConditionMgr:438 - getConditionDescription Invalid condition id : UX DEVICE CLASS RTOS Condition cause : null
2025-10-03 16:00:23,628 [WARN] ConditionMgr:438 - getConditionDescription Invalid condition id : UX DEVICE CLASS RTOS Condition cause : null
2025-10-03 16:00:23,632 [WARN] PackLoader:240 - Cannot read IP mode file for STMicroelectronics.X-CUBE-AZRTOS-WB.2.0.0
2025-10-03 16:00:23,633 [WARN] ConditionMgr:1044 - genDependencies : Invalid condition id : UX DEVICE CLASS RTOS Condition cause : null
2025-10-03 16:00:23,633 [WARN] ConditionMgr:1044 - genDependencies : Invalid condition id : UX DEVICE CLASS RTOS Condition cause : null
2025-10-03 16:00:23,634 [WARN] ConditionMgr:1044 - genDependencies : Invalid condition id : UX DEVICE CLASS RTOS Condition cause : null
2025-10-03 16:00:23,634 [WARN] ConditionMgr:1044 - genDependencies : Invalid condition id : UX DEVICE CLASS RTOS Condition cause : null
2025-10-03 16:00:23,634 [WARN] ConditionMgr:1044 - genDependencies : Invalid condition id : UX DEVICE CLASS RTOS Condition cause : null
2025-10-03 16:00:23,641 [WARN] PackLoader:240 - Cannot read IP mode file for STMicroelectronics.X-CUBE-GNSS1.7.0.1
2025-10-03 16:00:23,645 [WARN] PackLoader:240 - Cannot read IP mode file for STMicroelectronics.X-CUBE-TOUCHGFX.4.25.0
2025-10-03 16:00:23,649 [WARN] ConditionMgr:438 - getConditionDescription Invalid condition id : Cortex-A Device cause : null
2025-10-03 16:00:23,720 [WARN] ConditionMgr:1044 - genDependencies : Invalid condition id : Cortex-A Device cause : null
2025-10-03 16:00:23,720 [WARN] ConditionMgr:1044 - genDependencies : Invalid condition id : Cortex-A Device cause : null
2025-10-03 16:00:23,721 [WARN] ConditionMgr:1044 - genDependencies : Invalid condition id : Cortex-A Device cause : null
2025-10-03 16:00:23,739 [WARN] PackLoader:240 - Cannot read IP mode file for STMicroelectronics.X-CUBE-SUBG2.5.0.0
2025-10-03 16:00:23,778 [WARN] PackLoader:240 - Cannot read IP mode file for STMicroelectronics.X-CUBE-AZRTOS-H7RS.1.1.0
2025-10-03 16:00:23,787 [WARN] PackLoader:240 - Cannot read IP mode file for Cesanta.I-CUBE-Mongoose.7.13.0
2025-10-03 16:00:23,807 [WARN] PackLoader:240 - Cannot read IP mode file for STMicroelectronics.X-CUBE-AZRTOS-G4.2.0.0
2025-10-03 16:00:23,815 [WARN] PackLoader:240 - Cannot read IP mode file for wolfSSL.I-CUBE-wolfSSH.1.4.20
2025-10-03 16:00:23,823 [WARN] PackLoader:240 - Cannot read IP mode file for STMicroelectronics.X-CUBE-NFC7.2.0.0
2025-10-03 16:00:23,839 [WARN] PackLoader:240 - Cannot read IP mode file for STMicroelectronics.X-CUBE-IPS.3.1.0
2025-10-03 16:00:23,851 [WARN] PackLoader:240 - Cannot read IP mode file for STMicroelectronics.X-CUBE-ALS.1.0.2
2025-10-03 16:00:23,861 [WARN] PackLoader:240 - Cannot read IP mode file for STMicroelectronics.X-CUBE-STSE01.1.0.0
2025-10-03 16:00:23,872 [WARN] PackLoader:240 - Cannot read IP mode file for portGmbH.I-Cube-SoM-uGOAL.1.1.0
2025-10-03 16:00:23,892 [WARN] PackLoader:240 - Cannot read IP mode file for STMicroelectronics.X-CUBE-TOF1.3.4.3
2025-10-03 16:00:23,902 [INFO] ThirdParty:978 - Integrity check success = true
2025-10-03 16:00:23,902 [INFO] IntegrityCheckThread:100 - exiting critical section [integrity check]
2025-10-03 16:00:23,902 [INFO] IntegrityCheckThread:103 - End integrity checks thread
2025-10-03 16:00:25,601 [INFO] WebApp:169 - Instantiating new browser for Auth
2025-10-03 16:00:27,193 [INFO] WebApp:463 - Apply proxy settings
2025-10-03 16:00:27,257 [INFO] WebApp:508 - Chromium authenticates against Manually configured proxy
2025-10-03 16:00:27,284 [INFO] WebApp:516 - Username used for proxy authentication: 
2025-10-03 16:00:27,353 [INFO] WebApp:900 - Register for checkConnection events
2025-10-03 16:00:27,354 [INFO] WebApp:463 - Apply proxy settings
2025-10-03 16:00:27,368 [INFO] WebApp:508 - Chromium authenticates against Manually configured proxy
2025-10-03 16:00:27,369 [INFO] WebApp:516 - Username used for proxy authentication: 
2025-10-03 16:00:27,853 [INFO] WebApp:191 - Connection restablished
2025-10-03 16:00:27,998 [INFO] WebApp:225 - Starting web application
2025-10-03 16:00:28,000 [INFO] WebApp:593 - Web application path used /Applications/STM32CubeIDE.app/Contents/Eclipse/plugins/com.st.stm32cube.common.mx_6.15.0.202507011659/db/plugins/mcufinder/reactClient1/index.html
2025-10-03 16:00:29,077 [INFO] UserAuth:487 - Internet connection configuration mode: 1
2025-10-03 16:25:58,953 [INFO] Activator:176 - 


2025-10-03 16:25:58,955 [INFO] Activator:177 - !SESSION log4j initialized
2025-10-03 16:26:03,673 [INFO] LogOutputStream:77 - [STDOUT_REDIRECT] 
2025-10-03 16:26:05,002 [ERROR] LogOutputStream:75 - [STDERR_REDIRECT] 
2025-10-03 16:26:08,253 [INFO] LogOutputStream:77 - [STDOUT_REDIRECT] 
2025-10-03 16:26:09,650 [INFO] ApplicationProperties:184 - Using Application install path: /Applications/STM32CubeIDE.app/Contents/Eclipse/plugins/com.st.stm32cube.common.mx_6.15.0.202507011659
2025-10-03 16:26:09,668 [INFO] DbMcusXml:78 - Set database path to: /Applications/STM32CubeIDE.app/Contents/Eclipse/plugins/com.st.stm32cube.common.mx_6.15.0.202507011659//db//mcu/
2025-10-03 16:26:09,669 [INFO] ApiDb:274 - Set plugin database path to: /Applications/STM32CubeIDE.app/Contents/Eclipse/plugins/com.st.stm32cube.common.mx_6.15.0.202507011659//db//plugins/boardmanager/
2025-10-03 16:26:09,670 [WARN] ApiDb:259 - Overriding images path with different value:  => /Applications/STM32CubeIDE.app/Contents/Eclipse/plugins/com.st.stm32cube.common.mx_6.15.0.202507011659//db//plugins/mcufinder/images/
2025-10-03 16:26:09,676 [INFO] ApiDb:250 - Set database path to: /Users/dylan/.stmcufinder/plugins/mcufinder//mcu/
2025-10-03 16:26:09,678 [INFO] DbMcusAds:125 - Set database path to: /Users/dylan/.stmcufinder/plugins/mcufinder//mcu/
2025-10-03 16:26:09,679 [INFO] CrossReferenceDbSqlite:203 - Set database path to: /Users/dylan/.stmcufinder/plugins/mcufinder//mcu/cs/
2025-10-03 16:26:09,841 [INFO] RulesReader:64 - Compatibility file has been processed (317 Rules)
2025-10-03 16:26:09,911 [INFO] DbMcusXml:78 - Set database path to: /Applications/STM32CubeIDE.app/Contents/Eclipse/plugins/com.st.stm32cube.common.mx_6.15.0.202507011659//db//mcu/
2025-10-03 16:26:09,911 [INFO] ApiDb:274 - Set plugin database path to: /Applications/STM32CubeIDE.app/Contents/Eclipse/plugins/com.st.stm32cube.common.mx_6.15.0.202507011659//db//plugins/boardmanager/
2025-10-03 16:26:09,911 [INFO] ApiDb:261 - Set plugin images path to: /Applications/STM32CubeIDE.app/Contents/Eclipse/plugins/com.st.stm32cube.common.mx_6.15.0.202507011659//db//plugins/mcufinder/images/
2025-10-03 16:26:09,912 [WARN] DbFile:41 - Overriding database path with different value: /Users/dylan/.stmcufinder/plugins/mcufinder/ => /Users/dylan/.stmcufinder/plugins/mcufinder
2025-10-03 16:26:09,912 [INFO] ApiDb:250 - Set database path to: /Users/dylan/.stmcufinder/plugins/mcufinder//mcu/
2025-10-03 16:26:09,912 [WARN] DbFile:41 - Overriding database path with different value: /Users/dylan/.stmcufinder/plugins/mcufinder/ => /Users/dylan/.stmcufinder/plugins/mcufinder
2025-10-03 16:26:09,912 [INFO] DbMcusAds:125 - Set database path to: /Users/dylan/.stmcufinder/plugins/mcufinder//mcu/
2025-10-03 16:26:09,912 [WARN] DbFile:41 - Overriding database path with different value: /Users/dylan/.stmcufinder/plugins/mcufinder/ => /Users/dylan/.stmcufinder/plugins/mcufinder
2025-10-03 16:26:09,912 [WARN] DbFile:41 - Overriding database path with different value: /Users/dylan/.stmcufinder/plugins/mcufinder/ => /Users/dylan/.stmcufinder/plugins/mcufinder
2025-10-03 16:26:09,912 [INFO] CrossReferenceDbSqlite:203 - Set database path to: /Users/dylan/.stmcufinder/plugins/mcufinder//mcu/cs/
2025-10-03 16:26:10,001 [INFO] MainPanel:274 - HeapMemory: 268435456
2025-10-03 16:26:11,084 [INFO] DbMcusXml:78 - Set database path to: /Applications/STM32CubeIDE.app/Contents/Eclipse/plugins/com.st.stm32cube.common.mx_6.15.0.202507011659//db//mcu/
2025-10-03 16:26:11,084 [INFO] ApiDb:274 - Set plugin database path to: /Applications/STM32CubeIDE.app/Contents/Eclipse/plugins/com.st.stm32cube.common.mx_6.15.0.202507011659//db//plugins/boardmanager/
2025-10-03 16:26:11,085 [INFO] ApiDb:261 - Set plugin images path to: /Applications/STM32CubeIDE.app/Contents/Eclipse/plugins/com.st.stm32cube.common.mx_6.15.0.202507011659//db//plugins/mcufinder/images/
2025-10-03 16:26:11,085 [WARN] DbFile:41 - Overriding database path with different value: /Users/dylan/.stmcufinder/plugins/mcufinder/ => /Users/dylan/.stmcufinder/plugins/mcufinder
2025-10-03 16:26:11,085 [INFO] ApiDb:250 - Set database path to: /Users/dylan/.stmcufinder/plugins/mcufinder//mcu/
2025-10-03 16:26:11,085 [WARN] DbFile:41 - Overriding database path with different value: /Users/dylan/.stmcufinder/plugins/mcufinder/ => /Users/dylan/.stmcufinder/plugins/mcufinder
2025-10-03 16:26:11,085 [INFO] DbMcusAds:125 - Set database path to: /Users/dylan/.stmcufinder/plugins/mcufinder//mcu/
2025-10-03 16:26:11,086 [WARN] DbFile:41 - Overriding database path with different value: /Users/dylan/.stmcufinder/plugins/mcufinder/ => /Users/dylan/.stmcufinder/plugins/mcufinder
2025-10-03 16:26:11,086 [WARN] DbFile:41 - Overriding database path with different value: /Users/dylan/.stmcufinder/plugins/mcufinder/ => /Users/dylan/.stmcufinder/plugins/mcufinder
2025-10-03 16:26:11,086 [INFO] CrossReferenceDbSqlite:203 - Set database path to: /Users/dylan/.stmcufinder/plugins/mcufinder//mcu/cs/
2025-10-03 16:26:11,105 [INFO] ApplicationProperties:184 - Using Application install path: /Applications/STM32CubeIDE.app/Contents/Eclipse/plugins/com.st.stm32cube.common.mx_6.15.0.202507011659
2025-10-03 16:26:11,107 [INFO] PluginManage:196 - Search for loadable plugins [exclusion list=, ]
2025-10-03 16:26:11,108 [INFO] PluginManage:310 - Check plugin analytics
2025-10-03 16:26:11,334 [INFO] AnalyticsPlugin:253 - Accepted Software Licenses: 
2025-10-03 16:26:11,334 [INFO] AnalyticsPlugin:255 - Accepted CMSIS Pack Licenses: 
2025-10-03 16:26:11,334 [INFO] AnalyticsPlugin:257 - Accepted Firmware Licenses: FW.F4.1.28.0
2025-10-03 16:26:11,342 [INFO] PluginManage:359 - Loaded plugin analytics (category:tool,tabindex:-1)
2025-10-03 16:26:11,343 [INFO] PluginManage:310 - Check plugin cadmodel
2025-10-03 16:26:11,358 [INFO] CADModel:105 - Init CAD model plugin
2025-10-03 16:26:11,358 [INFO] PluginManage:359 - Loaded plugin cadmodel (category:power,tabindex:5)
2025-10-03 16:26:11,359 [INFO] PluginManage:310 - Check plugin clock
2025-10-03 16:26:11,370 [INFO] PluginManage:359 - Loaded plugin clock (category:base,tabindex:2)
2025-10-03 16:26:11,371 [INFO] PluginManage:310 - Check plugin ddr
2025-10-03 16:26:11,373 [INFO] PluginManage:359 - Loaded plugin ddr (category:tool,tabindex:6)
2025-10-03 16:26:11,373 [INFO] PluginManage:310 - Check plugin filemanager
2025-10-03 16:26:11,550 [INFO] PluginManage:359 - Loaded plugin filemanager (category:base,tabindex:10)
2025-10-03 16:26:11,551 [INFO] PluginManage:310 - Check plugin ipmanager
2025-10-03 16:26:11,558 [INFO] PluginManage:359 - Loaded plugin ipmanager (category:base,tabindex:5)
2025-10-03 16:26:11,558 [INFO] PluginManage:310 - Check plugin lpbam
2025-10-03 16:26:11,571 [INFO] PluginManage:359 - Loaded plugin lpbam (category:base,tabindex:0)
2025-10-03 16:26:11,571 [INFO] PluginManage:310 - Check plugin memorymap
2025-10-03 16:26:11,582 [INFO] PluginManage:359 - Loaded plugin memorymap (category:base,tabindex:4)
2025-10-03 16:26:11,583 [INFO] PluginManage:310 - Check plugin pinoutandconfiguration
2025-10-03 16:26:11,592 [INFO] PluginManage:359 - Loaded plugin pinoutandconfiguration (category:base,tabindex:1)
2025-10-03 16:26:11,592 [INFO] PluginManage:310 - Check plugin pinoutconfig
2025-10-03 16:26:11,687 [WARN] SupportedApi:132 - Cannot load RTOS API schema: s4s-elt-must-match.1: The content of 'definitions' must match (annotation?, (simpleType | complexType)?, (unique | key | keyref)*)). A problem was found starting at: attribute.
2025-10-03 16:26:11,872 [INFO] PluginManage:359 - Loaded plugin pinoutconfig (category:base,tabindex:0)
2025-10-03 16:26:11,873 [INFO] PluginManage:310 - Check plugin power
2025-10-03 16:26:11,888 [INFO] PluginManage:359 - Loaded plugin power (category:power,tabindex:4)
2025-10-03 16:26:11,888 [INFO] PluginManage:310 - Check plugin projectmanager
2025-10-03 16:26:11,920 [INFO] PluginManage:359 - Loaded plugin projectmanager (category:projectmanager,tabindex:4)
2025-10-03 16:26:11,920 [INFO] PluginManage:310 - Check plugin rif
2025-10-03 16:26:11,931 [INFO] PluginManage:359 - Loaded plugin rif (category:base,tabindex:3)
2025-10-03 16:26:11,931 [INFO] PluginManage:310 - Check plugin thirdparty
2025-10-03 16:26:12,114 [INFO] PluginManage:359 - Loaded plugin thirdparty (category:base,tabindex:-1)
2025-10-03 16:26:12,115 [INFO] PluginManage:310 - Check plugin tools
2025-10-03 16:26:12,114 [WARN] IntegrityCheckThread:84 - waiting for thirdparty lock release [integrity check]
2025-10-03 16:26:12,116 [INFO] IntegrityCheckThread:86 - entering critical section [integrity check]
2025-10-03 16:26:12,116 [INFO] ThirdPartyUpdaterWithRetryManager:70 - Updater plugin not ready yet. [1/15]
2025-10-03 16:26:12,119 [INFO] PluginManage:359 - Loaded plugin tools (category:base,tabindex:7)
2025-10-03 16:26:12,119 [INFO] PluginManage:310 - Check plugin tutovideos
2025-10-03 16:26:12,329 [INFO] PluginManage:359 - Loaded plugin tutovideos (category:base,tabindex:-1)
2025-10-03 16:26:12,329 [INFO] PluginManage:310 - Check plugin updater
2025-10-03 16:26:12,365 [INFO] PluginManage:359 - Loaded plugin updater (category:base,tabindex:12)
2025-10-03 16:26:12,365 [INFO] PluginManage:310 - Check plugin userauth
2025-10-03 16:26:12,371 [INFO] UserAuth:118 - Init User Auth plugin
2025-10-03 16:26:12,373 [INFO] PluginManage:359 - Loaded plugin userauth (category:base,tabindex:14)
2025-10-03 16:26:12,373 [INFO] PluginManage:283 - PluginManage : Loaded plugins [18]
2025-10-03 16:26:12,686 [INFO] PinOutPanel:1589 - setPackage(No Configuration,No Configuration)
2025-10-03 16:26:12,760 [INFO] CADModel:165 - CPN selected for project level
2025-10-03 16:26:12,761 [INFO] CADModel:114 - Register for checkConnection events
2025-10-03 16:26:12,776 [INFO] IPUIPlugin:80 - create IPUIPlugin
2025-10-03 16:26:12,777 [INFO] PluginManager:220 - loadIPPluginJar : add mdma
2025-10-03 16:26:12,783 [INFO] IPUIPlugin:80 - create IPUIPlugin
2025-10-03 16:26:12,783 [INFO] PluginManager:220 - loadIPPluginJar : add freertos
2025-10-03 16:26:12,787 [INFO] IPUIPlugin:80 - create IPUIPlugin
2025-10-03 16:26:12,787 [INFO] PluginManager:220 - loadIPPluginJar : add gic
2025-10-03 16:26:12,797 [INFO] IPUIPlugin:80 - create IPUIPlugin
2025-10-03 16:26:12,797 [INFO] PluginManager:220 - loadIPPluginJar : add adc
2025-10-03 16:26:12,798 [INFO] IPUIPlugin:80 - create IPUIPlugin
2025-10-03 16:26:12,799 [INFO] PluginManager:220 - loadIPPluginJar : add gtzc
2025-10-03 16:26:12,800 [INFO] IPUIPlugin:80 - create IPUIPlugin
2025-10-03 16:26:12,800 [INFO] PluginManager:220 - loadIPPluginJar : add quadspi
2025-10-03 16:26:12,802 [INFO] IPUIPlugin:80 - create IPUIPlugin
2025-10-03 16:26:12,802 [INFO] PluginManager:220 - loadIPPluginJar : add aes
2025-10-03 16:26:12,804 [INFO] IPUIPlugin:80 - create IPUIPlugin
2025-10-03 16:26:12,804 [INFO] PluginManager:220 - loadIPPluginJar : add pdm2pcm
2025-10-03 16:26:12,806 [INFO] IPUIPlugin:80 - create IPUIPlugin
2025-10-03 16:26:12,806 [INFO] PluginManager:220 - loadIPPluginJar : add hash
2025-10-03 16:26:12,807 [INFO] IPUIPlugin:80 - create IPUIPlugin
2025-10-03 16:26:12,807 [INFO] PluginManager:220 - loadIPPluginJar : add tim
2025-10-03 16:26:12,809 [INFO] IPUIPlugin:80 - create IPUIPlugin
2025-10-03 16:26:12,809 [INFO] PluginManager:220 - loadIPPluginJar : add tsc
2025-10-03 16:26:12,811 [INFO] IPUIPlugin:80 - create IPUIPlugin
2025-10-03 16:26:12,812 [INFO] PluginManager:220 - loadIPPluginJar : add extmemmanager
2025-10-03 16:26:12,813 [INFO] IPUIPlugin:80 - create IPUIPlugin
2025-10-03 16:26:12,813 [INFO] PluginManager:220 - loadIPPluginJar : add ts
2025-10-03 16:26:12,814 [INFO] IPUIPlugin:80 - create IPUIPlugin
2025-10-03 16:26:12,815 [INFO] PluginManager:220 - loadIPPluginJar : add radio
2025-10-03 16:26:12,816 [INFO] IPUIPlugin:80 - create IPUIPlugin
2025-10-03 16:26:12,816 [INFO] PluginManager:220 - loadIPPluginJar : add can
2025-10-03 16:26:12,818 [INFO] IPUIPlugin:80 - create IPUIPlugin
2025-10-03 16:26:12,818 [INFO] PluginManager:220 - loadIPPluginJar : add dma3
2025-10-03 16:26:12,819 [INFO] IPUIPlugin:80 - create IPUIPlugin
2025-10-03 16:26:12,819 [INFO] PluginManager:220 - loadIPPluginJar : add dfsdm
2025-10-03 16:26:12,820 [INFO] IPUIPlugin:80 - create IPUIPlugin
2025-10-03 16:26:12,820 [INFO] PluginManager:220 - loadIPPluginJar : add spi
2025-10-03 16:26:12,822 [INFO] IPUIPlugin:80 - create IPUIPlugin
2025-10-03 16:26:12,822 [INFO] PluginManager:220 - loadIPPluginJar : add gfxmmu
2025-10-03 16:26:12,824 [INFO] IPUIPlugin:80 - create IPUIPlugin
2025-10-03 16:26:12,824 [INFO] PluginManager:220 - loadIPPluginJar : add genericplugin
2025-10-03 16:26:12,825 [INFO] IPUIPlugin:80 - create IPUIPlugin
2025-10-03 16:26:12,825 [INFO] PluginManager:220 - loadIPPluginJar : add cryp
2025-10-03 16:26:12,828 [INFO] IPUIPlugin:80 - create IPUIPlugin
2025-10-03 16:26:12,829 [INFO] PluginManager:220 - loadIPPluginJar : add gpio
2025-10-03 16:26:12,832 [INFO] IPUIPlugin:80 - create IPUIPlugin
2025-10-03 16:26:12,833 [INFO] PluginManager:220 - loadIPPluginJar : add ddr_ctrl_phy
2025-10-03 16:26:12,837 [INFO] IPUIPlugin:80 - create IPUIPlugin
2025-10-03 16:26:12,837 [INFO] PluginManager:220 - loadIPPluginJar : add comp
2025-10-03 16:26:12,840 [INFO] IPUIPlugin:80 - create IPUIPlugin
2025-10-03 16:26:12,844 [INFO] PluginManager:220 - loadIPPluginJar : add tracer_emb
2025-10-03 16:26:12,847 [INFO] IPUIPlugin:80 - create IPUIPlugin
2025-10-03 16:26:12,847 [INFO] PluginManager:220 - loadIPPluginJar : add openamp
2025-10-03 16:26:12,852 [INFO] IPUIPlugin:80 - create IPUIPlugin
2025-10-03 16:26:12,852 [INFO] PluginManager:220 - loadIPPluginJar : add stm32_wpan
2025-10-03 16:26:12,857 [INFO] IPUIPlugin:80 - create IPUIPlugin
2025-10-03 16:26:12,859 [INFO] PluginManager:220 - loadIPPluginJar : add plateformsettings
2025-10-03 16:26:12,862 [INFO] IPUIPlugin:80 - create IPUIPlugin
2025-10-03 16:26:12,862 [INFO] PluginManager:220 - loadIPPluginJar : add ipddr
2025-10-03 16:26:12,864 [INFO] IPUIPlugin:80 - create IPUIPlugin
2025-10-03 16:26:12,864 [INFO] PluginManager:220 - loadIPPluginJar : add usart
2025-10-03 16:26:12,865 [INFO] IPUIPlugin:80 - create IPUIPlugin
2025-10-03 16:26:12,865 [INFO] PluginManager:220 - loadIPPluginJar : add ltdc
2025-10-03 16:26:12,867 [INFO] IPUIPlugin:80 - create IPUIPlugin
2025-10-03 16:26:12,867 [INFO] PluginManager:220 - loadIPPluginJar : add nvic
2025-10-03 16:26:12,868 [INFO] IPUIPlugin:80 - create IPUIPlugin
2025-10-03 16:26:12,868 [INFO] PluginManager:220 - loadIPPluginJar : add fatfs
2025-10-03 16:26:12,874 [INFO] IPUIPlugin:80 - create IPUIPlugin
2025-10-03 16:26:12,874 [INFO] PluginManager:220 - loadIPPluginJar : add linkedlist
2025-10-03 16:26:12,878 [INFO] IPUIPlugin:80 - create IPUIPlugin
2025-10-03 16:26:12,878 [INFO] PluginManager:220 - loadIPPluginJar : add dma
2025-10-03 16:26:12,881 [INFO] IPUIPlugin:80 - create IPUIPlugin
2025-10-03 16:26:12,882 [INFO] PluginManager:220 - loadIPPluginJar : add fmc
2025-10-03 16:26:12,883 [INFO] IPUIPlugin:80 - create IPUIPlugin
2025-10-03 16:26:12,883 [INFO] PluginManager:220 - loadIPPluginJar : add i2s
2025-10-03 16:26:12,885 [INFO] IPUIPlugin:80 - create IPUIPlugin
2025-10-03 16:26:12,885 [INFO] PluginManager:220 - loadIPPluginJar : add ucpd
2025-10-03 16:26:12,887 [INFO] IPUIPlugin:80 - create IPUIPlugin
2025-10-03 16:26:12,887 [INFO] PluginManager:220 - loadIPPluginJar : add lorawan
2025-10-03 16:26:12,889 [INFO] IPUIPlugin:80 - create IPUIPlugin
2025-10-03 16:26:12,889 [INFO] PluginManager:220 - loadIPPluginJar : add opamp
2025-10-03 16:26:12,891 [INFO] IPUIPlugin:80 - create IPUIPlugin
2025-10-03 16:26:12,891 [INFO] PluginManager:220 - loadIPPluginJar : add i3c
2025-10-03 16:26:12,894 [INFO] IPUIPlugin:80 - create IPUIPlugin
2025-10-03 16:26:12,894 [INFO] PluginManager:220 - loadIPPluginJar : add touchsensing
2025-10-03 16:26:12,896 [INFO] IPUIPlugin:80 - create IPUIPlugin
2025-10-03 16:26:12,896 [INFO] PluginManager:220 - loadIPPluginJar : add i2c
2025-10-03 16:26:12,899 [INFO] IPUIPlugin:80 - create IPUIPlugin
2025-10-03 16:26:12,899 [INFO] PluginManager:220 - loadIPPluginJar : add resmgrutility
2025-10-03 16:26:12,901 [INFO] IPUIPlugin:80 - create IPUIPlugin
2025-10-03 16:26:12,902 [INFO] PluginManager:220 - loadIPPluginJar : add sai
2025-10-03 16:26:12,906 [INFO] IPUIPlugin:80 - create IPUIPlugin
2025-10-03 16:26:12,906 [INFO] PluginManager:220 - loadIPPluginJar : add usbx
2025-10-03 16:26:13,024 [FATAL] Updater:351 - Updater called before beeing initialized
2025-10-03 16:26:13,081 [INFO] RulesReader:64 - Compatibility file has been processed (317 Rules)
2025-10-03 16:26:13,095 [INFO] RulesReader:64 - Compatibility file has been processed (317 Rules)
2025-10-03 16:26:13,106 [INFO] CADModel:165 - CPN selected for project level
2025-10-03 16:26:13,107 [INFO] CADModel:114 - Register for checkConnection events
2025-10-03 16:26:13,107 [FATAL] Updater:351 - Updater called before beeing initialized
2025-10-03 16:26:13,107 [ERROR] CADModel:125 - Updater not yet initialized, retry later 
2025-10-03 16:26:13,360 [FATAL] Updater:351 - Updater called before beeing initialized
2025-10-03 16:26:13,362 [INFO] CADModel:165 - CPN selected for project level
2025-10-03 16:26:13,362 [INFO] CADModel:114 - Register for checkConnection events
2025-10-03 16:26:13,362 [FATAL] Updater:351 - Updater called before beeing initialized
2025-10-03 16:26:13,362 [ERROR] CADModel:125 - Updater not yet initialized, retry later 
2025-10-03 16:26:13,365 [FATAL] Updater:351 - Updater called before beeing initialized
2025-10-03 16:26:13,547 [FATAL] Updater:351 - Updater called before beeing initialized
2025-10-03 16:26:13,553 [INFO] DbMcusAds:53 - JSON generation date=Tue Jul 08 16:14:23 SGT 2025 (1751962463582)
2025-10-03 16:26:13,554 [FATAL] Updater:351 - Updater called before beeing initialized
2025-10-03 16:26:13,612 [WARN] DetailPanel:346 - Failed to get advertising image, set to default
2025-10-03 16:26:13,687 [FATAL] Updater:351 - Updater called before beeing initialized
2025-10-03 16:26:13,690 [FATAL] Updater:351 - Updater called before beeing initialized
2025-10-03 16:26:13,691 [FATAL] Updater:351 - Updater called before beeing initialized
2025-10-03 16:26:13,691 [WARN] DetailPanel:346 - Failed to get advertising image, set to default
2025-10-03 16:26:13,698 [FATAL] Updater:351 - Updater called before beeing initialized
2025-10-03 16:26:13,759 [ERROR] Updater:1198 - MainUpdater not yet initialized. External WinMGr cannot be set.
2025-10-03 16:26:13,763 [INFO] Updater:1134 - Updater Version found : 6.15.0
2025-10-03 16:26:13,779 [INFO] ApplicationProperties:184 - Using Application install path: /Applications/STM32CubeIDE.app/Contents/Eclipse/plugins/com.st.stm32cube.common.mx_6.15.0.202507011659
2025-10-03 16:26:14,450 [INFO] MainUpdater:2872 - connection check result : 10
2025-10-03 16:26:14,452 [INFO] MainUpdater:289 - Updater Check For Update Now.
2025-10-03 16:26:14,452 [INFO] MicroXplorer:498 - Change Database Version : DB.6.0.150
2025-10-03 16:26:14,465 [INFO] McuFinderGlobals:63 - Set McuFinder mode to 2 (CubeIDE integrated)
2025-10-03 16:26:14,469 [INFO] UserAuth:487 - Internet connection configuration mode: 1
2025-10-03 16:26:14,493 [INFO] JxBrowserEngine:152 - Initiate JxBrowser Engine with user profile folder
2025-10-03 16:26:14,763 [INFO] CheckServerUpdateThread:120 - End of CheckServer Thread
2025-10-03 16:26:15,320 [WARN] PackLoader:240 - Cannot read IP mode file for STMicroelectronics.FP-SNS-MOTENVWB1.1.4.0
2025-10-03 16:26:15,358 [WARN] PackLoader:240 - Cannot read IP mode file for STMicroelectronics.FP-ATR-ASTRA1.2.0.2
2025-10-03 16:26:15,378 [WARN] PackLoader:240 - Cannot read IP mode file for STMicroelectronics.X-CUBE-SMBUS.2.1.0
2025-10-03 16:26:15,388 [WARN] PackLoader:240 - Cannot read IP mode file for STMicroelectronics.X-CUBE-ST60.1.0.0
2025-10-03 16:26:15,448 [WARN] PackLoader:240 - Cannot read IP mode file for STMicroelectronics.X-CUBE-AZRTOS-F7.1.1.0
2025-10-03 16:26:15,499 [WARN] PackLoader:240 - Cannot read IP mode file for WES.I-CUBE-Cesium.1.4.0
2025-10-03 16:26:15,560 [WARN] PackLoader:240 - Cannot read IP mode file for Infineon.AIROC-Wi-Fi-Bluetooth-STM32.1.7.1
2025-10-03 16:26:15,643 [WARN] PackLoader:240 - Cannot read IP mode file for STMicroelectronics.X-CUBE-AZRTOS-H7.3.4.0
2025-10-03 16:26:15,681 [WARN] PackLoader:240 - Cannot read IP mode file for STMicroelectronics.X-CUBE-DISPLAY.3.0.0
2025-10-03 16:26:15,719 [WARN] PackLoader:240 - Cannot read IP mode file for STMicroelectronics.X-CUBE-NFC10.1.0.0
2025-10-03 16:26:15,733 [WARN] PackLoader:240 - Cannot read IP mode file for emotas.I-CUBE-CANOPEN.1.3.0
2025-10-03 16:26:15,750 [WARN] PackLoader:240 - Cannot read IP mode file for STMicroelectronics.FP-SNS-STBOX1.2.1.0
2025-10-03 16:26:15,770 [WARN] PackLoader:240 - Cannot read IP mode file for STMicroelectronics.FP-SNS-SMARTAG2.1.2.0
2025-10-03 16:26:15,780 [WARN] PackLoader:240 - Cannot read IP mode file for STMicroelectronics.FP-SNS-FLIGHT1.5.1.0
2025-10-03 16:26:15,789 [INFO] LogOutputStream:77 - [STDOUT_REDIRECT] 1 : Invalid condition id : UX_CORESTACK_Condition cause : null
2025-10-03 16:26:15,791 [INFO] LogOutputStream:77 - [STDOUT_REDIRECT] 1 : Invalid condition id : UX_CORESTACK_Condition cause : null
2025-10-03 16:26:15,792 [INFO] LogOutputStream:77 - [STDOUT_REDIRECT] 1 : Invalid condition id : UX_CORESTACK_Condition cause : null
2025-10-03 16:26:15,792 [INFO] LogOutputStream:77 - [STDOUT_REDIRECT] 1 : Invalid condition id : UX_CORESTACK_Condition cause : null
2025-10-03 16:26:15,792 [INFO] LogOutputStream:77 - [STDOUT_REDIRECT] 1 : Invalid condition id : UX_CORESTACK_Condition cause : null
2025-10-03 16:26:15,800 [WARN] PackLoader:240 - Cannot read IP mode file for STMicroelectronics.X-CUBE-AZRTOS-WL.2.0.0
2025-10-03 16:26:15,808 [WARN] PackLoader:240 - Cannot read IP mode file for STMicroelectronics.FP-SNS-MOTENV1.5.0.0
2025-10-03 16:26:15,816 [WARN] PackLoader:240 - Cannot read IP mode file for STMicroelectronics.X-CUBE-BLE2.3.3.0
2025-10-03 16:26:15,831 [WARN] PackLoader:240 - Cannot read IP mode file for STMicroelectronics.X-CUBE-NFC9.1.0.0
2025-10-03 16:26:16,130 [WARN] PackLoader:240 - Cannot read IP mode file for wolfSSL.I-CUBE-wolfSSL.5.8.2
2025-10-03 16:26:16,232 [WARN] PackLoader:240 - Cannot read IP mode file for STMicroelectronics.X-CUBE-BLE1.7.1.0
2025-10-03 16:26:16,247 [WARN] PackLoader:240 - Cannot read IP mode file for wolfSSL.I-CUBE-wolfMQTT.1.19.2
2025-10-03 16:26:16,256 [WARN] PackLoader:240 - Cannot read IP mode file for STMicroelectronics.X-CUBE-EEPRMA1.5.2.0
2025-10-03 16:26:16,291 [WARN] PackLoader:240 - Cannot read IP mode file for STMicroelectronics.X-CUBE-AZRTOS-G0.1.1.0
2025-10-03 16:26:16,311 [WARN] PackLoader:240 - Cannot read IP mode file for STMicroelectronics.X-CUBE-SAFEA1.1.2.2
2025-10-03 16:26:16,319 [WARN] PackLoader:240 - Cannot read IP mode file for STMicroelectronics.X-CUBE-NFC4.3.0.0
2025-10-03 16:26:16,339 [WARN] PackLoader:240 - Cannot read IP mode file for EmbeddedOffice.I-CUBE-FS-RTOS.1.0.1
2025-10-03 16:26:16,347 [WARN] PackLoader:240 - Cannot read IP mode file for STMicroelectronics.X-CUBE-WB05N.2.0.0
2025-10-03 16:26:16,352 [WARN] PackLoader:240 - Cannot read IP mode file for wolfSSL.I-CUBE-wolfTPM.3.8.0
2025-10-03 16:26:16,361 [WARN] PackLoader:240 - Cannot read IP mode file for STMicroelectronics.X-CUBE-TCPP.4.2.0
2025-10-03 16:26:16,368 [WARN] PackLoader:240 - Cannot read IP mode file for RealThread.X-CUBE-RT-Thread_Nano.4.1.1
2025-10-03 16:26:16,371 [WARN] PackLoader:240 - Cannot read IP mode file for STMicroelectronics.FP-ATR-SIGFOX1.3.2.0
2025-10-03 16:26:16,376 [WARN] PackLoader:240 - Cannot read IP mode file for ITTIA_DB.I-CUBE-ITTIADB.8.9.0
2025-10-03 16:26:16,396 [WARN] PackLoader:240 - Cannot read IP mode file for STMicroelectronics.X-CUBE-ST67W61.1.0.0
2025-10-03 16:26:16,401 [WARN] PackLoader:240 - Cannot read IP mode file for STMicroelectronics.X-CUBE-AI.10.2.0
2025-10-03 16:26:16,492 [WARN] PackLoader:240 - Cannot read IP mode file for SEGGER.I-CUBE-embOS.1.3.1
2025-10-03 16:26:16,562 [WARN] PackLoader:240 - Cannot read IP mode file for STMicroelectronics.X-CUBE-ALGOBUILD.1.4.0
2025-10-03 16:26:16,665 [WARN] PackLoader:240 - Cannot read IP mode file for STMicroelectronics.X-CUBE-MEMS1.11.3.0
2025-10-03 16:26:16,770 [WARN] PackLoader:240 - Cannot read IP mode file for STMicroelectronics.X-CUBE-PM33A1.1.0.0
2025-10-03 16:26:16,805 [WARN] PackLoader:240 - Cannot read IP mode file for STMicroelectronics.X-CUBE-AZRTOS-F4.1.1.0
2025-10-03 16:26:16,821 [WARN] PackLoader:240 - Cannot read IP mode file for Avnet-IotConnect.X-CUBE-IoTC-DA16k-PMOD.1.0.0
2025-10-03 16:26:16,830 [WARN] PackLoader:240 - Cannot read IP mode file for STMicroelectronics.X-CUBE-ISPU.2.1.0
2025-10-03 16:26:16,840 [WARN] PackLoader:240 - Cannot read IP mode file for STMicroelectronics.X-CUBE-NFC12.1.0.0
2025-10-03 16:26:16,869 [WARN] PackLoader:240 - Cannot read IP mode file for STMicroelectronics.X-CUBE-AZRTOS-L5.2.0.0
2025-10-03 16:26:16,890 [WARN] PackLoader:240 - Cannot read IP mode file for STMicroelectronics.X-CUBE-NFC6.3.1.0
2025-10-03 16:26:16,900 [WARN] PackLoader:240 - Cannot read IP mode file for STMicroelectronics.X-CUBE-FREERTOS.1.3.1
2025-10-03 16:26:16,908 [WARN] PackLoader:240 - Cannot read IP mode file for STMicroelectronics.X-CUBE-TOUCHGFX.4.26.0
2025-10-03 16:26:16,916 [WARN] PackLoader:240 - Cannot read IP mode file for STMicroelectronics.FP-SNS-STAIOTCFT.1.0.0
2025-10-03 16:26:16,926 [WARN] PackLoader:240 - Cannot read IP mode file for STMicroelectronics.X-CUBE-DPower.1.3.0
2025-10-03 16:26:16,950 [WARN] ConditionMgr:438 - getConditionDescription Invalid condition id : LAN8742 Phy interface Condition cause : null
2025-10-03 16:26:16,952 [WARN] PackLoader:240 - Cannot read IP mode file for STMicroelectronics.X-CUBE-AZRTOS-L4.2.0.0
2025-10-03 16:26:16,955 [WARN] ConditionMgr:1044 - genDependencies : Invalid condition id : LAN8742 Phy interface Condition cause : null
2025-10-03 16:26:16,956 [WARN] ConditionMgr:1044 - genDependencies : Invalid condition id : LAN8742 Phy interface Condition cause : null
2025-10-03 16:26:16,958 [WARN] ConditionMgr:1044 - genDependencies : Invalid condition id : LAN8742 Phy interface Condition cause : null
2025-10-03 16:26:16,966 [WARN] PackLoader:240 - Cannot read IP mode file for STMicroelectronics.X-CUBE-SFXS2LP1.4.0.0
2025-10-03 16:26:16,988 [WARN] PackLoader:240 - Cannot read IP mode file for STMicroelectronics.X-CUBE-BLEMGR.4.1.0
2025-10-03 16:26:17,011 [WARN] ConditionMgr:438 - getConditionDescription Invalid condition id : UX DEVICE CLASS RTOS Condition cause : null
2025-10-03 16:26:17,011 [WARN] ConditionMgr:438 - getConditionDescription Invalid condition id : UX DEVICE CLASS RTOS Condition cause : null
2025-10-03 16:26:17,015 [WARN] PackLoader:240 - Cannot read IP mode file for STMicroelectronics.X-CUBE-AZRTOS-WB.2.0.0
2025-10-03 16:26:17,016 [WARN] ConditionMgr:1044 - genDependencies : Invalid condition id : UX DEVICE CLASS RTOS Condition cause : null
2025-10-03 16:26:17,016 [WARN] ConditionMgr:1044 - genDependencies : Invalid condition id : UX DEVICE CLASS RTOS Condition cause : null
2025-10-03 16:26:17,017 [WARN] ConditionMgr:1044 - genDependencies : Invalid condition id : UX DEVICE CLASS RTOS Condition cause : null
2025-10-03 16:26:17,017 [WARN] ConditionMgr:1044 - genDependencies : Invalid condition id : UX DEVICE CLASS RTOS Condition cause : null
2025-10-03 16:26:17,017 [WARN] ConditionMgr:1044 - genDependencies : Invalid condition id : UX DEVICE CLASS RTOS Condition cause : null
2025-10-03 16:26:17,023 [WARN] PackLoader:240 - Cannot read IP mode file for STMicroelectronics.X-CUBE-GNSS1.7.0.1
2025-10-03 16:26:17,026 [WARN] PackLoader:240 - Cannot read IP mode file for STMicroelectronics.X-CUBE-TOUCHGFX.4.25.0
2025-10-03 16:26:17,028 [WARN] ConditionMgr:438 - getConditionDescription Invalid condition id : Cortex-A Device cause : null
2025-10-03 16:26:17,086 [WARN] ConditionMgr:1044 - genDependencies : Invalid condition id : Cortex-A Device cause : null
2025-10-03 16:26:17,086 [WARN] ConditionMgr:1044 - genDependencies : Invalid condition id : Cortex-A Device cause : null
2025-10-03 16:26:17,086 [WARN] ConditionMgr:1044 - genDependencies : Invalid condition id : Cortex-A Device cause : null
2025-10-03 16:26:17,098 [WARN] PackLoader:240 - Cannot read IP mode file for STMicroelectronics.X-CUBE-SUBG2.5.0.0
2025-10-03 16:26:17,129 [WARN] PackLoader:240 - Cannot read IP mode file for STMicroelectronics.X-CUBE-AZRTOS-H7RS.1.1.0
2025-10-03 16:26:17,136 [WARN] PackLoader:240 - Cannot read IP mode file for Cesanta.I-CUBE-Mongoose.7.13.0
2025-10-03 16:26:17,154 [WARN] PackLoader:240 - Cannot read IP mode file for STMicroelectronics.X-CUBE-AZRTOS-G4.2.0.0
2025-10-03 16:26:17,159 [WARN] PackLoader:240 - Cannot read IP mode file for wolfSSL.I-CUBE-wolfSSH.1.4.20
2025-10-03 16:26:17,166 [WARN] PackLoader:240 - Cannot read IP mode file for STMicroelectronics.X-CUBE-NFC7.2.0.0
2025-10-03 16:26:17,179 [WARN] PackLoader:240 - Cannot read IP mode file for STMicroelectronics.X-CUBE-IPS.3.1.0
2025-10-03 16:26:17,188 [WARN] PackLoader:240 - Cannot read IP mode file for STMicroelectronics.X-CUBE-ALS.1.0.2
2025-10-03 16:26:17,228 [WARN] PackLoader:240 - Cannot read IP mode file for STMicroelectronics.X-CUBE-STSE01.1.0.0
2025-10-03 16:26:17,488 [WARN] PackLoader:240 - Cannot read IP mode file for portGmbH.I-Cube-SoM-uGOAL.1.1.0
2025-10-03 16:26:17,535 [WARN] PackLoader:240 - Cannot read IP mode file for STMicroelectronics.X-CUBE-TOF1.3.4.3
2025-10-03 16:26:17,571 [INFO] ThirdParty:978 - Integrity check success = true
2025-10-03 16:26:17,571 [INFO] IntegrityCheckThread:100 - exiting critical section [integrity check]
2025-10-03 16:26:17,571 [INFO] IntegrityCheckThread:103 - End integrity checks thread
2025-10-03 16:26:19,172 [INFO] WebApp:169 - Instantiating new browser for Auth
2025-10-03 16:26:20,701 [INFO] WebApp:463 - Apply proxy settings
2025-10-03 16:26:20,721 [INFO] WebApp:508 - Chromium authenticates against Manually configured proxy
2025-10-03 16:26:20,740 [INFO] WebApp:516 - Username used for proxy authentication: 
2025-10-03 16:26:20,788 [INFO] WebApp:900 - Register for checkConnection events
2025-10-03 16:26:20,789 [INFO] WebApp:463 - Apply proxy settings
2025-10-03 16:26:20,795 [INFO] WebApp:508 - Chromium authenticates against Manually configured proxy
2025-10-03 16:26:20,796 [INFO] WebApp:516 - Username used for proxy authentication: 
2025-10-03 16:26:21,019 [INFO] WebApp:225 - Starting web application
2025-10-03 16:26:21,019 [INFO] WebApp:593 - Web application path used /Applications/STM32CubeIDE.app/Contents/Eclipse/plugins/com.st.stm32cube.common.mx_6.15.0.202507011659/db/plugins/mcufinder/reactClient1/index.html
2025-10-03 16:26:21,445 [INFO] WebApp:191 - Connection restablished
2025-10-03 16:26:21,796 [INFO] UserAuth:487 - Internet connection configuration mode: 1
2025-10-03 17:40:03,605 [INFO] WebApp:194 - Connection lost
2025-10-03 17:40:30,754 [INFO] WebApp:191 - Connection restablished
2025-10-03 17:41:08,946 [INFO] WebApp:194 - Connection lost
2025-10-03 21:28:51,911 [INFO] WebApp:191 - Connection restablished
2025-10-03 21:37:41,338 [INFO] WebApp:194 - Connection lost
2025-10-03 21:37:43,961 [INFO] WebApp:191 - Connection restablished
