21:01:38 **** Incremental Build of configuration Debug for project MDP ****
make -j7 all 
arm-none-eabi-gcc "../Core/Src/main.c" -mcpu=cortex-m4 -std=gnu11 -g3 -DDEBUG -DUSE_HAL_DRIVER -DSTM32F407xx -c -I../Core/Inc -I../Drivers/STM32F4xx_HAL_Driver/Inc -I../Drivers/STM32F4xx_HAL_Driver/Inc/Legacy -I../Drivers/CMSIS/Device/ST/STM32F4xx/Include -I../Drivers/CMSIS/Include -I../Middlewares/Third_Party/FreeRTOS/Source/include -I../Middlewares/Third_Party/FreeRTOS/Source/CMSIS_RTOS_V2 -I../Middlewares/Third_Party/FreeRTOS/Source/portable/GCC/ARM_CM4F -O0 -ffunction-sections -fdata-sections -Wall -fstack-usage -fcyclomatic-complexity -MMD -MP -MF"Core/Src/main.d" -MT"Core/Src/main.o" --specs=nano.specs -mfpu=fpv4-sp-d16 -mfloat-abi=hard -mthumb -o "Core/Src/main.o"
In file included from ../Core/Inc/ICM20948.h:13,
                 from ../Core/Src/main.c:29:
../Core/Inc/ICM20948_ADDR.h:175: warning: "ICM20948__USER_BANK_3__I2C_SLV4_CTRL__REGISTER" redefined
  175 | #define ICM20948__USER_BANK_3__I2C_SLV4_CTRL__REGISTER 0x1D
      | 
../Core/Inc/ICM20948_ADDR.h:168: note: this is the location of the previous definition
  168 | #define ICM20948__USER_BANK_3__I2C_SLV4_CTRL__REGISTER 0x19
      | 
../Core/Inc/ICM20948_ADDR.h:176: warning: "ICM20948__USER_BANK_3__I2C_SLV4_DO__REGISTER" redefined
  176 | #define ICM20948__USER_BANK_3__I2C_SLV4_DO__REGISTER 0x1E
      | 
../Core/Inc/ICM20948_ADDR.h:169: note: this is the location of the previous definition
  169 | #define ICM20948__USER_BANK_3__I2C_SLV4_DO__REGISTER 0x1A
      | 
../Core/Inc/ICM20948_ADDR.h:177: warning: "ICM20948__USER_BANK_3__I2C_SLV4_DI__REGISTER" redefined
  177 | #define ICM20948__USER_BANK_3__I2C_SLV4_DI__REGISTER 0x1F
      | 
../Core/Inc/ICM20948_ADDR.h:174: note: this is the location of the previous definition
  174 | #define ICM20948__USER_BANK_3__I2C_SLV4_DI__REGISTER 0x1B
      | 
../Core/Inc/ICM20948_ADDR.h:178: warning: "ICM20948__USER_BANK_3__I2C_SLV4_CTRL__REGISTER" redefined
  178 | #define ICM20948__USER_BANK_3__I2C_SLV4_CTRL__REGISTER 0x20
      | 
../Core/Inc/ICM20948_ADDR.h:175: note: this is the location of the previous definition
  175 | #define ICM20948__USER_BANK_3__I2C_SLV4_CTRL__REGISTER 0x1D
      | 
../Core/Inc/ICM20948_ADDR.h:179: warning: "ICM20948__USER_BANK_3__I2C_SLV4_DO__REGISTER" redefined
  179 | #define ICM20948__USER_BANK_3__I2C_SLV4_DO__REGISTER 0x21
      | 
../Core/Inc/ICM20948_ADDR.h:176: note: this is the location of the previous definition
  176 | #define ICM20948__USER_BANK_3__I2C_SLV4_DO__REGISTER 0x1E
      | 
../Core/Inc/ICM20948_ADDR.h:180: warning: "ICM20948__USER_BANK_3__I2C_SLV4_DI__REGISTER" redefined
  180 | #define ICM20948__USER_BANK_3__I2C_SLV4_DI__REGISTER 0x22
      | 
../Core/Inc/ICM20948_ADDR.h:177: note: this is the location of the previous definition
  177 | #define ICM20948__USER_BANK_3__I2C_SLV4_DI__REGISTER 0x1F
      | 
../Core/Inc/ICM20948_ADDR.h:181: warning: "ICM20948__USER_BANK_3__I2C_SLV4_CTRL__REGISTER" redefined
  181 | #define ICM20948__USER_BANK_3__I2C_SLV4_CTRL__REGISTER 0x23
      | 
../Core/Inc/ICM20948_ADDR.h:178: note: this is the location of the previous definition
  178 | #define ICM20948__USER_BANK_3__I2C_SLV4_CTRL__REGISTER 0x20
      | 
../Core/Inc/ICM20948_ADDR.h:182: warning: "ICM20948__USER_BANK_3__I2C_SLV4_DO__REGISTER" redefined
  182 | #define ICM20948__USER_BANK_3__I2C_SLV4_DO__REGISTER 0x24
      | 
../Core/Inc/ICM20948_ADDR.h:179: note: this is the location of the previous definition
  179 | #define ICM20948__USER_BANK_3__I2C_SLV4_DO__REGISTER 0x21
      | 
../Core/Inc/ICM20948_ADDR.h:183: warning: "ICM20948__USER_BANK_3__I2C_SLV4_DI__REGISTER" redefined
  183 | #define ICM20948__USER_BANK_3__I2C_SLV4_DI__REGISTER 0x25
      | 
../Core/Inc/ICM20948_ADDR.h:180: note: this is the location of the previous definition
  180 | #define ICM20948__USER_BANK_3__I2C_SLV4_DI__REGISTER 0x22
      | 
../Core/Inc/ICM20948_ADDR.h:184: warning: "ICM20948__USER_BANK_3__I2C_SLV4_CTRL__REGISTER" redefined
  184 | #define ICM20948__USER_BANK_3__I2C_SLV4_CTRL__REGISTER 0x26
      | 
../Core/Inc/ICM20948_ADDR.h:181: note: this is the location of the previous definition
  181 | #define ICM20948__USER_BANK_3__I2C_SLV4_CTRL__REGISTER 0x23
      | 
../Core/Inc/ICM20948_ADDR.h:185: warning: "ICM20948__USER_BANK_3__I2C_SLV4_DO__REGISTER" redefined
  185 | #define ICM20948__USER_BANK_3__I2C_SLV4_DO__REGISTER 0x27
      | 
../Core/Inc/ICM20948_ADDR.h:182: note: this is the location of the previous definition
  182 | #define ICM20948__USER_BANK_3__I2C_SLV4_DO__REGISTER 0x24
      | 
../Core/Inc/ICM20948_ADDR.h:186: warning: "ICM20948__USER_BANK_3__I2C_SLV4_DI__REGISTER" redefined
  186 | #define ICM20948__USER_BANK_3__I2C_SLV4_DI__REGISTER 0x28
      | 
../Core/Inc/ICM20948_ADDR.h:183: note: this is the location of the previous definition
  183 | #define ICM20948__USER_BANK_3__I2C_SLV4_DI__REGISTER 0x25
      | 
../Core/Inc/ICM20948_ADDR.h:187: warning: "ICM20948__USER_BANK_3__I2C_SLV4_CTRL__REGISTER" redefined
  187 | #define ICM20948__USER_BANK_3__I2C_SLV4_CTRL__REGISTER 0x29
      | 
../Core/Inc/ICM20948_ADDR.h:184: note: this is the location of the previous definition
  184 | #define ICM20948__USER_BANK_3__I2C_SLV4_CTRL__REGISTER 0x26
      | 
../Core/Inc/ICM20948_ADDR.h:188: warning: "ICM20948__USER_BANK_3__I2C_SLV4_DO__REGISTER" redefined
  188 | #define ICM20948__USER_BANK_3__I2C_SLV4_DO__REGISTER 0x2A
      | 
../Core/Inc/ICM20948_ADDR.h:185: note: this is the location of the previous definition
  185 | #define ICM20948__USER_BANK_3__I2C_SLV4_DO__REGISTER 0x27
      | 
../Core/Inc/ICM20948_ADDR.h:189: warning: "ICM20948__USER_BANK_3__I2C_SLV4_DI__REGISTER" redefined
  189 | #define ICM20948__USER_BANK_3__I2C_SLV4_DI__REGISTER 0x2B
      | 
../Core/Inc/ICM20948_ADDR.h:186: note: this is the location of the previous definition
  186 | #define ICM20948__USER_BANK_3__I2C_SLV4_DI__REGISTER 0x28
      | 
../Core/Inc/ICM20948_ADDR.h:190: warning: "ICM20948__USER_BANK_3__I2C_SLV4_CTRL__REGISTER" redefined
  190 | #define ICM20948__USER_BANK_3__I2C_SLV4_CTRL__REGISTER 0x2C
      | 
../Core/Inc/ICM20948_ADDR.h:187: note: this is the location of the previous definition
  187 | #define ICM20948__USER_BANK_3__I2C_SLV4_CTRL__REGISTER 0x29
      | 
../Core/Inc/ICM20948_ADDR.h:191: warning: "ICM20948__USER_BANK_3__I2C_SLV4_DO__REGISTER" redefined
  191 | #define ICM20948__USER_BANK_3__I2C_SLV4_DO__REGISTER 0x2D
      | 
../Core/Inc/ICM20948_ADDR.h:188: note: this is the location of the previous definition
  188 | #define ICM20948__USER_BANK_3__I2C_SLV4_DO__REGISTER 0x2A
      | 
../Core/Inc/ICM20948_ADDR.h:192: warning: "ICM20948__USER_BANK_3__I2C_SLV4_DI__REGISTER" redefined
  192 | #define ICM20948__USER_BANK_3__I2C_SLV4_DI__REGISTER 0x2E
      | 
../Core/Inc/ICM20948_ADDR.h:189: note: this is the location of the previous definition
  189 | #define ICM20948__USER_BANK_3__I2C_SLV4_DI__REGISTER 0x2B
      | 
../Core/Inc/ICM20948_ADDR.h:193: warning: "ICM20948__USER_BANK_3__I2C_SLV4_CTRL__REGISTER" redefined
  193 | #define ICM20948__USER_BANK_3__I2C_SLV4_CTRL__REGISTER 0x2F
      | 
../Core/Inc/ICM20948_ADDR.h:190: note: this is the location of the previous definition
  190 | #define ICM20948__USER_BANK_3__I2C_SLV4_CTRL__REGISTER 0x2C
      | 
../Core/Inc/ICM20948_ADDR.h:194: warning: "ICM20948__USER_BANK_3__I2C_SLV4_DO__REGISTER" redefined
  194 | #define ICM20948__USER_BANK_3__I2C_SLV4_DO__REGISTER 0x30
      | 
../Core/Inc/ICM20948_ADDR.h:191: note: this is the location of the previous definition
  191 | #define ICM20948__USER_BANK_3__I2C_SLV4_DO__REGISTER 0x2D
      | 
../Core/Inc/ICM20948_ADDR.h:195: warning: "ICM20948__USER_BANK_3__I2C_SLV4_DI__REGISTER" redefined
  195 | #define ICM20948__USER_BANK_3__I2C_SLV4_DI__REGISTER 0x31
      | 
../Core/Inc/ICM20948_ADDR.h:192: note: this is the location of the previous definition
  192 | #define ICM20948__USER_BANK_3__I2C_SLV4_DI__REGISTER 0x2E
      | 
../Core/Inc/ICM20948_ADDR.h:196: warning: "ICM20948__USER_BANK_3__I2C_SLV4_CTRL__REGISTER" redefined
  196 | #define ICM20948__USER_BANK_3__I2C_SLV4_CTRL__REGISTER 0x32
      | 
../Core/Inc/ICM20948_ADDR.h:193: note: this is the location of the previous definition
  193 | #define ICM20948__USER_BANK_3__I2C_SLV4_CTRL__REGISTER 0x2F
      | 
../Core/Inc/ICM20948_ADDR.h:197: warning: "ICM20948__USER_BANK_3__I2C_SLV4_DO__REGISTER" redefined
  197 | #define ICM20948__USER_BANK_3__I2C_SLV4_DO__REGISTER 0x33
      | 
../Core/Inc/ICM20948_ADDR.h:194: note: this is the location of the previous definition
  194 | #define ICM20948__USER_BANK_3__I2C_SLV4_DO__REGISTER 0x30
      | 
../Core/Inc/ICM20948_ADDR.h:198: warning: "ICM20948__USER_BANK_3__I2C_SLV4_DI__REGISTER" redefined
  198 | #define ICM20948__USER_BANK_3__I2C_SLV4_DI__REGISTER 0x34
      | 
../Core/Inc/ICM20948_ADDR.h:195: note: this is the location of the previous definition
  195 | #define ICM20948__USER_BANK_3__I2C_SLV4_DI__REGISTER 0x31
      | 
../Core/Inc/ICM20948_ADDR.h:199: warning: "ICM20948__USER_BANK_3__I2C_SLV4_CTRL__REGISTER" redefined
  199 | #define ICM20948__USER_BANK_3__I2C_SLV4_CTRL__REGISTER 0x35
      | 
../Core/Inc/ICM20948_ADDR.h:196: note: this is the location of the previous definition
  196 | #define ICM20948__USER_BANK_3__I2C_SLV4_CTRL__REGISTER 0x32
      | 
../Core/Inc/ICM20948_ADDR.h:200: warning: "ICM20948__USER_BANK_3__I2C_SLV4_DO__REGISTER" redefined
  200 | #define ICM20948__USER_BANK_3__I2C_SLV4_DO__REGISTER 0x36
      | 
../Core/Inc/ICM20948_ADDR.h:197: note: this is the location of the previous definition
  197 | #define ICM20948__USER_BANK_3__I2C_SLV4_DO__REGISTER 0x33
      | 
../Core/Inc/ICM20948_ADDR.h:201: warning: "ICM20948__USER_BANK_3__I2C_SLV4_DI__REGISTER" redefined
  201 | #define ICM20948__USER_BANK_3__I2C_SLV4_DI__REGISTER 0x37
      | 
../Core/Inc/ICM20948_ADDR.h:198: note: this is the location of the previous definition
  198 | #define ICM20948__USER_BANK_3__I2C_SLV4_DI__REGISTER 0x34
      | 
../Core/Inc/ICM20948_ADDR.h:202: warning: "ICM20948__USER_BANK_3__I2C_SLV4_CTRL__REGISTER" redefined
  202 | #define ICM20948__USER_BANK_3__I2C_SLV4_CTRL__REGISTER 0x38
      | 
../Core/Inc/ICM20948_ADDR.h:199: note: this is the location of the previous definition
  199 | #define ICM20948__USER_BANK_3__I2C_SLV4_CTRL__REGISTER 0x35
      | 
../Core/Inc/ICM20948_ADDR.h:203: warning: "ICM20948__USER_BANK_3__I2C_SLV4_DO__REGISTER" redefined
  203 | #define ICM20948__USER_BANK_3__I2C_SLV4_DO__REGISTER 0x39
      | 
../Core/Inc/ICM20948_ADDR.h:200: note: this is the location of the previous definition
  200 | #define ICM20948__USER_BANK_3__I2C_SLV4_DO__REGISTER 0x36
      | 
../Core/Inc/ICM20948_ADDR.h:204: warning: "ICM20948__USER_BANK_3__I2C_SLV4_DI__REGISTER" redefined
  204 | #define ICM20948__USER_BANK_3__I2C_SLV4_DI__REGISTER 0x3A
      | 
../Core/Inc/ICM20948_ADDR.h:201: note: this is the location of the previous definition
  201 | #define ICM20948__USER_BANK_3__I2C_SLV4_DI__REGISTER 0x37
      | 
../Core/Inc/ICM20948_ADDR.h:205: warning: "ICM20948__USER_BANK_3__I2C_SLV4_CTRL__REGISTER" redefined
  205 | #define ICM20948__USER_BANK_3__I2C_SLV4_CTRL__REGISTER 0x3B
      | 
../Core/Inc/ICM20948_ADDR.h:202: note: this is the location of the previous definition
  202 | #define ICM20948__USER_BANK_3__I2C_SLV4_CTRL__REGISTER 0x38
      | 
../Core/Inc/ICM20948_ADDR.h:206: warning: "ICM20948__USER_BANK_3__I2C_SLV4_DO__REGISTER" redefined
  206 | #define ICM20948__USER_BANK_3__I2C_SLV4_DO__REGISTER 0x3C
      | 
../Core/Inc/ICM20948_ADDR.h:203: note: this is the location of the previous definition
  203 | #define ICM20948__USER_BANK_3__I2C_SLV4_DO__REGISTER 0x39
      | 
../Core/Inc/ICM20948_ADDR.h:207: warning: "ICM20948__USER_BANK_3__I2C_SLV4_DI__REGISTER" redefined
  207 | #define ICM20948__USER_BANK_3__I2C_SLV4_DI__REGISTER 0x3D
      | 
../Core/Inc/ICM20948_ADDR.h:204: note: this is the location of the previous definition
  204 | #define ICM20948__USER_BANK_3__I2C_SLV4_DI__REGISTER 0x3A
      | 
../Core/Inc/ICM20948_ADDR.h:208: warning: "ICM20948__USER_BANK_3__I2C_SLV4_CTRL__REGISTER" redefined
  208 | #define ICM20948__USER_BANK_3__I2C_SLV4_CTRL__REGISTER 0x3E
      | 
../Core/Inc/ICM20948_ADDR.h:205: note: this is the location of the previous definition
  205 | #define ICM20948__USER_BANK_3__I2C_SLV4_CTRL__REGISTER 0x3B
      | 
../Core/Inc/ICM20948_ADDR.h:209: warning: "ICM20948__USER_BANK_3__I2C_SLV4_DO__REGISTER" redefined
  209 | #define ICM20948__USER_BANK_3__I2C_SLV4_DO__REGISTER 0x3F
      | 
../Core/Inc/ICM20948_ADDR.h:206: note: this is the location of the previous definition
  206 | #define ICM20948__USER_BANK_3__I2C_SLV4_DO__REGISTER 0x3C
      | 
../Core/Inc/ICM20948_ADDR.h:210: warning: "ICM20948__USER_BANK_3__I2C_SLV4_CTRL__REGISTER" redefined
  210 | #define ICM20948__USER_BANK_3__I2C_SLV4_CTRL__REGISTER 0x40
      | 
../Core/Inc/ICM20948_ADDR.h:208: note: this is the location of the previous definition
  208 | #define ICM20948__USER_BANK_3__I2C_SLV4_CTRL__REGISTER 0x3E
      | 
../Core/Inc/ICM20948_ADDR.h:211: warning: "ICM20948__USER_BANK_3__I2C_SLV4_DO__REGISTER" redefined
  211 | #define ICM20948__USER_BANK_3__I2C_SLV4_DO__REGISTER 0x41
      | 
../Core/Inc/ICM20948_ADDR.h:209: note: this is the location of the previous definition
  209 | #define ICM20948__USER_BANK_3__I2C_SLV4_DO__REGISTER 0x3F
      | 
../Core/Inc/ICM20948_ADDR.h:212: warning: "ICM20948__USER_BANK_3__I2C_SLV4_DI__REGISTER" redefined
  212 | #define ICM20948__USER_BANK_3__I2C_SLV4_DI__REGISTER 0x42
      | 
../Core/Inc/ICM20948_ADDR.h:207: note: this is the location of the previous definition
  207 | #define ICM20948__USER_BANK_3__I2C_SLV4_DI__REGISTER 0x3D
      | 
../Core/Inc/ICM20948_ADDR.h:213: warning: "ICM20948__USER_BANK_3__I2C_SLV4_CTRL__REGISTER" redefined
  213 | #define ICM20948__USER_BANK_3__I2C_SLV4_CTRL__REGISTER 0x43
      | 
../Core/Inc/ICM20948_ADDR.h:210: note: this is the location of the previous definition
  210 | #define ICM20948__USER_BANK_3__I2C_SLV4_CTRL__REGISTER 0x40
      | 
../Core/Inc/ICM20948_ADDR.h:214: warning: "ICM20948__USER_BANK_3__I2C_SLV4_DO__REGISTER" redefined
  214 | #define ICM20948__USER_BANK_3__I2C_SLV4_DO__REGISTER 0x44
      | 
../Core/Inc/ICM20948_ADDR.h:211: note: this is the location of the previous definition
  211 | #define ICM20948__USER_BANK_3__I2C_SLV4_DO__REGISTER 0x41
      | 
../Core/Inc/ICM20948_ADDR.h:215: warning: "ICM20948__USER_BANK_3__I2C_SLV4_DI__REGISTER" redefined
  215 | #define ICM20948__USER_BANK_3__I2C_SLV4_DI__REGISTER 0x45
      | 
../Core/Inc/ICM20948_ADDR.h:212: note: this is the location of the previous definition
  212 | #define ICM20948__USER_BANK_3__I2C_SLV4_DI__REGISTER 0x42
      | 
../Core/Inc/ICM20948_ADDR.h:216: warning: "ICM20948__USER_BANK_3__I2C_SLV4_CTRL__REGISTER" redefined
  216 | #define ICM20948__USER_BANK_3__I2C_SLV4_CTRL__REGISTER 0x46
      | 
../Core/Inc/ICM20948_ADDR.h:213: note: this is the location of the previous definition
  213 | #define ICM20948__USER_BANK_3__I2C_SLV4_CTRL__REGISTER 0x43
      | 
../Core/Inc/ICM20948_ADDR.h:217: warning: "ICM20948__USER_BANK_3__I2C_SLV4_DO__REGISTER" redefined
  217 | #define ICM20948__USER_BANK_3__I2C_SLV4_DO__REGISTER 0x47
      | 
../Core/Inc/ICM20948_ADDR.h:214: note: this is the location of the previous definition
  214 | #define ICM20948__USER_BANK_3__I2C_SLV4_DO__REGISTER 0x44
      | 
../Core/Inc/ICM20948_ADDR.h:218: warning: "ICM20948__USER_BANK_3__I2C_SLV4_DI__REGISTER" redefined
  218 | #define ICM20948__USER_BANK_3__I2C_SLV4_DI__REGISTER 0x48
      | 
../Core/Inc/ICM20948_ADDR.h:215: note: this is the location of the previous definition
  215 | #define ICM20948__USER_BANK_3__I2C_SLV4_DI__REGISTER 0x45
      | 
../Core/Inc/ICM20948_ADDR.h:219: warning: "ICM20948__USER_BANK_3__I2C_SLV4_CTRL__REGISTER" redefined
  219 | #define ICM20948__USER_BANK_3__I2C_SLV4_CTRL__REGISTER 0x49
      | 
../Core/Inc/ICM20948_ADDR.h:216: note: this is the location of the previous definition
  216 | #define ICM20948__USER_BANK_3__I2C_SLV4_CTRL__REGISTER 0x46
      | 
../Core/Inc/ICM20948_ADDR.h:220: warning: "ICM20948__USER_BANK_3__I2C_SLV4_DO__REGISTER" redefined
  220 | #define ICM20948__USER_BANK_3__I2C_SLV4_DO__REGISTER 0x4A
      | 
../Core/Inc/ICM20948_ADDR.h:217: note: this is the location of the previous definition
  217 | #define ICM20948__USER_BANK_3__I2C_SLV4_DO__REGISTER 0x47
      | 
../Core/Inc/ICM20948_ADDR.h:221: warning: "ICM20948__USER_BANK_3__I2C_SLV4_CTRL__REGISTER" redefined
  221 | #define ICM20948__USER_BANK_3__I2C_SLV4_CTRL__REGISTER 0x4B
      | 
../Core/Inc/ICM20948_ADDR.h:219: note: this is the location of the previous definition
  219 | #define ICM20948__USER_BANK_3__I2C_SLV4_CTRL__REGISTER 0x49
      | 
../Core/Inc/ICM20948_ADDR.h:222: warning: "ICM20948__USER_BANK_3__I2C_SLV4_DO__REGISTER" redefined
  222 | #define ICM20948__USER_BANK_3__I2C_SLV4_DO__REGISTER 0x4C
      | 
../Core/Inc/ICM20948_ADDR.h:220: note: this is the location of the previous definition
  220 | #define ICM20948__USER_BANK_3__I2C_SLV4_DO__REGISTER 0x4A
      | 
../Core/Inc/ICM20948_ADDR.h:223: warning: "ICM20948__USER_BANK_3__I2C_SLV4_CTRL__REGISTER" redefined
  223 | #define ICM20948__USER_BANK_3__I2C_SLV4_CTRL__REGISTER 0x4D
      | 
../Core/Inc/ICM20948_ADDR.h:221: note: this is the location of the previous definition
  221 | #define ICM20948__USER_BANK_3__I2C_SLV4_CTRL__REGISTER 0x4B
      | 
../Core/Inc/ICM20948_ADDR.h:224: warning: "ICM20948__USER_BANK_3__I2C_SLV4_DO__REGISTER" redefined
  224 | #define ICM20948__USER_BANK_3__I2C_SLV4_DO__REGISTER 0x4E
      | 
../Core/Inc/ICM20948_ADDR.h:222: note: this is the location of the previous definition
  222 | #define ICM20948__USER_BANK_3__I2C_SLV4_DO__REGISTER 0x4C
      | 
../Core/Inc/ICM20948_ADDR.h:225: warning: "ICM20948__USER_BANK_3__I2C_SLV4_CTRL__REGISTER" redefined
  225 | #define ICM20948__USER_BANK_3__I2C_SLV4_CTRL__REGISTER 0x4F
      | 
../Core/Inc/ICM20948_ADDR.h:223: note: this is the location of the previous definition
  223 | #define ICM20948__USER_BANK_3__I2C_SLV4_CTRL__REGISTER 0x4D
      | 
../Core/Inc/ICM20948_ADDR.h:226: warning: "ICM20948__USER_BANK_3__I2C_SLV4_DO__REGISTER" redefined
  226 | #define ICM20948__USER_BANK_3__I2C_SLV4_DO__REGISTER 0x50
      | 
../Core/Inc/ICM20948_ADDR.h:224: note: this is the location of the previous definition
  224 | #define ICM20948__USER_BANK_3__I2C_SLV4_DO__REGISTER 0x4E
      | 
../Core/Inc/ICM20948_ADDR.h:227: warning: "ICM20948__USER_BANK_3__I2C_SLV4_CTRL__REGISTER" redefined
  227 | #define ICM20948__USER_BANK_3__I2C_SLV4_CTRL__REGISTER 0x51
      | 
../Core/Inc/ICM20948_ADDR.h:225: note: this is the location of the previous definition
  225 | #define ICM20948__USER_BANK_3__I2C_SLV4_CTRL__REGISTER 0x4F
      | 
../Core/Inc/ICM20948_ADDR.h:228: warning: "ICM20948__USER_BANK_3__I2C_SLV4_DO__REGISTER" redefined
  228 | #define ICM20948__USER_BANK_3__I2C_SLV4_DO__REGISTER 0x52
      | 
../Core/Inc/ICM20948_ADDR.h:226: note: this is the location of the previous definition
  226 | #define ICM20948__USER_BANK_3__I2C_SLV4_DO__REGISTER 0x50
      | 
../Core/Inc/ICM20948_ADDR.h:229: warning: "ICM20948__USER_BANK_3__I2C_SLV4_CTRL__REGISTER" redefined
  229 | #define ICM20948__USER_BANK_3__I2C_SLV4_CTRL__REGISTER 0x53
      | 
../Core/Inc/ICM20948_ADDR.h:227: note: this is the location of the previous definition
  227 | #define ICM20948__USER_BANK_3__I2C_SLV4_CTRL__REGISTER 0x51
      | 
../Core/Inc/ICM20948_ADDR.h:230: warning: "ICM20948__USER_BANK_3__I2C_SLV4_DO__REGISTER" redefined
  230 | #define ICM20948__USER_BANK_3__I2C_SLV4_DO__REGISTER 0x54
      | 
../Core/Inc/ICM20948_ADDR.h:228: note: this is the location of the previous definition
  228 | #define ICM20948__USER_BANK_3__I2C_SLV4_DO__REGISTER 0x52
      | 
../Core/Inc/ICM20948_ADDR.h:231: warning: "ICM20948__USER_BANK_3__I2C_SLV4_CTRL__REGISTER" redefined
  231 | #define ICM20948__USER_BANK_3__I2C_SLV4_CTRL__REGISTER 0x55
      | 
../Core/Inc/ICM20948_ADDR.h:229: note: this is the location of the previous definition
  229 | #define ICM20948__USER_BANK_3__I2C_SLV4_CTRL__REGISTER 0x53
      | 
../Core/Inc/ICM20948_ADDR.h:232: warning: "ICM20948__USER_BANK_3__I2C_SLV4_DO__REGISTER" redefined
  232 | #define ICM20948__USER_BANK_3__I2C_SLV4_DO__REGISTER 0x56
      | 
../Core/Inc/ICM20948_ADDR.h:230: note: this is the location of the previous definition
  230 | #define ICM20948__USER_BANK_3__I2C_SLV4_DO__REGISTER 0x54
      | 
../Core/Inc/ICM20948_ADDR.h:233: warning: "ICM20948__USER_BANK_3__I2C_SLV4_CTRL__REGISTER" redefined
  233 | #define ICM20948__USER_BANK_3__I2C_SLV4_CTRL__REGISTER 0x57
      | 
../Core/Inc/ICM20948_ADDR.h:231: note: this is the location of the previous definition
  231 | #define ICM20948__USER_BANK_3__I2C_SLV4_CTRL__REGISTER 0x55
      | 
../Core/Inc/ICM20948_ADDR.h:234: warning: "ICM20948__USER_BANK_3__I2C_SLV4_DO__REGISTER" redefined
  234 | #define ICM20948__USER_BANK_3__I2C_SLV4_DO__REGISTER 0x58
      | 
../Core/Inc/ICM20948_ADDR.h:232: note: this is the location of the previous definition
  232 | #define ICM20948__USER_BANK_3__I2C_SLV4_DO__REGISTER 0x56
      | 
../Core/Inc/ICM20948_ADDR.h:235: warning: "ICM20948__USER_BANK_3__I2C_SLV4_CTRL__REGISTER" redefined
  235 | #define ICM20948__USER_BANK_3__I2C_SLV4_CTRL__REGISTER 0x59
      | 
../Core/Inc/ICM20948_ADDR.h:233: note: this is the location of the previous definition
  233 | #define ICM20948__USER_BANK_3__I2C_SLV4_CTRL__REGISTER 0x57
      | 
../Core/Inc/ICM20948_ADDR.h:236: warning: "ICM20948__USER_BANK_3__I2C_SLV4_DO__REGISTER" redefined
  236 | #define ICM20948__USER_BANK_3__I2C_SLV4_DO__REGISTER 0x5A
      | 
../Core/Inc/ICM20948_ADDR.h:234: note: this is the location of the previous definition
  234 | #define ICM20948__USER_BANK_3__I2C_SLV4_DO__REGISTER 0x58
      | 
../Core/Inc/ICM20948_ADDR.h:237: warning: "ICM20948__USER_BANK_3__I2C_SLV4_CTRL__REGISTER" redefined
  237 | #define ICM20948__USER_BANK_3__I2C_SLV4_CTRL__REGISTER 0x5B
      | 
../Core/Inc/ICM20948_ADDR.h:235: note: this is the location of the previous definition
  235 | #define ICM20948__USER_BANK_3__I2C_SLV4_CTRL__REGISTER 0x59
      | 
../Core/Inc/ICM20948_ADDR.h:238: warning: "ICM20948__USER_BANK_3__I2C_SLV4_DO__REGISTER" redefined
  238 | #define ICM20948__USER_BANK_3__I2C_SLV4_DO__REGISTER 0x5C
      | 
../Core/Inc/ICM20948_ADDR.h:236: note: this is the location of the previous definition
  236 | #define ICM20948__USER_BANK_3__I2C_SLV4_DO__REGISTER 0x5A
      | 
../Core/Inc/ICM20948_ADDR.h:239: warning: "ICM20948__USER_BANK_3__I2C_SLV4_CTRL__REGISTER" redefined
  239 | #define ICM20948__USER_BANK_3__I2C_SLV4_CTRL__REGISTER 0x5D
      | 
../Core/Inc/ICM20948_ADDR.h:237: note: this is the location of the previous definition
  237 | #define ICM20948__USER_BANK_3__I2C_SLV4_CTRL__REGISTER 0x5B
      | 
../Core/Inc/ICM20948_ADDR.h:240: warning: "ICM20948__USER_BANK_3__I2C_SLV4_DO__REGISTER" redefined
  240 | #define ICM20948__USER_BANK_3__I2C_SLV4_DO__REGISTER 0x5E
      | 
../Core/Inc/ICM20948_ADDR.h:238: note: this is the location of the previous definition
  238 | #define ICM20948__USER_BANK_3__I2C_SLV4_DO__REGISTER 0x5C
      | 
../Core/Inc/ICM20948_ADDR.h:241: warning: "ICM20948__USER_BANK_3__I2C_SLV4_CTRL__REGISTER" redefined
  241 | #define ICM20948__USER_BANK_3__I2C_SLV4_CTRL__REGISTER 0x5F
      | 
../Core/Inc/ICM20948_ADDR.h:239: note: this is the location of the previous definition
  239 | #define ICM20948__USER_BANK_3__I2C_SLV4_CTRL__REGISTER 0x5D
      | 
../Core/Inc/ICM20948_ADDR.h:242: warning: "ICM20948__USER_BANK_3__I2C_SLV4_DO__REGISTER" redefined
  242 | #define ICM20948__USER_BANK_3__I2C_SLV4_DO__REGISTER 0x60
      | 
../Core/Inc/ICM20948_ADDR.h:240: note: this is the location of the previous definition
  240 | #define ICM20948__USER_BANK_3__I2C_SLV4_DO__REGISTER 0x5E
      | 
../Core/Inc/ICM20948_ADDR.h:243: warning: "ICM20948__USER_BANK_3__I2C_SLV4_CTRL__REGISTER" redefined
  243 | #define ICM20948__USER_BANK_3__I2C_SLV4_CTRL__REGISTER 0x61
      | 
../Core/Inc/ICM20948_ADDR.h:241: note: this is the location of the previous definition
  241 | #define ICM20948__USER_BANK_3__I2C_SLV4_CTRL__REGISTER 0x5F
      | 
../Core/Inc/ICM20948_ADDR.h:244: warning: "ICM20948__USER_BANK_3__I2C_SLV4_DO__REGISTER" redefined
  244 | #define ICM20948__USER_BANK_3__I2C_SLV4_DO__REGISTER 0x62
      | 
../Core/Inc/ICM20948_ADDR.h:242: note: this is the location of the previous definition
  242 | #define ICM20948__USER_BANK_3__I2C_SLV4_DO__REGISTER 0x60
      | 
../Core/Inc/ICM20948_ADDR.h:245: warning: "ICM20948__USER_BANK_3__I2C_SLV4_CTRL__REGISTER" redefined
  245 | #define ICM20948__USER_BANK_3__I2C_SLV4_CTRL__REGISTER 0x63
      | 
../Core/Inc/ICM20948_ADDR.h:243: note: this is the location of the previous definition
  243 | #define ICM20948__USER_BANK_3__I2C_SLV4_CTRL__REGISTER 0x61
      | 
../Core/Inc/ICM20948_ADDR.h:246: warning: "ICM20948__USER_BANK_3__I2C_SLV4_DO__REGISTER" redefined
  246 | #define ICM20948__USER_BANK_3__I2C_SLV4_DO__REGISTER 0x64
      | 
../Core/Inc/ICM20948_ADDR.h:244: note: this is the location of the previous definition
  244 | #define ICM20948__USER_BANK_3__I2C_SLV4_DO__REGISTER 0x62
      | 
../Core/Inc/ICM20948_ADDR.h:247: warning: "ICM20948__USER_BANK_3__I2C_SLV4_CTRL__REGISTER" redefined
  247 | #define ICM20948__USER_BANK_3__I2C_SLV4_CTRL__REGISTER 0x65
      | 
../Core/Inc/ICM20948_ADDR.h:245: note: this is the location of the previous definition
  245 | #define ICM20948__USER_BANK_3__I2C_SLV4_CTRL__REGISTER 0x63
      | 
../Core/Inc/ICM20948_ADDR.h:248: warning: "ICM20948__USER_BANK_3__I2C_SLV4_DO__REGISTER" redefined
  248 | #define ICM20948__USER_BANK_3__I2C_SLV4_DO__REGISTER 0x66
      | 
../Core/Inc/ICM20948_ADDR.h:246: note: this is the location of the previous definition
  246 | #define ICM20948__USER_BANK_3__I2C_SLV4_DO__REGISTER 0x64
      | 
../Core/Inc/ICM20948_ADDR.h:249: warning: "ICM20948__USER_BANK_3__I2C_SLV4_CTRL__REGISTER" redefined
  249 | #define ICM20948__USER_BANK_3__I2C_SLV4_CTRL__REGISTER 0x67
      | 
../Core/Inc/ICM20948_ADDR.h:247: note: this is the location of the previous definition
  247 | #define ICM20948__USER_BANK_3__I2C_SLV4_CTRL__REGISTER 0x65
      | 
../Core/Inc/ICM20948_ADDR.h:250: warning: "ICM20948__USER_BANK_3__I2C_SLV4_DO__REGISTER" redefined
  250 | #define ICM20948__USER_BANK_3__I2C_SLV4_DO__REGISTER 0x68
      | 
../Core/Inc/ICM20948_ADDR.h:248: note: this is the location of the previous definition
  248 | #define ICM20948__USER_BANK_3__I2C_SLV4_DO__REGISTER 0x66
      | 
../Core/Inc/ICM20948_ADDR.h:251: warning: "ICM20948__USER_BANK_3__I2C_SLV4_CTRL__REGISTER" redefined
  251 | #define ICM20948__USER_BANK_3__I2C_SLV4_CTRL__REGISTER 0x69
      | 
../Core/Inc/ICM20948_ADDR.h:249: note: this is the location of the previous definition
  249 | #define ICM20948__USER_BANK_3__I2C_SLV4_CTRL__REGISTER 0x67
      | 
../Core/Inc/ICM20948_ADDR.h:252: warning: "ICM20948__USER_BANK_3__I2C_SLV4_DO__REGISTER" redefined
  252 | #define ICM20948__USER_BANK_3__I2C_SLV4_DO__REGISTER 0x6A
      | 
../Core/Inc/ICM20948_ADDR.h:250: note: this is the location of the previous definition
  250 | #define ICM20948__USER_BANK_3__I2C_SLV4_DO__REGISTER 0x68
      | 
../Core/Inc/ICM20948_ADDR.h:253: warning: "ICM20948__USER_BANK_3__I2C_SLV4_CTRL__REGISTER" redefined
  253 | #define ICM20948__USER_BANK_3__I2C_SLV4_CTRL__REGISTER 0x6B
      | 
../Core/Inc/ICM20948_ADDR.h:251: note: this is the location of the previous definition
  251 | #define ICM20948__USER_BANK_3__I2C_SLV4_CTRL__REGISTER 0x69
      | 
../Core/Inc/ICM20948_ADDR.h:254: warning: "ICM20948__USER_BANK_3__I2C_SLV4_DO__REGISTER" redefined
  254 | #define ICM20948__USER_BANK_3__I2C_SLV4_DO__REGISTER 0x6C
      | 
../Core/Inc/ICM20948_ADDR.h:252: note: this is the location of the previous definition
  252 | #define ICM20948__USER_BANK_3__I2C_SLV4_DO__REGISTER 0x6A
      | 
../Core/Inc/ICM20948_ADDR.h:255: warning: "ICM20948__USER_BANK_3__I2C_SLV4_CTRL__REGISTER" redefined
  255 | #define ICM20948__USER_BANK_3__I2C_SLV4_CTRL__REGISTER 0x6D
      | 
../Core/Inc/ICM20948_ADDR.h:253: note: this is the location of the previous definition
  253 | #define ICM20948__USER_BANK_3__I2C_SLV4_CTRL__REGISTER 0x6B
      | 
../Core/Inc/ICM20948_ADDR.h:256: warning: "ICM20948__USER_BANK_3__I2C_SLV4_DO__REGISTER" redefined
  256 | #define ICM20948__USER_BANK_3__I2C_SLV4_DO__REGISTER 0x6E
      | 
../Core/Inc/ICM20948_ADDR.h:254: note: this is the location of the previous definition
  254 | #define ICM20948__USER_BANK_3__I2C_SLV4_DO__REGISTER 0x6C
      | 
../Core/Inc/ICM20948_ADDR.h:257: warning: "ICM20948__USER_BANK_3__I2C_SLV4_CTRL__REGISTER" redefined
  257 | #define ICM20948__USER_BANK_3__I2C_SLV4_CTRL__REGISTER 0x6F
      | 
../Core/Inc/ICM20948_ADDR.h:255: note: this is the location of the previous definition
  255 | #define ICM20948__USER_BANK_3__I2C_SLV4_CTRL__REGISTER 0x6D
      | 
../Core/Inc/ICM20948_ADDR.h:258: warning: "ICM20948__USER_BANK_3__I2C_SLV4_DO__REGISTER" redefined
  258 | #define ICM20948__USER_BANK_3__I2C_SLV4_DO__REGISTER 0x70
      | 
../Core/Inc/ICM20948_ADDR.h:256: note: this is the location of the previous definition
  256 | #define ICM20948__USER_BANK_3__I2C_SLV4_DO__REGISTER 0x6E
      | 
../Core/Inc/ICM20948_ADDR.h:259: warning: "ICM20948__USER_BANK_3__I2C_SLV4_CTRL__REGISTER" redefined
  259 | #define ICM20948__USER_BANK_3__I2C_SLV4_CTRL__REGISTER 0x71
      | 
../Core/Inc/ICM20948_ADDR.h:257: note: this is the location of the previous definition
  257 | #define ICM20948__USER_BANK_3__I2C_SLV4_CTRL__REGISTER 0x6F
      | 
../Core/Inc/ICM20948_ADDR.h:260: warning: "ICM20948__USER_BANK_3__I2C_SLV4_DO__REGISTER" redefined
  260 | #define ICM20948__USER_BANK_3__I2C_SLV4_DO__REGISTER 0x72
      | 
../Core/Inc/ICM20948_ADDR.h:258: note: this is the location of the previous definition
  258 | #define ICM20948__USER_BANK_3__I2C_SLV4_DO__REGISTER 0x70
      | 
../Core/Inc/ICM20948_ADDR.h:261: warning: "ICM20948__USER_BANK_3__I2C_SLV4_CTRL__REGISTER" redefined
  261 | #define ICM20948__USER_BANK_3__I2C_SLV4_CTRL__REGISTER 0x73
      | 
../Core/Inc/ICM20948_ADDR.h:259: note: this is the location of the previous definition
  259 | #define ICM20948__USER_BANK_3__I2C_SLV4_CTRL__REGISTER 0x71
      | 
../Core/Inc/ICM20948_ADDR.h:262: warning: "ICM20948__USER_BANK_3__I2C_SLV4_DO__REGISTER" redefined
  262 | #define ICM20948__USER_BANK_3__I2C_SLV4_DO__REGISTER 0x74
      | 
../Core/Inc/ICM20948_ADDR.h:260: note: this is the location of the previous definition
  260 | #define ICM20948__USER_BANK_3__I2C_SLV4_DO__REGISTER 0x72
      | 
../Core/Inc/ICM20948_ADDR.h:263: warning: "ICM20948__USER_BANK_3__I2C_SLV4_CTRL__REGISTER" redefined
  263 | #define ICM20948__USER_BANK_3__I2C_SLV4_CTRL__REGISTER 0x75
      | 
../Core/Inc/ICM20948_ADDR.h:261: note: this is the location of the previous definition
  261 | #define ICM20948__USER_BANK_3__I2C_SLV4_CTRL__REGISTER 0x73
      | 
../Core/Inc/ICM20948_ADDR.h:264: warning: "ICM20948__USER_BANK_3__I2C_SLV4_DO__REGISTER" redefined
  264 | #define ICM20948__USER_BANK_3__I2C_SLV4_DO__REGISTER 0x76
      | 
../Core/Inc/ICM20948_ADDR.h:262: note: this is the location of the previous definition
  262 | #define ICM20948__USER_BANK_3__I2C_SLV4_DO__REGISTER 0x74
      | 
../Core/Inc/ICM20948_ADDR.h:265: warning: "ICM20948__USER_BANK_3__I2C_SLV4_CTRL__REGISTER" redefined
  265 | #define ICM20948__USER_BANK_3__I2C_SLV4_CTRL__REGISTER 0x77
      | 
../Core/Inc/ICM20948_ADDR.h:263: note: this is the location of the previous definition
  263 | #define ICM20948__USER_BANK_3__I2C_SLV4_CTRL__REGISTER 0x75
      | 
../Core/Inc/ICM20948_ADDR.h:266: warning: "ICM20948__USER_BANK_3__I2C_SLV4_DO__REGISTER" redefined
  266 | #define ICM20948__USER_BANK_3__I2C_SLV4_DO__REGISTER 0x78
      | 
../Core/Inc/ICM20948_ADDR.h:264: note: this is the location of the previous definition
  264 | #define ICM20948__USER_BANK_3__I2C_SLV4_DO__REGISTER 0x76
      | 
../Core/Inc/ICM20948_ADDR.h:267: warning: "ICM20948__USER_BANK_3__I2C_SLV4_CTRL__REGISTER" redefined
  267 | #define ICM20948__USER_BANK_3__I2C_SLV4_CTRL__REGISTER 0x79
      | 
../Core/Inc/ICM20948_ADDR.h:265: note: this is the location of the previous definition
  265 | #define ICM20948__USER_BANK_3__I2C_SLV4_CTRL__REGISTER 0x77
      | 
../Core/Inc/ICM20948_ADDR.h:268: warning: "ICM20948__USER_BANK_3__I2C_SLV4_DO__REGISTER" redefined
  268 | #define ICM20948__USER_BANK_3__I2C_SLV4_DO__REGISTER 0x7A
      | 
../Core/Inc/ICM20948_ADDR.h:266: note: this is the location of the previous definition
  266 | #define ICM20948__USER_BANK_3__I2C_SLV4_DO__REGISTER 0x78
      | 
../Core/Inc/ICM20948_ADDR.h:269: warning: "ICM20948__USER_BANK_3__I2C_SLV4_CTRL__REGISTER" redefined
  269 | #define ICM20948__USER_BANK_3__I2C_SLV4_CTRL__REGISTER 0x7B
      | 
../Core/Inc/ICM20948_ADDR.h:267: note: this is the location of the previous definition
  267 | #define ICM20948__USER_BANK_3__I2C_SLV4_CTRL__REGISTER 0x79
      | 
../Core/Inc/ICM20948_ADDR.h:270: warning: "ICM20948__USER_BANK_3__I2C_SLV4_DO__REGISTER" redefined
  270 | #define ICM20948__USER_BANK_3__I2C_SLV4_DO__REGISTER 0x7C
      | 
../Core/Inc/ICM20948_ADDR.h:268: note: this is the location of the previous definition
  268 | #define ICM20948__USER_BANK_3__I2C_SLV4_DO__REGISTER 0x7A
      | 
../Core/Inc/ICM20948_ADDR.h:271: warning: "ICM20948__USER_BANK_3__I2C_SLV4_CTRL__REGISTER" redefined
  271 | #define ICM20948__USER_BANK_3__I2C_SLV4_CTRL__REGISTER 0x7D
      | 
../Core/Inc/ICM20948_ADDR.h:269: note: this is the location of the previous definition
  269 | #define ICM20948__USER_BANK_3__I2C_SLV4_CTRL__REGISTER 0x7B
      | 
../Core/Inc/ICM20948_ADDR.h:272: warning: "ICM20948__USER_BANK_3__I2C_SLV4_DO__REGISTER" redefined
  272 | #define ICM20948__USER_BANK_3__I2C_SLV4_DO__REGISTER 0x7E
      | 
../Core/Inc/ICM20948_ADDR.h:270: note: this is the location of the previous definition
  270 | #define ICM20948__USER_BANK_3__I2C_SLV4_DO__REGISTER 0x7C
      | 
../Core/Inc/ICM20948_ADDR.h:273: warning: "ICM20948__USER_BANK_3__I2C_SLV4_CTRL__REGISTER" redefined
  273 | #define ICM20948__USER_BANK_3__I2C_SLV4_CTRL__REGISTER 0x7F
      | 
../Core/Inc/ICM20948_ADDR.h:271: note: this is the location of the previous definition
  271 | #define ICM20948__USER_BANK_3__I2C_SLV4_CTRL__REGISTER 0x7D
      | 
../Core/Inc/ICM20948_ADDR.h:274: warning: "ICM20948__USER_BANK_3__I2C_SLV4_DO__REGISTER" redefined
  274 | #define ICM20948__USER_BANK_3__I2C_SLV4_DO__REGISTER 0x80
      | 
../Core/Inc/ICM20948_ADDR.h:272: note: this is the location of the previous definition
  272 | #define ICM20948__USER_BANK_3__I2C_SLV4_DO__REGISTER 0x7E
      | 
../Core/Inc/ICM20948_ADDR.h:275: warning: "ICM20948__USER_BANK_3__I2C_SLV4_CTRL__REGISTER" redefined
  275 | #define ICM20948__USER_BANK_3__I2C_SLV4_CTRL__REGISTER 0x81
      | 
../Core/Inc/ICM20948_ADDR.h:273: note: this is the location of the previous definition
  273 | #define ICM20948__USER_BANK_3__I2C_SLV4_CTRL__REGISTER 0x7F
      | 
../Core/Inc/ICM20948_ADDR.h:276: warning: "ICM20948__USER_BANK_3__I2C_SLV4_DO__REGISTER" redefined
  276 | #define ICM20948__USER_BANK_3__I2C_SLV4_DO__REGISTER 0x82
      | 
../Core/Inc/ICM20948_ADDR.h:274: note: this is the location of the previous definition
  274 | #define ICM20948__USER_BANK_3__I2C_SLV4_DO__REGISTER 0x80
      | 
../Core/Inc/ICM20948_ADDR.h:277: warning: "ICM20948__USER_BANK_3__I2C_SLV4_CTRL__REGISTER" redefined
  277 | #define ICM20948__USER_BANK_3__I2C_SLV4_CTRL__REGISTER 0x83
      | 
../Core/Inc/ICM20948_ADDR.h:275: note: this is the location of the previous definition
  275 | #define ICM20948__USER_BANK_3__I2C_SLV4_CTRL__REGISTER 0x81
      | 
../Core/Inc/ICM20948_ADDR.h:278: warning: "ICM20948__USER_BANK_3__I2C_SLV4_DO__REGISTER" redefined
  278 | #define ICM20948__USER_BANK_3__I2C_SLV4_DO__REGISTER 0x84
      | 
../Core/Inc/ICM20948_ADDR.h:276: note: this is the location of the previous definition
  276 | #define ICM20948__USER_BANK_3__I2C_SLV4_DO__REGISTER 0x82
      | 
../Core/Inc/ICM20948_ADDR.h:279: warning: "ICM20948__USER_BANK_3__I2C_SLV4_CTRL__REGISTER" redefined
  279 | #define ICM20948__USER_BANK_3__I2C_SLV4_CTRL__REGISTER 0x85
      | 
../Core/Inc/ICM20948_ADDR.h:277: note: this is the location of the previous definition
  277 | #define ICM20948__USER_BANK_3__I2C_SLV4_CTRL__REGISTER 0x83
      | 
../Core/Inc/ICM20948_ADDR.h:280: warning: "ICM20948__USER_BANK_3__I2C_SLV4_DO__REGISTER" redefined
  280 | #define ICM20948__USER_BANK_3__I2C_SLV4_DO__REGISTER 0x86
      | 
../Core/Inc/ICM20948_ADDR.h:278: note: this is the location of the previous definition
  278 | #define ICM20948__USER_BANK_3__I2C_SLV4_DO__REGISTER 0x84
      | 
../Core/Inc/ICM20948_ADDR.h:281: warning: "ICM20948__USER_BANK_3__I2C_SLV4_CTRL__REGISTER" redefined
  281 | #define ICM20948__USER_BANK_3__I2C_SLV4_CTRL__REGISTER 0x87
      | 
../Core/Inc/ICM20948_ADDR.h:279: note: this is the location of the previous definition
  279 | #define ICM20948__USER_BANK_3__I2C_SLV4_CTRL__REGISTER 0x85
      | 
../Core/Inc/ICM20948_ADDR.h:282: warning: "ICM20948__USER_BANK_3__I2C_SLV4_DO__REGISTER" redefined
  282 | #define ICM20948__USER_BANK_3__I2C_SLV4_DO__REGISTER 0x88
      | 
../Core/Inc/ICM20948_ADDR.h:280: note: this is the location of the previous definition
  280 | #define ICM20948__USER_BANK_3__I2C_SLV4_DO__REGISTER 0x86
      | 
../Core/Inc/ICM20948_ADDR.h:283: warning: "ICM20948__USER_BANK_3__I2C_SLV4_CTRL__REGISTER" redefined
  283 | #define ICM20948__USER_BANK_3__I2C_SLV4_CTRL__REGISTER 0x89
      | 
../Core/Inc/ICM20948_ADDR.h:281: note: this is the location of the previous definition
  281 | #define ICM20948__USER_BANK_3__I2C_SLV4_CTRL__REGISTER 0x87
      | 
../Core/Inc/ICM20948_ADDR.h:284: warning: "ICM20948__USER_BANK_3__I2C_SLV4_DO__REGISTER" redefined
  284 | #define ICM20948__USER_BANK_3__I2C_SLV4_DO__REGISTER 0x8A
      | 
../Core/Inc/ICM20948_ADDR.h:282: note: this is the location of the previous definition
  282 | #define ICM20948__USER_BANK_3__I2C_SLV4_DO__REGISTER 0x88
      | 
../Core/Inc/ICM20948_ADDR.h:285: warning: "ICM20948__USER_BANK_3__I2C_SLV4_CTRL__REGISTER" redefined
  285 | #define ICM20948__USER_BANK_3__I2C_SLV4_CTRL__REGISTER 0x8B
      | 
../Core/Inc/ICM20948_ADDR.h:283: note: this is the location of the previous definition
  283 | #define ICM20948__USER_BANK_3__I2C_SLV4_CTRL__REGISTER 0x89
      | 
../Core/Inc/ICM20948_ADDR.h:286: warning: "ICM20948__USER_BANK_3__I2C_SLV4_DO__REGISTER" redefined
  286 | #define ICM20948__USER_BANK_3__I2C_SLV4_DO__REGISTER 0x8C
      | 
../Core/Inc/ICM20948_ADDR.h:284: note: this is the location of the previous definition
  284 | #define ICM20948__USER_BANK_3__I2C_SLV4_DO__REGISTER 0x8A
      | 
../Core/Inc/ICM20948_ADDR.h:287: warning: "ICM20948__USER_BANK_3__I2C_SLV4_CTRL__REGISTER" redefined
  287 | #define ICM20948__USER_BANK_3__I2C_SLV4_CTRL__REGISTER 0x8D
      | 
../Core/Inc/ICM20948_ADDR.h:285: note: this is the location of the previous definition
  285 | #define ICM20948__USER_BANK_3__I2C_SLV4_CTRL__REGISTER 0x8B
      | 
../Core/Inc/ICM20948_ADDR.h:288: warning: "ICM20948__USER_BANK_3__I2C_SLV4_DO__REGISTER" redefined
  288 | #define ICM20948__USER_BANK_3__I2C_SLV4_DO__REGISTER 0x8E
      | 
../Core/Inc/ICM20948_ADDR.h:286: note: this is the location of the previous definition
  286 | #define ICM20948__USER_BANK_3__I2C_SLV4_DO__REGISTER 0x8C
      | 
../Core/Inc/ICM20948_ADDR.h:289: warning: "ICM20948__USER_BANK_3__I2C_SLV4_CTRL__REGISTER" redefined
  289 | #define ICM20948__USER_BANK_3__I2C_SLV4_CTRL__REGISTER 0x8F
      | 
../Core/Inc/ICM20948_ADDR.h:287: note: this is the location of the previous definition
  287 | #define ICM20948__USER_BANK_3__I2C_SLV4_CTRL__REGISTER 0x8D
      | 
../Core/Inc/ICM20948_ADDR.h:290: warning: "ICM20948__USER_BANK_3__I2C_SLV4_DO__REGISTER" redefined
  290 | #define ICM20948__USER_BANK_3__I2C_SLV4_DO__REGISTER 0x90
      | 
../Core/Inc/ICM20948_ADDR.h:288: note: this is the location of the previous definition
  288 | #define ICM20948__USER_BANK_3__I2C_SLV4_DO__REGISTER 0x8E
      | 
../Core/Inc/ICM20948_ADDR.h:291: warning: "ICM20948__USER_BANK_3__I2C_SLV4_CTRL__REGISTER" redefined
  291 | #define ICM20948__USER_BANK_3__I2C_SLV4_CTRL__REGISTER 0x91
      | 
../Core/Inc/ICM20948_ADDR.h:289: note: this is the location of the previous definition
  289 | #define ICM20948__USER_BANK_3__I2C_SLV4_CTRL__REGISTER 0x8F
      | 
../Core/Inc/ICM20948_ADDR.h:292: warning: "ICM20948__USER_BANK_3__I2C_SLV4_DO__REGISTER" redefined
  292 | #define ICM20948__USER_BANK_3__I2C_SLV4_DO__REGISTER 0x92
      | 
../Core/Inc/ICM20948_ADDR.h:290: note: this is the location of the previous definition
  290 | #define ICM20948__USER_BANK_3__I2C_SLV4_DO__REGISTER 0x90
      | 
../Core/Inc/ICM20948_ADDR.h:293: warning: "ICM20948__USER_BANK_3__I2C_SLV4_CTRL__REGISTER" redefined
  293 | #define ICM20948__USER_BANK_3__I2C_SLV4_CTRL__REGISTER 0x93
      | 
../Core/Inc/ICM20948_ADDR.h:291: note: this is the location of the previous definition
  291 | #define ICM20948__USER_BANK_3__I2C_SLV4_CTRL__REGISTER 0x91
      | 
../Core/Inc/ICM20948_ADDR.h:294: warning: "ICM20948__USER_BANK_3__I2C_SLV4_DO__REGISTER" redefined
  294 | #define ICM20948__USER_BANK_3__I2C_SLV4_DO__REGISTER 0x94
      | 
../Core/Inc/ICM20948_ADDR.h:292: note: this is the location of the previous definition
  292 | #define ICM20948__USER_BANK_3__I2C_SLV4_DO__REGISTER 0x92
      | 
../Core/Inc/ICM20948_ADDR.h:295: warning: "ICM20948__USER_BANK_3__I2C_SLV4_CTRL__REGISTER" redefined
  295 | #define ICM20948__USER_BANK_3__I2C_SLV4_CTRL__REGISTER 0x95
      | 
../Core/Inc/ICM20948_ADDR.h:293: note: this is the location of the previous definition
  293 | #define ICM20948__USER_BANK_3__I2C_SLV4_CTRL__REGISTER 0x93
      | 
../Core/Inc/ICM20948_ADDR.h:296: warning: "ICM20948__USER_BANK_3__I2C_SLV4_DO__REGISTER" redefined
  296 | #define ICM20948__USER_BANK_3__I2C_SLV4_DO__REGISTER 0x96
      | 
../Core/Inc/ICM20948_ADDR.h:294: note: this is the location of the previous definition
  294 | #define ICM20948__USER_BANK_3__I2C_SLV4_DO__REGISTER 0x94
      | 
../Core/Inc/ICM20948_ADDR.h:297: warning: "ICM20948__USER_BANK_3__I2C_SLV4_CTRL__REGISTER" redefined
  297 | #define ICM20948__USER_BANK_3__I2C_SLV4_CTRL__REGISTER 0x97
      | 
../Core/Inc/ICM20948_ADDR.h:295: note: this is the location of the previous definition
  295 | #define ICM20948__USER_BANK_3__I2C_SLV4_CTRL__REGISTER 0x95
      | 
../Core/Inc/ICM20948_ADDR.h:298: warning: "ICM20948__USER_BANK_3__I2C_SLV4_DO__REGISTER" redefined
  298 | #define ICM20948__USER_BANK_3__I2C_SLV4_DO__REGISTER 0x98
      | 
../Core/Inc/ICM20948_ADDR.h:296: note: this is the location of the previous definition
  296 | #define ICM20948__USER_BANK_3__I2C_SLV4_DO__REGISTER 0x96
      | 
../Core/Inc/ICM20948_ADDR.h:299: warning: "ICM20948__USER_BANK_3__I2C_SLV4_CTRL__REGISTER" redefined
  299 | #define ICM20948__USER_BANK_3__I2C_SLV4_CTRL__REGISTER 0x99
      | 
../Core/Inc/ICM20948_ADDR.h:297: note: this is the location of the previous definition
  297 | #define ICM20948__USER_BANK_3__I2C_SLV4_CTRL__REGISTER 0x97
      | 
../Core/Inc/ICM20948_ADDR.h:300: warning: "ICM20948__USER_BANK_3__I2C_SLV4_DO__REGISTER" redefined
  300 | #define ICM20948__USER_BANK_3__I2C_SLV4_DO__REGISTER 0x9A
      | 
../Core/Inc/ICM20948_ADDR.h:298: note: this is the location of the previous definition
  298 | #define ICM20948__USER_BANK_3__I2C_SLV4_DO__REGISTER 0x98
      | 
../Core/Inc/ICM20948_ADDR.h:301: warning: "ICM20948__USER_BANK_3__I2C_SLV4_CTRL__REGISTER" redefined
  301 | #define ICM20948__USER_BANK_3__I2C_SLV4_CTRL__REGISTER 0x9B
      | 
../Core/Inc/ICM20948_ADDR.h:299: note: this is the location of the previous definition
  299 | #define ICM20948__USER_BANK_3__I2C_SLV4_CTRL__REGISTER 0x99
      | 
../Core/Inc/ICM20948_ADDR.h:302: warning: "ICM20948__USER_BANK_3__I2C_SLV4_DO__REGISTER" redefined
  302 | #define ICM20948__USER_BANK_3__I2C_SLV4_DO__REGISTER 0x9C
      | 
../Core/Inc/ICM20948_ADDR.h:300: note: this is the location of the previous definition
  300 | #define ICM20948__USER_BANK_3__I2C_SLV4_DO__REGISTER 0x9A
      | 
../Core/Inc/ICM20948_ADDR.h:303: warning: "ICM20948__USER_BANK_3__I2C_SLV4_CTRL__REGISTER" redefined
  303 | #define ICM20948__USER_BANK_3__I2C_SLV4_CTRL__REGISTER 0x9D
      | 
../Core/Inc/ICM20948_ADDR.h:301: note: this is the location of the previous definition
  301 | #define ICM20948__USER_BANK_3__I2C_SLV4_CTRL__REGISTER 0x9B
      | 
../Core/Inc/ICM20948_ADDR.h:304: warning: "ICM20948__USER_BANK_3__I2C_SLV4_DO__REGISTER" redefined
  304 | #define ICM20948__USER_BANK_3__I2C_SLV4_DO__REGISTER 0x9E
      | 
../Core/Inc/ICM20948_ADDR.h:302: note: this is the location of the previous definition
  302 | #define ICM20948__USER_BANK_3__I2C_SLV4_DO__REGISTER 0x9C
      | 
../Core/Inc/ICM20948_ADDR.h:305: warning: "ICM20948__USER_BANK_3__I2C_SLV4_CTRL__REGISTER" redefined
  305 | #define ICM20948__USER_BANK_3__I2C_SLV4_CTRL__REGISTER 0x9F
      | 
../Core/Inc/ICM20948_ADDR.h:303: note: this is the location of the previous definition
  303 | #define ICM20948__USER_BANK_3__I2C_SLV4_CTRL__REGISTER 0x9D
      | 
../Core/Inc/ICM20948_ADDR.h:306: warning: "ICM20948__USER_BANK_3__I2C_SLV4_DO__REGISTER" redefined
  306 | #define ICM20948__USER_BANK_3__I2C_SLV4_DO__REGISTER 0xA0
      | 
../Core/Inc/ICM20948_ADDR.h:304: note: this is the location of the previous definition
  304 | #define ICM20948__USER_BANK_3__I2C_SLV4_DO__REGISTER 0x9E
      | 
../Core/Inc/ICM20948_ADDR.h:307: warning: "ICM20948__USER_BANK_3__I2C_SLV4_CTRL__REGISTER" redefined
  307 | #define ICM20948__USER_BANK_3__I2C_SLV4_CTRL__REGISTER 0xA1
      | 
../Core/Inc/ICM20948_ADDR.h:305: note: this is the location of the previous definition
  305 | #define ICM20948__USER_BANK_3__I2C_SLV4_CTRL__REGISTER 0x9F
      | 
../Core/Inc/ICM20948_ADDR.h:308: warning: "ICM20948__USER_BANK_3__I2C_SLV4_DO__REGISTER" redefined
  308 | #define ICM20948__USER_BANK_3__I2C_SLV4_DO__REGISTER 0xA2
      | 
../Core/Inc/ICM20948_ADDR.h:306: note: this is the location of the previous definition
  306 | #define ICM20948__USER_BANK_3__I2C_SLV4_DO__REGISTER 0xA0
      | 
../Core/Inc/ICM20948_ADDR.h:309: warning: "ICM20948__USER_BANK_3__I2C_SLV4_CTRL__REGISTER" redefined
  309 | #define ICM20948__USER_BANK_3__I2C_SLV4_CTRL__REGISTER 0xA3
      | 
../Core/Inc/ICM20948_ADDR.h:307: note: this is the location of the previous definition
  307 | #define ICM20948__USER_BANK_3__I2C_SLV4_CTRL__REGISTER 0xA1
      | 
../Core/Inc/ICM20948_ADDR.h:310: warning: "ICM20948__USER_BANK_3__I2C_SLV4_DO__REGISTER" redefined
  310 | #define ICM20948__USER_BANK_3__I2C_SLV4_DO__REGISTER 0xA4
      | 
../Core/Inc/ICM20948_ADDR.h:308: note: this is the location of the previous definition
  308 | #define ICM20948__USER_BANK_3__I2C_SLV4_DO__REGISTER 0xA2
      | 
../Core/Inc/ICM20948_ADDR.h:311: warning: "ICM20948__USER_BANK_3__I2C_SLV4_CTRL__REGISTER" redefined
  311 | #define ICM20948__USER_BANK_3__I2C_SLV4_CTRL__REGISTER 0xA5
      | 
../Core/Inc/ICM20948_ADDR.h:309: note: this is the location of the previous definition
  309 | #define ICM20948__USER_BANK_3__I2C_SLV4_CTRL__REGISTER 0xA3
      | 
../Core/Inc/ICM20948_ADDR.h:312: warning: "ICM20948__USER_BANK_3__I2C_SLV4_DO__REGISTER" redefined
  312 | #define ICM20948__USER_BANK_3__I2C_SLV4_DO__REGISTER 0xA6
      | 
../Core/Inc/ICM20948_ADDR.h:310: note: this is the location of the previous definition
  310 | #define ICM20948__USER_BANK_3__I2C_SLV4_DO__REGISTER 0xA4
      | 
../Core/Inc/ICM20948_ADDR.h:313: warning: "ICM20948__USER_BANK_3__I2C_SLV4_CTRL__REGISTER" redefined
  313 | #define ICM20948__USER_BANK_3__I2C_SLV4_CTRL__REGISTER 0xA7
      | 
../Core/Inc/ICM20948_ADDR.h:311: note: this is the location of the previous definition
  311 | #define ICM20948__USER_BANK_3__I2C_SLV4_CTRL__REGISTER 0xA5
      | 
../Core/Inc/ICM20948_ADDR.h:314: warning: "ICM20948__USER_BANK_3__I2C_SLV4_DO__REGISTER" redefined
  314 | #define ICM20948__USER_BANK_3__I2C_SLV4_DO__REGISTER 0xA8
      | 
../Core/Inc/ICM20948_ADDR.h:312: note: this is the location of the previous definition
  312 | #define ICM20948__USER_BANK_3__I2C_SLV4_DO__REGISTER 0xA6
      | 
../Core/Inc/ICM20948_ADDR.h:315: warning: "ICM20948__USER_BANK_3__I2C_SLV4_CTRL__REGISTER" redefined
  315 | #define ICM20948__USER_BANK_3__I2C_SLV4_CTRL__REGISTER 0xA9
      | 
../Core/Inc/ICM20948_ADDR.h:313: note: this is the location of the previous definition
  313 | #define ICM20948__USER_BANK_3__I2C_SLV4_CTRL__REGISTER 0xA7
      | 
../Core/Inc/ICM20948_ADDR.h:316: warning: "ICM20948__USER_BANK_3__I2C_SLV4_DO__REGISTER" redefined
  316 | #define ICM20948__USER_BANK_3__I2C_SLV4_DO__REGISTER 0xAA
      | 
../Core/Inc/ICM20948_ADDR.h:314: note: this is the location of the previous definition
  314 | #define ICM20948__USER_BANK_3__I2C_SLV4_DO__REGISTER 0xA8
      | 
../Core/Inc/ICM20948_ADDR.h:317: warning: "ICM20948__USER_BANK_3__I2C_SLV4_CTRL__REGISTER" redefined
  317 | #define ICM20948__USER_BANK_3__I2C_SLV4_CTRL__REGISTER 0xAB
      | 
../Core/Inc/ICM20948_ADDR.h:315: note: this is the location of the previous definition
  315 | #define ICM20948__USER_BANK_3__I2C_SLV4_CTRL__REGISTER 0xA9
      | 
../Core/Inc/ICM20948_ADDR.h:318: warning: "ICM20948__USER_BANK_3__I2C_SLV4_DO__REGISTER" redefined
  318 | #define ICM20948__USER_BANK_3__I2C_SLV4_DO__REGISTER 0xAC
      | 
../Core/Inc/ICM20948_ADDR.h:316: note: this is the location of the previous definition
  316 | #define ICM20948__USER_BANK_3__I2C_SLV4_DO__REGISTER 0xAA
      | 
../Core/Inc/ICM20948_ADDR.h:319: warning: "ICM20948__USER_BANK_3__I2C_SLV4_CTRL__REGISTER" redefined
  319 | #define ICM20948__USER_BANK_3__I2C_SLV4_CTRL__REGISTER 0xAD
      | 
../Core/Inc/ICM20948_ADDR.h:317: note: this is the location of the previous definition
  317 | #define ICM20948__USER_BANK_3__I2C_SLV4_CTRL__REGISTER 0xAB
      | 
../Core/Inc/ICM20948_ADDR.h:320: warning: "ICM20948__USER_BANK_3__I2C_SLV4_DO__REGISTER" redefined
  320 | #define ICM20948__USER_BANK_3__I2C_SLV4_DO__REGISTER 0xAE
      | 
../Core/Inc/ICM20948_ADDR.h:318: note: this is the location of the previous definition
  318 | #define ICM20948__USER_BANK_3__I2C_SLV4_DO__REGISTER 0xAC
      | 
../Core/Inc/ICM20948_ADDR.h:321: warning: "ICM20948__USER_BANK_3__I2C_SLV4_CTRL__REGISTER" redefined
  321 | #define ICM20948__USER_BANK_3__I2C_SLV4_CTRL__REGISTER 0xAF
      | 
../Core/Inc/ICM20948_ADDR.h:319: note: this is the location of the previous definition
  319 | #define ICM20948__USER_BANK_3__I2C_SLV4_CTRL__REGISTER 0xAD
      | 
../Core/Inc/ICM20948_ADDR.h:322: warning: "ICM20948__USER_BANK_3__I2C_SLV4_DO__REGISTER" redefined
  322 | #define ICM20948__USER_BANK_3__I2C_SLV4_DO__REGISTER 0xB0
      | 
../Core/Inc/ICM20948_ADDR.h:320: note: this is the location of the previous definition
  320 | #define ICM20948__USER_BANK_3__I2C_SLV4_DO__REGISTER 0xAE
      | 
../Core/Inc/ICM20948_ADDR.h:323: warning: "ICM20948__USER_BANK_3__I2C_SLV4_CTRL__REGISTER" redefined
  323 | #define ICM20948__USER_BANK_3__I2C_SLV4_CTRL__REGISTER 0xB1
      | 
../Core/Inc/ICM20948_ADDR.h:321: note: this is the location of the previous definition
  321 | #define ICM20948__USER_BANK_3__I2C_SLV4_CTRL__REGISTER 0xAF
      | 
../Core/Inc/ICM20948_ADDR.h:324: warning: "ICM20948__USER_BANK_3__I2C_SLV4_DO__REGISTER" redefined
  324 | #define ICM20948__USER_BANK_3__I2C_SLV4_DO__REGISTER 0xB2
      | 
../Core/Inc/ICM20948_ADDR.h:322: note: this is the location of the previous definition
  322 | #define ICM20948__USER_BANK_3__I2C_SLV4_DO__REGISTER 0xB0
      | 
../Core/Inc/ICM20948_ADDR.h:325: warning: "ICM20948__USER_BANK_3__I2C_SLV4_CTRL__REGISTER" redefined
  325 | #define ICM20948__USER_BANK_3__I2C_SLV4_CTRL__REGISTER 0xB3
      | 
../Core/Inc/ICM20948_ADDR.h:323: note: this is the location of the previous definition
  323 | #define ICM20948__USER_BANK_3__I2C_SLV4_CTRL__REGISTER 0xB1
      | 
../Core/Inc/ICM20948_ADDR.h:326: warning: "ICM20948__USER_BANK_3__I2C_SLV4_DO__REGISTER" redefined
  326 | #define ICM20948__USER_BANK_3__I2C_SLV4_DO__REGISTER 0xB4
      | 
../Core/Inc/ICM20948_ADDR.h:324: note: this is the location of the previous definition
  324 | #define ICM20948__USER_BANK_3__I2C_SLV4_DO__REGISTER 0xB2
      | 
../Core/Inc/ICM20948_ADDR.h:327: warning: "ICM20948__USER_BANK_3__I2C_SLV4_CTRL__REGISTER" redefined
  327 | #define ICM20948__USER_BANK_3__I2C_SLV4_CTRL__REGISTER 0xB5
      | 
../Core/Inc/ICM20948_ADDR.h:325: note: this is the location of the previous definition
  325 | #define ICM20948__USER_BANK_3__I2C_SLV4_CTRL__REGISTER 0xB3
      | 
../Core/Inc/ICM20948_ADDR.h:328: warning: "ICM20948__USER_BANK_3__I2C_SLV4_DO__REGISTER" redefined
  328 | #define ICM20948__USER_BANK_3__I2C_SLV4_DO__REGISTER 0xB6
      | 
../Core/Inc/ICM20948_ADDR.h:326: note: this is the location of the previous definition
  326 | #define ICM20948__USER_BANK_3__I2C_SLV4_DO__REGISTER 0xB4
      | 
../Core/Inc/ICM20948_ADDR.h:329: warning: "ICM20948__USER_BANK_3__I2C_SLV4_CTRL__REGISTER" redefined
  329 | #define ICM20948__USER_BANK_3__I2C_SLV4_CTRL__REGISTER 0xB7
      | 
../Core/Inc/ICM20948_ADDR.h:327: note: this is the location of the previous definition
  327 | #define ICM20948__USER_BANK_3__I2C_SLV4_CTRL__REGISTER 0xB5
      | 
../Core/Inc/ICM20948_ADDR.h:330: warning: "ICM20948__USER_BANK_3__I2C_SLV4_DO__REGISTER" redefined
  330 | #define ICM20948__USER_BANK_3__I2C_SLV4_DO__REGISTER 0xB8
      | 
../Core/Inc/ICM20948_ADDR.h:328: note: this is the location of the previous definition
  328 | #define ICM20948__USER_BANK_3__I2C_SLV4_DO__REGISTER 0xB6
      | 
../Core/Inc/ICM20948_ADDR.h:331: warning: "ICM20948__USER_BANK_3__I2C_SLV4_CTRL__REGISTER" redefined
  331 | #define ICM20948__USER_BANK_3__I2C_SLV4_CTRL__REGISTER 0xB9
      | 
../Core/Inc/ICM20948_ADDR.h:329: note: this is the location of the previous definition
  329 | #define ICM20948__USER_BANK_3__I2C_SLV4_CTRL__REGISTER 0xB7
      | 
../Core/Inc/ICM20948_ADDR.h:332: warning: "ICM20948__USER_BANK_3__I2C_SLV4_DO__REGISTER" redefined
  332 | #define ICM20948__USER_BANK_3__I2C_SLV4_DO__REGISTER 0xBA
      | 
../Core/Inc/ICM20948_ADDR.h:330: note: this is the location of the previous definition
  330 | #define ICM20948__USER_BANK_3__I2C_SLV4_DO__REGISTER 0xB8
      | 
../Core/Inc/ICM20948_ADDR.h:333: warning: "ICM20948__USER_BANK_3__I2C_SLV4_CTRL__REGISTER" redefined
  333 | #define ICM20948__USER_BANK_3__I2C_SLV4_CTRL__REGISTER 0xBB
      | 
../Core/Inc/ICM20948_ADDR.h:331: note: this is the location of the previous definition
  331 | #define ICM20948__USER_BANK_3__I2C_SLV4_CTRL__REGISTER 0xB9
      | 
../Core/Inc/ICM20948_ADDR.h:334: warning: "ICM20948__USER_BANK_3__I2C_SLV4_DO__REGISTER" redefined
  334 | #define ICM20948__USER_BANK_3__I2C_SLV4_DO__REGISTER 0xBC
      | 
../Core/Inc/ICM20948_ADDR.h:332: note: this is the location of the previous definition
  332 | #define ICM20948__USER_BANK_3__I2C_SLV4_DO__REGISTER 0xBA
      | 
../Core/Inc/ICM20948_ADDR.h:335: warning: "ICM20948__USER_BANK_3__I2C_SLV4_CTRL__REGISTER" redefined
  335 | #define ICM20948__USER_BANK_3__I2C_SLV4_CTRL__REGISTER 0xBD
      | 
../Core/Inc/ICM20948_ADDR.h:333: note: this is the location of the previous definition
  333 | #define ICM20948__USER_BANK_3__I2C_SLV4_CTRL__REGISTER 0xBB
      | 
../Core/Inc/ICM20948_ADDR.h:336: warning: "ICM20948__USER_BANK_3__I2C_SLV4_DO__REGISTER" redefined
  336 | #define ICM20948__USER_BANK_3__I2C_SLV4_DO__REGISTER 0xBE
      | 
../Core/Inc/ICM20948_ADDR.h:334: note: this is the location of the previous definition
  334 | #define ICM20948__USER_BANK_3__I2C_SLV4_DO__REGISTER 0xBC
      | 
../Core/Inc/ICM20948_ADDR.h:337: warning: "ICM20948__USER_BANK_3__I2C_SLV4_CTRL__REGISTER" redefined
  337 | #define ICM20948__USER_BANK_3__I2C_SLV4_CTRL__REGISTER 0xBF
      | 
../Core/Inc/ICM20948_ADDR.h:335: note: this is the location of the previous definition
  335 | #define ICM20948__USER_BANK_3__I2C_SLV4_CTRL__REGISTER 0xBD
      | 
../Core/Inc/ICM20948_ADDR.h:338: warning: "ICM20948__USER_BANK_3__I2C_SLV4_DO__REGISTER" redefined
  338 | #define ICM20948__USER_BANK_3__I2C_SLV4_DO__REGISTER 0xC0
      | 
../Core/Inc/ICM20948_ADDR.h:336: note: this is the location of the previous definition
  336 | #define ICM20948__USER_BANK_3__I2C_SLV4_DO__REGISTER 0xBE
      | 
../Core/Inc/ICM20948_ADDR.h:339: warning: "ICM20948__USER_BANK_3__I2C_SLV4_CTRL__REGISTER" redefined
  339 | #define ICM20948__USER_BANK_3__I2C_SLV4_CTRL__REGISTER 0xC1
      | 
../Core/Inc/ICM20948_ADDR.h:337: note: this is the location of the previous definition
  337 | #define ICM20948__USER_BANK_3__I2C_SLV4_CTRL__REGISTER 0xBF
      | 
../Core/Inc/ICM20948_ADDR.h:340: warning: "ICM20948__USER_BANK_3__I2C_SLV4_DO__REGISTER" redefined
  340 | #define ICM20948__USER_BANK_3__I2C_SLV4_DO__REGISTER 0xC2
      | 
../Core/Inc/ICM20948_ADDR.h:338: note: this is the location of the previous definition
  338 | #define ICM20948__USER_BANK_3__I2C_SLV4_DO__REGISTER 0xC0
      | 
../Core/Inc/ICM20948_ADDR.h:341: warning: "ICM20948__USER_BANK_3__I2C_SLV4_CTRL__REGISTER" redefined
  341 | #define ICM20948__USER_BANK_3__I2C_SLV4_CTRL__REGISTER 0xC3
      | 
../Core/Inc/ICM20948_ADDR.h:339: note: this is the location of the previous definition
  339 | #define ICM20948__USER_BANK_3__I2C_SLV4_CTRL__REGISTER 0xC1
      | 
../Core/Inc/ICM20948_ADDR.h:342: warning: "ICM20948__USER_BANK_3__I2C_SLV4_DO__REGISTER" redefined
  342 | #define ICM20948__USER_BANK_3__I2C_SLV4_DO__REGISTER 0xC4
      | 
../Core/Inc/ICM20948_ADDR.h:340: note: this is the location of the previous definition
  340 | #define ICM20948__USER_BANK_3__I2C_SLV4_DO__REGISTER 0xC2
      | 
../Core/Inc/ICM20948_ADDR.h:343: warning: "ICM20948__USER_BANK_3__I2C_SLV4_CTRL__REGISTER" redefined
  343 | #define ICM20948__USER_BANK_3__I2C_SLV4_CTRL__REGISTER 0xC5
      | 
../Core/Inc/ICM20948_ADDR.h:341: note: this is the location of the previous definition
  341 | #define ICM20948__USER_BANK_3__I2C_SLV4_CTRL__REGISTER 0xC3
      | 
../Core/Inc/ICM20948_ADDR.h:344: warning: "ICM20948__USER_BANK_3__I2C_SLV4_DO__REGISTER" redefined
  344 | #define ICM20948__USER_BANK_3__I2C_SLV4_DO__REGISTER 0xC6
      | 
../Core/Inc/ICM20948_ADDR.h:342: note: this is the location of the previous definition
  342 | #define ICM20948__USER_BANK_3__I2C_SLV4_DO__REGISTER 0xC4
      | 
../Core/Inc/ICM20948_ADDR.h:345: warning: "ICM20948__USER_BANK_3__I2C_SLV4_CTRL__REGISTER" redefined
  345 | #define ICM20948__USER_BANK_3__I2C_SLV4_CTRL__REGISTER 0xC7
      | 
../Core/Inc/ICM20948_ADDR.h:343: note: this is the location of the previous definition
  343 | #define ICM20948__USER_BANK_3__I2C_SLV4_CTRL__REGISTER 0xC5
      | 
../Core/Inc/ICM20948_ADDR.h:346: warning: "ICM20948__USER_BANK_3__I2C_SLV4_DO__REGISTER" redefined
  346 | #define ICM20948__USER_BANK_3__I2C_SLV4_DO__REGISTER 0xC8
      | 
../Core/Inc/ICM20948_ADDR.h:344: note: this is the location of the previous definition
  344 | #define ICM20948__USER_BANK_3__I2C_SLV4_DO__REGISTER 0xC6
      | 
../Core/Inc/ICM20948_ADDR.h:347: warning: "ICM20948__USER_BANK_3__I2C_SLV4_CTRL__REGISTER" redefined
  347 | #define ICM20948__USER_BANK_3__I2C_SLV4_CTRL__REGISTER 0xC9
      | 
../Core/Inc/ICM20948_ADDR.h:345: note: this is the location of the previous definition
  345 | #define ICM20948__USER_BANK_3__I2C_SLV4_CTRL__REGISTER 0xC7
      | 
../Core/Inc/ICM20948_ADDR.h:348: warning: "ICM20948__USER_BANK_3__I2C_SLV4_DO__REGISTER" redefined
  348 | #define ICM20948__USER_BANK_3__I2C_SLV4_DO__REGISTER 0xCA
      | 
../Core/Inc/ICM20948_ADDR.h:346: note: this is the location of the previous definition
  346 | #define ICM20948__USER_BANK_3__I2C_SLV4_DO__REGISTER 0xC8
      | 
../Core/Inc/ICM20948_ADDR.h:349: warning: "ICM20948__USER_BANK_3__I2C_SLV4_CTRL__REGISTER" redefined
  349 | #define ICM20948__USER_BANK_3__I2C_SLV4_CTRL__REGISTER 0xCB
      | 
../Core/Inc/ICM20948_ADDR.h:347: note: this is the location of the previous definition
  347 | #define ICM20948__USER_BANK_3__I2C_SLV4_CTRL__REGISTER 0xC9
      | 
../Core/Inc/ICM20948_ADDR.h:350: warning: "ICM20948__USER_BANK_3__I2C_SLV4_DO__REGISTER" redefined
  350 | #define ICM20948__USER_BANK_3__I2C_SLV4_DO__REGISTER 0xCC
      | 
../Core/Inc/ICM20948_ADDR.h:348: note: this is the location of the previous definition
  348 | #define ICM20948__USER_BANK_3__I2C_SLV4_DO__REGISTER 0xCA
      | 
../Core/Inc/ICM20948_ADDR.h:351: warning: "ICM20948__USER_BANK_3__I2C_SLV4_CTRL__REGISTER" redefined
  351 | #define ICM20948__USER_BANK_3__I2C_SLV4_CTRL__REGISTER 0xCD
      | 
../Core/Inc/ICM20948_ADDR.h:349: note: this is the location of the previous definition
  349 | #define ICM20948__USER_BANK_3__I2C_SLV4_CTRL__REGISTER 0xCB
      | 
../Core/Inc/ICM20948_ADDR.h:352: warning: "ICM20948__USER_BANK_3__I2C_SLV4_DO__REGISTER" redefined
  352 | #define ICM20948__USER_BANK_3__I2C_SLV4_DO__REGISTER 0xCE
      | 
../Core/Inc/ICM20948_ADDR.h:350: note: this is the location of the previous definition
  350 | #define ICM20948__USER_BANK_3__I2C_SLV4_DO__REGISTER 0xCC
      | 
../Core/Inc/ICM20948_ADDR.h:353: warning: "ICM20948__USER_BANK_3__I2C_SLV4_CTRL__REGISTER" redefined
  353 | #define ICM20948__USER_BANK_3__I2C_SLV4_CTRL__REGISTER 0xCF
      | 
../Core/Inc/ICM20948_ADDR.h:351: note: this is the location of the previous definition
  351 | #define ICM20948__USER_BANK_3__I2C_SLV4_CTRL__REGISTER 0xCD
      | 
../Core/Inc/ICM20948_ADDR.h:354: warning: "ICM20948__USER_BANK_3__I2C_SLV4_DO__REGISTER" redefined
  354 | #define ICM20948__USER_BANK_3__I2C_SLV4_DO__REGISTER 0xD0
      | 
../Core/Inc/ICM20948_ADDR.h:352: note: this is the location of the previous definition
  352 | #define ICM20948__USER_BANK_3__I2C_SLV4_DO__REGISTER 0xCE
      | 
../Core/Inc/ICM20948_ADDR.h:355: warning: "ICM20948__USER_BANK_3__I2C_SLV4_CTRL__REGISTER" redefined
  355 | #define ICM20948__USER_BANK_3__I2C_SLV4_CTRL__REGISTER 0xD1
      | 
../Core/Inc/ICM20948_ADDR.h:353: note: this is the location of the previous definition
  353 | #define ICM20948__USER_BANK_3__I2C_SLV4_CTRL__REGISTER 0xCF
      | 
../Core/Inc/ICM20948_ADDR.h:356: warning: "ICM20948__USER_BANK_3__I2C_SLV4_DO__REGISTER" redefined
  356 | #define ICM20948__USER_BANK_3__I2C_SLV4_DO__REGISTER 0xD2
      | 
../Core/Inc/ICM20948_ADDR.h:354: note: this is the location of the previous definition
  354 | #define ICM20948__USER_BANK_3__I2C_SLV4_DO__REGISTER 0xD0
      | 
../Core/Inc/ICM20948_ADDR.h:357: warning: "ICM20948__USER_BANK_3__I2C_SLV4_CTRL__REGISTER" redefined
  357 | #define ICM20948__USER_BANK_3__I2C_SLV4_CTRL__REGISTER 0xD3
      | 
../Core/Inc/ICM20948_ADDR.h:355: note: this is the location of the previous definition
  355 | #define ICM20948__USER_BANK_3__I2C_SLV4_CTRL__REGISTER 0xD1
      | 
../Core/Inc/ICM20948_ADDR.h:358: warning: "ICM20948__USER_BANK_3__I2C_SLV4_DO__REGISTER" redefined
  358 | #define ICM20948__USER_BANK_3__I2C_SLV4_DO__REGISTER 0xD4
      | 
../Core/Inc/ICM20948_ADDR.h:356: note: this is the location of the previous definition
  356 | #define ICM20948__USER_BANK_3__I2C_SLV4_DO__REGISTER 0xD2
      | 
../Core/Inc/ICM20948_ADDR.h:359: warning: "ICM20948__USER_BANK_3__I2C_SLV4_CTRL__REGISTER" redefined
  359 | #define ICM20948__USER_BANK_3__I2C_SLV4_CTRL__REGISTER 0xD5
      | 
../Core/Inc/ICM20948_ADDR.h:357: note: this is the location of the previous definition
  357 | #define ICM20948__USER_BANK_3__I2C_SLV4_CTRL__REGISTER 0xD3
      | 
../Core/Inc/ICM20948_ADDR.h:360: warning: "ICM20948__USER_BANK_3__I2C_SLV4_DO__REGISTER" redefined
  360 | #define ICM20948__USER_BANK_3__I2C_SLV4_DO__REGISTER 0xD6
      | 
../Core/Inc/ICM20948_ADDR.h:358: note: this is the location of the previous definition
  358 | #define ICM20948__USER_BANK_3__I2C_SLV4_DO__REGISTER 0xD4
      | 
../Core/Inc/ICM20948_ADDR.h:361: warning: "ICM20948__USER_BANK_3__I2C_SLV4_CTRL__REGISTER" redefined
  361 | #define ICM20948__USER_BANK_3__I2C_SLV4_CTRL__REGISTER 0xD7
      | 
../Core/Inc/ICM20948_ADDR.h:359: note: this is the location of the previous definition
  359 | #define ICM20948__USER_BANK_3__I2C_SLV4_CTRL__REGISTER 0xD5
      | 
../Core/Inc/ICM20948_ADDR.h:362: warning: "ICM20948__USER_BANK_3__I2C_SLV4_DO__REGISTER" redefined
  362 | #define ICM20948__USER_BANK_3__I2C_SLV4_DO__REGISTER 0xD8
      | 
../Core/Inc/ICM20948_ADDR.h:360: note: this is the location of the previous definition
  360 | #define ICM20948__USER_BANK_3__I2C_SLV4_DO__REGISTER 0xD6
      | 
../Core/Inc/ICM20948_ADDR.h:363: warning: "ICM20948__USER_BANK_3__I2C_SLV4_CTRL__REGISTER" redefined
  363 | #define ICM20948__USER_BANK_3__I2C_SLV4_CTRL__REGISTER 0xD9
      | 
../Core/Inc/ICM20948_ADDR.h:361: note: this is the location of the previous definition
  361 | #define ICM20948__USER_BANK_3__I2C_SLV4_CTRL__REGISTER 0xD7
      | 
../Core/Inc/ICM20948_ADDR.h:364: warning: "ICM20948__USER_BANK_3__I2C_SLV4_DO__REGISTER" redefined
  364 | #define ICM20948__USER_BANK_3__I2C_SLV4_DO__REGISTER 0xDA
      | 
../Core/Inc/ICM20948_ADDR.h:362: note: this is the location of the previous definition
  362 | #define ICM20948__USER_BANK_3__I2C_SLV4_DO__REGISTER 0xD8
      | 
../Core/Inc/ICM20948_ADDR.h:365: warning: "ICM20948__USER_BANK_3__I2C_SLV4_CTRL__REGISTER" redefined
  365 | #define ICM20948__USER_BANK_3__I2C_SLV4_CTRL__REGISTER 0xDB
      | 
../Core/Inc/ICM20948_ADDR.h:363: note: this is the location of the previous definition
  363 | #define ICM20948__USER_BANK_3__I2C_SLV4_CTRL__REGISTER 0xD9
      | 
../Core/Inc/ICM20948_ADDR.h:366: warning: "ICM20948__USER_BANK_3__I2C_SLV4_DO__REGISTER" redefined
  366 | #define ICM20948__USER_BANK_3__I2C_SLV4_DO__REGISTER 0xDC
      | 
../Core/Inc/ICM20948_ADDR.h:364: note: this is the location of the previous definition
  364 | #define ICM20948__USER_BANK_3__I2C_SLV4_DO__REGISTER 0xDA
      | 
../Core/Inc/ICM20948_ADDR.h:367: warning: "ICM20948__USER_BANK_3__I2C_SLV4_CTRL__REGISTER" redefined
  367 | #define ICM20948__USER_BANK_3__I2C_SLV4_CTRL__REGISTER 0xDD
      | 
../Core/Inc/ICM20948_ADDR.h:365: note: this is the location of the previous definition
  365 | #define ICM20948__USER_BANK_3__I2C_SLV4_CTRL__REGISTER 0xDB
      | 
../Core/Inc/ICM20948_ADDR.h:368: warning: "ICM20948__USER_BANK_3__I2C_SLV4_DO__REGISTER" redefined
  368 | #define ICM20948__USER_BANK_3__I2C_SLV4_DO__REGISTER 0xDE
      | 
../Core/Inc/ICM20948_ADDR.h:366: note: this is the location of the previous definition
  366 | #define ICM20948__USER_BANK_3__I2C_SLV4_DO__REGISTER 0xDC
      | 
../Core/Inc/ICM20948_ADDR.h:369: warning: "ICM20948__USER_BANK_3__I2C_SLV4_CTRL__REGISTER" redefined
  369 | #define ICM20948__USER_BANK_3__I2C_SLV4_CTRL__REGISTER 0xDF
      | 
../Core/Inc/ICM20948_ADDR.h:367: note: this is the location of the previous definition
  367 | #define ICM20948__USER_BANK_3__I2C_SLV4_CTRL__REGISTER 0xDD
      | 
../Core/Inc/ICM20948_ADDR.h:370: warning: "ICM20948__USER_BANK_3__I2C_SLV4_DO__REGISTER" redefined
  370 | #define ICM20948__USER_BANK_3__I2C_SLV4_DO__REGISTER 0xE0
      | 
../Core/Inc/ICM20948_ADDR.h:368: note: this is the location of the previous definition
  368 | #define ICM20948__USER_BANK_3__I2C_SLV4_DO__REGISTER 0xDE
      | 
../Core/Inc/ICM20948_ADDR.h:371: warning: "ICM20948__USER_BANK_3__I2C_SLV4_CTRL__REGISTER" redefined
  371 | #define ICM20948__USER_BANK_3__I2C_SLV4_CTRL__REGISTER 0xE1
      | 
../Core/Inc/ICM20948_ADDR.h:369: note: this is the location of the previous definition
  369 | #define ICM20948__USER_BANK_3__I2C_SLV4_CTRL__REGISTER 0xDF
      | 
../Core/Inc/ICM20948_ADDR.h:372: warning: "ICM20948__USER_BANK_3__I2C_SLV4_DO__REGISTER" redefined
  372 | #define ICM20948__USER_BANK_3__I2C_SLV4_DO__REGISTER 0xE2
      | 
../Core/Inc/ICM20948_ADDR.h:370: note: this is the location of the previous definition
  370 | #define ICM20948__USER_BANK_3__I2C_SLV4_DO__REGISTER 0xE0
      | 
../Core/Inc/ICM20948_ADDR.h:373: warning: "ICM20948__USER_BANK_3__I2C_SLV4_CTRL__REGISTER" redefined
  373 | #define ICM20948__USER_BANK_3__I2C_SLV4_CTRL__REGISTER 0xE3
      | 
../Core/Inc/ICM20948_ADDR.h:371: note: this is the location of the previous definition
  371 | #define ICM20948__USER_BANK_3__I2C_SLV4_CTRL__REGISTER 0xE1
      | 
../Core/Inc/ICM20948_ADDR.h:374: warning: "ICM20948__USER_BANK_3__I2C_SLV4_DO__REGISTER" redefined
  374 | #define ICM20948__USER_BANK_3__I2C_SLV4_DO__REGISTER 0xE4
      | 
../Core/Inc/ICM20948_ADDR.h:372: note: this is the location of the previous definition
  372 | #define ICM20948__USER_BANK_3__I2C_SLV4_DO__REGISTER 0xE2
      | 
../Core/Inc/ICM20948_ADDR.h:375: warning: "ICM20948__USER_BANK_3__I2C_SLV4_CTRL__REGISTER" redefined
  375 | #define ICM20948__USER_BANK_3__I2C_SLV4_CTRL__REGISTER 0xE5
      | 
../Core/Inc/ICM20948_ADDR.h:373: note: this is the location of the previous definition
  373 | #define ICM20948__USER_BANK_3__I2C_SLV4_CTRL__REGISTER 0xE3
      | 
../Core/Inc/ICM20948_ADDR.h:376: warning: "ICM20948__USER_BANK_3__I2C_SLV4_DO__REGISTER" redefined
  376 | #define ICM20948__USER_BANK_3__I2C_SLV4_DO__REGISTER 0xE6
      | 
../Core/Inc/ICM20948_ADDR.h:374: note: this is the location of the previous definition
  374 | #define ICM20948__USER_BANK_3__I2C_SLV4_DO__REGISTER 0xE4
      | 
../Core/Inc/ICM20948_ADDR.h:377: warning: "ICM20948__USER_BANK_3__I2C_SLV4_CTRL__REGISTER" redefined
  377 | #define ICM20948__USER_BANK_3__I2C_SLV4_CTRL__REGISTER 0xE7
      | 
../Core/Inc/ICM20948_ADDR.h:375: note: this is the location of the previous definition
  375 | #define ICM20948__USER_BANK_3__I2C_SLV4_CTRL__REGISTER 0xE5
      | 
../Core/Inc/ICM20948_ADDR.h:378: warning: "ICM20948__USER_BANK_3__I2C_SLV4_DO__REGISTER" redefined
  378 | #define ICM20948__USER_BANK_3__I2C_SLV4_DO__REGISTER 0xE8
      | 
../Core/Inc/ICM20948_ADDR.h:376: note: this is the location of the previous definition
  376 | #define ICM20948__USER_BANK_3__I2C_SLV4_DO__REGISTER 0xE6
      | 
../Core/Inc/ICM20948_ADDR.h:379: warning: "ICM20948__USER_BANK_3__I2C_SLV4_CTRL__REGISTER" redefined
  379 | #define ICM20948__USER_BANK_3__I2C_SLV4_CTRL__REGISTER 0xE9
      | 
../Core/Inc/ICM20948_ADDR.h:377: note: this is the location of the previous definition
  377 | #define ICM20948__USER_BANK_3__I2C_SLV4_CTRL__REGISTER 0xE7
      | 
../Core/Inc/ICM20948_ADDR.h:380: warning: "ICM20948__USER_BANK_3__I2C_SLV4_DO__REGISTER" redefined
  380 | #define ICM20948__USER_BANK_3__I2C_SLV4_DO__REGISTER 0xEA
      | 
../Core/Inc/ICM20948_ADDR.h:378: note: this is the location of the previous definition
  378 | #define ICM20948__USER_BANK_3__I2C_SLV4_DO__REGISTER 0xE8
      | 
../Core/Inc/ICM20948_ADDR.h:381: warning: "ICM20948__USER_BANK_3__I2C_SLV4_CTRL__REGISTER" redefined
  381 | #define ICM20948__USER_BANK_3__I2C_SLV4_CTRL__REGISTER 0xEB
      | 
../Core/Inc/ICM20948_ADDR.h:379: note: this is the location of the previous definition
  379 | #define ICM20948__USER_BANK_3__I2C_SLV4_CTRL__REGISTER 0xE9
      | 
../Core/Src/main.c: In function 'perform_initial_calibration':
../Core/Src/main.c:380:3: warning: implicit declaration of function 'imu_calibrate_bias_'; did you mean 'imu_calibrate_bias_blocking'? [-Wimplicit-function-declaration]
  380 |   imu_calibrate_bias_();
      |   ^~~~~~~~~~~~~~~~~~~
      |   imu_calibrate_bias_blocking
../Core/Src/main.c: In function 'execute_turn_move':
../Core/Src/main.c:452:3: warning: implicit declaration of function 'move_turn' [-Wimplicit-function-declaration]
  452 |   move_turn(turn_opcode, angle_deg);
      |   ^~~~~~~~~
arm-none-eabi-gcc -o "MDP.elf" @"objects.list"   -mcpu=cortex-m4 -T"/Users/dylan/Desktop/NTU/SC2079/SC2079-MDP-Group-19/stm/MDP/STM32F407VETX_FLASH.ld" --specs=nosys.specs -Wl,-Map="MDP.map" -Wl,--gc-sections -static -u _printf_float --specs=nano.specs -mfpu=fpv4-sp-d16 -mfloat-abi=hard -mthumb -Wl,--start-group -lc -lm -Wl,--end-group
/Applications/STM32CubeIDE.app/Contents/Eclipse/plugins/com.st.stm32cube.ide.mcu.externaltools.gnu-tools-for-stm32.13.3.rel1.macos64_1.0.0.202411102158/tools/bin/../lib/gcc/arm-none-eabi/13.3.1/../../../../arm-none-eabi/bin/ld: ./Core/Src/main.o: in function `perform_initial_calibration':
/Users/dylan/Desktop/NTU/SC2079/SC2079-MDP-Group-19/stm/MDP/Debug/../Core/Src/main.c:380:(.text.perform_initial_calibration+0x16): undefined reference to `imu_calibrate_bias_'
/Applications/STM32CubeIDE.app/Contents/Eclipse/plugins/com.st.stm32cube.ide.mcu.externaltools.gnu-tools-for-stm32.13.3.rel1.macos64_1.0.0.202411102158/tools/bin/../lib/gcc/arm-none-eabi/13.3.1/../../../../arm-none-eabi/bin/ld: ./Core/Src/main.o: in function `execute_turn_move':
/Users/dylan/Desktop/NTU/SC2079/SC2079-MDP-Group-19/stm/MDP/Debug/../Core/Src/main.c:452:(.text.execute_turn_move+0x28): undefined reference to `move_turn'
/Applications/STM32CubeIDE.app/Contents/Eclipse/plugins/com.st.stm32cube.ide.mcu.externaltools.gnu-tools-for-stm32.13.3.rel1.macos64_1.0.0.202411102158/tools/bin/../lib/gcc/arm-none-eabi/13.3.1/../../../../arm-none-eabi/bin/ld: ./Core/Src/main.o: in function `StartDefaultTask':
/Users/dylan/Desktop/NTU/SC2079/SC2079-MDP-Group-19/stm/MDP/Debug/../Core/Src/main.c:1387:(.text.StartDefaultTask+0x142): undefined reference to `move_turn'
collect2: error: ld returned 1 exit status
make: *** [makefile:74: MDP.elf] Error 1
"make -j7 all" terminated with exit code 2. Build might be incomplete.

21:01:39 Build Failed. 4 errors, 209 warnings. (took 980ms)

