2025-09-03 21:01:24,622 [INFO] Activator:176 - 


2025-09-03 21:01:24,625 [INFO] Activator:177 - !SESSION log4j initialized
2025-09-03 21:01:26,811 [ERROR] LogOutputStream:75 - [STDERR_REDIRECT] 
2025-09-03 21:01:29,022 [INFO] LogOutputStream:77 - [STDOUT_REDIRECT] 
2025-09-03 21:01:31,406 [INFO] ApplicationProperties:184 - Using Application install path: /Applications/STM32CubeIDE.app/Contents/Eclipse/plugins/com.st.stm32cube.common.mx_6.15.0.202507011659
2025-09-03 21:01:31,423 [INFO] DbMcusXml:78 - Set database path to: /Applications/STM32CubeIDE.app/Contents/Eclipse/plugins/com.st.stm32cube.common.mx_6.15.0.202507011659//db//mcu/
2025-09-03 21:01:31,424 [INFO] ApiDb:274 - Set plugin database path to: /Applications/STM32CubeIDE.app/Contents/Eclipse/plugins/com.st.stm32cube.common.mx_6.15.0.202507011659//db//plugins/boardmanager/
2025-09-03 21:01:31,425 [WARN] ApiDb:259 - Overriding images path with different value:  => /Applications/STM32CubeIDE.app/Contents/Eclipse/plugins/com.st.stm32cube.common.mx_6.15.0.202507011659//db//plugins/mcufinder/images/
2025-09-03 21:01:31,430 [INFO] ApiDb:250 - Set database path to: /Users/dylan/.stmcufinder/plugins/mcufinder//mcu/
2025-09-03 21:01:31,432 [INFO] DbMcusAds:125 - Set database path to: /Users/dylan/.stmcufinder/plugins/mcufinder//mcu/
2025-09-03 21:01:31,434 [INFO] CrossReferenceDbSqlite:203 - Set database path to: /Users/dylan/.stmcufinder/plugins/mcufinder//mcu/cs/
2025-09-03 21:01:31,619 [INFO] RulesReader:64 - Compatibility file has been processed (317 Rules)
2025-09-03 21:01:31,681 [INFO] DbMcusXml:78 - Set database path to: /Applications/STM32CubeIDE.app/Contents/Eclipse/plugins/com.st.stm32cube.common.mx_6.15.0.202507011659//db//mcu/
2025-09-03 21:01:31,682 [INFO] ApiDb:274 - Set plugin database path to: /Applications/STM32CubeIDE.app/Contents/Eclipse/plugins/com.st.stm32cube.common.mx_6.15.0.202507011659//db//plugins/boardmanager/
2025-09-03 21:01:31,682 [INFO] ApiDb:261 - Set plugin images path to: /Applications/STM32CubeIDE.app/Contents/Eclipse/plugins/com.st.stm32cube.common.mx_6.15.0.202507011659//db//plugins/mcufinder/images/
2025-09-03 21:01:31,682 [WARN] DbFile:41 - Overriding database path with different value: /Users/dylan/.stmcufinder/plugins/mcufinder/ => /Users/dylan/.stmcufinder/plugins/mcufinder
2025-09-03 21:01:31,682 [INFO] ApiDb:250 - Set database path to: /Users/dylan/.stmcufinder/plugins/mcufinder//mcu/
2025-09-03 21:01:31,682 [WARN] DbFile:41 - Overriding database path with different value: /Users/dylan/.stmcufinder/plugins/mcufinder/ => /Users/dylan/.stmcufinder/plugins/mcufinder
2025-09-03 21:01:31,683 [INFO] DbMcusAds:125 - Set database path to: /Users/dylan/.stmcufinder/plugins/mcufinder//mcu/
2025-09-03 21:01:31,683 [WARN] DbFile:41 - Overriding database path with different value: /Users/dylan/.stmcufinder/plugins/mcufinder/ => /Users/dylan/.stmcufinder/plugins/mcufinder
2025-09-03 21:01:31,683 [WARN] DbFile:41 - Overriding database path with different value: /Users/dylan/.stmcufinder/plugins/mcufinder/ => /Users/dylan/.stmcufinder/plugins/mcufinder
2025-09-03 21:01:31,683 [INFO] CrossReferenceDbSqlite:203 - Set database path to: /Users/dylan/.stmcufinder/plugins/mcufinder//mcu/cs/
2025-09-03 21:01:31,768 [INFO] MainPanel:274 - HeapMemory: 268435456
2025-09-03 21:01:33,375 [INFO] DbMcusXml:78 - Set database path to: /Applications/STM32CubeIDE.app/Contents/Eclipse/plugins/com.st.stm32cube.common.mx_6.15.0.202507011659//db//mcu/
2025-09-03 21:01:33,383 [INFO] ApiDb:274 - Set plugin database path to: /Applications/STM32CubeIDE.app/Contents/Eclipse/plugins/com.st.stm32cube.common.mx_6.15.0.202507011659//db//plugins/boardmanager/
2025-09-03 21:01:33,388 [INFO] ApiDb:261 - Set plugin images path to: /Applications/STM32CubeIDE.app/Contents/Eclipse/plugins/com.st.stm32cube.common.mx_6.15.0.202507011659//db//plugins/mcufinder/images/
2025-09-03 21:01:33,390 [WARN] DbFile:41 - Overriding database path with different value: /Users/dylan/.stmcufinder/plugins/mcufinder/ => /Users/dylan/.stmcufinder/plugins/mcufinder
2025-09-03 21:01:33,390 [INFO] ApiDb:250 - Set database path to: /Users/dylan/.stmcufinder/plugins/mcufinder//mcu/
2025-09-03 21:01:33,390 [WARN] DbFile:41 - Overriding database path with different value: /Users/dylan/.stmcufinder/plugins/mcufinder/ => /Users/dylan/.stmcufinder/plugins/mcufinder
2025-09-03 21:01:33,390 [INFO] DbMcusAds:125 - Set database path to: /Users/dylan/.stmcufinder/plugins/mcufinder//mcu/
2025-09-03 21:01:33,390 [WARN] DbFile:41 - Overriding database path with different value: /Users/dylan/.stmcufinder/plugins/mcufinder/ => /Users/dylan/.stmcufinder/plugins/mcufinder
2025-09-03 21:01:33,390 [WARN] DbFile:41 - Overriding database path with different value: /Users/dylan/.stmcufinder/plugins/mcufinder/ => /Users/dylan/.stmcufinder/plugins/mcufinder
2025-09-03 21:01:33,391 [INFO] CrossReferenceDbSqlite:203 - Set database path to: /Users/dylan/.stmcufinder/plugins/mcufinder//mcu/cs/
2025-09-03 21:01:33,503 [INFO] ApplicationProperties:184 - Using Application install path: /Applications/STM32CubeIDE.app/Contents/Eclipse/plugins/com.st.stm32cube.common.mx_6.15.0.202507011659
2025-09-03 21:01:33,506 [INFO] PluginManage:196 - Search for loadable plugins [exclusion list=, ]
2025-09-03 21:01:33,513 [INFO] PluginManage:310 - Check plugin analytics
2025-09-03 21:01:34,075 [INFO] AnalyticsPlugin:253 - Accepted Software Licenses: 
2025-09-03 21:01:34,075 [INFO] AnalyticsPlugin:255 - Accepted CMSIS Pack Licenses: 
2025-09-03 21:01:34,075 [INFO] AnalyticsPlugin:257 - Accepted Firmware Licenses: FW.F4.1.28.0
2025-09-03 21:01:34,112 [INFO] PluginManage:359 - Loaded plugin analytics (category:tool,tabindex:-1)
2025-09-03 21:01:34,117 [INFO] PluginManage:310 - Check plugin cadmodel
2025-09-03 21:01:34,159 [INFO] CADModel:105 - Init CAD model plugin
2025-09-03 21:01:34,160 [INFO] PluginManage:359 - Loaded plugin cadmodel (category:power,tabindex:5)
2025-09-03 21:01:34,160 [INFO] PluginManage:310 - Check plugin clock
2025-09-03 21:01:34,174 [INFO] PluginManage:359 - Loaded plugin clock (category:base,tabindex:2)
2025-09-03 21:01:34,175 [INFO] PluginManage:310 - Check plugin ddr
2025-09-03 21:01:34,178 [INFO] PluginManage:359 - Loaded plugin ddr (category:tool,tabindex:6)
2025-09-03 21:01:34,178 [INFO] PluginManage:310 - Check plugin filemanager
2025-09-03 21:01:34,371 [INFO] PluginManage:359 - Loaded plugin filemanager (category:base,tabindex:10)
2025-09-03 21:01:34,371 [INFO] PluginManage:310 - Check plugin ipmanager
2025-09-03 21:01:34,381 [INFO] PluginManage:359 - Loaded plugin ipmanager (category:base,tabindex:5)
2025-09-03 21:01:34,382 [INFO] PluginManage:310 - Check plugin lpbam
2025-09-03 21:01:34,394 [INFO] PluginManage:359 - Loaded plugin lpbam (category:base,tabindex:0)
2025-09-03 21:01:34,395 [INFO] PluginManage:310 - Check plugin memorymap
2025-09-03 21:01:34,406 [INFO] PluginManage:359 - Loaded plugin memorymap (category:base,tabindex:4)
2025-09-03 21:01:34,406 [INFO] PluginManage:310 - Check plugin pinoutandconfiguration
2025-09-03 21:01:34,413 [INFO] PluginManage:359 - Loaded plugin pinoutandconfiguration (category:base,tabindex:1)
2025-09-03 21:01:34,413 [INFO] PluginManage:310 - Check plugin pinoutconfig
2025-09-03 21:01:34,522 [WARN] SupportedApi:132 - Cannot load RTOS API schema: s4s-elt-must-match.1: The content of 'definitions' must match (annotation?, (simpleType | complexType)?, (unique | key | keyref)*)). A problem was found starting at: attribute.
2025-09-03 21:01:34,700 [INFO] PluginManage:359 - Loaded plugin pinoutconfig (category:base,tabindex:0)
2025-09-03 21:01:34,700 [INFO] PluginManage:310 - Check plugin power
2025-09-03 21:01:34,716 [INFO] PluginManage:359 - Loaded plugin power (category:power,tabindex:4)
2025-09-03 21:01:34,716 [INFO] PluginManage:310 - Check plugin projectmanager
2025-09-03 21:01:34,751 [INFO] PluginManage:359 - Loaded plugin projectmanager (category:projectmanager,tabindex:4)
2025-09-03 21:01:34,751 [INFO] PluginManage:310 - Check plugin rif
2025-09-03 21:01:34,761 [INFO] PluginManage:359 - Loaded plugin rif (category:base,tabindex:3)
2025-09-03 21:01:34,761 [INFO] PluginManage:310 - Check plugin thirdparty
2025-09-03 21:01:34,968 [INFO] PluginManage:359 - Loaded plugin thirdparty (category:base,tabindex:-1)
2025-09-03 21:01:34,969 [INFO] PluginManage:310 - Check plugin tools
2025-09-03 21:01:34,968 [WARN] IntegrityCheckThread:84 - waiting for thirdparty lock release [integrity check]
2025-09-03 21:01:34,970 [INFO] IntegrityCheckThread:86 - entering critical section [integrity check]
2025-09-03 21:01:34,972 [INFO] ThirdPartyUpdaterWithRetryManager:70 - Updater plugin not ready yet. [1/15]
2025-09-03 21:01:34,974 [INFO] PluginManage:359 - Loaded plugin tools (category:base,tabindex:7)
2025-09-03 21:01:34,974 [INFO] PluginManage:310 - Check plugin tutovideos
2025-09-03 21:01:35,192 [INFO] PluginManage:359 - Loaded plugin tutovideos (category:base,tabindex:-1)
2025-09-03 21:01:35,193 [INFO] PluginManage:310 - Check plugin updater
2025-09-03 21:01:35,242 [INFO] PluginManage:359 - Loaded plugin updater (category:base,tabindex:12)
2025-09-03 21:01:35,242 [INFO] PluginManage:310 - Check plugin userauth
2025-09-03 21:01:35,247 [INFO] UserAuth:118 - Init User Auth plugin
2025-09-03 21:01:35,249 [INFO] PluginManage:359 - Loaded plugin userauth (category:base,tabindex:14)
2025-09-03 21:01:35,250 [INFO] PluginManage:283 - PluginManage : Loaded plugins [18]
2025-09-03 21:01:35,629 [INFO] PinOutPanel:1589 - setPackage(No Configuration,No Configuration)
2025-09-03 21:01:35,723 [INFO] CADModel:165 - CPN selected for project level
2025-09-03 21:01:35,723 [INFO] CADModel:114 - Register for checkConnection events
2025-09-03 21:01:35,737 [INFO] IPUIPlugin:80 - create IPUIPlugin
2025-09-03 21:01:35,737 [INFO] PluginManager:220 - loadIPPluginJar : add mdma
2025-09-03 21:01:35,743 [INFO] IPUIPlugin:80 - create IPUIPlugin
2025-09-03 21:01:35,743 [INFO] PluginManager:220 - loadIPPluginJar : add freertos
2025-09-03 21:01:35,748 [INFO] IPUIPlugin:80 - create IPUIPlugin
2025-09-03 21:01:35,748 [INFO] PluginManager:220 - loadIPPluginJar : add gic
2025-09-03 21:01:35,757 [INFO] IPUIPlugin:80 - create IPUIPlugin
2025-09-03 21:01:35,757 [INFO] PluginManager:220 - loadIPPluginJar : add adc
2025-09-03 21:01:35,759 [INFO] IPUIPlugin:80 - create IPUIPlugin
2025-09-03 21:01:35,759 [INFO] PluginManager:220 - loadIPPluginJar : add gtzc
2025-09-03 21:01:35,761 [INFO] IPUIPlugin:80 - create IPUIPlugin
2025-09-03 21:01:35,761 [INFO] PluginManager:220 - loadIPPluginJar : add quadspi
2025-09-03 21:01:35,762 [INFO] IPUIPlugin:80 - create IPUIPlugin
2025-09-03 21:01:35,763 [INFO] PluginManager:220 - loadIPPluginJar : add aes
2025-09-03 21:01:35,765 [INFO] IPUIPlugin:80 - create IPUIPlugin
2025-09-03 21:01:35,766 [INFO] PluginManager:220 - loadIPPluginJar : add pdm2pcm
2025-09-03 21:01:35,767 [INFO] IPUIPlugin:80 - create IPUIPlugin
2025-09-03 21:01:35,767 [INFO] PluginManager:220 - loadIPPluginJar : add hash
2025-09-03 21:01:35,768 [INFO] IPUIPlugin:80 - create IPUIPlugin
2025-09-03 21:01:35,768 [INFO] PluginManager:220 - loadIPPluginJar : add tim
2025-09-03 21:01:35,769 [INFO] IPUIPlugin:80 - create IPUIPlugin
2025-09-03 21:01:35,770 [INFO] PluginManager:220 - loadIPPluginJar : add tsc
2025-09-03 21:01:35,772 [INFO] IPUIPlugin:80 - create IPUIPlugin
2025-09-03 21:01:35,772 [INFO] PluginManager:220 - loadIPPluginJar : add extmemmanager
2025-09-03 21:01:35,774 [INFO] IPUIPlugin:80 - create IPUIPlugin
2025-09-03 21:01:35,774 [INFO] PluginManager:220 - loadIPPluginJar : add ts
2025-09-03 21:01:35,775 [INFO] IPUIPlugin:80 - create IPUIPlugin
2025-09-03 21:01:35,776 [INFO] PluginManager:220 - loadIPPluginJar : add radio
2025-09-03 21:01:35,777 [INFO] IPUIPlugin:80 - create IPUIPlugin
2025-09-03 21:01:35,777 [INFO] PluginManager:220 - loadIPPluginJar : add can
2025-09-03 21:01:35,779 [INFO] IPUIPlugin:80 - create IPUIPlugin
2025-09-03 21:01:35,779 [INFO] PluginManager:220 - loadIPPluginJar : add dma3
2025-09-03 21:01:35,780 [INFO] IPUIPlugin:80 - create IPUIPlugin
2025-09-03 21:01:35,780 [INFO] PluginManager:220 - loadIPPluginJar : add dfsdm
2025-09-03 21:01:35,782 [INFO] IPUIPlugin:80 - create IPUIPlugin
2025-09-03 21:01:35,782 [INFO] PluginManager:220 - loadIPPluginJar : add spi
2025-09-03 21:01:35,783 [INFO] IPUIPlugin:80 - create IPUIPlugin
2025-09-03 21:01:35,784 [INFO] PluginManager:220 - loadIPPluginJar : add gfxmmu
2025-09-03 21:01:35,785 [INFO] IPUIPlugin:80 - create IPUIPlugin
2025-09-03 21:01:35,786 [INFO] PluginManager:220 - loadIPPluginJar : add genericplugin
2025-09-03 21:01:35,787 [INFO] IPUIPlugin:80 - create IPUIPlugin
2025-09-03 21:01:35,787 [INFO] PluginManager:220 - loadIPPluginJar : add cryp
2025-09-03 21:01:35,790 [INFO] IPUIPlugin:80 - create IPUIPlugin
2025-09-03 21:01:35,792 [INFO] PluginManager:220 - loadIPPluginJar : add gpio
2025-09-03 21:01:35,799 [INFO] IPUIPlugin:80 - create IPUIPlugin
2025-09-03 21:01:35,801 [INFO] PluginManager:220 - loadIPPluginJar : add ddr_ctrl_phy
2025-09-03 21:01:35,803 [INFO] IPUIPlugin:80 - create IPUIPlugin
2025-09-03 21:01:35,804 [INFO] PluginManager:220 - loadIPPluginJar : add comp
2025-09-03 21:01:35,806 [INFO] IPUIPlugin:80 - create IPUIPlugin
2025-09-03 21:01:35,807 [INFO] PluginManager:220 - loadIPPluginJar : add tracer_emb
2025-09-03 21:01:35,809 [INFO] IPUIPlugin:80 - create IPUIPlugin
2025-09-03 21:01:35,809 [INFO] PluginManager:220 - loadIPPluginJar : add openamp
2025-09-03 21:01:35,813 [INFO] IPUIPlugin:80 - create IPUIPlugin
2025-09-03 21:01:35,813 [INFO] PluginManager:220 - loadIPPluginJar : add stm32_wpan
2025-09-03 21:01:35,818 [INFO] IPUIPlugin:80 - create IPUIPlugin
2025-09-03 21:01:35,822 [INFO] PluginManager:220 - loadIPPluginJar : add plateformsettings
2025-09-03 21:01:35,825 [INFO] IPUIPlugin:80 - create IPUIPlugin
2025-09-03 21:01:35,825 [INFO] PluginManager:220 - loadIPPluginJar : add ipddr
2025-09-03 21:01:35,826 [INFO] IPUIPlugin:80 - create IPUIPlugin
2025-09-03 21:01:35,827 [INFO] PluginManager:220 - loadIPPluginJar : add usart
2025-09-03 21:01:35,827 [INFO] IPUIPlugin:80 - create IPUIPlugin
2025-09-03 21:01:35,827 [INFO] PluginManager:220 - loadIPPluginJar : add ltdc
2025-09-03 21:01:35,831 [INFO] IPUIPlugin:80 - create IPUIPlugin
2025-09-03 21:01:35,831 [INFO] PluginManager:220 - loadIPPluginJar : add nvic
2025-09-03 21:01:35,833 [INFO] IPUIPlugin:80 - create IPUIPlugin
2025-09-03 21:01:35,833 [INFO] PluginManager:220 - loadIPPluginJar : add fatfs
2025-09-03 21:01:35,839 [INFO] IPUIPlugin:80 - create IPUIPlugin
2025-09-03 21:01:35,839 [INFO] PluginManager:220 - loadIPPluginJar : add linkedlist
2025-09-03 21:01:35,843 [INFO] IPUIPlugin:80 - create IPUIPlugin
2025-09-03 21:01:35,843 [INFO] PluginManager:220 - loadIPPluginJar : add dma
2025-09-03 21:01:35,847 [INFO] IPUIPlugin:80 - create IPUIPlugin
2025-09-03 21:01:35,847 [INFO] PluginManager:220 - loadIPPluginJar : add fmc
2025-09-03 21:01:35,849 [INFO] IPUIPlugin:80 - create IPUIPlugin
2025-09-03 21:01:35,849 [INFO] PluginManager:220 - loadIPPluginJar : add i2s
2025-09-03 21:01:35,851 [INFO] IPUIPlugin:80 - create IPUIPlugin
2025-09-03 21:01:35,851 [INFO] PluginManager:220 - loadIPPluginJar : add ucpd
2025-09-03 21:01:35,854 [INFO] IPUIPlugin:80 - create IPUIPlugin
2025-09-03 21:01:35,857 [INFO] PluginManager:220 - loadIPPluginJar : add lorawan
2025-09-03 21:01:35,863 [INFO] IPUIPlugin:80 - create IPUIPlugin
2025-09-03 21:01:35,863 [INFO] PluginManager:220 - loadIPPluginJar : add opamp
2025-09-03 21:01:35,866 [INFO] IPUIPlugin:80 - create IPUIPlugin
2025-09-03 21:01:35,866 [INFO] PluginManager:220 - loadIPPluginJar : add i3c
2025-09-03 21:01:35,870 [INFO] IPUIPlugin:80 - create IPUIPlugin
2025-09-03 21:01:35,871 [INFO] PluginManager:220 - loadIPPluginJar : add touchsensing
2025-09-03 21:01:35,873 [INFO] IPUIPlugin:80 - create IPUIPlugin
2025-09-03 21:01:35,873 [INFO] PluginManager:220 - loadIPPluginJar : add i2c
2025-09-03 21:01:35,877 [INFO] IPUIPlugin:80 - create IPUIPlugin
2025-09-03 21:01:35,877 [INFO] PluginManager:220 - loadIPPluginJar : add resmgrutility
2025-09-03 21:01:35,879 [INFO] IPUIPlugin:80 - create IPUIPlugin
2025-09-03 21:01:35,880 [INFO] PluginManager:220 - loadIPPluginJar : add sai
2025-09-03 21:01:35,882 [INFO] IPUIPlugin:80 - create IPUIPlugin
2025-09-03 21:01:35,882 [INFO] PluginManager:220 - loadIPPluginJar : add usbx
2025-09-03 21:01:36,012 [FATAL] Updater:351 - Updater called before beeing initialized
2025-09-03 21:01:36,081 [INFO] RulesReader:64 - Compatibility file has been processed (317 Rules)
2025-09-03 21:01:36,105 [INFO] RulesReader:64 - Compatibility file has been processed (317 Rules)
2025-09-03 21:01:36,117 [INFO] CADModel:165 - CPN selected for project level
2025-09-03 21:01:36,118 [INFO] CADModel:114 - Register for checkConnection events
2025-09-03 21:01:36,118 [FATAL] Updater:351 - Updater called before beeing initialized
2025-09-03 21:01:36,118 [ERROR] CADModel:125 - Updater not yet initialized, retry later 
2025-09-03 21:01:36,809 [FATAL] Updater:351 - Updater called before beeing initialized
2025-09-03 21:01:36,830 [INFO] CADModel:165 - CPN selected for project level
2025-09-03 21:01:36,831 [INFO] CADModel:114 - Register for checkConnection events
2025-09-03 21:01:36,831 [FATAL] Updater:351 - Updater called before beeing initialized
2025-09-03 21:01:36,831 [ERROR] CADModel:125 - Updater not yet initialized, retry later 
2025-09-03 21:01:36,838 [FATAL] Updater:351 - Updater called before beeing initialized
2025-09-03 21:01:37,103 [FATAL] Updater:351 - Updater called before beeing initialized
2025-09-03 21:01:37,116 [INFO] DbMcusAds:53 - JSON generation date=Tue Jul 08 16:14:23 SGT 2025 (1751962463582)
2025-09-03 21:01:37,118 [FATAL] Updater:351 - Updater called before beeing initialized
2025-09-03 21:01:37,188 [WARN] DetailPanel:346 - Failed to get advertising image, set to default
2025-09-03 21:01:37,271 [FATAL] Updater:351 - Updater called before beeing initialized
2025-09-03 21:01:37,276 [FATAL] Updater:351 - Updater called before beeing initialized
2025-09-03 21:01:37,276 [FATAL] Updater:351 - Updater called before beeing initialized
2025-09-03 21:01:37,277 [WARN] DetailPanel:346 - Failed to get advertising image, set to default
2025-09-03 21:01:37,281 [FATAL] Updater:351 - Updater called before beeing initialized
2025-09-03 21:01:37,368 [ERROR] Updater:1198 - MainUpdater not yet initialized. External WinMGr cannot be set.
2025-09-03 21:01:37,379 [INFO] Updater:1134 - Updater Version found : 6.15.0
2025-09-03 21:01:37,397 [INFO] ApplicationProperties:184 - Using Application install path: /Applications/STM32CubeIDE.app/Contents/Eclipse/plugins/com.st.stm32cube.common.mx_6.15.0.202507011659
2025-09-03 21:01:37,860 [INFO] MainUpdater:2872 - connection check result : 10
2025-09-03 21:01:37,861 [INFO] MainUpdater:289 - Updater Check For Update Now.
2025-09-03 21:01:37,861 [INFO] MicroXplorer:498 - Change Database Version : DB.6.0.150
2025-09-03 21:01:37,872 [INFO] McuFinderGlobals:63 - Set McuFinder mode to 2 (CubeIDE integrated)
2025-09-03 21:01:37,872 [INFO] UserAuth:487 - Internet connection configuration mode: 1
2025-09-03 21:01:37,889 [INFO] JxBrowserEngine:152 - Initiate JxBrowser Engine with user profile folder
2025-09-03 21:01:37,979 [WARN] MainUpdater:1193 - Updater busy. Cannot search thirdparties
2025-09-03 21:01:37,980 [INFO] ThirdPartyUpdaterWithRetryManager:96 - Updater plugin is busy. [1/15]
2025-09-03 21:01:38,126 [INFO] CheckServerUpdateThread:120 - End of CheckServer Thread
2025-09-03 21:01:41,236 [WARN] PackLoader:240 - Cannot read IP mode file for STMicroelectronics.FP-SNS-MOTENVWB1.1.4.0
2025-09-03 21:01:41,266 [WARN] PackLoader:240 - Cannot read IP mode file for STMicroelectronics.FP-ATR-ASTRA1.2.0.2
2025-09-03 21:01:41,286 [WARN] PackLoader:240 - Cannot read IP mode file for STMicroelectronics.X-CUBE-SMBUS.2.1.0
2025-09-03 21:01:41,296 [WARN] PackLoader:240 - Cannot read IP mode file for STMicroelectronics.X-CUBE-ST60.1.0.0
2025-09-03 21:01:41,350 [WARN] PackLoader:240 - Cannot read IP mode file for STMicroelectronics.X-CUBE-AZRTOS-F7.1.1.0
2025-09-03 21:01:41,391 [WARN] PackLoader:240 - Cannot read IP mode file for WES.I-CUBE-Cesium.1.4.0
2025-09-03 21:01:41,451 [WARN] PackLoader:240 - Cannot read IP mode file for Infineon.AIROC-Wi-Fi-Bluetooth-STM32.1.7.1
2025-09-03 21:01:41,529 [WARN] PackLoader:240 - Cannot read IP mode file for STMicroelectronics.X-CUBE-AZRTOS-H7.3.4.0
2025-09-03 21:01:41,565 [WARN] PackLoader:240 - Cannot read IP mode file for STMicroelectronics.X-CUBE-DISPLAY.3.0.0
2025-09-03 21:01:41,596 [WARN] PackLoader:240 - Cannot read IP mode file for STMicroelectronics.X-CUBE-NFC10.1.0.0
2025-09-03 21:01:41,621 [WARN] PackLoader:240 - Cannot read IP mode file for emotas.I-CUBE-CANOPEN.1.3.0
2025-09-03 21:01:41,635 [WARN] PackLoader:240 - Cannot read IP mode file for STMicroelectronics.FP-SNS-STBOX1.2.1.0
2025-09-03 21:01:41,647 [WARN] PackLoader:240 - Cannot read IP mode file for STMicroelectronics.FP-SNS-SMARTAG2.1.2.0
2025-09-03 21:01:41,655 [WARN] PackLoader:240 - Cannot read IP mode file for STMicroelectronics.FP-SNS-FLIGHT1.5.1.0
2025-09-03 21:01:41,667 [INFO] LogOutputStream:77 - [STDOUT_REDIRECT] 1 : Invalid condition id : UX_CORESTACK_Condition cause : null
2025-09-03 21:01:41,668 [INFO] LogOutputStream:77 - [STDOUT_REDIRECT] 1 : Invalid condition id : UX_CORESTACK_Condition cause : null
2025-09-03 21:01:41,669 [INFO] LogOutputStream:77 - [STDOUT_REDIRECT] 1 : Invalid condition id : UX_CORESTACK_Condition cause : null
2025-09-03 21:01:41,669 [INFO] LogOutputStream:77 - [STDOUT_REDIRECT] 1 : Invalid condition id : UX_CORESTACK_Condition cause : null
2025-09-03 21:01:41,669 [INFO] LogOutputStream:77 - [STDOUT_REDIRECT] 1 : Invalid condition id : UX_CORESTACK_Condition cause : null
2025-09-03 21:01:41,678 [WARN] PackLoader:240 - Cannot read IP mode file for STMicroelectronics.X-CUBE-AZRTOS-WL.2.0.0
2025-09-03 21:01:41,715 [WARN] PackLoader:240 - Cannot read IP mode file for STMicroelectronics.FP-SNS-MOTENV1.5.0.0
2025-09-03 21:01:41,725 [WARN] PackLoader:240 - Cannot read IP mode file for STMicroelectronics.X-CUBE-BLE2.3.3.0
2025-09-03 21:01:41,736 [WARN] PackLoader:240 - Cannot read IP mode file for STMicroelectronics.X-CUBE-NFC9.1.0.0
2025-09-03 21:01:41,746 [WARN] PackLoader:240 - Cannot read IP mode file for wolfSSL.I-CUBE-wolfSSL.5.8.2
2025-09-03 21:01:41,765 [WARN] PackLoader:240 - Cannot read IP mode file for STMicroelectronics.X-CUBE-BLE1.7.1.0
2025-09-03 21:01:41,778 [WARN] PackLoader:240 - Cannot read IP mode file for wolfSSL.I-CUBE-wolfMQTT.1.19.2
2025-09-03 21:01:41,785 [WARN] PackLoader:240 - Cannot read IP mode file for STMicroelectronics.X-CUBE-EEPRMA1.5.2.0
2025-09-03 21:01:41,813 [WARN] PackLoader:240 - Cannot read IP mode file for STMicroelectronics.X-CUBE-AZRTOS-G0.1.1.0
2025-09-03 21:01:41,824 [WARN] PackLoader:240 - Cannot read IP mode file for STMicroelectronics.X-CUBE-SAFEA1.1.2.2
2025-09-03 21:01:41,831 [WARN] PackLoader:240 - Cannot read IP mode file for STMicroelectronics.X-CUBE-NFC4.3.0.0
2025-09-03 21:01:41,851 [WARN] PackLoader:240 - Cannot read IP mode file for EmbeddedOffice.I-CUBE-FS-RTOS.1.0.1
2025-09-03 21:01:41,861 [WARN] PackLoader:240 - Cannot read IP mode file for STMicroelectronics.X-CUBE-WB05N.2.0.0
2025-09-03 21:01:41,866 [WARN] PackLoader:240 - Cannot read IP mode file for wolfSSL.I-CUBE-wolfTPM.3.8.0
2025-09-03 21:01:41,877 [WARN] PackLoader:240 - Cannot read IP mode file for STMicroelectronics.X-CUBE-TCPP.4.2.0
2025-09-03 21:01:41,883 [WARN] PackLoader:240 - Cannot read IP mode file for RealThread.X-CUBE-RT-Thread_Nano.4.1.1
2025-09-03 21:01:41,886 [WARN] PackLoader:240 - Cannot read IP mode file for STMicroelectronics.FP-ATR-SIGFOX1.3.2.0
2025-09-03 21:01:41,891 [WARN] PackLoader:240 - Cannot read IP mode file for ITTIA_DB.I-CUBE-ITTIADB.8.9.0
2025-09-03 21:01:41,900 [WARN] PackLoader:240 - Cannot read IP mode file for STMicroelectronics.X-CUBE-ST67W61.1.0.0
2025-09-03 21:01:41,905 [WARN] PackLoader:240 - Cannot read IP mode file for STMicroelectronics.X-CUBE-AI.10.2.0
2025-09-03 21:01:41,962 [WARN] PackLoader:240 - Cannot read IP mode file for SEGGER.I-CUBE-embOS.1.3.1
2025-09-03 21:01:42,015 [WARN] PackLoader:240 - Cannot read IP mode file for STMicroelectronics.X-CUBE-ALGOBUILD.1.4.0
2025-09-03 21:01:42,094 [WARN] PackLoader:240 - Cannot read IP mode file for STMicroelectronics.X-CUBE-MEMS1.11.3.0
2025-09-03 21:01:42,200 [WARN] PackLoader:240 - Cannot read IP mode file for STMicroelectronics.X-CUBE-PM33A1.1.0.0
2025-09-03 21:01:42,223 [WARN] PackLoader:240 - Cannot read IP mode file for STMicroelectronics.X-CUBE-AZRTOS-F4.1.1.0
2025-09-03 21:01:42,231 [WARN] PackLoader:240 - Cannot read IP mode file for Avnet-IotConnect.X-CUBE-IoTC-DA16k-PMOD.1.0.0
2025-09-03 21:01:42,249 [WARN] PackLoader:240 - Cannot read IP mode file for STMicroelectronics.X-CUBE-ISPU.2.1.0
2025-09-03 21:01:42,264 [WARN] PackLoader:240 - Cannot read IP mode file for STMicroelectronics.X-CUBE-NFC12.1.0.0
2025-09-03 21:01:42,291 [WARN] PackLoader:240 - Cannot read IP mode file for STMicroelectronics.X-CUBE-AZRTOS-L5.2.0.0
2025-09-03 21:01:42,306 [WARN] PackLoader:240 - Cannot read IP mode file for STMicroelectronics.X-CUBE-NFC6.3.1.0
2025-09-03 21:01:42,315 [WARN] PackLoader:240 - Cannot read IP mode file for STMicroelectronics.X-CUBE-FREERTOS.1.3.1
2025-09-03 21:01:42,323 [WARN] PackLoader:240 - Cannot read IP mode file for STMicroelectronics.FP-SNS-STAIOTCFT.1.0.0
2025-09-03 21:01:42,332 [WARN] PackLoader:240 - Cannot read IP mode file for STMicroelectronics.X-CUBE-DPower.1.3.0
2025-09-03 21:01:42,361 [WARN] ConditionMgr:438 - getConditionDescription Invalid condition id : LAN8742 Phy interface Condition cause : null
2025-09-03 21:01:42,363 [WARN] PackLoader:240 - Cannot read IP mode file for STMicroelectronics.X-CUBE-AZRTOS-L4.2.0.0
2025-09-03 21:01:42,367 [WARN] ConditionMgr:1044 - genDependencies : Invalid condition id : LAN8742 Phy interface Condition cause : null
2025-09-03 21:01:42,368 [WARN] ConditionMgr:1044 - genDependencies : Invalid condition id : LAN8742 Phy interface Condition cause : null
2025-09-03 21:01:42,370 [WARN] ConditionMgr:1044 - genDependencies : Invalid condition id : LAN8742 Phy interface Condition cause : null
2025-09-03 21:01:42,381 [WARN] PackLoader:240 - Cannot read IP mode file for STMicroelectronics.X-CUBE-SFXS2LP1.4.0.0
2025-09-03 21:01:42,403 [WARN] PackLoader:240 - Cannot read IP mode file for STMicroelectronics.X-CUBE-BLEMGR.4.1.0
2025-09-03 21:01:42,433 [WARN] ConditionMgr:438 - getConditionDescription Invalid condition id : UX DEVICE CLASS RTOS Condition cause : null
2025-09-03 21:01:42,434 [WARN] ConditionMgr:438 - getConditionDescription Invalid condition id : UX DEVICE CLASS RTOS Condition cause : null
2025-09-03 21:01:42,437 [WARN] PackLoader:240 - Cannot read IP mode file for STMicroelectronics.X-CUBE-AZRTOS-WB.2.0.0
2025-09-03 21:01:42,439 [WARN] ConditionMgr:1044 - genDependencies : Invalid condition id : UX DEVICE CLASS RTOS Condition cause : null
2025-09-03 21:01:42,439 [WARN] ConditionMgr:1044 - genDependencies : Invalid condition id : UX DEVICE CLASS RTOS Condition cause : null
2025-09-03 21:01:42,440 [WARN] ConditionMgr:1044 - genDependencies : Invalid condition id : UX DEVICE CLASS RTOS Condition cause : null
2025-09-03 21:01:42,440 [WARN] ConditionMgr:1044 - genDependencies : Invalid condition id : UX DEVICE CLASS RTOS Condition cause : null
2025-09-03 21:01:42,440 [WARN] ConditionMgr:1044 - genDependencies : Invalid condition id : UX DEVICE CLASS RTOS Condition cause : null
2025-09-03 21:01:42,448 [WARN] PackLoader:240 - Cannot read IP mode file for STMicroelectronics.X-CUBE-GNSS1.7.0.1
2025-09-03 21:01:42,456 [WARN] PackLoader:240 - Cannot read IP mode file for STMicroelectronics.X-CUBE-TOUCHGFX.4.25.0
2025-09-03 21:01:42,460 [WARN] ConditionMgr:438 - getConditionDescription Invalid condition id : Cortex-A Device cause : null
2025-09-03 21:01:42,479 [WARN] ConditionMgr:1044 - genDependencies : Invalid condition id : Cortex-A Device cause : null
2025-09-03 21:01:42,479 [WARN] ConditionMgr:1044 - genDependencies : Invalid condition id : Cortex-A Device cause : null
2025-09-03 21:01:42,479 [WARN] ConditionMgr:1044 - genDependencies : Invalid condition id : Cortex-A Device cause : null
2025-09-03 21:01:42,496 [WARN] PackLoader:240 - Cannot read IP mode file for STMicroelectronics.X-CUBE-SUBG2.5.0.0
2025-09-03 21:01:42,572 [WARN] PackLoader:240 - Cannot read IP mode file for STMicroelectronics.X-CUBE-AZRTOS-H7RS.1.1.0
2025-09-03 21:01:42,591 [WARN] PackLoader:240 - Cannot read IP mode file for Cesanta.I-CUBE-Mongoose.7.13.0
2025-09-03 21:01:42,618 [WARN] PackLoader:240 - Cannot read IP mode file for STMicroelectronics.X-CUBE-AZRTOS-G4.2.0.0
2025-09-03 21:01:42,626 [WARN] PackLoader:240 - Cannot read IP mode file for wolfSSL.I-CUBE-wolfSSH.1.4.20
2025-09-03 21:01:42,631 [WARN] PackLoader:240 - Cannot read IP mode file for STMicroelectronics.X-CUBE-NFC7.2.0.0
2025-09-03 21:01:42,650 [WARN] PackLoader:240 - Cannot read IP mode file for STMicroelectronics.X-CUBE-IPS.3.1.0
2025-09-03 21:01:42,663 [WARN] PackLoader:240 - Cannot read IP mode file for STMicroelectronics.X-CUBE-ALS.1.0.2
2025-09-03 21:01:42,669 [WARN] PackLoader:240 - Cannot read IP mode file for portGmbH.I-Cube-SoM-uGOAL.1.1.0
2025-09-03 21:01:42,700 [WARN] PackLoader:240 - Cannot read IP mode file for STMicroelectronics.X-CUBE-TOF1.3.4.3
2025-09-03 21:01:42,714 [INFO] ThirdParty:978 - Integrity check success = true
2025-09-03 21:01:42,714 [INFO] IntegrityCheckThread:100 - exiting critical section [integrity check]
2025-09-03 21:01:42,715 [INFO] IntegrityCheckThread:103 - End integrity checks thread
2025-09-03 21:01:43,010 [INFO] WebApp:169 - Instantiating new browser for Auth
2025-09-03 21:01:44,632 [INFO] WebApp:463 - Apply proxy settings
2025-09-03 21:01:44,641 [INFO] WebApp:508 - Chromium authenticates against Manually configured proxy
2025-09-03 21:01:44,666 [INFO] WebApp:516 - Username used for proxy authentication: 
2025-09-03 21:01:44,714 [INFO] WebApp:900 - Register for checkConnection events
2025-09-03 21:01:44,714 [INFO] WebApp:463 - Apply proxy settings
2025-09-03 21:01:44,718 [INFO] WebApp:508 - Chromium authenticates against Manually configured proxy
2025-09-03 21:01:44,718 [INFO] WebApp:516 - Username used for proxy authentication: 
2025-09-03 21:01:44,901 [INFO] WebApp:225 - Starting web application
2025-09-03 21:01:44,901 [INFO] WebApp:593 - Web application path used /Applications/STM32CubeIDE.app/Contents/Eclipse/plugins/com.st.stm32cube.common.mx_6.15.0.202507011659/db/plugins/mcufinder/reactClient1/index.html
2025-09-03 21:01:45,376 [INFO] WebApp:191 - Connection restablished
2025-09-03 21:01:45,712 [INFO] UserAuth:487 - Internet connection configuration mode: 1
2025-09-03 21:06:08,668 [INFO] Activator:176 - 


2025-09-03 21:06:08,671 [INFO] Activator:177 - !SESSION log4j initialized
2025-09-03 21:06:10,696 [INFO] LogOutputStream:77 - [STDOUT_REDIRECT] 
2025-09-03 21:06:11,906 [ERROR] LogOutputStream:75 - [STDERR_REDIRECT] 
2025-09-03 21:06:14,065 [INFO] LogOutputStream:77 - [STDOUT_REDIRECT] 
2025-09-03 21:06:16,028 [INFO] ApplicationProperties:184 - Using Application install path: /Applications/STM32CubeIDE.app/Contents/Eclipse/plugins/com.st.stm32cube.common.mx_6.15.0.202507011659
2025-09-03 21:06:16,043 [INFO] DbMcusXml:78 - Set database path to: /Applications/STM32CubeIDE.app/Contents/Eclipse/plugins/com.st.stm32cube.common.mx_6.15.0.202507011659//db//mcu/
2025-09-03 21:06:16,044 [INFO] ApiDb:274 - Set plugin database path to: /Applications/STM32CubeIDE.app/Contents/Eclipse/plugins/com.st.stm32cube.common.mx_6.15.0.202507011659//db//plugins/boardmanager/
2025-09-03 21:06:16,045 [WARN] ApiDb:259 - Overriding images path with different value:  => /Applications/STM32CubeIDE.app/Contents/Eclipse/plugins/com.st.stm32cube.common.mx_6.15.0.202507011659//db//plugins/mcufinder/images/
2025-09-03 21:06:16,050 [INFO] ApiDb:250 - Set database path to: /Users/dylan/.stmcufinder/plugins/mcufinder//mcu/
2025-09-03 21:06:16,051 [INFO] DbMcusAds:125 - Set database path to: /Users/dylan/.stmcufinder/plugins/mcufinder//mcu/
2025-09-03 21:06:16,053 [INFO] CrossReferenceDbSqlite:203 - Set database path to: /Users/dylan/.stmcufinder/plugins/mcufinder//mcu/cs/
2025-09-03 21:06:16,208 [INFO] RulesReader:64 - Compatibility file has been processed (317 Rules)
2025-09-03 21:06:16,265 [INFO] DbMcusXml:78 - Set database path to: /Applications/STM32CubeIDE.app/Contents/Eclipse/plugins/com.st.stm32cube.common.mx_6.15.0.202507011659//db//mcu/
2025-09-03 21:06:16,265 [INFO] ApiDb:274 - Set plugin database path to: /Applications/STM32CubeIDE.app/Contents/Eclipse/plugins/com.st.stm32cube.common.mx_6.15.0.202507011659//db//plugins/boardmanager/
2025-09-03 21:06:16,265 [INFO] ApiDb:261 - Set plugin images path to: /Applications/STM32CubeIDE.app/Contents/Eclipse/plugins/com.st.stm32cube.common.mx_6.15.0.202507011659//db//plugins/mcufinder/images/
2025-09-03 21:06:16,266 [WARN] DbFile:41 - Overriding database path with different value: /Users/dylan/.stmcufinder/plugins/mcufinder/ => /Users/dylan/.stmcufinder/plugins/mcufinder
2025-09-03 21:06:16,266 [INFO] ApiDb:250 - Set database path to: /Users/dylan/.stmcufinder/plugins/mcufinder//mcu/
2025-09-03 21:06:16,266 [WARN] DbFile:41 - Overriding database path with different value: /Users/dylan/.stmcufinder/plugins/mcufinder/ => /Users/dylan/.stmcufinder/plugins/mcufinder
2025-09-03 21:06:16,266 [INFO] DbMcusAds:125 - Set database path to: /Users/dylan/.stmcufinder/plugins/mcufinder//mcu/
2025-09-03 21:06:16,266 [WARN] DbFile:41 - Overriding database path with different value: /Users/dylan/.stmcufinder/plugins/mcufinder/ => /Users/dylan/.stmcufinder/plugins/mcufinder
2025-09-03 21:06:16,266 [WARN] DbFile:41 - Overriding database path with different value: /Users/dylan/.stmcufinder/plugins/mcufinder/ => /Users/dylan/.stmcufinder/plugins/mcufinder
2025-09-03 21:06:16,266 [INFO] CrossReferenceDbSqlite:203 - Set database path to: /Users/dylan/.stmcufinder/plugins/mcufinder//mcu/cs/
2025-09-03 21:06:16,339 [INFO] MainPanel:274 - HeapMemory: 268435456
2025-09-03 21:06:16,932 [INFO] DbMcusXml:78 - Set database path to: /Applications/STM32CubeIDE.app/Contents/Eclipse/plugins/com.st.stm32cube.common.mx_6.15.0.202507011659//db//mcu/
2025-09-03 21:06:16,932 [INFO] ApiDb:274 - Set plugin database path to: /Applications/STM32CubeIDE.app/Contents/Eclipse/plugins/com.st.stm32cube.common.mx_6.15.0.202507011659//db//plugins/boardmanager/
2025-09-03 21:06:16,932 [INFO] ApiDb:261 - Set plugin images path to: /Applications/STM32CubeIDE.app/Contents/Eclipse/plugins/com.st.stm32cube.common.mx_6.15.0.202507011659//db//plugins/mcufinder/images/
2025-09-03 21:06:16,933 [WARN] DbFile:41 - Overriding database path with different value: /Users/dylan/.stmcufinder/plugins/mcufinder/ => /Users/dylan/.stmcufinder/plugins/mcufinder
2025-09-03 21:06:16,933 [INFO] ApiDb:250 - Set database path to: /Users/dylan/.stmcufinder/plugins/mcufinder//mcu/
2025-09-03 21:06:16,933 [WARN] DbFile:41 - Overriding database path with different value: /Users/dylan/.stmcufinder/plugins/mcufinder/ => /Users/dylan/.stmcufinder/plugins/mcufinder
2025-09-03 21:06:16,933 [INFO] DbMcusAds:125 - Set database path to: /Users/dylan/.stmcufinder/plugins/mcufinder//mcu/
2025-09-03 21:06:16,933 [WARN] DbFile:41 - Overriding database path with different value: /Users/dylan/.stmcufinder/plugins/mcufinder/ => /Users/dylan/.stmcufinder/plugins/mcufinder
2025-09-03 21:06:16,933 [WARN] DbFile:41 - Overriding database path with different value: /Users/dylan/.stmcufinder/plugins/mcufinder/ => /Users/dylan/.stmcufinder/plugins/mcufinder
2025-09-03 21:06:16,933 [INFO] CrossReferenceDbSqlite:203 - Set database path to: /Users/dylan/.stmcufinder/plugins/mcufinder//mcu/cs/
2025-09-03 21:06:16,953 [INFO] ApplicationProperties:184 - Using Application install path: /Applications/STM32CubeIDE.app/Contents/Eclipse/plugins/com.st.stm32cube.common.mx_6.15.0.202507011659
2025-09-03 21:06:16,954 [INFO] PluginManage:196 - Search for loadable plugins [exclusion list=, ]
2025-09-03 21:06:16,956 [INFO] PluginManage:310 - Check plugin analytics
2025-09-03 21:06:17,209 [INFO] AnalyticsPlugin:253 - Accepted Software Licenses: 
2025-09-03 21:06:17,209 [INFO] AnalyticsPlugin:255 - Accepted CMSIS Pack Licenses: 
2025-09-03 21:06:17,209 [INFO] AnalyticsPlugin:257 - Accepted Firmware Licenses: FW.F4.1.28.0
2025-09-03 21:06:17,225 [INFO] PluginManage:359 - Loaded plugin analytics (category:tool,tabindex:-1)
2025-09-03 21:06:17,227 [INFO] PluginManage:310 - Check plugin cadmodel
2025-09-03 21:06:17,240 [INFO] CADModel:105 - Init CAD model plugin
2025-09-03 21:06:17,240 [INFO] PluginManage:359 - Loaded plugin cadmodel (category:power,tabindex:5)
2025-09-03 21:06:17,241 [INFO] PluginManage:310 - Check plugin clock
2025-09-03 21:06:17,252 [INFO] PluginManage:359 - Loaded plugin clock (category:base,tabindex:2)
2025-09-03 21:06:17,253 [INFO] PluginManage:310 - Check plugin ddr
2025-09-03 21:06:17,255 [INFO] PluginManage:359 - Loaded plugin ddr (category:tool,tabindex:6)
2025-09-03 21:06:17,255 [INFO] PluginManage:310 - Check plugin filemanager
2025-09-03 21:06:17,421 [INFO] PluginManage:359 - Loaded plugin filemanager (category:base,tabindex:10)
2025-09-03 21:06:17,422 [INFO] PluginManage:310 - Check plugin ipmanager
2025-09-03 21:06:17,429 [INFO] PluginManage:359 - Loaded plugin ipmanager (category:base,tabindex:5)
2025-09-03 21:06:17,429 [INFO] PluginManage:310 - Check plugin lpbam
2025-09-03 21:06:17,436 [INFO] PluginManage:359 - Loaded plugin lpbam (category:base,tabindex:0)
2025-09-03 21:06:17,436 [INFO] PluginManage:310 - Check plugin memorymap
2025-09-03 21:06:17,446 [INFO] PluginManage:359 - Loaded plugin memorymap (category:base,tabindex:4)
2025-09-03 21:06:17,446 [INFO] PluginManage:310 - Check plugin pinoutandconfiguration
2025-09-03 21:06:17,491 [INFO] PluginManage:359 - Loaded plugin pinoutandconfiguration (category:base,tabindex:1)
2025-09-03 21:06:17,491 [INFO] PluginManage:310 - Check plugin pinoutconfig
2025-09-03 21:06:17,878 [WARN] SupportedApi:132 - Cannot load RTOS API schema: s4s-elt-must-match.1: The content of 'definitions' must match (annotation?, (simpleType | complexType)?, (unique | key | keyref)*)). A problem was found starting at: attribute.
2025-09-03 21:06:18,184 [INFO] PluginManage:359 - Loaded plugin pinoutconfig (category:base,tabindex:0)
2025-09-03 21:06:18,185 [INFO] PluginManage:310 - Check plugin power
2025-09-03 21:06:18,222 [INFO] PluginManage:359 - Loaded plugin power (category:power,tabindex:4)
2025-09-03 21:06:18,223 [INFO] PluginManage:310 - Check plugin projectmanager
2025-09-03 21:06:18,278 [INFO] PluginManage:359 - Loaded plugin projectmanager (category:projectmanager,tabindex:4)
2025-09-03 21:06:18,279 [INFO] PluginManage:310 - Check plugin rif
2025-09-03 21:06:18,287 [INFO] PluginManage:359 - Loaded plugin rif (category:base,tabindex:3)
2025-09-03 21:06:18,288 [INFO] PluginManage:310 - Check plugin thirdparty
2025-09-03 21:06:18,481 [INFO] PluginManage:359 - Loaded plugin thirdparty (category:base,tabindex:-1)
2025-09-03 21:06:18,481 [INFO] PluginManage:310 - Check plugin tools
2025-09-03 21:06:18,485 [INFO] PluginManage:359 - Loaded plugin tools (category:base,tabindex:7)
2025-09-03 21:06:18,485 [INFO] PluginManage:310 - Check plugin tutovideos
2025-09-03 21:06:18,481 [WARN] IntegrityCheckThread:84 - waiting for thirdparty lock release [integrity check]
2025-09-03 21:06:18,486 [INFO] IntegrityCheckThread:86 - entering critical section [integrity check]
2025-09-03 21:06:18,487 [INFO] ThirdPartyUpdaterWithRetryManager:70 - Updater plugin not ready yet. [1/15]
2025-09-03 21:06:18,679 [INFO] PluginManage:359 - Loaded plugin tutovideos (category:base,tabindex:-1)
2025-09-03 21:06:18,680 [INFO] PluginManage:310 - Check plugin updater
2025-09-03 21:06:18,708 [INFO] PluginManage:359 - Loaded plugin updater (category:base,tabindex:12)
2025-09-03 21:06:18,708 [INFO] PluginManage:310 - Check plugin userauth
2025-09-03 21:06:18,712 [INFO] UserAuth:118 - Init User Auth plugin
2025-09-03 21:06:18,713 [INFO] PluginManage:359 - Loaded plugin userauth (category:base,tabindex:14)
2025-09-03 21:06:18,715 [INFO] PluginManage:283 - PluginManage : Loaded plugins [18]
2025-09-03 21:06:18,968 [INFO] PinOutPanel:1589 - setPackage(No Configuration,No Configuration)
2025-09-03 21:06:19,040 [INFO] CADModel:165 - CPN selected for project level
2025-09-03 21:06:19,040 [INFO] CADModel:114 - Register for checkConnection events
2025-09-03 21:06:19,053 [INFO] IPUIPlugin:80 - create IPUIPlugin
2025-09-03 21:06:19,053 [INFO] PluginManager:220 - loadIPPluginJar : add mdma
2025-09-03 21:06:19,059 [INFO] IPUIPlugin:80 - create IPUIPlugin
2025-09-03 21:06:19,059 [INFO] PluginManager:220 - loadIPPluginJar : add freertos
2025-09-03 21:06:19,062 [INFO] IPUIPlugin:80 - create IPUIPlugin
2025-09-03 21:06:19,063 [INFO] PluginManager:220 - loadIPPluginJar : add gic
2025-09-03 21:06:19,069 [INFO] IPUIPlugin:80 - create IPUIPlugin
2025-09-03 21:06:19,070 [INFO] PluginManager:220 - loadIPPluginJar : add adc
2025-09-03 21:06:19,072 [INFO] IPUIPlugin:80 - create IPUIPlugin
2025-09-03 21:06:19,072 [INFO] PluginManager:220 - loadIPPluginJar : add gtzc
2025-09-03 21:06:19,073 [INFO] IPUIPlugin:80 - create IPUIPlugin
2025-09-03 21:06:19,074 [INFO] PluginManager:220 - loadIPPluginJar : add quadspi
2025-09-03 21:06:19,075 [INFO] IPUIPlugin:80 - create IPUIPlugin
2025-09-03 21:06:19,075 [INFO] PluginManager:220 - loadIPPluginJar : add aes
2025-09-03 21:06:19,077 [INFO] IPUIPlugin:80 - create IPUIPlugin
2025-09-03 21:06:19,077 [INFO] PluginManager:220 - loadIPPluginJar : add pdm2pcm
2025-09-03 21:06:19,078 [INFO] IPUIPlugin:80 - create IPUIPlugin
2025-09-03 21:06:19,078 [INFO] PluginManager:220 - loadIPPluginJar : add hash
2025-09-03 21:06:19,079 [INFO] IPUIPlugin:80 - create IPUIPlugin
2025-09-03 21:06:19,079 [INFO] PluginManager:220 - loadIPPluginJar : add tim
2025-09-03 21:06:19,079 [INFO] IPUIPlugin:80 - create IPUIPlugin
2025-09-03 21:06:19,079 [INFO] PluginManager:220 - loadIPPluginJar : add tsc
2025-09-03 21:06:19,080 [INFO] IPUIPlugin:80 - create IPUIPlugin
2025-09-03 21:06:19,081 [INFO] PluginManager:220 - loadIPPluginJar : add extmemmanager
2025-09-03 21:06:19,082 [INFO] IPUIPlugin:80 - create IPUIPlugin
2025-09-03 21:06:19,082 [INFO] PluginManager:220 - loadIPPluginJar : add ts
2025-09-03 21:06:19,083 [INFO] IPUIPlugin:80 - create IPUIPlugin
2025-09-03 21:06:19,084 [INFO] PluginManager:220 - loadIPPluginJar : add radio
2025-09-03 21:06:19,085 [INFO] IPUIPlugin:80 - create IPUIPlugin
2025-09-03 21:06:19,085 [INFO] PluginManager:220 - loadIPPluginJar : add can
2025-09-03 21:06:19,086 [INFO] IPUIPlugin:80 - create IPUIPlugin
2025-09-03 21:06:19,087 [INFO] PluginManager:220 - loadIPPluginJar : add dma3
2025-09-03 21:06:19,088 [INFO] IPUIPlugin:80 - create IPUIPlugin
2025-09-03 21:06:19,088 [INFO] PluginManager:220 - loadIPPluginJar : add dfsdm
2025-09-03 21:06:19,089 [INFO] IPUIPlugin:80 - create IPUIPlugin
2025-09-03 21:06:19,089 [INFO] PluginManager:220 - loadIPPluginJar : add spi
2025-09-03 21:06:19,091 [INFO] IPUIPlugin:80 - create IPUIPlugin
2025-09-03 21:06:19,091 [INFO] PluginManager:220 - loadIPPluginJar : add gfxmmu
2025-09-03 21:06:19,093 [INFO] IPUIPlugin:80 - create IPUIPlugin
2025-09-03 21:06:19,093 [INFO] PluginManager:220 - loadIPPluginJar : add genericplugin
2025-09-03 21:06:19,094 [INFO] IPUIPlugin:80 - create IPUIPlugin
2025-09-03 21:06:19,094 [INFO] PluginManager:220 - loadIPPluginJar : add cryp
2025-09-03 21:06:19,096 [INFO] IPUIPlugin:80 - create IPUIPlugin
2025-09-03 21:06:19,097 [INFO] PluginManager:220 - loadIPPluginJar : add gpio
2025-09-03 21:06:19,099 [INFO] IPUIPlugin:80 - create IPUIPlugin
2025-09-03 21:06:19,100 [INFO] PluginManager:220 - loadIPPluginJar : add ddr_ctrl_phy
2025-09-03 21:06:19,101 [INFO] IPUIPlugin:80 - create IPUIPlugin
2025-09-03 21:06:19,101 [INFO] PluginManager:220 - loadIPPluginJar : add comp
2025-09-03 21:06:19,103 [INFO] IPUIPlugin:80 - create IPUIPlugin
2025-09-03 21:06:19,104 [INFO] PluginManager:220 - loadIPPluginJar : add tracer_emb
2025-09-03 21:06:19,105 [INFO] IPUIPlugin:80 - create IPUIPlugin
2025-09-03 21:06:19,106 [INFO] PluginManager:220 - loadIPPluginJar : add openamp
2025-09-03 21:06:19,109 [INFO] IPUIPlugin:80 - create IPUIPlugin
2025-09-03 21:06:19,109 [INFO] PluginManager:220 - loadIPPluginJar : add stm32_wpan
2025-09-03 21:06:19,113 [INFO] IPUIPlugin:80 - create IPUIPlugin
2025-09-03 21:06:19,116 [INFO] PluginManager:220 - loadIPPluginJar : add plateformsettings
2025-09-03 21:06:19,118 [INFO] IPUIPlugin:80 - create IPUIPlugin
2025-09-03 21:06:19,118 [INFO] PluginManager:220 - loadIPPluginJar : add ipddr
2025-09-03 21:06:19,119 [INFO] IPUIPlugin:80 - create IPUIPlugin
2025-09-03 21:06:19,119 [INFO] PluginManager:220 - loadIPPluginJar : add usart
2025-09-03 21:06:19,120 [INFO] IPUIPlugin:80 - create IPUIPlugin
2025-09-03 21:06:19,120 [INFO] PluginManager:220 - loadIPPluginJar : add ltdc
2025-09-03 21:06:19,122 [INFO] IPUIPlugin:80 - create IPUIPlugin
2025-09-03 21:06:19,122 [INFO] PluginManager:220 - loadIPPluginJar : add nvic
2025-09-03 21:06:19,126 [INFO] IPUIPlugin:80 - create IPUIPlugin
2025-09-03 21:06:19,126 [INFO] PluginManager:220 - loadIPPluginJar : add fatfs
2025-09-03 21:06:19,131 [INFO] IPUIPlugin:80 - create IPUIPlugin
2025-09-03 21:06:19,131 [INFO] PluginManager:220 - loadIPPluginJar : add linkedlist
2025-09-03 21:06:19,135 [INFO] IPUIPlugin:80 - create IPUIPlugin
2025-09-03 21:06:19,135 [INFO] PluginManager:220 - loadIPPluginJar : add dma
2025-09-03 21:06:19,137 [INFO] IPUIPlugin:80 - create IPUIPlugin
2025-09-03 21:06:19,138 [INFO] PluginManager:220 - loadIPPluginJar : add fmc
2025-09-03 21:06:19,141 [INFO] IPUIPlugin:80 - create IPUIPlugin
2025-09-03 21:06:19,141 [INFO] PluginManager:220 - loadIPPluginJar : add i2s
2025-09-03 21:06:19,143 [INFO] IPUIPlugin:80 - create IPUIPlugin
2025-09-03 21:06:19,143 [INFO] PluginManager:220 - loadIPPluginJar : add ucpd
2025-09-03 21:06:19,144 [INFO] IPUIPlugin:80 - create IPUIPlugin
2025-09-03 21:06:19,144 [INFO] PluginManager:220 - loadIPPluginJar : add lorawan
2025-09-03 21:06:19,146 [INFO] IPUIPlugin:80 - create IPUIPlugin
2025-09-03 21:06:19,146 [INFO] PluginManager:220 - loadIPPluginJar : add opamp
2025-09-03 21:06:19,148 [INFO] IPUIPlugin:80 - create IPUIPlugin
2025-09-03 21:06:19,148 [INFO] PluginManager:220 - loadIPPluginJar : add i3c
2025-09-03 21:06:19,150 [INFO] IPUIPlugin:80 - create IPUIPlugin
2025-09-03 21:06:19,150 [INFO] PluginManager:220 - loadIPPluginJar : add touchsensing
2025-09-03 21:06:19,152 [INFO] IPUIPlugin:80 - create IPUIPlugin
2025-09-03 21:06:19,152 [INFO] PluginManager:220 - loadIPPluginJar : add i2c
2025-09-03 21:06:19,154 [INFO] IPUIPlugin:80 - create IPUIPlugin
2025-09-03 21:06:19,154 [INFO] PluginManager:220 - loadIPPluginJar : add resmgrutility
2025-09-03 21:06:19,155 [INFO] IPUIPlugin:80 - create IPUIPlugin
2025-09-03 21:06:19,155 [INFO] PluginManager:220 - loadIPPluginJar : add sai
2025-09-03 21:06:19,157 [INFO] IPUIPlugin:80 - create IPUIPlugin
2025-09-03 21:06:19,157 [INFO] PluginManager:220 - loadIPPluginJar : add usbx
2025-09-03 21:06:19,283 [FATAL] Updater:351 - Updater called before beeing initialized
2025-09-03 21:06:19,335 [INFO] RulesReader:64 - Compatibility file has been processed (317 Rules)
2025-09-03 21:06:19,349 [INFO] RulesReader:64 - Compatibility file has been processed (317 Rules)
2025-09-03 21:06:19,361 [INFO] CADModel:165 - CPN selected for project level
2025-09-03 21:06:19,361 [INFO] CADModel:114 - Register for checkConnection events
2025-09-03 21:06:19,361 [FATAL] Updater:351 - Updater called before beeing initialized
2025-09-03 21:06:19,361 [ERROR] CADModel:125 - Updater not yet initialized, retry later 
2025-09-03 21:06:19,610 [FATAL] Updater:351 - Updater called before beeing initialized
2025-09-03 21:06:19,612 [INFO] CADModel:165 - CPN selected for project level
2025-09-03 21:06:19,612 [INFO] CADModel:114 - Register for checkConnection events
2025-09-03 21:06:19,612 [FATAL] Updater:351 - Updater called before beeing initialized
2025-09-03 21:06:19,612 [ERROR] CADModel:125 - Updater not yet initialized, retry later 
2025-09-03 21:06:19,615 [FATAL] Updater:351 - Updater called before beeing initialized
2025-09-03 21:06:19,790 [FATAL] Updater:351 - Updater called before beeing initialized
2025-09-03 21:06:19,796 [INFO] DbMcusAds:53 - JSON generation date=Tue Jul 08 16:14:23 SGT 2025 (1751962463582)
2025-09-03 21:06:19,797 [FATAL] Updater:351 - Updater called before beeing initialized
2025-09-03 21:06:19,847 [WARN] DetailPanel:346 - Failed to get advertising image, set to default
2025-09-03 21:06:19,915 [FATAL] Updater:351 - Updater called before beeing initialized
2025-09-03 21:06:19,919 [FATAL] Updater:351 - Updater called before beeing initialized
2025-09-03 21:06:19,919 [FATAL] Updater:351 - Updater called before beeing initialized
2025-09-03 21:06:19,920 [WARN] DetailPanel:346 - Failed to get advertising image, set to default
2025-09-03 21:06:19,923 [FATAL] Updater:351 - Updater called before beeing initialized
2025-09-03 21:06:19,999 [ERROR] Updater:1198 - MainUpdater not yet initialized. External WinMGr cannot be set.
2025-09-03 21:06:20,013 [INFO] Updater:1134 - Updater Version found : 6.15.0
2025-09-03 21:06:20,028 [INFO] ApplicationProperties:184 - Using Application install path: /Applications/STM32CubeIDE.app/Contents/Eclipse/plugins/com.st.stm32cube.common.mx_6.15.0.202507011659
2025-09-03 21:06:20,503 [INFO] MainUpdater:2872 - connection check result : 10
2025-09-03 21:06:20,504 [INFO] MainUpdater:289 - Updater Check For Update Now.
2025-09-03 21:06:20,504 [INFO] MicroXplorer:498 - Change Database Version : DB.6.0.150
2025-09-03 21:06:20,515 [INFO] McuFinderGlobals:63 - Set McuFinder mode to 2 (CubeIDE integrated)
2025-09-03 21:06:20,517 [INFO] UserAuth:487 - Internet connection configuration mode: 1
2025-09-03 21:06:20,536 [INFO] JxBrowserEngine:152 - Initiate JxBrowser Engine with user profile folder
2025-09-03 21:06:20,863 [INFO] CheckServerUpdateThread:120 - End of CheckServer Thread
2025-09-03 21:06:21,650 [WARN] PackLoader:240 - Cannot read IP mode file for STMicroelectronics.FP-SNS-MOTENVWB1.1.4.0
2025-09-03 21:06:21,674 [WARN] PackLoader:240 - Cannot read IP mode file for STMicroelectronics.FP-ATR-ASTRA1.2.0.2
2025-09-03 21:06:21,685 [WARN] PackLoader:240 - Cannot read IP mode file for STMicroelectronics.X-CUBE-SMBUS.2.1.0
2025-09-03 21:06:21,691 [WARN] PackLoader:240 - Cannot read IP mode file for STMicroelectronics.X-CUBE-ST60.1.0.0
2025-09-03 21:06:21,734 [WARN] PackLoader:240 - Cannot read IP mode file for STMicroelectronics.X-CUBE-AZRTOS-F7.1.1.0
2025-09-03 21:06:21,767 [WARN] PackLoader:240 - Cannot read IP mode file for WES.I-CUBE-Cesium.1.4.0
2025-09-03 21:06:21,805 [WARN] PackLoader:240 - Cannot read IP mode file for Infineon.AIROC-Wi-Fi-Bluetooth-STM32.1.7.1
2025-09-03 21:06:21,866 [WARN] PackLoader:240 - Cannot read IP mode file for STMicroelectronics.X-CUBE-AZRTOS-H7.3.4.0
2025-09-03 21:06:21,890 [WARN] PackLoader:240 - Cannot read IP mode file for STMicroelectronics.X-CUBE-DISPLAY.3.0.0
2025-09-03 21:06:21,914 [WARN] PackLoader:240 - Cannot read IP mode file for STMicroelectronics.X-CUBE-NFC10.1.0.0
2025-09-03 21:06:21,925 [WARN] PackLoader:240 - Cannot read IP mode file for emotas.I-CUBE-CANOPEN.1.3.0
2025-09-03 21:06:21,936 [WARN] PackLoader:240 - Cannot read IP mode file for STMicroelectronics.FP-SNS-STBOX1.2.1.0
2025-09-03 21:06:21,943 [WARN] PackLoader:240 - Cannot read IP mode file for STMicroelectronics.FP-SNS-SMARTAG2.1.2.0
2025-09-03 21:06:21,955 [WARN] PackLoader:240 - Cannot read IP mode file for STMicroelectronics.FP-SNS-FLIGHT1.5.1.0
2025-09-03 21:06:21,968 [INFO] LogOutputStream:77 - [STDOUT_REDIRECT] 1 : Invalid condition id : UX_CORESTACK_Condition cause : null
2025-09-03 21:06:21,969 [INFO] LogOutputStream:77 - [STDOUT_REDIRECT] 1 : Invalid condition id : UX_CORESTACK_Condition cause : null
2025-09-03 21:06:21,970 [INFO] LogOutputStream:77 - [STDOUT_REDIRECT] 1 : Invalid condition id : UX_CORESTACK_Condition cause : null
2025-09-03 21:06:21,970 [INFO] LogOutputStream:77 - [STDOUT_REDIRECT] 1 : Invalid condition id : UX_CORESTACK_Condition cause : null
2025-09-03 21:06:21,970 [INFO] LogOutputStream:77 - [STDOUT_REDIRECT] 1 : Invalid condition id : UX_CORESTACK_Condition cause : null
2025-09-03 21:06:21,975 [WARN] PackLoader:240 - Cannot read IP mode file for STMicroelectronics.X-CUBE-AZRTOS-WL.2.0.0
2025-09-03 21:06:21,980 [WARN] PackLoader:240 - Cannot read IP mode file for STMicroelectronics.FP-SNS-MOTENV1.5.0.0
2025-09-03 21:06:21,988 [WARN] PackLoader:240 - Cannot read IP mode file for STMicroelectronics.X-CUBE-BLE2.3.3.0
2025-09-03 21:06:21,998 [WARN] PackLoader:240 - Cannot read IP mode file for STMicroelectronics.X-CUBE-NFC9.1.0.0
2025-09-03 21:06:22,030 [WARN] PackLoader:240 - Cannot read IP mode file for wolfSSL.I-CUBE-wolfSSL.5.8.2
2025-09-03 21:06:22,051 [WARN] PackLoader:240 - Cannot read IP mode file for STMicroelectronics.X-CUBE-BLE1.7.1.0
2025-09-03 21:06:22,063 [WARN] PackLoader:240 - Cannot read IP mode file for wolfSSL.I-CUBE-wolfMQTT.1.19.2
2025-09-03 21:06:22,077 [WARN] PackLoader:240 - Cannot read IP mode file for STMicroelectronics.X-CUBE-EEPRMA1.5.2.0
2025-09-03 21:06:22,106 [WARN] PackLoader:240 - Cannot read IP mode file for STMicroelectronics.X-CUBE-AZRTOS-G0.1.1.0
2025-09-03 21:06:22,118 [WARN] PackLoader:240 - Cannot read IP mode file for STMicroelectronics.X-CUBE-SAFEA1.1.2.2
2025-09-03 21:06:22,125 [WARN] PackLoader:240 - Cannot read IP mode file for STMicroelectronics.X-CUBE-NFC4.3.0.0
2025-09-03 21:06:22,145 [WARN] PackLoader:240 - Cannot read IP mode file for EmbeddedOffice.I-CUBE-FS-RTOS.1.0.1
2025-09-03 21:06:22,154 [WARN] PackLoader:240 - Cannot read IP mode file for STMicroelectronics.X-CUBE-WB05N.2.0.0
2025-09-03 21:06:22,162 [WARN] PackLoader:240 - Cannot read IP mode file for wolfSSL.I-CUBE-wolfTPM.3.8.0
2025-09-03 21:06:22,172 [WARN] PackLoader:240 - Cannot read IP mode file for STMicroelectronics.X-CUBE-TCPP.4.2.0
2025-09-03 21:06:22,178 [WARN] PackLoader:240 - Cannot read IP mode file for RealThread.X-CUBE-RT-Thread_Nano.4.1.1
2025-09-03 21:06:22,181 [WARN] PackLoader:240 - Cannot read IP mode file for STMicroelectronics.FP-ATR-SIGFOX1.3.2.0
2025-09-03 21:06:22,187 [WARN] PackLoader:240 - Cannot read IP mode file for ITTIA_DB.I-CUBE-ITTIADB.8.9.0
2025-09-03 21:06:22,195 [WARN] PackLoader:240 - Cannot read IP mode file for STMicroelectronics.X-CUBE-ST67W61.1.0.0
2025-09-03 21:06:22,199 [WARN] PackLoader:240 - Cannot read IP mode file for STMicroelectronics.X-CUBE-AI.10.2.0
2025-09-03 21:06:22,264 [WARN] PackLoader:240 - Cannot read IP mode file for SEGGER.I-CUBE-embOS.1.3.1
2025-09-03 21:06:22,343 [WARN] PackLoader:240 - Cannot read IP mode file for STMicroelectronics.X-CUBE-ALGOBUILD.1.4.0
2025-09-03 21:06:22,544 [WARN] PackLoader:240 - Cannot read IP mode file for STMicroelectronics.X-CUBE-MEMS1.11.3.0
2025-09-03 21:06:22,792 [WARN] PackLoader:240 - Cannot read IP mode file for STMicroelectronics.X-CUBE-PM33A1.1.0.0
2025-09-03 21:06:22,859 [WARN] PackLoader:240 - Cannot read IP mode file for STMicroelectronics.X-CUBE-AZRTOS-F4.1.1.0
2025-09-03 21:06:22,879 [WARN] PackLoader:240 - Cannot read IP mode file for Avnet-IotConnect.X-CUBE-IoTC-DA16k-PMOD.1.0.0
2025-09-03 21:06:22,889 [WARN] PackLoader:240 - Cannot read IP mode file for STMicroelectronics.X-CUBE-ISPU.2.1.0
2025-09-03 21:06:22,905 [WARN] PackLoader:240 - Cannot read IP mode file for STMicroelectronics.X-CUBE-NFC12.1.0.0
2025-09-03 21:06:22,944 [WARN] PackLoader:240 - Cannot read IP mode file for STMicroelectronics.X-CUBE-AZRTOS-L5.2.0.0
2025-09-03 21:06:22,975 [WARN] PackLoader:240 - Cannot read IP mode file for STMicroelectronics.X-CUBE-NFC6.3.1.0
2025-09-03 21:06:22,987 [WARN] PackLoader:240 - Cannot read IP mode file for STMicroelectronics.X-CUBE-FREERTOS.1.3.1
2025-09-03 21:06:23,001 [WARN] PackLoader:240 - Cannot read IP mode file for STMicroelectronics.FP-SNS-STAIOTCFT.1.0.0
2025-09-03 21:06:23,014 [WARN] PackLoader:240 - Cannot read IP mode file for STMicroelectronics.X-CUBE-DPower.1.3.0
2025-09-03 21:06:23,040 [WARN] ConditionMgr:438 - getConditionDescription Invalid condition id : LAN8742 Phy interface Condition cause : null
2025-09-03 21:06:23,042 [WARN] PackLoader:240 - Cannot read IP mode file for STMicroelectronics.X-CUBE-AZRTOS-L4.2.0.0
2025-09-03 21:06:23,045 [WARN] ConditionMgr:1044 - genDependencies : Invalid condition id : LAN8742 Phy interface Condition cause : null
2025-09-03 21:06:23,046 [WARN] ConditionMgr:1044 - genDependencies : Invalid condition id : LAN8742 Phy interface Condition cause : null
2025-09-03 21:06:23,047 [WARN] ConditionMgr:1044 - genDependencies : Invalid condition id : LAN8742 Phy interface Condition cause : null
2025-09-03 21:06:23,060 [WARN] PackLoader:240 - Cannot read IP mode file for STMicroelectronics.X-CUBE-SFXS2LP1.4.0.0
2025-09-03 21:06:23,081 [WARN] PackLoader:240 - Cannot read IP mode file for STMicroelectronics.X-CUBE-BLEMGR.4.1.0
2025-09-03 21:06:23,109 [WARN] ConditionMgr:438 - getConditionDescription Invalid condition id : UX DEVICE CLASS RTOS Condition cause : null
2025-09-03 21:06:23,109 [WARN] ConditionMgr:438 - getConditionDescription Invalid condition id : UX DEVICE CLASS RTOS Condition cause : null
2025-09-03 21:06:23,113 [WARN] PackLoader:240 - Cannot read IP mode file for STMicroelectronics.X-CUBE-AZRTOS-WB.2.0.0
2025-09-03 21:06:23,114 [WARN] ConditionMgr:1044 - genDependencies : Invalid condition id : UX DEVICE CLASS RTOS Condition cause : null
2025-09-03 21:06:23,114 [WARN] ConditionMgr:1044 - genDependencies : Invalid condition id : UX DEVICE CLASS RTOS Condition cause : null
2025-09-03 21:06:23,115 [WARN] ConditionMgr:1044 - genDependencies : Invalid condition id : UX DEVICE CLASS RTOS Condition cause : null
2025-09-03 21:06:23,115 [WARN] ConditionMgr:1044 - genDependencies : Invalid condition id : UX DEVICE CLASS RTOS Condition cause : null
2025-09-03 21:06:23,115 [WARN] ConditionMgr:1044 - genDependencies : Invalid condition id : UX DEVICE CLASS RTOS Condition cause : null
2025-09-03 21:06:23,125 [WARN] PackLoader:240 - Cannot read IP mode file for STMicroelectronics.X-CUBE-GNSS1.7.0.1
2025-09-03 21:06:23,146 [WARN] PackLoader:240 - Cannot read IP mode file for STMicroelectronics.X-CUBE-TOUCHGFX.4.25.0
2025-09-03 21:06:23,149 [WARN] ConditionMgr:438 - getConditionDescription Invalid condition id : Cortex-A Device cause : null
2025-09-03 21:06:23,206 [WARN] ConditionMgr:1044 - genDependencies : Invalid condition id : Cortex-A Device cause : null
2025-09-03 21:06:23,206 [WARN] ConditionMgr:1044 - genDependencies : Invalid condition id : Cortex-A Device cause : null
2025-09-03 21:06:23,206 [WARN] ConditionMgr:1044 - genDependencies : Invalid condition id : Cortex-A Device cause : null
2025-09-03 21:06:23,221 [WARN] PackLoader:240 - Cannot read IP mode file for STMicroelectronics.X-CUBE-SUBG2.5.0.0
2025-09-03 21:06:23,258 [WARN] PackLoader:240 - Cannot read IP mode file for STMicroelectronics.X-CUBE-AZRTOS-H7RS.1.1.0
2025-09-03 21:06:23,269 [WARN] PackLoader:240 - Cannot read IP mode file for Cesanta.I-CUBE-Mongoose.7.13.0
2025-09-03 21:06:23,283 [WARN] PackLoader:240 - Cannot read IP mode file for STMicroelectronics.X-CUBE-AZRTOS-G4.2.0.0
2025-09-03 21:06:23,291 [WARN] PackLoader:240 - Cannot read IP mode file for wolfSSL.I-CUBE-wolfSSH.1.4.20
2025-09-03 21:06:23,295 [WARN] PackLoader:240 - Cannot read IP mode file for STMicroelectronics.X-CUBE-NFC7.2.0.0
2025-09-03 21:06:23,309 [WARN] PackLoader:240 - Cannot read IP mode file for STMicroelectronics.X-CUBE-IPS.3.1.0
2025-09-03 21:06:23,317 [WARN] PackLoader:240 - Cannot read IP mode file for STMicroelectronics.X-CUBE-ALS.1.0.2
2025-09-03 21:06:23,322 [WARN] PackLoader:240 - Cannot read IP mode file for portGmbH.I-Cube-SoM-uGOAL.1.1.0
2025-09-03 21:06:23,339 [WARN] PackLoader:240 - Cannot read IP mode file for STMicroelectronics.X-CUBE-TOF1.3.4.3
2025-09-03 21:06:23,348 [INFO] ThirdParty:978 - Integrity check success = true
2025-09-03 21:06:23,349 [INFO] IntegrityCheckThread:100 - exiting critical section [integrity check]
2025-09-03 21:06:23,349 [INFO] IntegrityCheckThread:103 - End integrity checks thread
2025-09-03 21:06:24,762 [INFO] WebApp:169 - Instantiating new browser for Auth
2025-09-03 21:06:26,071 [INFO] WebApp:463 - Apply proxy settings
2025-09-03 21:06:26,088 [INFO] WebApp:508 - Chromium authenticates against Manually configured proxy
2025-09-03 21:06:26,107 [INFO] WebApp:516 - Username used for proxy authentication: 
2025-09-03 21:06:26,146 [INFO] WebApp:900 - Register for checkConnection events
2025-09-03 21:06:26,147 [INFO] WebApp:463 - Apply proxy settings
2025-09-03 21:06:26,152 [INFO] WebApp:508 - Chromium authenticates against Manually configured proxy
2025-09-03 21:06:26,152 [INFO] WebApp:516 - Username used for proxy authentication: 
2025-09-03 21:06:26,378 [INFO] WebApp:225 - Starting web application
2025-09-03 21:06:26,378 [INFO] WebApp:593 - Web application path used /Applications/STM32CubeIDE.app/Contents/Eclipse/plugins/com.st.stm32cube.common.mx_6.15.0.202507011659/db/plugins/mcufinder/reactClient1/index.html
2025-09-03 21:06:26,753 [INFO] WebApp:191 - Connection restablished
2025-09-03 21:06:27,239 [INFO] UserAuth:487 - Internet connection configuration mode: 1
