2025-09-16 00:16:29,275 [INFO] WebApp:194 - Connection lost
2025-09-16 00:16:29,724 [INFO] WebApp:191 - Connection restablished
2025-09-16 00:18:11,430 [INFO] WebApp:194 - Connection lost
2025-09-16 00:18:13,959 [INFO] WebApp:191 - Connection restablished
2025-09-16 00:18:14,290 [INFO] WebApp:194 - Connection lost
2025-09-16 00:18:17,356 [INFO] WebApp:191 - Connection restablished
2025-09-16 00:31:54,496 [INFO] NvicIntPanel:101 - NVIC parent = com.st.microxplorer.plugins.ip.nvic.MultiNvicIntPanel[,0,0,0x0,invalid,layout=javax.swing.BoxLayout,alignmentX=0.0,alignmentY=0.0,border=,flags=9,maximumSize=,minimumSize=,preferredSize=]
2025-09-16 00:32:44,650 [INFO] NvicIntPanel:101 - NVIC parent = com.st.microxplorer.plugins.ip.nvic.MultiNvicIntPanel[,0,0,0x0,invalid,layout=javax.swing.BoxLayout,alignmentX=0.0,alignmentY=0.0,border=,flags=9,maximumSize=,minimumSize=,preferredSize=]
2025-09-16 00:32:46,443 [INFO] UtilMem:75 - End SaveConfig() Used Memory: 371335680 Bytes (650117120)
2025-09-16 00:32:48,606 [INFO] UtilMem:75 - End SaveConfig() Used Memory: 401234480 Bytes (650117120)
2025-09-16 00:32:50,132 [INFO] UtilMem:75 - End SaveConfig() Used Memory: 541100376 Bytes (650117120)
2025-09-16 00:32:56,675 [INFO] BlockDiagram:2775 - set Specific Code input for plugin: FREERTOS
2025-09-16 00:32:56,677 [INFO] BlockDiagram:2775 - set Specific Code input for plugin: TIM1_8
2025-09-16 00:32:56,678 [INFO] BlockDiagram:2775 - set Specific Code input for plugin: TIM1_8
2025-09-16 00:32:56,678 [INFO] BlockDiagram:2775 - set Specific Code input for plugin: TIM1_8
2025-09-16 00:32:56,678 [INFO] BlockDiagram:2775 - set Specific Code input for plugin: TIM1_8
2025-09-16 00:32:56,678 [INFO] BlockDiagram:2775 - set Specific Code input for plugin: SYS
2025-09-16 00:32:56,678 [INFO] BlockDiagram:2775 - set Specific Code input for plugin: RCC
2025-09-16 00:32:56,679 [INFO] BlockDiagram:2775 - set Specific Code input for plugin: I2C
2025-09-16 00:32:56,679 [INFO] BlockDiagram:2775 - set Specific Code input for plugin: NVIC
2025-09-16 00:32:56,680 [INFO] BlockDiagram:2775 - set Specific Code input for plugin: USART
2025-09-16 00:32:56,680 [INFO] BlockDiagram:2775 - set Specific Code input for plugin: TIM1_8
2025-09-16 00:32:56,680 [INFO] BlockDiagram:2775 - set Specific Code input for plugin: TIM1_8
2025-09-16 00:32:56,680 [INFO] BlockDiagram:2775 - set Specific Code input for plugin: TIM1_8
2025-09-16 00:32:56,682 [INFO] BlockDiagram:2775 - set Specific Code input for plugin: GPIO
2025-09-16 00:32:56,685 [INFO] CodeGenerator:892 - code generatio: config db path: /Applications/STM32CubeIDE.app/Contents/Eclipse/plugins/com.st.stm32cube.common.mx_6.15.0.202507011659//db/
2025-09-16 00:32:56,710 [WARN] IP:2250 - I2C_Coeff_DF not found: check if there is a RefParameter without a condition.
2025-09-16 00:32:56,713 [WARN] IP:2250 - Analog_Filter not found: check if there is a RefParameter without a condition.
2025-09-16 00:32:57,299 [INFO] CodeEngine:265 - oldGeneratedFile, /Users/dylan/Desktop/NTU/SC2079/SC2079-MDP-Group-19/stm/MDP/MXTmpFiles/license.tmp_save
2025-09-16 00:32:58,076 [INFO] CodeEngine:289 - Generated code: /Users/dylan/Desktop/NTU/SC2079/SC2079-MDP-Group-19/stm/MDP/MXTmpFiles/license.tmp
2025-09-16 00:32:58,333 [INFO] CodeEngine:265 - oldGeneratedFile, /Users/dylan/Desktop/NTU/SC2079/SC2079-MDP-Group-19/stm/MDP/MXTmpFiles/gpio.tmp_save
2025-09-16 00:32:58,579 [INFO] CodeEngine:289 - Generated code: /Users/dylan/Desktop/NTU/SC2079/SC2079-MDP-Group-19/stm/MDP/MXTmpFiles/gpio.tmp
2025-09-16 00:33:00,142 [INFO] Middleware:1452 - No code input for Bsp Dependency
2025-09-16 00:33:00,153 [INFO] CodeEngine:265 - oldGeneratedFile, /Users/dylan/Desktop/NTU/SC2079/SC2079-MDP-Group-19/stm/MDP/MXTmpFiles/rtos_inc.tmp_save
2025-09-16 00:33:00,297 [INFO] CodeEngine:289 - Generated code: /Users/dylan/Desktop/NTU/SC2079/SC2079-MDP-Group-19/stm/MDP/MXTmpFiles/rtos_inc.tmp
2025-09-16 00:33:00,301 [INFO] CodeEngine:265 - oldGeneratedFile, /Users/dylan/Desktop/NTU/SC2079/SC2079-MDP-Group-19/stm/MDP/MXTmpFiles/rtos_kernelInit.tmp_save
2025-09-16 00:33:00,436 [INFO] CodeEngine:289 - Generated code: /Users/dylan/Desktop/NTU/SC2079/SC2079-MDP-Group-19/stm/MDP/MXTmpFiles/rtos_kernelInit.tmp
2025-09-16 00:33:00,441 [INFO] CodeEngine:265 - oldGeneratedFile, /Users/dylan/Desktop/NTU/SC2079/SC2079-MDP-Group-19/stm/MDP/MXTmpFiles/rtos_kernelStart.tmp_save
2025-09-16 00:33:00,537 [INFO] CodeEngine:289 - Generated code: /Users/dylan/Desktop/NTU/SC2079/SC2079-MDP-Group-19/stm/MDP/MXTmpFiles/rtos_kernelStart.tmp
2025-09-16 00:33:00,540 [INFO] CodeEngine:265 - oldGeneratedFile, /Users/dylan/Desktop/NTU/SC2079/SC2079-MDP-Group-19/stm/MDP/MXTmpFiles/rtos_typedefs.tmp_save
2025-09-16 00:33:00,640 [INFO] CodeEngine:289 - Generated code: /Users/dylan/Desktop/NTU/SC2079/SC2079-MDP-Group-19/stm/MDP/MXTmpFiles/rtos_typedefs.tmp
2025-09-16 00:33:00,645 [INFO] CodeEngine:265 - oldGeneratedFile, /Users/dylan/Desktop/NTU/SC2079/SC2079-MDP-Group-19/stm/MDP/MXTmpFiles/rtos_vars.tmp_save
2025-09-16 00:33:00,899 [INFO] CodeEngine:289 - Generated code: /Users/dylan/Desktop/NTU/SC2079/SC2079-MDP-Group-19/stm/MDP/MXTmpFiles/rtos_vars.tmp
2025-09-16 00:33:00,904 [INFO] CodeEngine:265 - oldGeneratedFile, /Users/dylan/Desktop/NTU/SC2079/SC2079-MDP-Group-19/stm/MDP/MXTmpFiles/rtos_pfp.tmp_save
2025-09-16 00:33:01,018 [INFO] CodeEngine:289 - Generated code: /Users/dylan/Desktop/NTU/SC2079/SC2079-MDP-Group-19/stm/MDP/MXTmpFiles/rtos_pfp.tmp
2025-09-16 00:33:01,023 [INFO] CodeEngine:265 - oldGeneratedFile, /Users/dylan/Desktop/NTU/SC2079/SC2079-MDP-Group-19/stm/MDP/MXTmpFiles/rtos_obj_creat.tmp_save
2025-09-16 00:33:01,133 [INFO] CodeEngine:289 - Generated code: /Users/dylan/Desktop/NTU/SC2079/SC2079-MDP-Group-19/stm/MDP/MXTmpFiles/rtos_obj_creat.tmp
2025-09-16 00:33:01,138 [INFO] CodeEngine:265 - oldGeneratedFile, /Users/dylan/Desktop/NTU/SC2079/SC2079-MDP-Group-19/stm/MDP/MXTmpFiles/rtos_default_thread.tmp_save
2025-09-16 00:33:01,233 [INFO] CodeEngine:289 - Generated code: /Users/dylan/Desktop/NTU/SC2079/SC2079-MDP-Group-19/stm/MDP/MXTmpFiles/rtos_default_thread.tmp
2025-09-16 00:33:01,240 [INFO] CodeEngine:265 - oldGeneratedFile, /Users/dylan/Desktop/NTU/SC2079/SC2079-MDP-Group-19/stm/MDP/MXTmpFiles/rtos_threads.tmp_save
2025-09-16 00:33:01,334 [INFO] CodeEngine:289 - Generated code: /Users/dylan/Desktop/NTU/SC2079/SC2079-MDP-Group-19/stm/MDP/MXTmpFiles/rtos_threads.tmp
2025-09-16 00:33:01,366 [INFO] Middleware:1452 - No code input for Bsp Dependency
2025-09-16 00:33:01,375 [INFO] CodeEngine:265 - oldGeneratedFile, /Users/dylan/Desktop/NTU/SC2079/SC2079-MDP-Group-19/stm/MDP/MXTmpFiles/rtos_inc.tmp_save
2025-09-16 00:33:01,474 [INFO] CodeEngine:289 - Generated code: /Users/dylan/Desktop/NTU/SC2079/SC2079-MDP-Group-19/stm/MDP/MXTmpFiles/rtos_inc.tmp
2025-09-16 00:33:01,478 [INFO] CodeEngine:265 - oldGeneratedFile, /Users/dylan/Desktop/NTU/SC2079/SC2079-MDP-Group-19/stm/MDP/MXTmpFiles/rtos_kernelInit.tmp_save
2025-09-16 00:33:01,566 [INFO] CodeEngine:289 - Generated code: /Users/dylan/Desktop/NTU/SC2079/SC2079-MDP-Group-19/stm/MDP/MXTmpFiles/rtos_kernelInit.tmp
2025-09-16 00:33:01,569 [INFO] CodeEngine:265 - oldGeneratedFile, /Users/dylan/Desktop/NTU/SC2079/SC2079-MDP-Group-19/stm/MDP/MXTmpFiles/rtos_kernelStart.tmp_save
2025-09-16 00:33:01,665 [INFO] CodeEngine:289 - Generated code: /Users/dylan/Desktop/NTU/SC2079/SC2079-MDP-Group-19/stm/MDP/MXTmpFiles/rtos_kernelStart.tmp
2025-09-16 00:33:01,668 [INFO] CodeEngine:265 - oldGeneratedFile, /Users/dylan/Desktop/NTU/SC2079/SC2079-MDP-Group-19/stm/MDP/MXTmpFiles/rtos_typedefs.tmp_save
2025-09-16 00:33:01,763 [INFO] CodeEngine:289 - Generated code: /Users/dylan/Desktop/NTU/SC2079/SC2079-MDP-Group-19/stm/MDP/MXTmpFiles/rtos_typedefs.tmp
2025-09-16 00:33:01,769 [INFO] CodeEngine:265 - oldGeneratedFile, /Users/dylan/Desktop/NTU/SC2079/SC2079-MDP-Group-19/stm/MDP/MXTmpFiles/rtos_vars.tmp_save
2025-09-16 00:33:01,868 [INFO] CodeEngine:289 - Generated code: /Users/dylan/Desktop/NTU/SC2079/SC2079-MDP-Group-19/stm/MDP/MXTmpFiles/rtos_vars.tmp
2025-09-16 00:33:01,875 [INFO] CodeEngine:265 - oldGeneratedFile, /Users/dylan/Desktop/NTU/SC2079/SC2079-MDP-Group-19/stm/MDP/MXTmpFiles/rtos_pfp.tmp_save
2025-09-16 00:33:02,006 [INFO] CodeEngine:289 - Generated code: /Users/dylan/Desktop/NTU/SC2079/SC2079-MDP-Group-19/stm/MDP/MXTmpFiles/rtos_pfp.tmp
2025-09-16 00:33:02,013 [INFO] CodeEngine:265 - oldGeneratedFile, /Users/dylan/Desktop/NTU/SC2079/SC2079-MDP-Group-19/stm/MDP/MXTmpFiles/rtos_obj_creat.tmp_save
2025-09-16 00:33:02,088 [INFO] CodeEngine:289 - Generated code: /Users/dylan/Desktop/NTU/SC2079/SC2079-MDP-Group-19/stm/MDP/MXTmpFiles/rtos_obj_creat.tmp
2025-09-16 00:33:02,092 [INFO] CodeEngine:265 - oldGeneratedFile, /Users/dylan/Desktop/NTU/SC2079/SC2079-MDP-Group-19/stm/MDP/MXTmpFiles/rtos_default_thread.tmp_save
2025-09-16 00:33:02,184 [INFO] CodeEngine:289 - Generated code: /Users/dylan/Desktop/NTU/SC2079/SC2079-MDP-Group-19/stm/MDP/MXTmpFiles/rtos_default_thread.tmp
2025-09-16 00:33:02,188 [INFO] CodeEngine:265 - oldGeneratedFile, /Users/dylan/Desktop/NTU/SC2079/SC2079-MDP-Group-19/stm/MDP/MXTmpFiles/rtos_threads.tmp_save
2025-09-16 00:33:02,447 [INFO] CodeEngine:289 - Generated code: /Users/dylan/Desktop/NTU/SC2079/SC2079-MDP-Group-19/stm/MDP/MXTmpFiles/rtos_threads.tmp
2025-09-16 00:33:02,453 [INFO] CodeEngine:265 - oldGeneratedFile, /Users/dylan/Desktop/NTU/SC2079/SC2079-MDP-Group-19/stm/MDP/Core/Inc/FreeRTOSConfig.h_save
2025-09-16 00:33:02,575 [INFO] CodeEngine:289 - Generated code: /Users/dylan/Desktop/NTU/SC2079/SC2079-MDP-Group-19/stm/MDP/Core/Inc/FreeRTOSConfig.h
2025-09-16 00:33:02,580 [INFO] CodeEngine:265 - oldGeneratedFile, /Users/dylan/Desktop/NTU/SC2079/SC2079-MDP-Group-19/stm/MDP/Core/Src/freertos.c_save
2025-09-16 00:33:02,664 [INFO] CodeEngine:289 - Generated code: /Users/dylan/Desktop/NTU/SC2079/SC2079-MDP-Group-19/stm/MDP/Core/Src/freertos.c
2025-09-16 00:33:02,689 [INFO] CodeEngine:265 - oldGeneratedFile, /Users/dylan/Desktop/NTU/SC2079/SC2079-MDP-Group-19/stm/MDP/Core/Src/stm32f4xx_it.c_save
2025-09-16 00:33:03,002 [INFO] CodeEngine:289 - Generated code: /Users/dylan/Desktop/NTU/SC2079/SC2079-MDP-Group-19/stm/MDP/Core/Src/stm32f4xx_it.c
2025-09-16 00:33:03,008 [INFO] CodeEngine:265 - oldGeneratedFile, /Users/dylan/Desktop/NTU/SC2079/SC2079-MDP-Group-19/stm/MDP/Core/Inc/stm32f4xx_it.h_save
2025-09-16 00:33:03,084 [INFO] CodeEngine:289 - Generated code: /Users/dylan/Desktop/NTU/SC2079/SC2079-MDP-Group-19/stm/MDP/Core/Inc/stm32f4xx_it.h
2025-09-16 00:33:03,110 [INFO] CodeEngine:265 - oldGeneratedFile, /Users/dylan/Desktop/NTU/SC2079/SC2079-MDP-Group-19/stm/MDP/Core/Src/stm32f4xx_hal_msp.c_save
2025-09-16 00:33:03,364 [INFO] CodeEngine:289 - Generated code: /Users/dylan/Desktop/NTU/SC2079/SC2079-MDP-Group-19/stm/MDP/Core/Src/stm32f4xx_hal_msp.c
2025-09-16 00:33:03,367 [INFO] CodeEngine:265 - oldGeneratedFile, /Users/dylan/Desktop/NTU/SC2079/SC2079-MDP-Group-19/stm/MDP/MXTmpFiles/system.tmp_save
2025-09-16 00:33:03,433 [INFO] CodeEngine:289 - Generated code: /Users/dylan/Desktop/NTU/SC2079/SC2079-MDP-Group-19/stm/MDP/MXTmpFiles/system.tmp
2025-09-16 00:33:03,446 [INFO] CodeEngine:321 - oldGeneratedFile, /Users/dylan/Desktop/NTU/SC2079/SC2079-MDP-Group-19/stm/MDP/Core/Inc/stm32f4xx_hal_conf.h_save
2025-09-16 00:33:03,519 [INFO] CodeEngine:345 - Generated code: /Users/dylan/Desktop/NTU/SC2079/SC2079-MDP-Group-19/stm/MDP/Core/Inc/stm32f4xx_hal_conf.h
2025-09-16 00:33:03,719 [WARN] IPConfigManager:3811 - IP not found : TIM
2025-09-16 00:33:03,720 [WARN] CodeGenerator:4259 - IP not found : null
2025-09-16 00:33:03,726 [INFO] CodeEngine:265 - oldGeneratedFile, /Users/dylan/Desktop/NTU/SC2079/SC2079-MDP-Group-19/stm/MDP/Core/Inc/main.h_save
2025-09-16 00:33:03,899 [INFO] CodeEngine:289 - Generated code: /Users/dylan/Desktop/NTU/SC2079/SC2079-MDP-Group-19/stm/MDP/Core/Inc/main.h
2025-09-16 00:33:03,903 [INFO] CodeEngine:265 - oldGeneratedFile, /Users/dylan/Desktop/NTU/SC2079/SC2079-MDP-Group-19/stm/MDP/Core/Src/main.c_save
2025-09-16 00:33:04,204 [INFO] CodeEngine:289 - Generated code: /Users/dylan/Desktop/NTU/SC2079/SC2079-MDP-Group-19/stm/MDP/Core/Src/main.c
2025-09-16 00:33:05,185 [INFO] ProjectBuilder:3606 - Time for Copy HAL[1] : 166mS.
2025-09-16 00:33:05,335 [INFO] ProjectBuilder:5216 - Project Generator version: 4.7.0-B52
2025-09-16 00:33:05,643 [INFO] ConfigFileManager:1595 - The Die is : DIE413
2025-09-16 00:33:09,801 [INFO] ProjectBuilder:5496 - Time for Generating toolchain IDE Files: 4468mS.
2025-09-16 00:33:09,803 [INFO] ProjectBuilder:3463 - Time for Copy CMSIS : 1mS.
2025-09-16 00:33:09,806 [INFO] ProjectBuilder:3463 - Time for Copy CMSIS : 0mS.
